[1.662s] Invoking command in '/home/dndqodqks/ros2_ws/build/my_environment_pkg': PYTHONPATH=/home/dndqodqks/ros2_ws/build/my_environment_pkg/prefix_override:/home/dndqodqks/ros2_ws/install/my_environment_pkg/lib/python3.8/site-packages:${PYTHONPATH} /usr/bin/python3 setup.py develop --editable --build-directory /home/dndqodqks/ros2_ws/build/my_environment_pkg/build --no-deps install_data
[1.905s] running develop
[2.070s] running egg_info
[2.071s] writing my_environment_pkg.egg-info/PKG-INFO
[2.071s] writing dependency_links to my_environment_pkg.egg-info/dependency_links.txt
[2.071s] writing entry points to my_environment_pkg.egg-info/entry_points.txt
[2.071s] writing requirements to my_environment_pkg.egg-info/requires.txt
[2.071s] writing top-level names to my_environment_pkg.egg-info/top_level.txt
[2.101s] reading manifest file 'my_environment_pkg.egg-info/SOURCES.txt'
[2.102s] writing manifest file 'my_environment_pkg.egg-info/SOURCES.txt'
[2.136s] running build_ext
[2.136s] Creating /home/dndqodqks/ros2_ws/install/my_environment_pkg/lib/python3.8/site-packages/my-environment-pkg.egg-link (link to .)
[2.136s] Installing data_collection script to /home/dndqodqks/ros2_ws/install/my_environment_pkg/lib/my_environment_pkg
[2.137s] Installing run_ddpg script to /home/dndqodqks/ros2_ws/install/my_environment_pkg/lib/my_environment_pkg
[2.141s] Installing run_environment script to /home/dndqodqks/ros2_ws/install/my_environment_pkg/lib/my_environment_pkg
[2.141s] Installing train_ddpg script to /home/dndqodqks/ros2_ws/install/my_environment_pkg/lib/my_environment_pkg
[2.142s] 
[2.142s] Installed /home/dndqodqks/ros2_ws/build/my_environment_pkg
[2.142s] running install_data
[2.142s] copying launch/my_environment.launch.py -> /home/dndqodqks/ros2_ws/install/my_environment_pkg/share/my_environment_pkg/launch
[2.167s] Invoked command in '/home/dndqodqks/ros2_ws/build/my_environment_pkg' returned '0': PYTHONPATH=/home/dndqodqks/ros2_ws/build/my_environment_pkg/prefix_override:/home/dndqodqks/ros2_ws/install/my_environment_pkg/lib/python3.8/site-packages:${PYTHONPATH} /usr/bin/python3 setup.py develop --editable --build-directory /home/dndqodqks/ros2_ws/build/my_environment_pkg/build --no-deps install_data
