[0.907s] Invoking command in '/home/dndqodqks/ros2_ws/build/realtime_tools': CMAKE_PREFIX_PATH=${CMAKE_PREFIX_PATH}:/home/dndqodqks/ros2_ws/install/my_sphere_pkg:/home/dndqodqks/ros2_ws/install/my_obstacle_pkg:/home/dndqodqks/ros2_ws/install/my_environment_pkg:/home/dndqodqks/ros2_ws/install/my_doosan_pkg:/opt/ros/foxy /home/dndqodqks/.local/bin/cmake --build /home/dndqodqks/ros2_ws/build/realtime_tools -- -j8 -l8
[0.977s] [ 29%] Built target realtime_tools
[0.977s] [ 29%] Built target gmock
[0.978s] [ 41%] Built target gmock_main
[1.016s] [ 52%] Built target realtime_buffer_tests
[1.038s] [ 64%] Built target realtime_box_tests
[1.046s] [ 76%] Built target realtime_clock_tests
[1.050s] [ 88%] Built target realtime_server_goal_handle_tests
[1.051s] [100%] Built target realtime_publisher_tests
[1.063s] Invoked command in '/home/dndqodqks/ros2_ws/build/realtime_tools' returned '0': CMAKE_PREFIX_PATH=${CMAKE_PREFIX_PATH}:/home/dndqodqks/ros2_ws/install/my_sphere_pkg:/home/dndqodqks/ros2_ws/install/my_obstacle_pkg:/home/dndqodqks/ros2_ws/install/my_environment_pkg:/home/dndqodqks/ros2_ws/install/my_doosan_pkg:/opt/ros/foxy /home/dndqodqks/.local/bin/cmake --build /home/dndqodqks/ros2_ws/build/realtime_tools -- -j8 -l8
[1.187s] Invoking command in '/home/dndqodqks/ros2_ws/build/realtime_tools': CMAKE_PREFIX_PATH=${CMAKE_PREFIX_PATH}:/home/dndqodqks/ros2_ws/install/my_sphere_pkg:/home/dndqodqks/ros2_ws/install/my_obstacle_pkg:/home/dndqodqks/ros2_ws/install/my_environment_pkg:/home/dndqodqks/ros2_ws/install/my_doosan_pkg:/opt/ros/foxy /home/dndqodqks/.local/bin/cmake --install /home/dndqodqks/ros2_ws/build/realtime_tools
[1.226s] -- Install configuration: ""
[1.227s] -- Execute custom install script
[1.227s] -- Up-to-date symlink: /home/dndqodqks/ros2_ws/install/realtime_tools/include/realtime_tools/realtime_box.h
[1.228s] -- Up-to-date symlink: /home/dndqodqks/ros2_ws/install/realtime_tools/include/realtime_tools/realtime_buffer.h
[1.228s] -- Up-to-date symlink: /home/dndqodqks/ros2_ws/install/realtime_tools/include/realtime_tools/realtime_clock.h
[1.228s] -- Up-to-date symlink: /home/dndqodqks/ros2_ws/install/realtime_tools/include/realtime_tools/realtime_publisher.h
[1.228s] -- Up-to-date symlink: /home/dndqodqks/ros2_ws/install/realtime_tools/include/realtime_tools/realtime_server_goal_handle.h
[1.228s] -- Up-to-date symlink: /home/dndqodqks/ros2_ws/install/realtime_tools/lib/librealtime_tools.a
[1.229s] -- Up-to-date symlink: /home/dndqodqks/ros2_ws/install/realtime_tools/share/realtime_tools/environment/library_path.sh
[1.229s] -- Up-to-date symlink: /home/dndqodqks/ros2_ws/install/realtime_tools/share/realtime_tools/environment/library_path.dsv
[1.230s] -- Up-to-date symlink: /home/dndqodqks/ros2_ws/install/realtime_tools/share/ament_index/resource_index/package_run_dependencies/realtime_tools
[1.230s] -- Up-to-date symlink: /home/dndqodqks/ros2_ws/install/realtime_tools/share/ament_index/resource_index/parent_prefix_path/realtime_tools
[1.231s] -- Up-to-date symlink: /home/dndqodqks/ros2_ws/install/realtime_tools/share/realtime_tools/environment/ament_prefix_path.sh
[1.231s] -- Up-to-date symlink: /home/dndqodqks/ros2_ws/install/realtime_tools/share/realtime_tools/environment/ament_prefix_path.dsv
[1.231s] -- Up-to-date symlink: /home/dndqodqks/ros2_ws/install/realtime_tools/share/realtime_tools/environment/path.sh
[1.232s] -- Up-to-date symlink: /home/dndqodqks/ros2_ws/install/realtime_tools/share/realtime_tools/environment/path.dsv
[1.232s] -- Up-to-date symlink: /home/dndqodqks/ros2_ws/install/realtime_tools/share/realtime_tools/local_setup.bash
[1.233s] -- Up-to-date symlink: /home/dndqodqks/ros2_ws/install/realtime_tools/share/realtime_tools/local_setup.sh
[1.233s] -- Up-to-date symlink: /home/dndqodqks/ros2_ws/install/realtime_tools/share/realtime_tools/local_setup.zsh
[1.233s] -- Up-to-date symlink: /home/dndqodqks/ros2_ws/install/realtime_tools/share/realtime_tools/local_setup.dsv
[1.234s] -- Symlinking: /home/dndqodqks/ros2_ws/install/realtime_tools/share/realtime_tools/package.dsv
[1.246s] -- Up-to-date symlink: /home/dndqodqks/ros2_ws/install/realtime_tools/share/ament_index/resource_index/packages/realtime_tools
[1.246s] -- Up-to-date symlink: /home/dndqodqks/ros2_ws/install/realtime_tools/share/realtime_tools/cmake/ament_cmake_export_include_directories-extras.cmake
[1.247s] -- Up-to-date symlink: /home/dndqodqks/ros2_ws/install/realtime_tools/share/realtime_tools/cmake/ament_cmake_export_libraries-extras.cmake
[1.247s] -- Up-to-date symlink: /home/dndqodqks/ros2_ws/install/realtime_tools/share/realtime_tools/cmake/ament_cmake_export_dependencies-extras.cmake
[1.247s] -- Up-to-date symlink: /home/dndqodqks/ros2_ws/install/realtime_tools/share/realtime_tools/cmake/realtime_toolsConfig.cmake
[1.247s] -- Up-to-date symlink: /home/dndqodqks/ros2_ws/install/realtime_tools/share/realtime_tools/cmake/realtime_toolsConfig-version.cmake
[1.247s] -- Up-to-date symlink: /home/dndqodqks/ros2_ws/install/realtime_tools/share/realtime_tools/package.xml
[1.254s] Invoked command in '/home/dndqodqks/ros2_ws/build/realtime_tools' returned '0': CMAKE_PREFIX_PATH=${CMAKE_PREFIX_PATH}:/home/dndqodqks/ros2_ws/install/my_sphere_pkg:/home/dndqodqks/ros2_ws/install/my_obstacle_pkg:/home/dndqodqks/ros2_ws/install/my_environment_pkg:/home/dndqodqks/ros2_ws/install/my_doosan_pkg:/opt/ros/foxy /home/dndqodqks/.local/bin/cmake --install /home/dndqodqks/ros2_ws/build/realtime_tools
