running develop
Removing /home/dndqodqks/ros2_ws/install/my_environment_pkg/lib/python3.8/site-packages/my-environment-pkg.egg-link (link to .)
running egg_info
writing ../../../build/my_environment_pkg/my_environment_pkg.egg-info/PKG-INFO
writing dependency_links to ../../../build/my_environment_pkg/my_environment_pkg.egg-info/dependency_links.txt
writing entry points to ../../../build/my_environment_pkg/my_environment_pkg.egg-info/entry_points.txt
writing requirements to ../../../build/my_environment_pkg/my_environment_pkg.egg-info/requires.txt
writing top-level names to ../../../build/my_environment_pkg/my_environment_pkg.egg-info/top_level.txt
reading manifest file '../../../build/my_environment_pkg/my_environment_pkg.egg-info/SOURCES.txt'
writing manifest file '../../../build/my_environment_pkg/my_environment_pkg.egg-info/SOURCES.txt'
running build
running build_py
copying my_environment_pkg/run_environment.py -> /home/dndqodqks/ros2_ws/build/my_environment_pkg/build/lib/my_environment_pkg
copying my_environment_pkg/test_node.py -> /home/dndqodqks/ros2_ws/build/my_environment_pkg/build/lib/my_environment_pkg
running install
running install_lib
creating /home/dndqodqks/ros2_ws/install/my_environment_pkg/lib/python3.8/site-packages/my_environment_pkg
copying /home/dndqodqks/ros2_ws/build/my_environment_pkg/build/lib/my_environment_pkg/main_environment.py -> /home/dndqodqks/ros2_ws/install/my_environment_pkg/lib/python3.8/site-packages/my_environment_pkg
copying /home/dndqodqks/ros2_ws/build/my_environment_pkg/build/lib/my_environment_pkg/run_environment.py -> /home/dndqodqks/ros2_ws/install/my_environment_pkg/lib/python3.8/site-packages/my_environment_pkg
copying /home/dndqodqks/ros2_ws/build/my_environment_pkg/build/lib/my_environment_pkg/collection_data.py -> /home/dndqodqks/ros2_ws/install/my_environment_pkg/lib/python3.8/site-packages/my_environment_pkg
copying /home/dndqodqks/ros2_ws/build/my_environment_pkg/build/lib/my_environment_pkg/main_rl_environment.py -> /home/dndqodqks/ros2_ws/install/my_environment_pkg/lib/python3.8/site-packages/my_environment_pkg
copying /home/dndqodqks/ros2_ws/build/my_environment_pkg/build/lib/my_environment_pkg/__init__.py -> /home/dndqodqks/ros2_ws/install/my_environment_pkg/lib/python3.8/site-packages/my_environment_pkg
copying /home/dndqodqks/ros2_ws/build/my_environment_pkg/build/lib/my_environment_pkg/test_node.py -> /home/dndqodqks/ros2_ws/install/my_environment_pkg/lib/python3.8/site-packages/my_environment_pkg
copying /home/dndqodqks/ros2_ws/build/my_environment_pkg/build/lib/my_environment_pkg/DDPG_robot_arm.py -> /home/dndqodqks/ros2_ws/install/my_environment_pkg/lib/python3.8/site-packages/my_environment_pkg
byte-compiling /home/dndqodqks/ros2_ws/install/my_environment_pkg/lib/python3.8/site-packages/my_environment_pkg/main_environment.py to main_environment.cpython-38.pyc
byte-compiling /home/dndqodqks/ros2_ws/install/my_environment_pkg/lib/python3.8/site-packages/my_environment_pkg/run_environment.py to run_environment.cpython-38.pyc
byte-compiling /home/dndqodqks/ros2_ws/install/my_environment_pkg/lib/python3.8/site-packages/my_environment_pkg/collection_data.py to collection_data.cpython-38.pyc
byte-compiling /home/dndqodqks/ros2_ws/install/my_environment_pkg/lib/python3.8/site-packages/my_environment_pkg/main_rl_environment.py to main_rl_environment.cpython-38.pyc
byte-compiling /home/dndqodqks/ros2_ws/install/my_environment_pkg/lib/python3.8/site-packages/my_environment_pkg/__init__.py to __init__.cpython-38.pyc
byte-compiling /home/dndqodqks/ros2_ws/install/my_environment_pkg/lib/python3.8/site-packages/my_environment_pkg/test_node.py to test_node.cpython-38.pyc
byte-compiling /home/dndqodqks/ros2_ws/install/my_environment_pkg/lib/python3.8/site-packages/my_environment_pkg/DDPG_robot_arm.py to DDPG_robot_arm.cpython-38.pyc
running install_data
running install_egg_info
Copying ../../../build/my_environment_pkg/my_environment_pkg.egg-info to /home/dndqodqks/ros2_ws/install/my_environment_pkg/lib/python3.8/site-packages/my_environment_pkg-0.0.0-py3.8.egg-info
running install_scripts
Installing data_collection script to /home/dndqodqks/ros2_ws/install/my_environment_pkg/lib/my_environment_pkg
Installing run_environment script to /home/dndqodqks/ros2_ws/install/my_environment_pkg/lib/my_environment_pkg
writing list of installed files to '/home/dndqodqks/ros2_ws/build/my_environment_pkg/install.log'
