[1.026s] Invoking command in '/home/dndqodqks/ros2_ws/build/my_environment_pkg': PYTHONPATH=/home/dndqodqks/ros2_ws/build/my_environment_pkg/prefix_override:/home/dndqodqks/ros2_ws/install/my_environment_pkg/lib/python3.8/site-packages:${PYTHONPATH} /usr/bin/python3 setup.py develop --uninstall --editable --build-directory /home/dndqodqks/ros2_ws/build/my_environment_pkg/build
[1.242s] running develop
[1.372s] Removing /home/dndqodqks/ros2_ws/install/my_environment_pkg/lib/python3.8/site-packages/my-environment-pkg.egg-link (link to .)
[1.398s] Invoked command in '/home/dndqodqks/ros2_ws/build/my_environment_pkg' returned '0': PYTHONPATH=/home/dndqodqks/ros2_ws/build/my_environment_pkg/prefix_override:/home/dndqodqks/ros2_ws/install/my_environment_pkg/lib/python3.8/site-packages:${PYTHONPATH} /usr/bin/python3 setup.py develop --uninstall --editable --build-directory /home/dndqodqks/ros2_ws/build/my_environment_pkg/build
[1.401s] Invoking command in '/home/dndqodqks/ros2_ws/src/robotic_arm_environment/my_environment_pkg': PYTHONPATH=/home/dndqodqks/ros2_ws/build/my_environment_pkg/prefix_override:/home/dndqodqks/ros2_ws/install/my_environment_pkg/lib/python3.8/site-packages:${PYTHONPATH} /usr/bin/python3 setup.py egg_info --egg-base ../../../build/my_environment_pkg build --build-base /home/dndqodqks/ros2_ws/build/my_environment_pkg/build install --record /home/dndqodqks/ros2_ws/build/my_environment_pkg/install.log --install-scripts $base/lib/my_environment_pkg --single-version-externally-managed
[1.635s] running egg_info
[1.635s] writing ../../../build/my_environment_pkg/my_environment_pkg.egg-info/PKG-INFO
[1.635s] writing dependency_links to ../../../build/my_environment_pkg/my_environment_pkg.egg-info/dependency_links.txt
[1.636s] writing entry points to ../../../build/my_environment_pkg/my_environment_pkg.egg-info/entry_points.txt
[1.636s] writing requirements to ../../../build/my_environment_pkg/my_environment_pkg.egg-info/requires.txt
[1.636s] writing top-level names to ../../../build/my_environment_pkg/my_environment_pkg.egg-info/top_level.txt
[1.682s] reading manifest file '../../../build/my_environment_pkg/my_environment_pkg.egg-info/SOURCES.txt'
[1.684s] writing manifest file '../../../build/my_environment_pkg/my_environment_pkg.egg-info/SOURCES.txt'
[1.684s] running build
[1.684s] running build_py
[1.685s] copying my_environment_pkg/run_environment.py -> /home/dndqodqks/ros2_ws/build/my_environment_pkg/build/lib/my_environment_pkg
[1.685s] copying my_environment_pkg/test_node.py -> /home/dndqodqks/ros2_ws/build/my_environment_pkg/build/lib/my_environment_pkg
[1.686s] running install
[1.687s] running install_lib
[1.688s] creating /home/dndqodqks/ros2_ws/install/my_environment_pkg/lib/python3.8/site-packages/my_environment_pkg
[1.689s] copying /home/dndqodqks/ros2_ws/build/my_environment_pkg/build/lib/my_environment_pkg/main_environment.py -> /home/dndqodqks/ros2_ws/install/my_environment_pkg/lib/python3.8/site-packages/my_environment_pkg
[1.689s] copying /home/dndqodqks/ros2_ws/build/my_environment_pkg/build/lib/my_environment_pkg/run_environment.py -> /home/dndqodqks/ros2_ws/install/my_environment_pkg/lib/python3.8/site-packages/my_environment_pkg
[1.690s] copying /home/dndqodqks/ros2_ws/build/my_environment_pkg/build/lib/my_environment_pkg/collection_data.py -> /home/dndqodqks/ros2_ws/install/my_environment_pkg/lib/python3.8/site-packages/my_environment_pkg
[1.690s] copying /home/dndqodqks/ros2_ws/build/my_environment_pkg/build/lib/my_environment_pkg/main_rl_environment.py -> /home/dndqodqks/ros2_ws/install/my_environment_pkg/lib/python3.8/site-packages/my_environment_pkg
[1.690s] copying /home/dndqodqks/ros2_ws/build/my_environment_pkg/build/lib/my_environment_pkg/__init__.py -> /home/dndqodqks/ros2_ws/install/my_environment_pkg/lib/python3.8/site-packages/my_environment_pkg
[1.690s] copying /home/dndqodqks/ros2_ws/build/my_environment_pkg/build/lib/my_environment_pkg/test_node.py -> /home/dndqodqks/ros2_ws/install/my_environment_pkg/lib/python3.8/site-packages/my_environment_pkg
[1.690s] copying /home/dndqodqks/ros2_ws/build/my_environment_pkg/build/lib/my_environment_pkg/DDPG_robot_arm.py -> /home/dndqodqks/ros2_ws/install/my_environment_pkg/lib/python3.8/site-packages/my_environment_pkg
[1.691s] byte-compiling /home/dndqodqks/ros2_ws/install/my_environment_pkg/lib/python3.8/site-packages/my_environment_pkg/main_environment.py to main_environment.cpython-38.pyc
[1.693s] byte-compiling /home/dndqodqks/ros2_ws/install/my_environment_pkg/lib/python3.8/site-packages/my_environment_pkg/run_environment.py to run_environment.cpython-38.pyc
[1.694s] byte-compiling /home/dndqodqks/ros2_ws/install/my_environment_pkg/lib/python3.8/site-packages/my_environment_pkg/collection_data.py to collection_data.cpython-38.pyc
[1.694s] byte-compiling /home/dndqodqks/ros2_ws/install/my_environment_pkg/lib/python3.8/site-packages/my_environment_pkg/main_rl_environment.py to main_rl_environment.cpython-38.pyc
[1.696s] byte-compiling /home/dndqodqks/ros2_ws/install/my_environment_pkg/lib/python3.8/site-packages/my_environment_pkg/__init__.py to __init__.cpython-38.pyc
[1.697s] byte-compiling /home/dndqodqks/ros2_ws/install/my_environment_pkg/lib/python3.8/site-packages/my_environment_pkg/test_node.py to test_node.cpython-38.pyc
[1.697s] byte-compiling /home/dndqodqks/ros2_ws/install/my_environment_pkg/lib/python3.8/site-packages/my_environment_pkg/DDPG_robot_arm.py to DDPG_robot_arm.cpython-38.pyc
[1.697s] running install_data
[1.697s] running install_egg_info
[1.699s] Copying ../../../build/my_environment_pkg/my_environment_pkg.egg-info to /home/dndqodqks/ros2_ws/install/my_environment_pkg/lib/python3.8/site-packages/my_environment_pkg-0.0.0-py3.8.egg-info
[1.700s] running install_scripts
[1.714s] Installing data_collection script to /home/dndqodqks/ros2_ws/install/my_environment_pkg/lib/my_environment_pkg
[1.715s] Installing run_environment script to /home/dndqodqks/ros2_ws/install/my_environment_pkg/lib/my_environment_pkg
[1.715s] writing list of installed files to '/home/dndqodqks/ros2_ws/build/my_environment_pkg/install.log'
[1.739s] Invoked command in '/home/dndqodqks/ros2_ws/src/robotic_arm_environment/my_environment_pkg' returned '0': PYTHONPATH=/home/dndqodqks/ros2_ws/build/my_environment_pkg/prefix_override:/home/dndqodqks/ros2_ws/install/my_environment_pkg/lib/python3.8/site-packages:${PYTHONPATH} /usr/bin/python3 setup.py egg_info --egg-base ../../../build/my_environment_pkg build --build-base /home/dndqodqks/ros2_ws/build/my_environment_pkg/build install --record /home/dndqodqks/ros2_ws/build/my_environment_pkg/install.log --install-scripts $base/lib/my_environment_pkg --single-version-externally-managed
