[1.278s] Invoking command in '/home/dndqodqks/ros2_ws/build/my_environment_pkg': CONDA_PROMPT_MODIFIER=(base) PYTHONPATH=/home/dndqodqks/ros2_ws/build/my_environment_pkg/prefix_override:/home/dndqodqks/ros2_ws/install/my_environment_pkg/lib/python3.8/site-packages:${PYTHONPATH} /usr/bin/python3 setup.py develop --editable --build-directory /home/dndqodqks/ros2_ws/build/my_environment_pkg/build --no-deps install_data
[1.491s] running develop
[1.617s] running egg_info
[1.617s] writing my_environment_pkg.egg-info/PKG-INFO
[1.618s] writing dependency_links to my_environment_pkg.egg-info/dependency_links.txt
[1.618s] writing entry points to my_environment_pkg.egg-info/entry_points.txt
[1.618s] writing requirements to my_environment_pkg.egg-info/requires.txt
[1.618s] writing top-level names to my_environment_pkg.egg-info/top_level.txt
[1.644s] reading manifest file 'my_environment_pkg.egg-info/SOURCES.txt'
[1.645s] writing manifest file 'my_environment_pkg.egg-info/SOURCES.txt'
[1.672s] running build_ext
[1.672s] Creating /home/dndqodqks/ros2_ws/install/my_environment_pkg/lib/python3.8/site-packages/my-environment-pkg.egg-link (link to .)
[1.673s] Installing data_collection script to /home/dndqodqks/ros2_ws/install/my_environment_pkg/lib/my_environment_pkg
[1.673s] Installing run_ddpg script to /home/dndqodqks/ros2_ws/install/my_environment_pkg/lib/my_environment_pkg
[1.673s] Installing run_environment script to /home/dndqodqks/ros2_ws/install/my_environment_pkg/lib/my_environment_pkg
[1.673s] 
[1.673s] Installed /home/dndqodqks/ros2_ws/build/my_environment_pkg
[1.673s] running install_data
[1.673s] copying launch/my_environment.launch.py -> /home/dndqodqks/ros2_ws/install/my_environment_pkg/share/my_environment_pkg/launch
[1.701s] Invoked command in '/home/dndqodqks/ros2_ws/build/my_environment_pkg' returned '0': CONDA_PROMPT_MODIFIER=(base) PYTHONPATH=/home/dndqodqks/ros2_ws/build/my_environment_pkg/prefix_override:/home/dndqodqks/ros2_ws/install/my_environment_pkg/lib/python3.8/site-packages:${PYTHONPATH} /usr/bin/python3 setup.py develop --editable --build-directory /home/dndqodqks/ros2_ws/build/my_environment_pkg/build --no-deps install_data
