running develop
running egg_info
creating my_doosan_pkg.egg-info
writing my_doosan_pkg.egg-info/PKG-INFO
writing dependency_links to my_doosan_pkg.egg-info/dependency_links.txt
writing entry points to my_doosan_pkg.egg-info/entry_points.txt
writing requirements to my_doosan_pkg.egg-info/requires.txt
writing top-level names to my_doosan_pkg.egg-info/top_level.txt
writing manifest file 'my_doosan_pkg.egg-info/SOURCES.txt'
reading manifest file 'my_doosan_pkg.egg-info/SOURCES.txt'
writing manifest file 'my_doosan_pkg.egg-info/SOURCES.txt'
running build_ext
Creating /home/dndqodqks/ros2_ws/install/my_doosan_pkg/lib/python3.8/site-packages/site.py
Creating /home/dndqodqks/ros2_ws/install/my_doosan_pkg/lib/python3.8/site-packages/my-doosan-pkg.egg-link (link to .)
Installing trajectory_points_act_server script to /home/dndqodqks/ros2_ws/install/my_doosan_pkg/lib/my_doosan_pkg
Installing trajectory_points_topic script to /home/dndqodqks/ros2_ws/install/my_doosan_pkg/lib/my_doosan_pkg

Installed /home/dndqodqks/ros2_ws/build/my_doosan_pkg
running install_data
creating /home/dndqodqks/ros2_ws/install/my_doosan_pkg/share/ament_index
creating /home/dndqodqks/ros2_ws/install/my_doosan_pkg/share/ament_index/resource_index
creating /home/dndqodqks/ros2_ws/install/my_doosan_pkg/share/ament_index/resource_index/packages
copying resource/my_doosan_pkg -> /home/dndqodqks/ros2_ws/install/my_doosan_pkg/share/ament_index/resource_index/packages
copying package.xml -> /home/dndqodqks/ros2_ws/install/my_doosan_pkg/share/my_doosan_pkg
creating /home/dndqodqks/ros2_ws/install/my_doosan_pkg/share/my_doosan_pkg/launch
copying launch/my_doosan_gazebo_controller.launch.py -> /home/dndqodqks/ros2_ws/install/my_doosan_pkg/share/my_doosan_pkg/launch
copying launch/my_doosan_gazebo.launch.py -> /home/dndqodqks/ros2_ws/install/my_doosan_pkg/share/my_doosan_pkg/launch
copying launch/my_doosan_controller.launch.py -> /home/dndqodqks/ros2_ws/install/my_doosan_pkg/share/my_doosan_pkg/launch
copying launch/my_doosan_rviz.launch.py -> /home/dndqodqks/ros2_ws/install/my_doosan_pkg/share/my_doosan_pkg/launch
creating /home/dndqodqks/ros2_ws/install/my_doosan_pkg/share/my_doosan_pkg/rviz
copying rviz/view_config.rviz -> /home/dndqodqks/ros2_ws/install/my_doosan_pkg/share/my_doosan_pkg/rviz
creating /home/dndqodqks/ros2_ws/install/my_doosan_pkg/share/my_doosan_pkg/config
copying config/simple_controller.yaml -> /home/dndqodqks/ros2_ws/install/my_doosan_pkg/share/my_doosan_pkg/config
creating /home/dndqodqks/ros2_ws/install/my_doosan_pkg/share/my_doosan_pkg/worlds
copying worlds/my_empty_world.world -> /home/dndqodqks/ros2_ws/install/my_doosan_pkg/share/my_doosan_pkg/worlds
creating /home/dndqodqks/ros2_ws/install/my_doosan_pkg/share/my_doosan_pkg/description
creating /home/dndqodqks/ros2_ws/install/my_doosan_pkg/share/my_doosan_pkg/description/urdf
copying description/urdf/a0912.blue.urdf -> /home/dndqodqks/ros2_ws/install/my_doosan_pkg/share/my_doosan_pkg/description/urdf
copying description/urdf/m1013.white.urdf -> /home/dndqodqks/ros2_ws/install/my_doosan_pkg/share/my_doosan_pkg/description/urdf
creating /home/dndqodqks/ros2_ws/install/my_doosan_pkg/share/my_doosan_pkg/description/xacro
copying description/xacro/macro.bumper_config.xacro -> /home/dndqodqks/ros2_ws/install/my_doosan_pkg/share/my_doosan_pkg/description/xacro
copying description/xacro/macro.internal_config.xacro -> /home/dndqodqks/ros2_ws/install/my_doosan_pkg/share/my_doosan_pkg/description/xacro
copying description/xacro/macro.m1013.white.xacro -> /home/dndqodqks/ros2_ws/install/my_doosan_pkg/share/my_doosan_pkg/description/xacro
copying description/xacro/macro.gazebo_config_control.xacro -> /home/dndqodqks/ros2_ws/install/my_doosan_pkg/share/my_doosan_pkg/description/xacro
copying description/xacro/m1013.urdf.xacro -> /home/dndqodqks/ros2_ws/install/my_doosan_pkg/share/my_doosan_pkg/description/xacro
copying description/xacro/macro.transmission.xacro -> /home/dndqodqks/ros2_ws/install/my_doosan_pkg/share/my_doosan_pkg/description/xacro
copying description/xacro/macro.a0912.blue.xacro -> /home/dndqodqks/ros2_ws/install/my_doosan_pkg/share/my_doosan_pkg/description/xacro
copying description/xacro/a0912.urdf.xacro -> /home/dndqodqks/ros2_ws/install/my_doosan_pkg/share/my_doosan_pkg/description/xacro
creating /home/dndqodqks/ros2_ws/install/my_doosan_pkg/share/my_doosan_pkg/description/meshes
creating /home/dndqodqks/ros2_ws/install/my_doosan_pkg/share/my_doosan_pkg/description/meshes/a0912_blue
copying description/meshes/a0912_blue/A0912_4_0.dae -> /home/dndqodqks/ros2_ws/install/my_doosan_pkg/share/my_doosan_pkg/description/meshes/a0912_blue
copying description/meshes/a0912_blue/A0912_4_1.dae -> /home/dndqodqks/ros2_ws/install/my_doosan_pkg/share/my_doosan_pkg/description/meshes/a0912_blue
copying description/meshes/a0912_blue/A0912_5_1.dae -> /home/dndqodqks/ros2_ws/install/my_doosan_pkg/share/my_doosan_pkg/description/meshes/a0912_blue
copying description/meshes/a0912_blue/A0912_1_0.dae -> /home/dndqodqks/ros2_ws/install/my_doosan_pkg/share/my_doosan_pkg/description/meshes/a0912_blue
copying description/meshes/a0912_blue/A0912_2_2.dae -> /home/dndqodqks/ros2_ws/install/my_doosan_pkg/share/my_doosan_pkg/description/meshes/a0912_blue
copying description/meshes/a0912_blue/A0912_3_1.dae -> /home/dndqodqks/ros2_ws/install/my_doosan_pkg/share/my_doosan_pkg/description/meshes/a0912_blue
copying description/meshes/a0912_blue/A0912_1_1.dae -> /home/dndqodqks/ros2_ws/install/my_doosan_pkg/share/my_doosan_pkg/description/meshes/a0912_blue
copying description/meshes/a0912_blue/A0912_1_2.dae -> /home/dndqodqks/ros2_ws/install/my_doosan_pkg/share/my_doosan_pkg/description/meshes/a0912_blue
copying description/meshes/a0912_blue/A0912_6_0.dae -> /home/dndqodqks/ros2_ws/install/my_doosan_pkg/share/my_doosan_pkg/description/meshes/a0912_blue
copying description/meshes/a0912_blue/A0912_2_0.dae -> /home/dndqodqks/ros2_ws/install/my_doosan_pkg/share/my_doosan_pkg/description/meshes/a0912_blue
copying description/meshes/a0912_blue/A0912_0_0.dae -> /home/dndqodqks/ros2_ws/install/my_doosan_pkg/share/my_doosan_pkg/description/meshes/a0912_blue
copying description/meshes/a0912_blue/A0912_2_1.dae -> /home/dndqodqks/ros2_ws/install/my_doosan_pkg/share/my_doosan_pkg/description/meshes/a0912_blue
copying description/meshes/a0912_blue/A0912_5_0.dae -> /home/dndqodqks/ros2_ws/install/my_doosan_pkg/share/my_doosan_pkg/description/meshes/a0912_blue
copying description/meshes/a0912_blue/A0912_3_0.dae -> /home/dndqodqks/ros2_ws/install/my_doosan_pkg/share/my_doosan_pkg/description/meshes/a0912_blue
creating /home/dndqodqks/ros2_ws/install/my_doosan_pkg/share/my_doosan_pkg/description/meshes/m1013_white
copying description/meshes/m1013_white/MF1013_1_0.dae -> /home/dndqodqks/ros2_ws/install/my_doosan_pkg/share/my_doosan_pkg/description/meshes/m1013_white
copying description/meshes/m1013_white/MF1013_3_0.dae -> /home/dndqodqks/ros2_ws/install/my_doosan_pkg/share/my_doosan_pkg/description/meshes/m1013_white
copying description/meshes/m1013_white/MF1013_5_0.dae -> /home/dndqodqks/ros2_ws/install/my_doosan_pkg/share/my_doosan_pkg/description/meshes/m1013_white
copying description/meshes/m1013_white/MF1013_4_1.dae -> /home/dndqodqks/ros2_ws/install/my_doosan_pkg/share/my_doosan_pkg/description/meshes/m1013_white
copying description/meshes/m1013_white/MF1013_6_0.dae -> /home/dndqodqks/ros2_ws/install/my_doosan_pkg/share/my_doosan_pkg/description/meshes/m1013_white
copying description/meshes/m1013_white/MF1013_4_0.dae -> /home/dndqodqks/ros2_ws/install/my_doosan_pkg/share/my_doosan_pkg/description/meshes/m1013_white
copying description/meshes/m1013_white/MF1013_0_0.dae -> /home/dndqodqks/ros2_ws/install/my_doosan_pkg/share/my_doosan_pkg/description/meshes/m1013_white
copying description/meshes/m1013_white/MF1013_2_2.dae -> /home/dndqodqks/ros2_ws/install/my_doosan_pkg/share/my_doosan_pkg/description/meshes/m1013_white
copying description/meshes/m1013_white/MF1013_2_1.dae -> /home/dndqodqks/ros2_ws/install/my_doosan_pkg/share/my_doosan_pkg/description/meshes/m1013_white
copying description/meshes/m1013_white/MF1013_2_0.dae -> /home/dndqodqks/ros2_ws/install/my_doosan_pkg/share/my_doosan_pkg/description/meshes/m1013_white
