[0.928s] Invoking command in '/home/dndqodqks/ros2_ws/build/my_doosan_pkg': PYTHONPATH=/home/dndqodqks/ros2_ws/build/my_doosan_pkg/prefix_override:/home/dndqodqks/ros2_ws/install/my_doosan_pkg/lib/python3.8/site-packages:${PYTHONPATH} /usr/bin/python3 setup.py develop --editable --build-directory /home/dndqodqks/ros2_ws/build/my_doosan_pkg/build --no-deps install_data
[1.119s] running develop
[1.217s] running egg_info
[1.217s] creating my_doosan_pkg.egg-info
[1.217s] writing my_doosan_pkg.egg-info/PKG-INFO
[1.217s] writing dependency_links to my_doosan_pkg.egg-info/dependency_links.txt
[1.217s] writing entry points to my_doosan_pkg.egg-info/entry_points.txt
[1.217s] writing requirements to my_doosan_pkg.egg-info/requires.txt
[1.217s] writing top-level names to my_doosan_pkg.egg-info/top_level.txt
[1.218s] writing manifest file 'my_doosan_pkg.egg-info/SOURCES.txt'
[1.243s] reading manifest file 'my_doosan_pkg.egg-info/SOURCES.txt'
[1.245s] writing manifest file 'my_doosan_pkg.egg-info/SOURCES.txt'
[1.271s] running build_ext
[1.272s] Creating /home/dndqodqks/ros2_ws/install/my_doosan_pkg/lib/python3.8/site-packages/site.py
[1.272s] Creating /home/dndqodqks/ros2_ws/install/my_doosan_pkg/lib/python3.8/site-packages/my-doosan-pkg.egg-link (link to .)
[1.276s] Installing trajectory_points_act_server script to /home/dndqodqks/ros2_ws/install/my_doosan_pkg/lib/my_doosan_pkg
[1.276s] Installing trajectory_points_topic script to /home/dndqodqks/ros2_ws/install/my_doosan_pkg/lib/my_doosan_pkg
[1.276s] 
[1.276s] Installed /home/dndqodqks/ros2_ws/build/my_doosan_pkg
[1.276s] running install_data
[1.276s] creating /home/dndqodqks/ros2_ws/install/my_doosan_pkg/share/ament_index
[1.276s] creating /home/dndqodqks/ros2_ws/install/my_doosan_pkg/share/ament_index/resource_index
[1.276s] creating /home/dndqodqks/ros2_ws/install/my_doosan_pkg/share/ament_index/resource_index/packages
[1.276s] copying resource/my_doosan_pkg -> /home/dndqodqks/ros2_ws/install/my_doosan_pkg/share/ament_index/resource_index/packages
[1.277s] copying package.xml -> /home/dndqodqks/ros2_ws/install/my_doosan_pkg/share/my_doosan_pkg
[1.277s] creating /home/dndqodqks/ros2_ws/install/my_doosan_pkg/share/my_doosan_pkg/launch
[1.277s] copying launch/my_doosan_gazebo_controller.launch.py -> /home/dndqodqks/ros2_ws/install/my_doosan_pkg/share/my_doosan_pkg/launch
[1.277s] copying launch/my_doosan_gazebo.launch.py -> /home/dndqodqks/ros2_ws/install/my_doosan_pkg/share/my_doosan_pkg/launch
[1.277s] copying launch/my_doosan_controller.launch.py -> /home/dndqodqks/ros2_ws/install/my_doosan_pkg/share/my_doosan_pkg/launch
[1.277s] copying launch/my_doosan_rviz.launch.py -> /home/dndqodqks/ros2_ws/install/my_doosan_pkg/share/my_doosan_pkg/launch
[1.277s] creating /home/dndqodqks/ros2_ws/install/my_doosan_pkg/share/my_doosan_pkg/rviz
[1.277s] copying rviz/view_config.rviz -> /home/dndqodqks/ros2_ws/install/my_doosan_pkg/share/my_doosan_pkg/rviz
[1.277s] creating /home/dndqodqks/ros2_ws/install/my_doosan_pkg/share/my_doosan_pkg/config
[1.277s] copying config/simple_controller.yaml -> /home/dndqodqks/ros2_ws/install/my_doosan_pkg/share/my_doosan_pkg/config
[1.278s] creating /home/dndqodqks/ros2_ws/install/my_doosan_pkg/share/my_doosan_pkg/worlds
[1.278s] copying worlds/my_empty_world.world -> /home/dndqodqks/ros2_ws/install/my_doosan_pkg/share/my_doosan_pkg/worlds
[1.278s] creating /home/dndqodqks/ros2_ws/install/my_doosan_pkg/share/my_doosan_pkg/description
[1.278s] creating /home/dndqodqks/ros2_ws/install/my_doosan_pkg/share/my_doosan_pkg/description/urdf
[1.278s] copying description/urdf/a0912.blue.urdf -> /home/dndqodqks/ros2_ws/install/my_doosan_pkg/share/my_doosan_pkg/description/urdf
[1.278s] copying description/urdf/m1013.white.urdf -> /home/dndqodqks/ros2_ws/install/my_doosan_pkg/share/my_doosan_pkg/description/urdf
[1.278s] creating /home/dndqodqks/ros2_ws/install/my_doosan_pkg/share/my_doosan_pkg/description/xacro
[1.278s] copying description/xacro/macro.bumper_config.xacro -> /home/dndqodqks/ros2_ws/install/my_doosan_pkg/share/my_doosan_pkg/description/xacro
[1.278s] copying description/xacro/macro.internal_config.xacro -> /home/dndqodqks/ros2_ws/install/my_doosan_pkg/share/my_doosan_pkg/description/xacro
[1.278s] copying description/xacro/macro.m1013.white.xacro -> /home/dndqodqks/ros2_ws/install/my_doosan_pkg/share/my_doosan_pkg/description/xacro
[1.278s] copying description/xacro/macro.gazebo_config_control.xacro -> /home/dndqodqks/ros2_ws/install/my_doosan_pkg/share/my_doosan_pkg/description/xacro
[1.279s] copying description/xacro/m1013.urdf.xacro -> /home/dndqodqks/ros2_ws/install/my_doosan_pkg/share/my_doosan_pkg/description/xacro
[1.279s] copying description/xacro/macro.transmission.xacro -> /home/dndqodqks/ros2_ws/install/my_doosan_pkg/share/my_doosan_pkg/description/xacro
[1.279s] copying description/xacro/macro.a0912.blue.xacro -> /home/dndqodqks/ros2_ws/install/my_doosan_pkg/share/my_doosan_pkg/description/xacro
[1.279s] copying description/xacro/a0912.urdf.xacro -> /home/dndqodqks/ros2_ws/install/my_doosan_pkg/share/my_doosan_pkg/description/xacro
[1.279s] creating /home/dndqodqks/ros2_ws/install/my_doosan_pkg/share/my_doosan_pkg/description/meshes
[1.279s] creating /home/dndqodqks/ros2_ws/install/my_doosan_pkg/share/my_doosan_pkg/description/meshes/a0912_blue
[1.279s] copying description/meshes/a0912_blue/A0912_4_0.dae -> /home/dndqodqks/ros2_ws/install/my_doosan_pkg/share/my_doosan_pkg/description/meshes/a0912_blue
[1.279s] copying description/meshes/a0912_blue/A0912_4_1.dae -> /home/dndqodqks/ros2_ws/install/my_doosan_pkg/share/my_doosan_pkg/description/meshes/a0912_blue
[1.280s] copying description/meshes/a0912_blue/A0912_5_1.dae -> /home/dndqodqks/ros2_ws/install/my_doosan_pkg/share/my_doosan_pkg/description/meshes/a0912_blue
[1.280s] copying description/meshes/a0912_blue/A0912_1_0.dae -> /home/dndqodqks/ros2_ws/install/my_doosan_pkg/share/my_doosan_pkg/description/meshes/a0912_blue
[1.280s] copying description/meshes/a0912_blue/A0912_2_2.dae -> /home/dndqodqks/ros2_ws/install/my_doosan_pkg/share/my_doosan_pkg/description/meshes/a0912_blue
[1.282s] copying description/meshes/a0912_blue/A0912_3_1.dae -> /home/dndqodqks/ros2_ws/install/my_doosan_pkg/share/my_doosan_pkg/description/meshes/a0912_blue
[1.282s] copying description/meshes/a0912_blue/A0912_1_1.dae -> /home/dndqodqks/ros2_ws/install/my_doosan_pkg/share/my_doosan_pkg/description/meshes/a0912_blue
[1.282s] copying description/meshes/a0912_blue/A0912_1_2.dae -> /home/dndqodqks/ros2_ws/install/my_doosan_pkg/share/my_doosan_pkg/description/meshes/a0912_blue
[1.282s] copying description/meshes/a0912_blue/A0912_6_0.dae -> /home/dndqodqks/ros2_ws/install/my_doosan_pkg/share/my_doosan_pkg/description/meshes/a0912_blue
[1.282s] copying description/meshes/a0912_blue/A0912_2_0.dae -> /home/dndqodqks/ros2_ws/install/my_doosan_pkg/share/my_doosan_pkg/description/meshes/a0912_blue
[1.282s] copying description/meshes/a0912_blue/A0912_0_0.dae -> /home/dndqodqks/ros2_ws/install/my_doosan_pkg/share/my_doosan_pkg/description/meshes/a0912_blue
[1.282s] copying description/meshes/a0912_blue/A0912_2_1.dae -> /home/dndqodqks/ros2_ws/install/my_doosan_pkg/share/my_doosan_pkg/description/meshes/a0912_blue
[1.283s] copying description/meshes/a0912_blue/A0912_5_0.dae -> /home/dndqodqks/ros2_ws/install/my_doosan_pkg/share/my_doosan_pkg/description/meshes/a0912_blue
[1.284s] copying description/meshes/a0912_blue/A0912_3_0.dae -> /home/dndqodqks/ros2_ws/install/my_doosan_pkg/share/my_doosan_pkg/description/meshes/a0912_blue
[1.284s] creating /home/dndqodqks/ros2_ws/install/my_doosan_pkg/share/my_doosan_pkg/description/meshes/m1013_white
[1.287s] copying description/meshes/m1013_white/MF1013_1_0.dae -> /home/dndqodqks/ros2_ws/install/my_doosan_pkg/share/my_doosan_pkg/description/meshes/m1013_white
[1.287s] copying description/meshes/m1013_white/MF1013_3_0.dae -> /home/dndqodqks/ros2_ws/install/my_doosan_pkg/share/my_doosan_pkg/description/meshes/m1013_white
[1.287s] copying description/meshes/m1013_white/MF1013_5_0.dae -> /home/dndqodqks/ros2_ws/install/my_doosan_pkg/share/my_doosan_pkg/description/meshes/m1013_white
[1.287s] copying description/meshes/m1013_white/MF1013_4_1.dae -> /home/dndqodqks/ros2_ws/install/my_doosan_pkg/share/my_doosan_pkg/description/meshes/m1013_white
[1.287s] copying description/meshes/m1013_white/MF1013_6_0.dae -> /home/dndqodqks/ros2_ws/install/my_doosan_pkg/share/my_doosan_pkg/description/meshes/m1013_white
[1.287s] copying description/meshes/m1013_white/MF1013_4_0.dae -> /home/dndqodqks/ros2_ws/install/my_doosan_pkg/share/my_doosan_pkg/description/meshes/m1013_white
[1.287s] copying description/meshes/m1013_white/MF1013_0_0.dae -> /home/dndqodqks/ros2_ws/install/my_doosan_pkg/share/my_doosan_pkg/description/meshes/m1013_white
[1.287s] copying description/meshes/m1013_white/MF1013_2_2.dae -> /home/dndqodqks/ros2_ws/install/my_doosan_pkg/share/my_doosan_pkg/description/meshes/m1013_white
[1.287s] copying description/meshes/m1013_white/MF1013_2_1.dae -> /home/dndqodqks/ros2_ws/install/my_doosan_pkg/share/my_doosan_pkg/description/meshes/m1013_white
[1.287s] copying description/meshes/m1013_white/MF1013_2_0.dae -> /home/dndqodqks/ros2_ws/install/my_doosan_pkg/share/my_doosan_pkg/description/meshes/m1013_white
[1.307s] Invoked command in '/home/dndqodqks/ros2_ws/build/my_doosan_pkg' returned '0': PYTHONPATH=/home/dndqodqks/ros2_ws/build/my_doosan_pkg/prefix_override:/home/dndqodqks/ros2_ws/install/my_doosan_pkg/lib/python3.8/site-packages:${PYTHONPATH} /usr/bin/python3 setup.py develop --editable --build-directory /home/dndqodqks/ros2_ws/build/my_doosan_pkg/build --no-deps install_data
