[0.899s] Invoking command in '/home/dndqodqks/ros2_ws/build/my_sphere_pkg': PYTHONPATH=/home/dndqodqks/ros2_ws/build/my_sphere_pkg/prefix_override:/home/dndqodqks/ros2_ws/install/my_sphere_pkg/lib/python3.8/site-packages:${PYTHONPATH} /usr/bin/python3 setup.py develop --editable --build-directory /home/dndqodqks/ros2_ws/build/my_sphere_pkg/build --no-deps install_data
[1.069s] running develop
[1.166s] running egg_info
[1.166s] creating my_sphere_pkg.egg-info
[1.166s] writing my_sphere_pkg.egg-info/PKG-INFO
[1.167s] writing dependency_links to my_sphere_pkg.egg-info/dependency_links.txt
[1.167s] writing entry points to my_sphere_pkg.egg-info/entry_points.txt
[1.167s] writing requirements to my_sphere_pkg.egg-info/requires.txt
[1.167s] writing top-level names to my_sphere_pkg.egg-info/top_level.txt
[1.168s] writing manifest file 'my_sphere_pkg.egg-info/SOURCES.txt'
[1.191s] reading manifest file 'my_sphere_pkg.egg-info/SOURCES.txt'
[1.192s] writing manifest file 'my_sphere_pkg.egg-info/SOURCES.txt'
[1.218s] running build_ext
[1.218s] Creating /home/dndqodqks/ros2_ws/install/my_sphere_pkg/lib/python3.8/site-packages/site.py
[1.220s] Creating /home/dndqodqks/ros2_ws/install/my_sphere_pkg/lib/python3.8/site-packages/my-sphere-pkg.egg-link (link to .)
[1.220s] Installing my_client_node script to /home/dndqodqks/ros2_ws/install/my_sphere_pkg/lib/my_sphere_pkg
[1.221s] Installing reader_mark_node script to /home/dndqodqks/ros2_ws/install/my_sphere_pkg/lib/my_sphere_pkg
[1.221s] 
[1.221s] Installed /home/dndqodqks/ros2_ws/build/my_sphere_pkg
[1.221s] running install_data
[1.221s] creating /home/dndqodqks/ros2_ws/install/my_sphere_pkg/share/ament_index
[1.222s] creating /home/dndqodqks/ros2_ws/install/my_sphere_pkg/share/ament_index/resource_index
[1.222s] creating /home/dndqodqks/ros2_ws/install/my_sphere_pkg/share/ament_index/resource_index/packages
[1.222s] copying resource/my_sphere_pkg -> /home/dndqodqks/ros2_ws/install/my_sphere_pkg/share/ament_index/resource_index/packages
[1.222s] copying package.xml -> /home/dndqodqks/ros2_ws/install/my_sphere_pkg/share/my_sphere_pkg
[1.222s] creating /home/dndqodqks/ros2_ws/install/my_sphere_pkg/share/my_sphere_pkg/launch
[1.222s] copying launch/my_sphere.launch.py -> /home/dndqodqks/ros2_ws/install/my_sphere_pkg/share/my_sphere_pkg/launch
[1.222s] creating /home/dndqodqks/ros2_ws/install/my_sphere_pkg/share/my_sphere_pkg/worlds
[1.222s] copying worlds/my_empty_world.world -> /home/dndqodqks/ros2_ws/install/my_sphere_pkg/share/my_sphere_pkg/worlds
[1.222s] creating /home/dndqodqks/ros2_ws/install/my_sphere_pkg/share/my_sphere_pkg/rviz
[1.222s] copying rviz/my_rviz_conf.rviz -> /home/dndqodqks/ros2_ws/install/my_sphere_pkg/share/my_sphere_pkg/rviz
[1.222s] creating /home/dndqodqks/ros2_ws/install/my_sphere_pkg/share/my_sphere_pkg/models
[1.222s] creating /home/dndqodqks/ros2_ws/install/my_sphere_pkg/share/my_sphere_pkg/models/sdf
[1.223s] creating /home/dndqodqks/ros2_ws/install/my_sphere_pkg/share/my_sphere_pkg/models/sdf/sphere_goal
[1.223s] copying models/sdf/sphere_goal/model.sdf -> /home/dndqodqks/ros2_ws/install/my_sphere_pkg/share/my_sphere_pkg/models/sdf/sphere_goal
[1.223s] copying models/sdf/sphere_goal/model.config -> /home/dndqodqks/ros2_ws/install/my_sphere_pkg/share/my_sphere_pkg/models/sdf/sphere_goal
[1.223s] creating /home/dndqodqks/ros2_ws/install/my_sphere_pkg/share/my_sphere_pkg/models/urdf
[1.223s] copying models/urdf/sphere.urdf -> /home/dndqodqks/ros2_ws/install/my_sphere_pkg/share/my_sphere_pkg/models/urdf
[1.261s] Invoked command in '/home/dndqodqks/ros2_ws/build/my_sphere_pkg' returned '0': PYTHONPATH=/home/dndqodqks/ros2_ws/build/my_sphere_pkg/prefix_override:/home/dndqodqks/ros2_ws/install/my_sphere_pkg/lib/python3.8/site-packages:${PYTHONPATH} /usr/bin/python3 setup.py develop --editable --build-directory /home/dndqodqks/ros2_ws/build/my_sphere_pkg/build --no-deps install_data
