[1.041s] Invoking command in '/home/dndqodqks/ros2_ws/build/my_environment_pkg': PYTHONPATH=/home/dndqodqks/ros2_ws/build/my_environment_pkg/prefix_override:/home/dndqodqks/ros2_ws/install/my_environment_pkg/lib/python3.8/site-packages:${PYTHONPATH} /usr/bin/python3 setup.py develop --editable --build-directory /home/dndqodqks/ros2_ws/build/my_environment_pkg/build --no-deps install_data
[1.232s] running develop
[1.342s] running egg_info
[1.342s] writing my_environment_pkg.egg-info/PKG-INFO
[1.342s] writing dependency_links to my_environment_pkg.egg-info/dependency_links.txt
[1.342s] writing entry points to my_environment_pkg.egg-info/entry_points.txt
[1.343s] writing requirements to my_environment_pkg.egg-info/requires.txt
[1.343s] writing top-level names to my_environment_pkg.egg-info/top_level.txt
[1.368s] reading manifest file 'my_environment_pkg.egg-info/SOURCES.txt'
[1.369s] writing manifest file 'my_environment_pkg.egg-info/SOURCES.txt'
[1.396s] running build_ext
[1.399s] Creating /home/dndqodqks/ros2_ws/install/my_environment_pkg/lib/python3.8/site-packages/my-environment-pkg.egg-link (link to .)
[1.399s] Installing data_collection script to /home/dndqodqks/ros2_ws/install/my_environment_pkg/lib/my_environment_pkg
[1.399s] Installing run_environment script to /home/dndqodqks/ros2_ws/install/my_environment_pkg/lib/my_environment_pkg
[1.399s] Installing test_node script to /home/dndqodqks/ros2_ws/install/my_environment_pkg/lib/my_environment_pkg
[1.399s] 
[1.400s] Installed /home/dndqodqks/ros2_ws/build/my_environment_pkg
[1.402s] running install_data
[1.403s] copying launch/my_environment.launch.py -> /home/dndqodqks/ros2_ws/install/my_environment_pkg/share/my_environment_pkg/launch
[1.422s] Invoked command in '/home/dndqodqks/ros2_ws/build/my_environment_pkg' returned '0': PYTHONPATH=/home/dndqodqks/ros2_ws/build/my_environment_pkg/prefix_override:/home/dndqodqks/ros2_ws/install/my_environment_pkg/lib/python3.8/site-packages:${PYTHONPATH} /usr/bin/python3 setup.py develop --editable --build-directory /home/dndqodqks/ros2_ws/build/my_environment_pkg/build --no-deps install_data
