[1.502s] Invoking command in '/home/dndqodqks/ros2_ws/build/my_environment_pkg': PYTHONPATH=/home/dndqodqks/ros2_ws/build/my_environment_pkg/prefix_override:/home/dndqodqks/ros2_ws/install/my_environment_pkg/lib/python3.8/site-packages:${PYTHONPATH} /usr/bin/python3 setup.py develop --editable --build-directory /home/dndqodqks/ros2_ws/build/my_environment_pkg/build --no-deps install_data
[1.734s] running develop
[1.878s] running egg_info
[1.878s] writing my_environment_pkg.egg-info/PKG-INFO
[1.878s] writing dependency_links to my_environment_pkg.egg-info/dependency_links.txt
[1.878s] writing entry points to my_environment_pkg.egg-info/entry_points.txt
[1.878s] writing requirements to my_environment_pkg.egg-info/requires.txt
[1.879s] writing top-level names to my_environment_pkg.egg-info/top_level.txt
[1.906s] reading manifest file 'my_environment_pkg.egg-info/SOURCES.txt'
[1.907s] writing manifest file 'my_environment_pkg.egg-info/SOURCES.txt'
[1.935s] running build_ext
[1.935s] Creating /home/dndqodqks/ros2_ws/install/my_environment_pkg/lib/python3.8/site-packages/my-environment-pkg.egg-link (link to .)
[1.936s] Installing data_collection script to /home/dndqodqks/ros2_ws/install/my_environment_pkg/lib/my_environment_pkg
[1.936s] Installing run_ddpg script to /home/dndqodqks/ros2_ws/install/my_environment_pkg/lib/my_environment_pkg
[1.937s] Installing run_environment script to /home/dndqodqks/ros2_ws/install/my_environment_pkg/lib/my_environment_pkg
[1.937s] Installing train_ddpg script to /home/dndqodqks/ros2_ws/install/my_environment_pkg/lib/my_environment_pkg
[1.937s] 
[1.937s] Installed /home/dndqodqks/ros2_ws/build/my_environment_pkg
[1.937s] running install_data
[1.962s] Invoked command in '/home/dndqodqks/ros2_ws/build/my_environment_pkg' returned '0': PYTHONPATH=/home/dndqodqks/ros2_ws/build/my_environment_pkg/prefix_override:/home/dndqodqks/ros2_ws/install/my_environment_pkg/lib/python3.8/site-packages:${PYTHONPATH} /usr/bin/python3 setup.py develop --editable --build-directory /home/dndqodqks/ros2_ws/build/my_environment_pkg/build --no-deps install_data
