[0.246s] DEBUG:colcon:Command line arguments: ['/usr/bin/colcon', 'build', '--symlink-install']
[0.246s] DEBUG:colcon:Parsed command line arguments: Namespace(allow_overriding=[], ament_cmake_args=None, base_paths=['.'], build_base='build', catkin_cmake_args=None, catkin_skip_building_tests=False, cmake_args=None, cmake_clean_cache=False, cmake_clean_first=False, cmake_force_configure=False, cmake_target=None, cmake_target_skip_unavailable=False, continue_on_error=False, event_handlers=None, executor='parallel', ignore_user_meta=False, install_base='install', log_base=None, log_level=None, main=<bound method BuildVerb.main of <colcon_core.verb.build.BuildVerb object at 0x7f90b4347490>>, merge_install=False, metas=['./colcon.meta'], packages_above=None, packages_above_and_dependencies=None, packages_above_depth=None, packages_end=None, packages_ignore=None, packages_ignore_regex=None, packages_select=None, packages_select_build_failed=False, packages_select_by_dep=None, packages_select_regex=None, packages_select_test_failures=False, packages_skip=None, packages_skip_build_finished=False, packages_skip_by_dep=None, packages_skip_regex=None, packages_skip_test_passed=False, packages_skip_up_to=None, packages_start=None, packages_up_to=None, packages_up_to_regex=None, parallel_workers=8, paths=None, symlink_install=True, test_result_base=None, verb_extension=<colcon_core.verb.build.BuildVerb object at 0x7f90b4347490>, verb_name='build', verb_parser=<colcon_defaults.argument_parser.defaults.DefaultArgumentsDecorator object at 0x7f90b43479d0>)
[0.267s] Level 1:colcon.colcon_core.package_discovery:discover_packages(colcon_meta) check parameters
[0.267s] Level 1:colcon.colcon_core.package_discovery:discover_packages(recursive) check parameters
[0.267s] Level 1:colcon.colcon_core.package_discovery:discover_packages(ignore) check parameters
[0.267s] Level 1:colcon.colcon_core.package_discovery:discover_packages(path) check parameters
[0.267s] Level 1:colcon.colcon_core.package_discovery:discover_packages(colcon_meta) discover
[0.267s] Level 1:colcon.colcon_core.package_discovery:discover_packages(recursive) discover
[0.267s] INFO:colcon.colcon_core.package_discovery:Crawling recursively for packages in '/home/dndqodqks/ros2_ws'
[0.267s] Level 1:colcon.colcon_core.package_identification:_identify(.) by extensions ['ignore', 'ignore_ament_install']
[0.268s] Level 1:colcon.colcon_core.package_identification:_identify(.) by extension 'ignore'
[0.268s] Level 1:colcon.colcon_core.package_identification:_identify(.) by extension 'ignore_ament_install'
[0.268s] Level 1:colcon.colcon_core.package_identification:_identify(.) by extensions ['colcon_pkg']
[0.268s] Level 1:colcon.colcon_core.package_identification:_identify(.) by extension 'colcon_pkg'
[0.268s] Level 1:colcon.colcon_core.package_identification:_identify(.) by extensions ['colcon_meta']
[0.268s] Level 1:colcon.colcon_core.package_identification:_identify(.) by extension 'colcon_meta'
[0.268s] Level 1:colcon.colcon_core.package_identification:_identify(.) by extensions ['ros']
[0.268s] Level 1:colcon.colcon_core.package_identification:_identify(.) by extension 'ros'
[0.281s] Level 1:colcon.colcon_core.package_identification:_identify(.) by extensions ['cmake', 'python']
[0.281s] Level 1:colcon.colcon_core.package_identification:_identify(.) by extension 'cmake'
[0.281s] Level 1:colcon.colcon_core.package_identification:_identify(.) by extension 'python'
[0.281s] Level 1:colcon.colcon_core.package_identification:_identify(.) by extensions ['python_setup_py']
[0.282s] Level 1:colcon.colcon_core.package_identification:_identify(.) by extension 'python_setup_py'
[0.282s] Level 1:colcon.colcon_core.package_identification:_identify(build) by extensions ['ignore', 'ignore_ament_install']
[0.282s] Level 1:colcon.colcon_core.package_identification:_identify(build) by extension 'ignore'
[0.282s] Level 1:colcon.colcon_core.package_identification:_identify(build) ignored
[0.282s] Level 1:colcon.colcon_core.package_identification:_identify(install) by extensions ['ignore', 'ignore_ament_install']
[0.282s] Level 1:colcon.colcon_core.package_identification:_identify(install) by extension 'ignore'
[0.282s] Level 1:colcon.colcon_core.package_identification:_identify(install) ignored
[0.282s] Level 1:colcon.colcon_core.package_identification:_identify(log) by extensions ['ignore', 'ignore_ament_install']
[0.282s] Level 1:colcon.colcon_core.package_identification:_identify(log) by extension 'ignore'
[0.282s] Level 1:colcon.colcon_core.package_identification:_identify(log) ignored
[0.282s] Level 1:colcon.colcon_core.package_identification:_identify(src) by extensions ['ignore', 'ignore_ament_install']
[0.282s] Level 1:colcon.colcon_core.package_identification:_identify(src) by extension 'ignore'
[0.283s] Level 1:colcon.colcon_core.package_identification:_identify(src) by extension 'ignore_ament_install'
[0.283s] Level 1:colcon.colcon_core.package_identification:_identify(src) by extensions ['colcon_pkg']
[0.283s] Level 1:colcon.colcon_core.package_identification:_identify(src) by extension 'colcon_pkg'
[0.283s] Level 1:colcon.colcon_core.package_identification:_identify(src) by extensions ['colcon_meta']
[0.283s] Level 1:colcon.colcon_core.package_identification:_identify(src) by extension 'colcon_meta'
[0.283s] Level 1:colcon.colcon_core.package_identification:_identify(src) by extensions ['ros']
[0.283s] Level 1:colcon.colcon_core.package_identification:_identify(src) by extension 'ros'
[0.283s] Level 1:colcon.colcon_core.package_identification:_identify(src) by extensions ['cmake', 'python']
[0.283s] Level 1:colcon.colcon_core.package_identification:_identify(src) by extension 'cmake'
[0.283s] Level 1:colcon.colcon_core.package_identification:_identify(src) by extension 'python'
[0.283s] Level 1:colcon.colcon_core.package_identification:_identify(src) by extensions ['python_setup_py']
[0.283s] Level 1:colcon.colcon_core.package_identification:_identify(src) by extension 'python_setup_py'
[0.283s] Level 1:colcon.colcon_core.package_identification:_identify(src/robotic_arm_environment) by extensions ['ignore', 'ignore_ament_install']
[0.283s] Level 1:colcon.colcon_core.package_identification:_identify(src/robotic_arm_environment) by extension 'ignore'
[0.283s] Level 1:colcon.colcon_core.package_identification:_identify(src/robotic_arm_environment) by extension 'ignore_ament_install'
[0.283s] Level 1:colcon.colcon_core.package_identification:_identify(src/robotic_arm_environment) by extensions ['colcon_pkg']
[0.283s] Level 1:colcon.colcon_core.package_identification:_identify(src/robotic_arm_environment) by extension 'colcon_pkg'
[0.283s] Level 1:colcon.colcon_core.package_identification:_identify(src/robotic_arm_environment) by extensions ['colcon_meta']
[0.283s] Level 1:colcon.colcon_core.package_identification:_identify(src/robotic_arm_environment) by extension 'colcon_meta'
[0.283s] Level 1:colcon.colcon_core.package_identification:_identify(src/robotic_arm_environment) by extensions ['ros']
[0.283s] Level 1:colcon.colcon_core.package_identification:_identify(src/robotic_arm_environment) by extension 'ros'
[0.283s] Level 1:colcon.colcon_core.package_identification:_identify(src/robotic_arm_environment) by extensions ['cmake', 'python']
[0.283s] Level 1:colcon.colcon_core.package_identification:_identify(src/robotic_arm_environment) by extension 'cmake'
[0.283s] Level 1:colcon.colcon_core.package_identification:_identify(src/robotic_arm_environment) by extension 'python'
[0.283s] Level 1:colcon.colcon_core.package_identification:_identify(src/robotic_arm_environment) by extensions ['python_setup_py']
[0.283s] Level 1:colcon.colcon_core.package_identification:_identify(src/robotic_arm_environment) by extension 'python_setup_py'
[0.284s] Level 1:colcon.colcon_core.package_identification:_identify(src/robotic_arm_environment/RL_algorithms_basic) by extensions ['ignore', 'ignore_ament_install']
[0.284s] Level 1:colcon.colcon_core.package_identification:_identify(src/robotic_arm_environment/RL_algorithms_basic) by extension 'ignore'
[0.284s] Level 1:colcon.colcon_core.package_identification:_identify(src/robotic_arm_environment/RL_algorithms_basic) by extension 'ignore_ament_install'
[0.284s] Level 1:colcon.colcon_core.package_identification:_identify(src/robotic_arm_environment/RL_algorithms_basic) by extensions ['colcon_pkg']
[0.284s] Level 1:colcon.colcon_core.package_identification:_identify(src/robotic_arm_environment/RL_algorithms_basic) by extension 'colcon_pkg'
[0.284s] Level 1:colcon.colcon_core.package_identification:_identify(src/robotic_arm_environment/RL_algorithms_basic) by extensions ['colcon_meta']
[0.284s] Level 1:colcon.colcon_core.package_identification:_identify(src/robotic_arm_environment/RL_algorithms_basic) by extension 'colcon_meta'
[0.284s] Level 1:colcon.colcon_core.package_identification:_identify(src/robotic_arm_environment/RL_algorithms_basic) by extensions ['ros']
[0.284s] Level 1:colcon.colcon_core.package_identification:_identify(src/robotic_arm_environment/RL_algorithms_basic) by extension 'ros'
[0.284s] Level 1:colcon.colcon_core.package_identification:_identify(src/robotic_arm_environment/RL_algorithms_basic) by extensions ['cmake', 'python']
[0.284s] Level 1:colcon.colcon_core.package_identification:_identify(src/robotic_arm_environment/RL_algorithms_basic) by extension 'cmake'
[0.284s] Level 1:colcon.colcon_core.package_identification:_identify(src/robotic_arm_environment/RL_algorithms_basic) by extension 'python'
[0.284s] Level 1:colcon.colcon_core.package_identification:_identify(src/robotic_arm_environment/RL_algorithms_basic) by extensions ['python_setup_py']
[0.284s] Level 1:colcon.colcon_core.package_identification:_identify(src/robotic_arm_environment/RL_algorithms_basic) by extension 'python_setup_py'
[0.284s] Level 1:colcon.colcon_core.package_identification:_identify(src/robotic_arm_environment/data) by extensions ['ignore', 'ignore_ament_install']
[0.284s] Level 1:colcon.colcon_core.package_identification:_identify(src/robotic_arm_environment/data) by extension 'ignore'
[0.284s] Level 1:colcon.colcon_core.package_identification:_identify(src/robotic_arm_environment/data) by extension 'ignore_ament_install'
[0.285s] Level 1:colcon.colcon_core.package_identification:_identify(src/robotic_arm_environment/data) by extensions ['colcon_pkg']
[0.285s] Level 1:colcon.colcon_core.package_identification:_identify(src/robotic_arm_environment/data) by extension 'colcon_pkg'
[0.285s] Level 1:colcon.colcon_core.package_identification:_identify(src/robotic_arm_environment/data) by extensions ['colcon_meta']
[0.285s] Level 1:colcon.colcon_core.package_identification:_identify(src/robotic_arm_environment/data) by extension 'colcon_meta'
[0.285s] Level 1:colcon.colcon_core.package_identification:_identify(src/robotic_arm_environment/data) by extensions ['ros']
[0.285s] Level 1:colcon.colcon_core.package_identification:_identify(src/robotic_arm_environment/data) by extension 'ros'
[0.285s] Level 1:colcon.colcon_core.package_identification:_identify(src/robotic_arm_environment/data) by extensions ['cmake', 'python']
[0.285s] Level 1:colcon.colcon_core.package_identification:_identify(src/robotic_arm_environment/data) by extension 'cmake'
[0.285s] Level 1:colcon.colcon_core.package_identification:_identify(src/robotic_arm_environment/data) by extension 'python'
[0.285s] Level 1:colcon.colcon_core.package_identification:_identify(src/robotic_arm_environment/data) by extensions ['python_setup_py']
[0.285s] Level 1:colcon.colcon_core.package_identification:_identify(src/robotic_arm_environment/data) by extension 'python_setup_py'
[0.285s] Level 1:colcon.colcon_core.package_identification:_identify(src/robotic_arm_environment/images) by extensions ['ignore', 'ignore_ament_install']
[0.285s] Level 1:colcon.colcon_core.package_identification:_identify(src/robotic_arm_environment/images) by extension 'ignore'
[0.285s] Level 1:colcon.colcon_core.package_identification:_identify(src/robotic_arm_environment/images) by extension 'ignore_ament_install'
[0.285s] Level 1:colcon.colcon_core.package_identification:_identify(src/robotic_arm_environment/images) by extensions ['colcon_pkg']
[0.285s] Level 1:colcon.colcon_core.package_identification:_identify(src/robotic_arm_environment/images) by extension 'colcon_pkg'
[0.285s] Level 1:colcon.colcon_core.package_identification:_identify(src/robotic_arm_environment/images) by extensions ['colcon_meta']
[0.285s] Level 1:colcon.colcon_core.package_identification:_identify(src/robotic_arm_environment/images) by extension 'colcon_meta'
[0.285s] Level 1:colcon.colcon_core.package_identification:_identify(src/robotic_arm_environment/images) by extensions ['ros']
[0.285s] Level 1:colcon.colcon_core.package_identification:_identify(src/robotic_arm_environment/images) by extension 'ros'
[0.285s] Level 1:colcon.colcon_core.package_identification:_identify(src/robotic_arm_environment/images) by extensions ['cmake', 'python']
[0.285s] Level 1:colcon.colcon_core.package_identification:_identify(src/robotic_arm_environment/images) by extension 'cmake'
[0.286s] Level 1:colcon.colcon_core.package_identification:_identify(src/robotic_arm_environment/images) by extension 'python'
[0.286s] Level 1:colcon.colcon_core.package_identification:_identify(src/robotic_arm_environment/images) by extensions ['python_setup_py']
[0.286s] Level 1:colcon.colcon_core.package_identification:_identify(src/robotic_arm_environment/images) by extension 'python_setup_py'
[0.286s] Level 1:colcon.colcon_core.package_identification:_identify(src/robotic_arm_environment/my_doosan_pkg) by extensions ['ignore', 'ignore_ament_install']
[0.286s] Level 1:colcon.colcon_core.package_identification:_identify(src/robotic_arm_environment/my_doosan_pkg) by extension 'ignore'
[0.286s] Level 1:colcon.colcon_core.package_identification:_identify(src/robotic_arm_environment/my_doosan_pkg) by extension 'ignore_ament_install'
[0.286s] Level 1:colcon.colcon_core.package_identification:_identify(src/robotic_arm_environment/my_doosan_pkg) by extensions ['colcon_pkg']
[0.286s] Level 1:colcon.colcon_core.package_identification:_identify(src/robotic_arm_environment/my_doosan_pkg) by extension 'colcon_pkg'
[0.286s] Level 1:colcon.colcon_core.package_identification:_identify(src/robotic_arm_environment/my_doosan_pkg) by extensions ['colcon_meta']
[0.286s] Level 1:colcon.colcon_core.package_identification:_identify(src/robotic_arm_environment/my_doosan_pkg) by extension 'colcon_meta'
[0.286s] Level 1:colcon.colcon_core.package_identification:_identify(src/robotic_arm_environment/my_doosan_pkg) by extensions ['ros']
[0.286s] Level 1:colcon.colcon_core.package_identification:_identify(src/robotic_arm_environment/my_doosan_pkg) by extension 'ros'
[0.288s] DEBUG:colcon.colcon_core.package_identification:Package 'src/robotic_arm_environment/my_doosan_pkg' with type 'ros.ament_python' and name 'my_doosan_pkg'
[0.288s] Level 1:colcon.colcon_core.package_identification:_identify(src/robotic_arm_environment/my_environment_pkg) by extensions ['ignore', 'ignore_ament_install']
[0.288s] Level 1:colcon.colcon_core.package_identification:_identify(src/robotic_arm_environment/my_environment_pkg) by extension 'ignore'
[0.288s] Level 1:colcon.colcon_core.package_identification:_identify(src/robotic_arm_environment/my_environment_pkg) by extension 'ignore_ament_install'
[0.288s] Level 1:colcon.colcon_core.package_identification:_identify(src/robotic_arm_environment/my_environment_pkg) by extensions ['colcon_pkg']
[0.288s] Level 1:colcon.colcon_core.package_identification:_identify(src/robotic_arm_environment/my_environment_pkg) by extension 'colcon_pkg'
[0.288s] Level 1:colcon.colcon_core.package_identification:_identify(src/robotic_arm_environment/my_environment_pkg) by extensions ['colcon_meta']
[0.288s] Level 1:colcon.colcon_core.package_identification:_identify(src/robotic_arm_environment/my_environment_pkg) by extension 'colcon_meta'
[0.288s] Level 1:colcon.colcon_core.package_identification:_identify(src/robotic_arm_environment/my_environment_pkg) by extensions ['ros']
[0.288s] Level 1:colcon.colcon_core.package_identification:_identify(src/robotic_arm_environment/my_environment_pkg) by extension 'ros'
[0.289s] DEBUG:colcon.colcon_core.package_identification:Package 'src/robotic_arm_environment/my_environment_pkg' with type 'ros.ament_python' and name 'my_environment_pkg'
[0.289s] Level 1:colcon.colcon_core.package_identification:_identify(src/robotic_arm_environment/my_obstacle_pkg) by extensions ['ignore', 'ignore_ament_install']
[0.289s] Level 1:colcon.colcon_core.package_identification:_identify(src/robotic_arm_environment/my_obstacle_pkg) by extension 'ignore'
[0.289s] Level 1:colcon.colcon_core.package_identification:_identify(src/robotic_arm_environment/my_obstacle_pkg) by extension 'ignore_ament_install'
[0.289s] Level 1:colcon.colcon_core.package_identification:_identify(src/robotic_arm_environment/my_obstacle_pkg) by extensions ['colcon_pkg']
[0.289s] Level 1:colcon.colcon_core.package_identification:_identify(src/robotic_arm_environment/my_obstacle_pkg) by extension 'colcon_pkg'
[0.289s] Level 1:colcon.colcon_core.package_identification:_identify(src/robotic_arm_environment/my_obstacle_pkg) by extensions ['colcon_meta']
[0.289s] Level 1:colcon.colcon_core.package_identification:_identify(src/robotic_arm_environment/my_obstacle_pkg) by extension 'colcon_meta'
[0.289s] Level 1:colcon.colcon_core.package_identification:_identify(src/robotic_arm_environment/my_obstacle_pkg) by extensions ['ros']
[0.289s] Level 1:colcon.colcon_core.package_identification:_identify(src/robotic_arm_environment/my_obstacle_pkg) by extension 'ros'
[0.289s] DEBUG:colcon.colcon_core.package_identification:Package 'src/robotic_arm_environment/my_obstacle_pkg' with type 'ros.ament_python' and name 'my_obstacle_pkg'
[0.289s] Level 1:colcon.colcon_core.package_identification:_identify(src/robotic_arm_environment/my_sphere_pkg) by extensions ['ignore', 'ignore_ament_install']
[0.289s] Level 1:colcon.colcon_core.package_identification:_identify(src/robotic_arm_environment/my_sphere_pkg) by extension 'ignore'
[0.290s] Level 1:colcon.colcon_core.package_identification:_identify(src/robotic_arm_environment/my_sphere_pkg) by extension 'ignore_ament_install'
[0.290s] Level 1:colcon.colcon_core.package_identification:_identify(src/robotic_arm_environment/my_sphere_pkg) by extensions ['colcon_pkg']
[0.290s] Level 1:colcon.colcon_core.package_identification:_identify(src/robotic_arm_environment/my_sphere_pkg) by extension 'colcon_pkg'
[0.290s] Level 1:colcon.colcon_core.package_identification:_identify(src/robotic_arm_environment/my_sphere_pkg) by extensions ['colcon_meta']
[0.290s] Level 1:colcon.colcon_core.package_identification:_identify(src/robotic_arm_environment/my_sphere_pkg) by extension 'colcon_meta'
[0.290s] Level 1:colcon.colcon_core.package_identification:_identify(src/robotic_arm_environment/my_sphere_pkg) by extensions ['ros']
[0.290s] Level 1:colcon.colcon_core.package_identification:_identify(src/robotic_arm_environment/my_sphere_pkg) by extension 'ros'
[0.290s] DEBUG:colcon.colcon_core.package_identification:Package 'src/robotic_arm_environment/my_sphere_pkg' with type 'ros.ament_python' and name 'my_sphere_pkg'
[0.290s] Level 1:colcon.colcon_core.package_identification:_identify(src/ros-controls) by extensions ['ignore', 'ignore_ament_install']
[0.290s] Level 1:colcon.colcon_core.package_identification:_identify(src/ros-controls) by extension 'ignore'
[0.290s] Level 1:colcon.colcon_core.package_identification:_identify(src/ros-controls) by extension 'ignore_ament_install'
[0.290s] Level 1:colcon.colcon_core.package_identification:_identify(src/ros-controls) by extensions ['colcon_pkg']
[0.290s] Level 1:colcon.colcon_core.package_identification:_identify(src/ros-controls) by extension 'colcon_pkg'
[0.290s] Level 1:colcon.colcon_core.package_identification:_identify(src/ros-controls) by extensions ['colcon_meta']
[0.290s] Level 1:colcon.colcon_core.package_identification:_identify(src/ros-controls) by extension 'colcon_meta'
[0.290s] Level 1:colcon.colcon_core.package_identification:_identify(src/ros-controls) by extensions ['ros']
[0.290s] Level 1:colcon.colcon_core.package_identification:_identify(src/ros-controls) by extension 'ros'
[0.290s] Level 1:colcon.colcon_core.package_identification:_identify(src/ros-controls) by extensions ['cmake', 'python']
[0.291s] Level 1:colcon.colcon_core.package_identification:_identify(src/ros-controls) by extension 'cmake'
[0.291s] Level 1:colcon.colcon_core.package_identification:_identify(src/ros-controls) by extension 'python'
[0.291s] Level 1:colcon.colcon_core.package_identification:_identify(src/ros-controls) by extensions ['python_setup_py']
[0.291s] Level 1:colcon.colcon_core.package_identification:_identify(src/ros-controls) by extension 'python_setup_py'
[0.291s] Level 1:colcon.colcon_core.package_identification:_identify(src/ros-controls/control_msgs) by extensions ['ignore', 'ignore_ament_install']
[0.291s] Level 1:colcon.colcon_core.package_identification:_identify(src/ros-controls/control_msgs) by extension 'ignore'
[0.291s] Level 1:colcon.colcon_core.package_identification:_identify(src/ros-controls/control_msgs) by extension 'ignore_ament_install'
[0.291s] Level 1:colcon.colcon_core.package_identification:_identify(src/ros-controls/control_msgs) by extensions ['colcon_pkg']
[0.291s] Level 1:colcon.colcon_core.package_identification:_identify(src/ros-controls/control_msgs) by extension 'colcon_pkg'
[0.291s] Level 1:colcon.colcon_core.package_identification:_identify(src/ros-controls/control_msgs) by extensions ['colcon_meta']
[0.291s] Level 1:colcon.colcon_core.package_identification:_identify(src/ros-controls/control_msgs) by extension 'colcon_meta'
[0.291s] Level 1:colcon.colcon_core.package_identification:_identify(src/ros-controls/control_msgs) by extensions ['ros']
[0.291s] Level 1:colcon.colcon_core.package_identification:_identify(src/ros-controls/control_msgs) by extension 'ros'
[0.291s] Level 1:colcon.colcon_core.package_identification:_identify(src/ros-controls/control_msgs) by extensions ['cmake', 'python']
[0.291s] Level 1:colcon.colcon_core.package_identification:_identify(src/ros-controls/control_msgs) by extension 'cmake'
[0.291s] Level 1:colcon.colcon_core.package_identification:_identify(src/ros-controls/control_msgs) by extension 'python'
[0.291s] Level 1:colcon.colcon_core.package_identification:_identify(src/ros-controls/control_msgs) by extensions ['python_setup_py']
[0.291s] Level 1:colcon.colcon_core.package_identification:_identify(src/ros-controls/control_msgs) by extension 'python_setup_py'
[0.291s] Level 1:colcon.colcon_core.package_identification:_identify(src/ros-controls/control_msgs/control_msgs) by extensions ['ignore', 'ignore_ament_install']
[0.291s] Level 1:colcon.colcon_core.package_identification:_identify(src/ros-controls/control_msgs/control_msgs) by extension 'ignore'
[0.291s] Level 1:colcon.colcon_core.package_identification:_identify(src/ros-controls/control_msgs/control_msgs) by extension 'ignore_ament_install'
[0.291s] Level 1:colcon.colcon_core.package_identification:_identify(src/ros-controls/control_msgs/control_msgs) by extensions ['colcon_pkg']
[0.291s] Level 1:colcon.colcon_core.package_identification:_identify(src/ros-controls/control_msgs/control_msgs) by extension 'colcon_pkg'
[0.291s] Level 1:colcon.colcon_core.package_identification:_identify(src/ros-controls/control_msgs/control_msgs) by extensions ['colcon_meta']
[0.292s] Level 1:colcon.colcon_core.package_identification:_identify(src/ros-controls/control_msgs/control_msgs) by extension 'colcon_meta'
[0.292s] Level 1:colcon.colcon_core.package_identification:_identify(src/ros-controls/control_msgs/control_msgs) by extensions ['ros']
[0.292s] Level 1:colcon.colcon_core.package_identification:_identify(src/ros-controls/control_msgs/control_msgs) by extension 'ros'
[0.292s] DEBUG:colcon.colcon_core.package_identification:Package 'src/ros-controls/control_msgs/control_msgs' with type 'ros.ament_cmake' and name 'control_msgs'
[0.292s] Level 1:colcon.colcon_core.package_identification:_identify(src/ros-controls/realtime_tools) by extensions ['ignore', 'ignore_ament_install']
[0.292s] Level 1:colcon.colcon_core.package_identification:_identify(src/ros-controls/realtime_tools) by extension 'ignore'
[0.292s] Level 1:colcon.colcon_core.package_identification:_identify(src/ros-controls/realtime_tools) by extension 'ignore_ament_install'
[0.292s] Level 1:colcon.colcon_core.package_identification:_identify(src/ros-controls/realtime_tools) by extensions ['colcon_pkg']
[0.293s] Level 1:colcon.colcon_core.package_identification:_identify(src/ros-controls/realtime_tools) by extension 'colcon_pkg'
[0.293s] Level 1:colcon.colcon_core.package_identification:_identify(src/ros-controls/realtime_tools) by extensions ['colcon_meta']
[0.293s] Level 1:colcon.colcon_core.package_identification:_identify(src/ros-controls/realtime_tools) by extension 'colcon_meta'
[0.293s] Level 1:colcon.colcon_core.package_identification:_identify(src/ros-controls/realtime_tools) by extensions ['ros']
[0.293s] Level 1:colcon.colcon_core.package_identification:_identify(src/ros-controls/realtime_tools) by extension 'ros'
[0.293s] DEBUG:colcon.colcon_core.package_identification:Package 'src/ros-controls/realtime_tools' with type 'ros.ament_cmake' and name 'realtime_tools'
[0.293s] Level 1:colcon.colcon_core.package_discovery:discover_packages(recursive) using defaults
[0.293s] Level 1:colcon.colcon_core.package_discovery:discover_packages(ignore) discover
[0.293s] Level 1:colcon.colcon_core.package_discovery:discover_packages(ignore) using defaults
[0.293s] Level 1:colcon.colcon_core.package_discovery:discover_packages(path) discover
[0.293s] Level 1:colcon.colcon_core.package_discovery:discover_packages(path) using defaults
[0.310s] Level 1:colcon.colcon_core.package_discovery:discover_packages(prefix_path) check parameters
[0.310s] Level 1:colcon.colcon_core.package_discovery:discover_packages(prefix_path) discover
[0.312s] Level 1:colcon.colcon_core.package_discovery:discover_packages(prefix_path) using defaults
[0.314s] Level 5:colcon.colcon_core.verb:set package 'control_msgs' build argument 'cmake_args' from command line to 'None'
[0.314s] Level 5:colcon.colcon_core.verb:set package 'control_msgs' build argument 'cmake_target' from command line to 'None'
[0.314s] Level 5:colcon.colcon_core.verb:set package 'control_msgs' build argument 'cmake_target_skip_unavailable' from command line to 'False'
[0.314s] Level 5:colcon.colcon_core.verb:set package 'control_msgs' build argument 'cmake_clean_cache' from command line to 'False'
[0.314s] Level 5:colcon.colcon_core.verb:set package 'control_msgs' build argument 'cmake_clean_first' from command line to 'False'
[0.314s] Level 5:colcon.colcon_core.verb:set package 'control_msgs' build argument 'cmake_force_configure' from command line to 'False'
[0.314s] Level 5:colcon.colcon_core.verb:set package 'control_msgs' build argument 'ament_cmake_args' from command line to 'None'
[0.314s] Level 5:colcon.colcon_core.verb:set package 'control_msgs' build argument 'catkin_cmake_args' from command line to 'None'
[0.314s] Level 5:colcon.colcon_core.verb:set package 'control_msgs' build argument 'catkin_skip_building_tests' from command line to 'False'
[0.314s] DEBUG:colcon.colcon_core.verb:Building package 'control_msgs' with the following arguments: {'ament_cmake_args': None, 'build_base': '/home/dndqodqks/ros2_ws/build/control_msgs', 'catkin_cmake_args': None, 'catkin_skip_building_tests': False, 'cmake_args': None, 'cmake_clean_cache': False, 'cmake_clean_first': False, 'cmake_force_configure': False, 'cmake_target': None, 'cmake_target_skip_unavailable': False, 'install_base': '/home/dndqodqks/ros2_ws/install/control_msgs', 'merge_install': False, 'path': '/home/dndqodqks/ros2_ws/src/ros-controls/control_msgs/control_msgs', 'symlink_install': True, 'test_result_base': None}
[0.315s] Level 5:colcon.colcon_core.verb:set package 'my_doosan_pkg' build argument 'cmake_args' from command line to 'None'
[0.316s] Level 5:colcon.colcon_core.verb:set package 'my_doosan_pkg' build argument 'cmake_target' from command line to 'None'
[0.316s] Level 5:colcon.colcon_core.verb:set package 'my_doosan_pkg' build argument 'cmake_target_skip_unavailable' from command line to 'False'
[0.316s] Level 5:colcon.colcon_core.verb:set package 'my_doosan_pkg' build argument 'cmake_clean_cache' from command line to 'False'
[0.316s] Level 5:colcon.colcon_core.verb:set package 'my_doosan_pkg' build argument 'cmake_clean_first' from command line to 'False'
[0.316s] Level 5:colcon.colcon_core.verb:set package 'my_doosan_pkg' build argument 'cmake_force_configure' from command line to 'False'
[0.316s] Level 5:colcon.colcon_core.verb:set package 'my_doosan_pkg' build argument 'ament_cmake_args' from command line to 'None'
[0.316s] Level 5:colcon.colcon_core.verb:set package 'my_doosan_pkg' build argument 'catkin_cmake_args' from command line to 'None'
[0.316s] Level 5:colcon.colcon_core.verb:set package 'my_doosan_pkg' build argument 'catkin_skip_building_tests' from command line to 'False'
[0.316s] DEBUG:colcon.colcon_core.verb:Building package 'my_doosan_pkg' with the following arguments: {'ament_cmake_args': None, 'build_base': '/home/dndqodqks/ros2_ws/build/my_doosan_pkg', 'catkin_cmake_args': None, 'catkin_skip_building_tests': False, 'cmake_args': None, 'cmake_clean_cache': False, 'cmake_clean_first': False, 'cmake_force_configure': False, 'cmake_target': None, 'cmake_target_skip_unavailable': False, 'install_base': '/home/dndqodqks/ros2_ws/install/my_doosan_pkg', 'merge_install': False, 'path': '/home/dndqodqks/ros2_ws/src/robotic_arm_environment/my_doosan_pkg', 'symlink_install': True, 'test_result_base': None}
[0.317s] Level 5:colcon.colcon_core.verb:set package 'my_environment_pkg' build argument 'cmake_args' from command line to 'None'
[0.317s] Level 5:colcon.colcon_core.verb:set package 'my_environment_pkg' build argument 'cmake_target' from command line to 'None'
[0.317s] Level 5:colcon.colcon_core.verb:set package 'my_environment_pkg' build argument 'cmake_target_skip_unavailable' from command line to 'False'
[0.317s] Level 5:colcon.colcon_core.verb:set package 'my_environment_pkg' build argument 'cmake_clean_cache' from command line to 'False'
[0.317s] Level 5:colcon.colcon_core.verb:set package 'my_environment_pkg' build argument 'cmake_clean_first' from command line to 'False'
[0.317s] Level 5:colcon.colcon_core.verb:set package 'my_environment_pkg' build argument 'cmake_force_configure' from command line to 'False'
[0.317s] Level 5:colcon.colcon_core.verb:set package 'my_environment_pkg' build argument 'ament_cmake_args' from command line to 'None'
[0.317s] Level 5:colcon.colcon_core.verb:set package 'my_environment_pkg' build argument 'catkin_cmake_args' from command line to 'None'
[0.317s] Level 5:colcon.colcon_core.verb:set package 'my_environment_pkg' build argument 'catkin_skip_building_tests' from command line to 'False'
[0.317s] DEBUG:colcon.colcon_core.verb:Building package 'my_environment_pkg' with the following arguments: {'ament_cmake_args': None, 'build_base': '/home/dndqodqks/ros2_ws/build/my_environment_pkg', 'catkin_cmake_args': None, 'catkin_skip_building_tests': False, 'cmake_args': None, 'cmake_clean_cache': False, 'cmake_clean_first': False, 'cmake_force_configure': False, 'cmake_target': None, 'cmake_target_skip_unavailable': False, 'install_base': '/home/dndqodqks/ros2_ws/install/my_environment_pkg', 'merge_install': False, 'path': '/home/dndqodqks/ros2_ws/src/robotic_arm_environment/my_environment_pkg', 'symlink_install': True, 'test_result_base': None}
[0.318s] Level 5:colcon.colcon_core.verb:set package 'my_obstacle_pkg' build argument 'cmake_args' from command line to 'None'
[0.318s] Level 5:colcon.colcon_core.verb:set package 'my_obstacle_pkg' build argument 'cmake_target' from command line to 'None'
[0.318s] Level 5:colcon.colcon_core.verb:set package 'my_obstacle_pkg' build argument 'cmake_target_skip_unavailable' from command line to 'False'
[0.318s] Level 5:colcon.colcon_core.verb:set package 'my_obstacle_pkg' build argument 'cmake_clean_cache' from command line to 'False'
[0.318s] Level 5:colcon.colcon_core.verb:set package 'my_obstacle_pkg' build argument 'cmake_clean_first' from command line to 'False'
[0.318s] Level 5:colcon.colcon_core.verb:set package 'my_obstacle_pkg' build argument 'cmake_force_configure' from command line to 'False'
[0.318s] Level 5:colcon.colcon_core.verb:set package 'my_obstacle_pkg' build argument 'ament_cmake_args' from command line to 'None'
[0.318s] Level 5:colcon.colcon_core.verb:set package 'my_obstacle_pkg' build argument 'catkin_cmake_args' from command line to 'None'
[0.318s] Level 5:colcon.colcon_core.verb:set package 'my_obstacle_pkg' build argument 'catkin_skip_building_tests' from command line to 'False'
[0.318s] DEBUG:colcon.colcon_core.verb:Building package 'my_obstacle_pkg' with the following arguments: {'ament_cmake_args': None, 'build_base': '/home/dndqodqks/ros2_ws/build/my_obstacle_pkg', 'catkin_cmake_args': None, 'catkin_skip_building_tests': False, 'cmake_args': None, 'cmake_clean_cache': False, 'cmake_clean_first': False, 'cmake_force_configure': False, 'cmake_target': None, 'cmake_target_skip_unavailable': False, 'install_base': '/home/dndqodqks/ros2_ws/install/my_obstacle_pkg', 'merge_install': False, 'path': '/home/dndqodqks/ros2_ws/src/robotic_arm_environment/my_obstacle_pkg', 'symlink_install': True, 'test_result_base': None}
[0.319s] Level 5:colcon.colcon_core.verb:set package 'my_sphere_pkg' build argument 'cmake_args' from command line to 'None'
[0.319s] Level 5:colcon.colcon_core.verb:set package 'my_sphere_pkg' build argument 'cmake_target' from command line to 'None'
[0.319s] Level 5:colcon.colcon_core.verb:set package 'my_sphere_pkg' build argument 'cmake_target_skip_unavailable' from command line to 'False'
[0.319s] Level 5:colcon.colcon_core.verb:set package 'my_sphere_pkg' build argument 'cmake_clean_cache' from command line to 'False'
[0.319s] Level 5:colcon.colcon_core.verb:set package 'my_sphere_pkg' build argument 'cmake_clean_first' from command line to 'False'
[0.320s] Level 5:colcon.colcon_core.verb:set package 'my_sphere_pkg' build argument 'cmake_force_configure' from command line to 'False'
[0.320s] Level 5:colcon.colcon_core.verb:set package 'my_sphere_pkg' build argument 'ament_cmake_args' from command line to 'None'
[0.320s] Level 5:colcon.colcon_core.verb:set package 'my_sphere_pkg' build argument 'catkin_cmake_args' from command line to 'None'
[0.320s] Level 5:colcon.colcon_core.verb:set package 'my_sphere_pkg' build argument 'catkin_skip_building_tests' from command line to 'False'
[0.320s] DEBUG:colcon.colcon_core.verb:Building package 'my_sphere_pkg' with the following arguments: {'ament_cmake_args': None, 'build_base': '/home/dndqodqks/ros2_ws/build/my_sphere_pkg', 'catkin_cmake_args': None, 'catkin_skip_building_tests': False, 'cmake_args': None, 'cmake_clean_cache': False, 'cmake_clean_first': False, 'cmake_force_configure': False, 'cmake_target': None, 'cmake_target_skip_unavailable': False, 'install_base': '/home/dndqodqks/ros2_ws/install/my_sphere_pkg', 'merge_install': False, 'path': '/home/dndqodqks/ros2_ws/src/robotic_arm_environment/my_sphere_pkg', 'symlink_install': True, 'test_result_base': None}
[0.321s] Level 5:colcon.colcon_core.verb:set package 'realtime_tools' build argument 'cmake_args' from command line to 'None'
[0.321s] Level 5:colcon.colcon_core.verb:set package 'realtime_tools' build argument 'cmake_target' from command line to 'None'
[0.321s] Level 5:colcon.colcon_core.verb:set package 'realtime_tools' build argument 'cmake_target_skip_unavailable' from command line to 'False'
[0.321s] Level 5:colcon.colcon_core.verb:set package 'realtime_tools' build argument 'cmake_clean_cache' from command line to 'False'
[0.321s] Level 5:colcon.colcon_core.verb:set package 'realtime_tools' build argument 'cmake_clean_first' from command line to 'False'
[0.321s] Level 5:colcon.colcon_core.verb:set package 'realtime_tools' build argument 'cmake_force_configure' from command line to 'False'
[0.321s] Level 5:colcon.colcon_core.verb:set package 'realtime_tools' build argument 'ament_cmake_args' from command line to 'None'
[0.321s] Level 5:colcon.colcon_core.verb:set package 'realtime_tools' build argument 'catkin_cmake_args' from command line to 'None'
[0.321s] Level 5:colcon.colcon_core.verb:set package 'realtime_tools' build argument 'catkin_skip_building_tests' from command line to 'False'
[0.321s] DEBUG:colcon.colcon_core.verb:Building package 'realtime_tools' with the following arguments: {'ament_cmake_args': None, 'build_base': '/home/dndqodqks/ros2_ws/build/realtime_tools', 'catkin_cmake_args': None, 'catkin_skip_building_tests': False, 'cmake_args': None, 'cmake_clean_cache': False, 'cmake_clean_first': False, 'cmake_force_configure': False, 'cmake_target': None, 'cmake_target_skip_unavailable': False, 'install_base': '/home/dndqodqks/ros2_ws/install/realtime_tools', 'merge_install': False, 'path': '/home/dndqodqks/ros2_ws/src/ros-controls/realtime_tools', 'symlink_install': True, 'test_result_base': None}
[0.322s] INFO:colcon.colcon_core.executor:Executing jobs using 'parallel' executor
[0.327s] DEBUG:colcon.colcon_parallel_executor.executor.parallel:run_until_complete
[0.327s] INFO:colcon.colcon_ros.task.ament_cmake.build:Building ROS package in '/home/dndqodqks/ros2_ws/src/ros-controls/control_msgs/control_msgs' with build type 'ament_cmake'
[0.327s] INFO:colcon.colcon_cmake.task.cmake.build:Building CMake package in '/home/dndqodqks/ros2_ws/src/ros-controls/control_msgs/control_msgs'
[0.333s] INFO:colcon.colcon_core.plugin_system:Skipping extension 'colcon_core.shell.bat': Not used on non-Windows systems
[0.333s] INFO:colcon.colcon_core.shell:Skip shell extension 'powershell' for command environment: Not usable outside of PowerShell
[0.333s] DEBUG:colcon.colcon_core.shell:Skip shell extension 'dsv' for command environment
[0.336s] INFO:colcon.colcon_ros.task.ament_python.build:Building ROS package in '/home/dndqodqks/ros2_ws/src/robotic_arm_environment/my_doosan_pkg' with build type 'ament_python'
[0.336s] Level 1:colcon.colcon_core.shell:create_environment_hook('my_doosan_pkg', 'ament_prefix_path')
[0.338s] INFO:colcon.colcon_core.shell:Creating environment hook '/home/dndqodqks/ros2_ws/install/my_doosan_pkg/share/my_doosan_pkg/hook/ament_prefix_path.ps1'
[0.339s] INFO:colcon.colcon_core.shell:Creating environment descriptor '/home/dndqodqks/ros2_ws/install/my_doosan_pkg/share/my_doosan_pkg/hook/ament_prefix_path.dsv'
[0.340s] INFO:colcon.colcon_core.shell:Creating environment hook '/home/dndqodqks/ros2_ws/install/my_doosan_pkg/share/my_doosan_pkg/hook/ament_prefix_path.sh'
[0.342s] INFO:colcon.colcon_core.shell:Skip shell extension 'powershell' for command environment: Not usable outside of PowerShell
[0.342s] DEBUG:colcon.colcon_core.shell:Skip shell extension 'dsv' for command environment
[0.344s] INFO:colcon.colcon_ros.task.ament_python.build:Building ROS package in '/home/dndqodqks/ros2_ws/src/robotic_arm_environment/my_environment_pkg' with build type 'ament_python'
[0.344s] Level 1:colcon.colcon_core.shell:create_environment_hook('my_environment_pkg', 'ament_prefix_path')
[0.347s] INFO:colcon.colcon_core.shell:Creating environment hook '/home/dndqodqks/ros2_ws/install/my_environment_pkg/share/my_environment_pkg/hook/ament_prefix_path.ps1'
[0.347s] INFO:colcon.colcon_core.shell:Creating environment descriptor '/home/dndqodqks/ros2_ws/install/my_environment_pkg/share/my_environment_pkg/hook/ament_prefix_path.dsv'
[0.347s] INFO:colcon.colcon_core.shell:Creating environment hook '/home/dndqodqks/ros2_ws/install/my_environment_pkg/share/my_environment_pkg/hook/ament_prefix_path.sh'
[0.350s] INFO:colcon.colcon_core.shell:Skip shell extension 'powershell' for command environment: Not usable outside of PowerShell
[0.350s] DEBUG:colcon.colcon_core.shell:Skip shell extension 'dsv' for command environment
[0.352s] INFO:colcon.colcon_ros.task.ament_python.build:Building ROS package in '/home/dndqodqks/ros2_ws/src/robotic_arm_environment/my_obstacle_pkg' with build type 'ament_python'
[0.352s] Level 1:colcon.colcon_core.shell:create_environment_hook('my_obstacle_pkg', 'ament_prefix_path')
[0.355s] INFO:colcon.colcon_core.shell:Creating environment hook '/home/dndqodqks/ros2_ws/install/my_obstacle_pkg/share/my_obstacle_pkg/hook/ament_prefix_path.ps1'
[0.355s] INFO:colcon.colcon_core.shell:Creating environment descriptor '/home/dndqodqks/ros2_ws/install/my_obstacle_pkg/share/my_obstacle_pkg/hook/ament_prefix_path.dsv'
[0.356s] INFO:colcon.colcon_core.shell:Creating environment hook '/home/dndqodqks/ros2_ws/install/my_obstacle_pkg/share/my_obstacle_pkg/hook/ament_prefix_path.sh'
[0.358s] INFO:colcon.colcon_core.shell:Skip shell extension 'powershell' for command environment: Not usable outside of PowerShell
[0.358s] DEBUG:colcon.colcon_core.shell:Skip shell extension 'dsv' for command environment
[0.360s] INFO:colcon.colcon_ros.task.ament_python.build:Building ROS package in '/home/dndqodqks/ros2_ws/src/robotic_arm_environment/my_sphere_pkg' with build type 'ament_python'
[0.361s] Level 1:colcon.colcon_core.shell:create_environment_hook('my_sphere_pkg', 'ament_prefix_path')
[0.363s] INFO:colcon.colcon_core.shell:Creating environment hook '/home/dndqodqks/ros2_ws/install/my_sphere_pkg/share/my_sphere_pkg/hook/ament_prefix_path.ps1'
[0.364s] INFO:colcon.colcon_core.shell:Creating environment descriptor '/home/dndqodqks/ros2_ws/install/my_sphere_pkg/share/my_sphere_pkg/hook/ament_prefix_path.dsv'
[0.364s] INFO:colcon.colcon_core.shell:Creating environment hook '/home/dndqodqks/ros2_ws/install/my_sphere_pkg/share/my_sphere_pkg/hook/ament_prefix_path.sh'
[0.366s] INFO:colcon.colcon_core.shell:Skip shell extension 'powershell' for command environment: Not usable outside of PowerShell
[0.366s] DEBUG:colcon.colcon_core.shell:Skip shell extension 'dsv' for command environment
[0.368s] INFO:colcon.colcon_ros.task.ament_cmake.build:Building ROS package in '/home/dndqodqks/ros2_ws/src/ros-controls/realtime_tools' with build type 'ament_cmake'
[0.369s] INFO:colcon.colcon_cmake.task.cmake.build:Building CMake package in '/home/dndqodqks/ros2_ws/src/ros-controls/realtime_tools'
[0.371s] INFO:colcon.colcon_core.shell:Skip shell extension 'powershell' for command environment: Not usable outside of PowerShell
[0.371s] DEBUG:colcon.colcon_core.shell:Skip shell extension 'dsv' for command environment
[0.379s] DEBUG:colcon.colcon_core.event_handler.log_command:Invoking command in '/home/dndqodqks/ros2_ws/build/control_msgs': /home/dndqodqks/.local/bin/cmake --build /home/dndqodqks/ros2_ws/build/control_msgs -- -j8 -l8
[0.534s] INFO:colcon.colcon_core.task.python.build:Building Python package in '/home/dndqodqks/ros2_ws/src/robotic_arm_environment/my_doosan_pkg'
[0.537s] INFO:colcon.colcon_core.shell:Skip shell extension 'powershell' for command environment: Not usable outside of PowerShell
[0.537s] DEBUG:colcon.colcon_core.shell:Skip shell extension 'dsv' for command environment
[0.685s] INFO:colcon.colcon_core.task.python.build:Building Python package in '/home/dndqodqks/ros2_ws/src/robotic_arm_environment/my_environment_pkg'
[0.687s] INFO:colcon.colcon_core.shell:Skip shell extension 'powershell' for command environment: Not usable outside of PowerShell
[0.688s] DEBUG:colcon.colcon_core.shell:Skip shell extension 'dsv' for command environment
[0.841s] INFO:colcon.colcon_core.task.python.build:Building Python package in '/home/dndqodqks/ros2_ws/src/robotic_arm_environment/my_obstacle_pkg'
[0.845s] INFO:colcon.colcon_core.shell:Skip shell extension 'powershell' for command environment: Not usable outside of PowerShell
[0.845s] DEBUG:colcon.colcon_core.shell:Skip shell extension 'dsv' for command environment
[1.004s] INFO:colcon.colcon_core.task.python.build:Building Python package in '/home/dndqodqks/ros2_ws/src/robotic_arm_environment/my_sphere_pkg'
[1.006s] INFO:colcon.colcon_core.shell:Skip shell extension 'powershell' for command environment: Not usable outside of PowerShell
[1.006s] DEBUG:colcon.colcon_core.shell:Skip shell extension 'dsv' for command environment
[1.012s] DEBUG:colcon.colcon_core.event_handler.log_command:Invoking command in '/home/dndqodqks/ros2_ws/build/realtime_tools': /home/dndqodqks/.local/bin/cmake --build /home/dndqodqks/ros2_ws/build/realtime_tools -- -j8 -l8
[1.022s] DEBUG:colcon.colcon_core.event_handler.log_command:Invoked command in '/home/dndqodqks/ros2_ws/build/control_msgs' returned '0': /home/dndqodqks/.local/bin/cmake --build /home/dndqodqks/ros2_ws/build/control_msgs -- -j8 -l8
[1.162s] DEBUG:colcon.colcon_core.event_handler.log_command:Invoked command in '/home/dndqodqks/ros2_ws/build/realtime_tools' returned '0': /home/dndqodqks/.local/bin/cmake --build /home/dndqodqks/ros2_ws/build/realtime_tools -- -j8 -l8
[1.233s] DEBUG:colcon.colcon_core.event_handler.log_command:Invoking command in '/home/dndqodqks/ros2_ws/build/realtime_tools': /home/dndqodqks/.local/bin/cmake --install /home/dndqodqks/ros2_ws/build/realtime_tools
[1.238s] DEBUG:colcon.colcon_core.event_handler.log_command:Invoking command in '/home/dndqodqks/ros2_ws/build/control_msgs': /home/dndqodqks/.local/bin/cmake --install /home/dndqodqks/ros2_ws/build/control_msgs
[1.282s] Level 1:colcon.colcon_core.environment:create_environment_scripts_only(realtime_tools)
[1.283s] DEBUG:colcon.colcon_core.event_handler.log_command:Invoked command in '/home/dndqodqks/ros2_ws/build/realtime_tools' returned '0': /home/dndqodqks/.local/bin/cmake --install /home/dndqodqks/ros2_ws/build/realtime_tools
[1.294s] Level 1:colcon.colcon_core.environment:checking '/home/dndqodqks/ros2_ws/install/realtime_tools' for CMake module files
[1.295s] Level 1:colcon.colcon_core.environment:checking '/home/dndqodqks/ros2_ws/install/realtime_tools' for CMake config files
[1.295s] Level 1:colcon.colcon_core.shell:create_environment_hook('realtime_tools', 'cmake_prefix_path')
[1.297s] INFO:colcon.colcon_core.shell:Creating environment hook '/home/dndqodqks/ros2_ws/install/realtime_tools/share/realtime_tools/hook/cmake_prefix_path.ps1'
[1.298s] INFO:colcon.colcon_core.shell:Creating environment descriptor '/home/dndqodqks/ros2_ws/install/realtime_tools/share/realtime_tools/hook/cmake_prefix_path.dsv'
[1.299s] INFO:colcon.colcon_core.shell:Creating environment hook '/home/dndqodqks/ros2_ws/install/realtime_tools/share/realtime_tools/hook/cmake_prefix_path.sh'
[1.300s] Level 1:colcon.colcon_core.environment:checking '/home/dndqodqks/ros2_ws/install/realtime_tools/lib'
[1.300s] Level 1:colcon.colcon_core.environment:checking '/home/dndqodqks/ros2_ws/install/realtime_tools/bin'
[1.300s] Level 1:colcon.colcon_core.environment:checking '/home/dndqodqks/ros2_ws/install/realtime_tools/lib/pkgconfig/realtime_tools.pc'
[1.300s] Level 1:colcon.colcon_core.environment:checking '/home/dndqodqks/ros2_ws/install/realtime_tools/lib/python3.8/site-packages'
[1.300s] Level 1:colcon.colcon_core.environment:checking '/home/dndqodqks/ros2_ws/install/realtime_tools/bin'
[1.302s] INFO:colcon.colcon_core.shell:Creating package script '/home/dndqodqks/ros2_ws/install/realtime_tools/share/realtime_tools/package.ps1'
[1.304s] INFO:colcon.colcon_core.shell:Creating package descriptor '/home/dndqodqks/ros2_ws/install/realtime_tools/share/realtime_tools/package.dsv'
[1.305s] INFO:colcon.colcon_core.shell:Creating package script '/home/dndqodqks/ros2_ws/install/realtime_tools/share/realtime_tools/package.sh'
[1.306s] INFO:colcon.colcon_core.shell:Creating package script '/home/dndqodqks/ros2_ws/install/realtime_tools/share/realtime_tools/package.bash'
[1.307s] INFO:colcon.colcon_core.shell:Creating package script '/home/dndqodqks/ros2_ws/install/realtime_tools/share/realtime_tools/package.zsh'
[1.308s] Level 1:colcon.colcon_core.environment:create_file_with_runtime_dependencies(/home/dndqodqks/ros2_ws/install/realtime_tools/share/colcon-core/packages/realtime_tools)
[1.361s] Level 1:colcon.colcon_core.environment:create_environment_scripts_only(control_msgs)
[1.364s] Level 1:colcon.colcon_core.environment:checking '/home/dndqodqks/ros2_ws/install/control_msgs' for CMake module files
[1.365s] DEBUG:colcon.colcon_core.event_handler.log_command:Invoked command in '/home/dndqodqks/ros2_ws/build/control_msgs' returned '0': /home/dndqodqks/.local/bin/cmake --install /home/dndqodqks/ros2_ws/build/control_msgs
[1.365s] Level 1:colcon.colcon_core.environment:checking '/home/dndqodqks/ros2_ws/install/control_msgs' for CMake config files
[1.366s] Level 1:colcon.colcon_core.shell:create_environment_hook('control_msgs', 'cmake_prefix_path')
[1.370s] INFO:colcon.colcon_core.shell:Creating environment hook '/home/dndqodqks/ros2_ws/install/control_msgs/share/control_msgs/hook/cmake_prefix_path.ps1'
[1.370s] INFO:colcon.colcon_core.shell:Creating environment descriptor '/home/dndqodqks/ros2_ws/install/control_msgs/share/control_msgs/hook/cmake_prefix_path.dsv'
[1.371s] INFO:colcon.colcon_core.shell:Creating environment hook '/home/dndqodqks/ros2_ws/install/control_msgs/share/control_msgs/hook/cmake_prefix_path.sh'
[1.371s] Level 1:colcon.colcon_core.environment:checking '/home/dndqodqks/ros2_ws/install/control_msgs/lib'
[1.371s] Level 1:colcon.colcon_core.shell:create_environment_hook('control_msgs', 'ld_library_path_lib')
[1.374s] INFO:colcon.colcon_core.shell:Creating environment hook '/home/dndqodqks/ros2_ws/install/control_msgs/share/control_msgs/hook/ld_library_path_lib.ps1'
[1.375s] INFO:colcon.colcon_core.shell:Creating environment descriptor '/home/dndqodqks/ros2_ws/install/control_msgs/share/control_msgs/hook/ld_library_path_lib.dsv'
[1.375s] INFO:colcon.colcon_core.shell:Creating environment hook '/home/dndqodqks/ros2_ws/install/control_msgs/share/control_msgs/hook/ld_library_path_lib.sh'
[1.375s] Level 1:colcon.colcon_core.environment:checking '/home/dndqodqks/ros2_ws/install/control_msgs/bin'
[1.376s] Level 1:colcon.colcon_core.environment:checking '/home/dndqodqks/ros2_ws/install/control_msgs/lib/pkgconfig/control_msgs.pc'
[1.376s] Level 1:colcon.colcon_core.environment:checking '/home/dndqodqks/ros2_ws/install/control_msgs/lib/python3.8/site-packages'
[1.376s] Level 1:colcon.colcon_core.shell:create_environment_hook('control_msgs', 'pythonpath')
[1.379s] INFO:colcon.colcon_core.shell:Creating environment hook '/home/dndqodqks/ros2_ws/install/control_msgs/share/control_msgs/hook/pythonpath.ps1'
[1.380s] INFO:colcon.colcon_core.shell:Creating environment descriptor '/home/dndqodqks/ros2_ws/install/control_msgs/share/control_msgs/hook/pythonpath.dsv'
[1.380s] INFO:colcon.colcon_core.shell:Creating environment hook '/home/dndqodqks/ros2_ws/install/control_msgs/share/control_msgs/hook/pythonpath.sh'
[1.380s] Level 1:colcon.colcon_core.environment:checking '/home/dndqodqks/ros2_ws/install/control_msgs/bin'
[1.384s] INFO:colcon.colcon_core.shell:Creating package script '/home/dndqodqks/ros2_ws/install/control_msgs/share/control_msgs/package.ps1'
[1.385s] INFO:colcon.colcon_core.shell:Creating package descriptor '/home/dndqodqks/ros2_ws/install/control_msgs/share/control_msgs/package.dsv'
[1.386s] INFO:colcon.colcon_core.shell:Creating package script '/home/dndqodqks/ros2_ws/install/control_msgs/share/control_msgs/package.sh'
[1.386s] INFO:colcon.colcon_core.shell:Creating package script '/home/dndqodqks/ros2_ws/install/control_msgs/share/control_msgs/package.bash'
[1.386s] INFO:colcon.colcon_core.shell:Creating package script '/home/dndqodqks/ros2_ws/install/control_msgs/share/control_msgs/package.zsh'
[1.387s] Level 1:colcon.colcon_core.environment:create_file_with_runtime_dependencies(/home/dndqodqks/ros2_ws/install/control_msgs/share/colcon-core/packages/control_msgs)
[1.395s] Level 1:colcon.colcon_core.environment:create_environment_scripts_only(realtime_tools)
[1.399s] Level 1:colcon.colcon_core.environment:checking '/home/dndqodqks/ros2_ws/install/realtime_tools' for CMake module files
[1.400s] Level 1:colcon.colcon_core.environment:checking '/home/dndqodqks/ros2_ws/install/realtime_tools' for CMake config files
[1.400s] Level 1:colcon.colcon_core.shell:create_environment_hook('realtime_tools', 'cmake_prefix_path')
[1.404s] INFO:colcon.colcon_core.shell:Creating environment hook '/home/dndqodqks/ros2_ws/install/realtime_tools/share/realtime_tools/hook/cmake_prefix_path.ps1'
[1.407s] INFO:colcon.colcon_core.shell:Creating environment descriptor '/home/dndqodqks/ros2_ws/install/realtime_tools/share/realtime_tools/hook/cmake_prefix_path.dsv'
[1.408s] INFO:colcon.colcon_core.shell:Creating environment hook '/home/dndqodqks/ros2_ws/install/realtime_tools/share/realtime_tools/hook/cmake_prefix_path.sh'
[1.410s] Level 1:colcon.colcon_core.environment:checking '/home/dndqodqks/ros2_ws/install/realtime_tools/lib'
[1.410s] Level 1:colcon.colcon_core.environment:checking '/home/dndqodqks/ros2_ws/install/realtime_tools/bin'
[1.410s] Level 1:colcon.colcon_core.environment:checking '/home/dndqodqks/ros2_ws/install/realtime_tools/lib/pkgconfig/realtime_tools.pc'
[1.410s] Level 1:colcon.colcon_core.environment:checking '/home/dndqodqks/ros2_ws/install/realtime_tools/lib/python3.8/site-packages'
[1.410s] Level 1:colcon.colcon_core.environment:checking '/home/dndqodqks/ros2_ws/install/realtime_tools/bin'
[1.414s] INFO:colcon.colcon_core.shell:Creating package script '/home/dndqodqks/ros2_ws/install/realtime_tools/share/realtime_tools/package.ps1'
[1.414s] INFO:colcon.colcon_core.shell:Creating package descriptor '/home/dndqodqks/ros2_ws/install/realtime_tools/share/realtime_tools/package.dsv'
[1.415s] INFO:colcon.colcon_core.shell:Creating package script '/home/dndqodqks/ros2_ws/install/realtime_tools/share/realtime_tools/package.sh'
[1.415s] INFO:colcon.colcon_core.shell:Creating package script '/home/dndqodqks/ros2_ws/install/realtime_tools/share/realtime_tools/package.bash'
[1.416s] INFO:colcon.colcon_core.shell:Creating package script '/home/dndqodqks/ros2_ws/install/realtime_tools/share/realtime_tools/package.zsh'
[1.416s] Level 1:colcon.colcon_core.environment:create_file_with_runtime_dependencies(/home/dndqodqks/ros2_ws/install/realtime_tools/share/colcon-core/packages/realtime_tools)
[1.432s] DEBUG:colcon.colcon_core.event_handler.log_command:Invoking command in '/home/dndqodqks/ros2_ws/build/my_environment_pkg': PYTHONPATH=/home/dndqodqks/ros2_ws/build/my_environment_pkg/prefix_override:/home/dndqodqks/ros2_ws/install/my_environment_pkg/lib/python3.8/site-packages: /usr/bin/python3 setup.py develop --editable --build-directory /home/dndqodqks/ros2_ws/build/my_environment_pkg/build --no-deps install_data
[1.442s] DEBUG:colcon.colcon_core.event_handler.log_command:Invoking command in '/home/dndqodqks/ros2_ws/build/my_sphere_pkg': PYTHONPATH=/home/dndqodqks/ros2_ws/build/my_sphere_pkg/prefix_override:/home/dndqodqks/ros2_ws/install/my_sphere_pkg/lib/python3.8/site-packages: /usr/bin/python3 setup.py develop --editable --build-directory /home/dndqodqks/ros2_ws/build/my_sphere_pkg/build --no-deps install_data
[1.478s] DEBUG:colcon.colcon_core.event_handler.log_command:Invoking command in '/home/dndqodqks/ros2_ws/build/my_doosan_pkg': PYTHONPATH=/home/dndqodqks/ros2_ws/build/my_doosan_pkg/prefix_override:/home/dndqodqks/ros2_ws/install/my_doosan_pkg/lib/python3.8/site-packages: /usr/bin/python3 setup.py develop --editable --build-directory /home/dndqodqks/ros2_ws/build/my_doosan_pkg/build --no-deps install_data
[1.484s] DEBUG:colcon.colcon_core.event_handler.log_command:Invoking command in '/home/dndqodqks/ros2_ws/build/my_obstacle_pkg': PYTHONPATH=/home/dndqodqks/ros2_ws/build/my_obstacle_pkg/prefix_override:/home/dndqodqks/ros2_ws/install/my_obstacle_pkg/lib/python3.8/site-packages: /usr/bin/python3 setup.py develop --editable --build-directory /home/dndqodqks/ros2_ws/build/my_obstacle_pkg/build --no-deps install_data
[1.535s] Level 1:colcon.colcon_core.environment:create_environment_scripts_only(control_msgs)
[1.541s] Level 1:colcon.colcon_core.environment:checking '/home/dndqodqks/ros2_ws/install/control_msgs' for CMake module files
[1.542s] Level 1:colcon.colcon_core.environment:checking '/home/dndqodqks/ros2_ws/install/control_msgs' for CMake config files
[1.544s] Level 1:colcon.colcon_core.shell:create_environment_hook('control_msgs', 'cmake_prefix_path')
[1.547s] INFO:colcon.colcon_core.shell:Creating environment hook '/home/dndqodqks/ros2_ws/install/control_msgs/share/control_msgs/hook/cmake_prefix_path.ps1'
[1.548s] INFO:colcon.colcon_core.shell:Creating environment descriptor '/home/dndqodqks/ros2_ws/install/control_msgs/share/control_msgs/hook/cmake_prefix_path.dsv'
[1.548s] INFO:colcon.colcon_core.shell:Creating environment hook '/home/dndqodqks/ros2_ws/install/control_msgs/share/control_msgs/hook/cmake_prefix_path.sh'
[1.549s] Level 1:colcon.colcon_core.environment:checking '/home/dndqodqks/ros2_ws/install/control_msgs/lib'
[1.549s] Level 1:colcon.colcon_core.shell:create_environment_hook('control_msgs', 'ld_library_path_lib')
[1.553s] INFO:colcon.colcon_core.shell:Creating environment hook '/home/dndqodqks/ros2_ws/install/control_msgs/share/control_msgs/hook/ld_library_path_lib.ps1'
[1.553s] INFO:colcon.colcon_core.shell:Creating environment descriptor '/home/dndqodqks/ros2_ws/install/control_msgs/share/control_msgs/hook/ld_library_path_lib.dsv'
[1.554s] INFO:colcon.colcon_core.shell:Creating environment hook '/home/dndqodqks/ros2_ws/install/control_msgs/share/control_msgs/hook/ld_library_path_lib.sh'
[1.554s] Level 1:colcon.colcon_core.environment:checking '/home/dndqodqks/ros2_ws/install/control_msgs/bin'
[1.554s] Level 1:colcon.colcon_core.environment:checking '/home/dndqodqks/ros2_ws/install/control_msgs/lib/pkgconfig/control_msgs.pc'
[1.554s] Level 1:colcon.colcon_core.environment:checking '/home/dndqodqks/ros2_ws/install/control_msgs/lib/python3.8/site-packages'
[1.554s] Level 1:colcon.colcon_core.shell:create_environment_hook('control_msgs', 'pythonpath')
[1.558s] INFO:colcon.colcon_core.shell:Creating environment hook '/home/dndqodqks/ros2_ws/install/control_msgs/share/control_msgs/hook/pythonpath.ps1'
[1.558s] INFO:colcon.colcon_core.shell:Creating environment descriptor '/home/dndqodqks/ros2_ws/install/control_msgs/share/control_msgs/hook/pythonpath.dsv'
[1.559s] INFO:colcon.colcon_core.shell:Creating environment hook '/home/dndqodqks/ros2_ws/install/control_msgs/share/control_msgs/hook/pythonpath.sh'
[1.559s] Level 1:colcon.colcon_core.environment:checking '/home/dndqodqks/ros2_ws/install/control_msgs/bin'
[1.563s] INFO:colcon.colcon_core.shell:Creating package script '/home/dndqodqks/ros2_ws/install/control_msgs/share/control_msgs/package.ps1'
[1.564s] INFO:colcon.colcon_core.shell:Creating package descriptor '/home/dndqodqks/ros2_ws/install/control_msgs/share/control_msgs/package.dsv'
[1.565s] INFO:colcon.colcon_core.shell:Creating package script '/home/dndqodqks/ros2_ws/install/control_msgs/share/control_msgs/package.sh'
[1.565s] INFO:colcon.colcon_core.shell:Creating package script '/home/dndqodqks/ros2_ws/install/control_msgs/share/control_msgs/package.bash'
[1.566s] INFO:colcon.colcon_core.shell:Creating package script '/home/dndqodqks/ros2_ws/install/control_msgs/share/control_msgs/package.zsh'
[1.566s] Level 1:colcon.colcon_core.environment:create_file_with_runtime_dependencies(/home/dndqodqks/ros2_ws/install/control_msgs/share/colcon-core/packages/control_msgs)
[1.799s] Level 1:colcon.colcon_core.shell:create_environment_hook('my_sphere_pkg', 'pythonpath_develop')
[1.803s] INFO:colcon.colcon_core.shell:Creating environment hook '/home/dndqodqks/ros2_ws/build/my_sphere_pkg/share/my_sphere_pkg/hook/pythonpath_develop.ps1'
[1.804s] DEBUG:colcon.colcon_core.event_handler.log_command:Invoked command in '/home/dndqodqks/ros2_ws/build/my_sphere_pkg' returned '0': PYTHONPATH=/home/dndqodqks/ros2_ws/build/my_sphere_pkg/prefix_override:/home/dndqodqks/ros2_ws/install/my_sphere_pkg/lib/python3.8/site-packages: /usr/bin/python3 setup.py develop --editable --build-directory /home/dndqodqks/ros2_ws/build/my_sphere_pkg/build --no-deps install_data
[1.804s] INFO:colcon.colcon_core.shell:Creating environment descriptor '/home/dndqodqks/ros2_ws/build/my_sphere_pkg/share/my_sphere_pkg/hook/pythonpath_develop.dsv'
[1.804s] INFO:colcon.colcon_core.shell:Creating environment hook '/home/dndqodqks/ros2_ws/build/my_sphere_pkg/share/my_sphere_pkg/hook/pythonpath_develop.sh'
[1.810s] Level 1:colcon.colcon_core.environment:checking '/home/dndqodqks/ros2_ws/install/my_sphere_pkg' for CMake module files
[1.812s] Level 1:colcon.colcon_core.environment:checking '/home/dndqodqks/ros2_ws/install/my_sphere_pkg' for CMake config files
[1.814s] Level 1:colcon.colcon_core.environment:checking '/home/dndqodqks/ros2_ws/install/my_sphere_pkg/lib'
[1.814s] Level 1:colcon.colcon_core.environment:checking '/home/dndqodqks/ros2_ws/install/my_sphere_pkg/bin'
[1.814s] Level 1:colcon.colcon_core.environment:checking '/home/dndqodqks/ros2_ws/install/my_sphere_pkg/lib/pkgconfig/my_sphere_pkg.pc'
[1.814s] Level 1:colcon.colcon_core.environment:checking '/home/dndqodqks/ros2_ws/install/my_sphere_pkg/lib/python3.8/site-packages'
[1.814s] Level 1:colcon.colcon_core.shell:create_environment_hook('my_sphere_pkg', 'pythonpath')
[1.817s] INFO:colcon.colcon_core.shell:Creating environment hook '/home/dndqodqks/ros2_ws/install/my_sphere_pkg/share/my_sphere_pkg/hook/pythonpath.ps1'
[1.818s] INFO:colcon.colcon_core.shell:Creating environment descriptor '/home/dndqodqks/ros2_ws/install/my_sphere_pkg/share/my_sphere_pkg/hook/pythonpath.dsv'
[1.819s] INFO:colcon.colcon_core.shell:Creating environment hook '/home/dndqodqks/ros2_ws/install/my_sphere_pkg/share/my_sphere_pkg/hook/pythonpath.sh'
[1.819s] Level 1:colcon.colcon_core.environment:checking '/home/dndqodqks/ros2_ws/install/my_sphere_pkg/bin'
[1.819s] Level 1:colcon.colcon_core.environment:create_environment_scripts_only(my_sphere_pkg)
[1.823s] INFO:colcon.colcon_core.shell:Creating package script '/home/dndqodqks/ros2_ws/install/my_sphere_pkg/share/my_sphere_pkg/package.ps1'
[1.823s] INFO:colcon.colcon_core.shell:Creating package descriptor '/home/dndqodqks/ros2_ws/install/my_sphere_pkg/share/my_sphere_pkg/package.dsv'
[1.824s] INFO:colcon.colcon_core.shell:Creating package script '/home/dndqodqks/ros2_ws/install/my_sphere_pkg/share/my_sphere_pkg/package.sh'
[1.824s] INFO:colcon.colcon_core.shell:Creating package script '/home/dndqodqks/ros2_ws/install/my_sphere_pkg/share/my_sphere_pkg/package.bash'
[1.825s] INFO:colcon.colcon_core.shell:Creating package script '/home/dndqodqks/ros2_ws/install/my_sphere_pkg/share/my_sphere_pkg/package.zsh'
[1.825s] Level 1:colcon.colcon_core.environment:create_file_with_runtime_dependencies(/home/dndqodqks/ros2_ws/install/my_sphere_pkg/share/colcon-core/packages/my_sphere_pkg)
[1.826s] Level 1:colcon.colcon_core.shell:create_environment_hook('my_environment_pkg', 'pythonpath_develop')
[1.829s] INFO:colcon.colcon_core.shell:Creating environment hook '/home/dndqodqks/ros2_ws/build/my_environment_pkg/share/my_environment_pkg/hook/pythonpath_develop.ps1'
[1.829s] DEBUG:colcon.colcon_core.event_handler.log_command:Invoked command in '/home/dndqodqks/ros2_ws/build/my_environment_pkg' returned '0': PYTHONPATH=/home/dndqodqks/ros2_ws/build/my_environment_pkg/prefix_override:/home/dndqodqks/ros2_ws/install/my_environment_pkg/lib/python3.8/site-packages: /usr/bin/python3 setup.py develop --editable --build-directory /home/dndqodqks/ros2_ws/build/my_environment_pkg/build --no-deps install_data
[1.829s] INFO:colcon.colcon_core.shell:Creating environment descriptor '/home/dndqodqks/ros2_ws/build/my_environment_pkg/share/my_environment_pkg/hook/pythonpath_develop.dsv'
[1.830s] INFO:colcon.colcon_core.shell:Creating environment hook '/home/dndqodqks/ros2_ws/build/my_environment_pkg/share/my_environment_pkg/hook/pythonpath_develop.sh'
[1.833s] Level 1:colcon.colcon_core.environment:checking '/home/dndqodqks/ros2_ws/install/my_environment_pkg' for CMake module files
[1.833s] Level 1:colcon.colcon_core.environment:checking '/home/dndqodqks/ros2_ws/install/my_environment_pkg' for CMake config files
[1.834s] Level 1:colcon.colcon_core.environment:checking '/home/dndqodqks/ros2_ws/install/my_environment_pkg/lib'
[1.834s] Level 1:colcon.colcon_core.environment:checking '/home/dndqodqks/ros2_ws/install/my_environment_pkg/bin'
[1.834s] Level 1:colcon.colcon_core.environment:checking '/home/dndqodqks/ros2_ws/install/my_environment_pkg/lib/pkgconfig/my_environment_pkg.pc'
[1.834s] Level 1:colcon.colcon_core.environment:checking '/home/dndqodqks/ros2_ws/install/my_environment_pkg/lib/python3.8/site-packages'
[1.834s] Level 1:colcon.colcon_core.shell:create_environment_hook('my_environment_pkg', 'pythonpath')
[1.836s] INFO:colcon.colcon_core.shell:Creating environment hook '/home/dndqodqks/ros2_ws/install/my_environment_pkg/share/my_environment_pkg/hook/pythonpath.ps1'
[1.836s] INFO:colcon.colcon_core.shell:Creating environment descriptor '/home/dndqodqks/ros2_ws/install/my_environment_pkg/share/my_environment_pkg/hook/pythonpath.dsv'
[1.837s] INFO:colcon.colcon_core.shell:Creating environment hook '/home/dndqodqks/ros2_ws/install/my_environment_pkg/share/my_environment_pkg/hook/pythonpath.sh'
[1.837s] Level 1:colcon.colcon_core.environment:checking '/home/dndqodqks/ros2_ws/install/my_environment_pkg/bin'
[1.837s] Level 1:colcon.colcon_core.environment:create_environment_scripts_only(my_environment_pkg)
[1.840s] INFO:colcon.colcon_core.shell:Creating package script '/home/dndqodqks/ros2_ws/install/my_environment_pkg/share/my_environment_pkg/package.ps1'
[1.840s] INFO:colcon.colcon_core.shell:Creating package descriptor '/home/dndqodqks/ros2_ws/install/my_environment_pkg/share/my_environment_pkg/package.dsv'
[1.840s] INFO:colcon.colcon_core.shell:Creating package script '/home/dndqodqks/ros2_ws/install/my_environment_pkg/share/my_environment_pkg/package.sh'
[1.841s] INFO:colcon.colcon_core.shell:Creating package script '/home/dndqodqks/ros2_ws/install/my_environment_pkg/share/my_environment_pkg/package.bash'
[1.841s] INFO:colcon.colcon_core.shell:Creating package script '/home/dndqodqks/ros2_ws/install/my_environment_pkg/share/my_environment_pkg/package.zsh'
[1.841s] Level 1:colcon.colcon_core.environment:create_file_with_runtime_dependencies(/home/dndqodqks/ros2_ws/install/my_environment_pkg/share/colcon-core/packages/my_environment_pkg)
[1.842s] Level 1:colcon.colcon_core.shell:create_environment_hook('my_obstacle_pkg', 'pythonpath_develop')
[1.844s] INFO:colcon.colcon_core.shell:Creating environment hook '/home/dndqodqks/ros2_ws/build/my_obstacle_pkg/share/my_obstacle_pkg/hook/pythonpath_develop.ps1'
[1.845s] DEBUG:colcon.colcon_core.event_handler.log_command:Invoked command in '/home/dndqodqks/ros2_ws/build/my_obstacle_pkg' returned '0': PYTHONPATH=/home/dndqodqks/ros2_ws/build/my_obstacle_pkg/prefix_override:/home/dndqodqks/ros2_ws/install/my_obstacle_pkg/lib/python3.8/site-packages: /usr/bin/python3 setup.py develop --editable --build-directory /home/dndqodqks/ros2_ws/build/my_obstacle_pkg/build --no-deps install_data
[1.845s] INFO:colcon.colcon_core.shell:Creating environment descriptor '/home/dndqodqks/ros2_ws/build/my_obstacle_pkg/share/my_obstacle_pkg/hook/pythonpath_develop.dsv'
[1.845s] INFO:colcon.colcon_core.shell:Creating environment hook '/home/dndqodqks/ros2_ws/build/my_obstacle_pkg/share/my_obstacle_pkg/hook/pythonpath_develop.sh'
[1.848s] Level 1:colcon.colcon_core.environment:checking '/home/dndqodqks/ros2_ws/install/my_obstacle_pkg' for CMake module files
[1.849s] Level 1:colcon.colcon_core.environment:checking '/home/dndqodqks/ros2_ws/install/my_obstacle_pkg' for CMake config files
[1.849s] Level 1:colcon.colcon_core.environment:checking '/home/dndqodqks/ros2_ws/install/my_obstacle_pkg/lib'
[1.849s] Level 1:colcon.colcon_core.environment:checking '/home/dndqodqks/ros2_ws/install/my_obstacle_pkg/bin'
[1.849s] Level 1:colcon.colcon_core.environment:checking '/home/dndqodqks/ros2_ws/install/my_obstacle_pkg/lib/pkgconfig/my_obstacle_pkg.pc'
[1.849s] Level 1:colcon.colcon_core.environment:checking '/home/dndqodqks/ros2_ws/install/my_obstacle_pkg/lib/python3.8/site-packages'
[1.849s] Level 1:colcon.colcon_core.shell:create_environment_hook('my_obstacle_pkg', 'pythonpath')
[1.851s] INFO:colcon.colcon_core.shell:Creating environment hook '/home/dndqodqks/ros2_ws/install/my_obstacle_pkg/share/my_obstacle_pkg/hook/pythonpath.ps1'
[1.851s] INFO:colcon.colcon_core.shell:Creating environment descriptor '/home/dndqodqks/ros2_ws/install/my_obstacle_pkg/share/my_obstacle_pkg/hook/pythonpath.dsv'
[1.852s] INFO:colcon.colcon_core.shell:Creating environment hook '/home/dndqodqks/ros2_ws/install/my_obstacle_pkg/share/my_obstacle_pkg/hook/pythonpath.sh'
[1.852s] Level 1:colcon.colcon_core.environment:checking '/home/dndqodqks/ros2_ws/install/my_obstacle_pkg/bin'
[1.852s] Level 1:colcon.colcon_core.environment:create_environment_scripts_only(my_obstacle_pkg)
[1.854s] INFO:colcon.colcon_core.shell:Creating package script '/home/dndqodqks/ros2_ws/install/my_obstacle_pkg/share/my_obstacle_pkg/package.ps1'
[1.854s] INFO:colcon.colcon_core.shell:Creating package descriptor '/home/dndqodqks/ros2_ws/install/my_obstacle_pkg/share/my_obstacle_pkg/package.dsv'
[1.855s] INFO:colcon.colcon_core.shell:Creating package script '/home/dndqodqks/ros2_ws/install/my_obstacle_pkg/share/my_obstacle_pkg/package.sh'
[1.855s] INFO:colcon.colcon_core.shell:Creating package script '/home/dndqodqks/ros2_ws/install/my_obstacle_pkg/share/my_obstacle_pkg/package.bash'
[1.855s] INFO:colcon.colcon_core.shell:Creating package script '/home/dndqodqks/ros2_ws/install/my_obstacle_pkg/share/my_obstacle_pkg/package.zsh'
[1.855s] Level 1:colcon.colcon_core.environment:create_file_with_runtime_dependencies(/home/dndqodqks/ros2_ws/install/my_obstacle_pkg/share/colcon-core/packages/my_obstacle_pkg)
[1.856s] Level 1:colcon.colcon_core.shell:create_environment_hook('my_doosan_pkg', 'pythonpath_develop')
[1.858s] INFO:colcon.colcon_core.shell:Creating environment hook '/home/dndqodqks/ros2_ws/build/my_doosan_pkg/share/my_doosan_pkg/hook/pythonpath_develop.ps1'
[1.859s] DEBUG:colcon.colcon_core.event_handler.log_command:Invoked command in '/home/dndqodqks/ros2_ws/build/my_doosan_pkg' returned '0': PYTHONPATH=/home/dndqodqks/ros2_ws/build/my_doosan_pkg/prefix_override:/home/dndqodqks/ros2_ws/install/my_doosan_pkg/lib/python3.8/site-packages: /usr/bin/python3 setup.py develop --editable --build-directory /home/dndqodqks/ros2_ws/build/my_doosan_pkg/build --no-deps install_data
[1.859s] INFO:colcon.colcon_core.shell:Creating environment descriptor '/home/dndqodqks/ros2_ws/build/my_doosan_pkg/share/my_doosan_pkg/hook/pythonpath_develop.dsv'
[1.859s] INFO:colcon.colcon_core.shell:Creating environment hook '/home/dndqodqks/ros2_ws/build/my_doosan_pkg/share/my_doosan_pkg/hook/pythonpath_develop.sh'
[1.862s] Level 1:colcon.colcon_core.environment:checking '/home/dndqodqks/ros2_ws/install/my_doosan_pkg' for CMake module files
[1.862s] Level 1:colcon.colcon_core.environment:checking '/home/dndqodqks/ros2_ws/install/my_doosan_pkg' for CMake config files
[1.863s] Level 1:colcon.colcon_core.environment:checking '/home/dndqodqks/ros2_ws/install/my_doosan_pkg/lib'
[1.863s] Level 1:colcon.colcon_core.environment:checking '/home/dndqodqks/ros2_ws/install/my_doosan_pkg/bin'
[1.863s] Level 1:colcon.colcon_core.environment:checking '/home/dndqodqks/ros2_ws/install/my_doosan_pkg/lib/pkgconfig/my_doosan_pkg.pc'
[1.863s] Level 1:colcon.colcon_core.environment:checking '/home/dndqodqks/ros2_ws/install/my_doosan_pkg/lib/python3.8/site-packages'
[1.863s] Level 1:colcon.colcon_core.shell:create_environment_hook('my_doosan_pkg', 'pythonpath')
[1.865s] INFO:colcon.colcon_core.shell:Creating environment hook '/home/dndqodqks/ros2_ws/install/my_doosan_pkg/share/my_doosan_pkg/hook/pythonpath.ps1'
[1.866s] INFO:colcon.colcon_core.shell:Creating environment descriptor '/home/dndqodqks/ros2_ws/install/my_doosan_pkg/share/my_doosan_pkg/hook/pythonpath.dsv'
[1.866s] INFO:colcon.colcon_core.shell:Creating environment hook '/home/dndqodqks/ros2_ws/install/my_doosan_pkg/share/my_doosan_pkg/hook/pythonpath.sh'
[1.866s] Level 1:colcon.colcon_core.environment:checking '/home/dndqodqks/ros2_ws/install/my_doosan_pkg/bin'
[1.866s] Level 1:colcon.colcon_core.environment:create_environment_scripts_only(my_doosan_pkg)
[1.868s] INFO:colcon.colcon_core.shell:Creating package script '/home/dndqodqks/ros2_ws/install/my_doosan_pkg/share/my_doosan_pkg/package.ps1'
[1.869s] INFO:colcon.colcon_core.shell:Creating package descriptor '/home/dndqodqks/ros2_ws/install/my_doosan_pkg/share/my_doosan_pkg/package.dsv'
[1.869s] INFO:colcon.colcon_core.shell:Creating package script '/home/dndqodqks/ros2_ws/install/my_doosan_pkg/share/my_doosan_pkg/package.sh'
[1.869s] INFO:colcon.colcon_core.shell:Creating package script '/home/dndqodqks/ros2_ws/install/my_doosan_pkg/share/my_doosan_pkg/package.bash'
[1.869s] INFO:colcon.colcon_core.shell:Creating package script '/home/dndqodqks/ros2_ws/install/my_doosan_pkg/share/my_doosan_pkg/package.zsh'
[1.870s] Level 1:colcon.colcon_core.environment:create_file_with_runtime_dependencies(/home/dndqodqks/ros2_ws/install/my_doosan_pkg/share/colcon-core/packages/my_doosan_pkg)
[1.870s] DEBUG:colcon.colcon_parallel_executor.executor.parallel:closing loop
[1.870s] DEBUG:colcon.colcon_parallel_executor.executor.parallel:loop closed
[1.870s] DEBUG:colcon.colcon_parallel_executor.executor.parallel:run_until_complete finished with '0'
[1.871s] DEBUG:colcon.colcon_core.event_reactor:joining thread
[1.876s] INFO:colcon.colcon_core.plugin_system:Skipping extension 'colcon_notification.desktop_notification.terminal_notifier': Not used on non-Darwin systems
[1.876s] INFO:colcon.colcon_core.plugin_system:Skipping extension 'colcon_notification.desktop_notification.win32': Not used on non-Windows systems
[1.876s] INFO:colcon.colcon_notification.desktop_notification:Sending desktop notification using 'notify2'
[1.890s] DEBUG:colcon.colcon_core.event_reactor:joined thread
[1.894s] INFO:colcon.colcon_core.shell:Creating prefix script '/home/dndqodqks/ros2_ws/install/local_setup.ps1'
[1.895s] INFO:colcon.colcon_core.shell:Creating prefix util module '/home/dndqodqks/ros2_ws/install/_local_setup_util_ps1.py'
[1.897s] INFO:colcon.colcon_core.shell:Creating prefix chain script '/home/dndqodqks/ros2_ws/install/setup.ps1'
[1.899s] INFO:colcon.colcon_core.shell:Creating prefix script '/home/dndqodqks/ros2_ws/install/local_setup.sh'
[1.900s] INFO:colcon.colcon_core.shell:Creating prefix util module '/home/dndqodqks/ros2_ws/install/_local_setup_util_sh.py'
[1.900s] INFO:colcon.colcon_core.shell:Creating prefix chain script '/home/dndqodqks/ros2_ws/install/setup.sh'
[1.902s] INFO:colcon.colcon_core.shell:Creating prefix script '/home/dndqodqks/ros2_ws/install/local_setup.bash'
[1.903s] INFO:colcon.colcon_core.shell:Creating prefix chain script '/home/dndqodqks/ros2_ws/install/setup.bash'
[1.904s] INFO:colcon.colcon_core.shell:Creating prefix script '/home/dndqodqks/ros2_ws/install/local_setup.zsh'
[1.905s] INFO:colcon.colcon_core.shell:Creating prefix chain script '/home/dndqodqks/ros2_ws/install/setup.zsh'
