running develop
Removing /home/dndqodqks/ros2_ws/install/my_doosan_pkg/lib/python3.8/site-packages/my-doosan-pkg.egg-link (link to .)
running egg_info
writing ../../../build/my_doosan_pkg/my_doosan_pkg.egg-info/PKG-INFO
writing dependency_links to ../../../build/my_doosan_pkg/my_doosan_pkg.egg-info/dependency_links.txt
writing entry points to ../../../build/my_doosan_pkg/my_doosan_pkg.egg-info/entry_points.txt
writing requirements to ../../../build/my_doosan_pkg/my_doosan_pkg.egg-info/requires.txt
writing top-level names to ../../../build/my_doosan_pkg/my_doosan_pkg.egg-info/top_level.txt
reading manifest file '../../../build/my_doosan_pkg/my_doosan_pkg.egg-info/SOURCES.txt'
writing manifest file '../../../build/my_doosan_pkg/my_doosan_pkg.egg-info/SOURCES.txt'
running build
running build_py
running install
running install_lib
creating /home/dndqodqks/ros2_ws/install/my_doosan_pkg/lib/python3.8/site-packages/my_doosan_pkg
copying /home/dndqodqks/ros2_ws/build/my_doosan_pkg/build/lib/my_doosan_pkg/joint_points_topic.py -> /home/dndqodqks/ros2_ws/install/my_doosan_pkg/lib/python3.8/site-packages/my_doosan_pkg
copying /home/dndqodqks/ros2_ws/build/my_doosan_pkg/build/lib/my_doosan_pkg/joint_points_act_service.py -> /home/dndqodqks/ros2_ws/install/my_doosan_pkg/lib/python3.8/site-packages/my_doosan_pkg
copying /home/dndqodqks/ros2_ws/build/my_doosan_pkg/build/lib/my_doosan_pkg/__init__.py -> /home/dndqodqks/ros2_ws/install/my_doosan_pkg/lib/python3.8/site-packages/my_doosan_pkg
byte-compiling /home/dndqodqks/ros2_ws/install/my_doosan_pkg/lib/python3.8/site-packages/my_doosan_pkg/joint_points_topic.py to joint_points_topic.cpython-38.pyc
byte-compiling /home/dndqodqks/ros2_ws/install/my_doosan_pkg/lib/python3.8/site-packages/my_doosan_pkg/joint_points_act_service.py to joint_points_act_service.cpython-38.pyc
byte-compiling /home/dndqodqks/ros2_ws/install/my_doosan_pkg/lib/python3.8/site-packages/my_doosan_pkg/__init__.py to __init__.cpython-38.pyc
running install_data
running install_egg_info
Copying ../../../build/my_doosan_pkg/my_doosan_pkg.egg-info to /home/dndqodqks/ros2_ws/install/my_doosan_pkg/lib/python3.8/site-packages/my_doosan_pkg-0.0.0-py3.8.egg-info
running install_scripts
Installing trajectory_points_act_server script to /home/dndqodqks/ros2_ws/install/my_doosan_pkg/lib/my_doosan_pkg
Installing trajectory_points_topic script to /home/dndqodqks/ros2_ws/install/my_doosan_pkg/lib/my_doosan_pkg
writing list of installed files to '/home/dndqodqks/ros2_ws/build/my_doosan_pkg/install.log'
