[0.927s] Invoking command in '/home/dndqodqks/ros2_ws/build/my_doosan_pkg': PYTHONPATH=/home/dndqodqks/ros2_ws/build/my_doosan_pkg/prefix_override:/home/dndqodqks/ros2_ws/install/my_doosan_pkg/lib/python3.8/site-packages:${PYTHONPATH} /usr/bin/python3 setup.py develop --uninstall --editable --build-directory /home/dndqodqks/ros2_ws/build/my_doosan_pkg/build
[1.166s] running develop
[1.321s] Removing /home/dndqodqks/ros2_ws/install/my_doosan_pkg/lib/python3.8/site-packages/my-doosan-pkg.egg-link (link to .)
[1.340s] Invoked command in '/home/dndqodqks/ros2_ws/build/my_doosan_pkg' returned '0': PYTHONPATH=/home/dndqodqks/ros2_ws/build/my_doosan_pkg/prefix_override:/home/dndqodqks/ros2_ws/install/my_doosan_pkg/lib/python3.8/site-packages:${PYTHONPATH} /usr/bin/python3 setup.py develop --uninstall --editable --build-directory /home/dndqodqks/ros2_ws/build/my_doosan_pkg/build
[1.343s] Invoking command in '/home/dndqodqks/ros2_ws/src/robotic_arm_environment/my_doosan_pkg': PYTHONPATH=/home/dndqodqks/ros2_ws/build/my_doosan_pkg/prefix_override:/home/dndqodqks/ros2_ws/install/my_doosan_pkg/lib/python3.8/site-packages:${PYTHONPATH} /usr/bin/python3 setup.py egg_info --egg-base ../../../build/my_doosan_pkg build --build-base /home/dndqodqks/ros2_ws/build/my_doosan_pkg/build install --record /home/dndqodqks/ros2_ws/build/my_doosan_pkg/install.log --install-scripts $base/lib/my_doosan_pkg --single-version-externally-managed
[1.536s] running egg_info
[1.537s] writing ../../../build/my_doosan_pkg/my_doosan_pkg.egg-info/PKG-INFO
[1.537s] writing dependency_links to ../../../build/my_doosan_pkg/my_doosan_pkg.egg-info/dependency_links.txt
[1.537s] writing entry points to ../../../build/my_doosan_pkg/my_doosan_pkg.egg-info/entry_points.txt
[1.537s] writing requirements to ../../../build/my_doosan_pkg/my_doosan_pkg.egg-info/requires.txt
[1.537s] writing top-level names to ../../../build/my_doosan_pkg/my_doosan_pkg.egg-info/top_level.txt
[1.569s] reading manifest file '../../../build/my_doosan_pkg/my_doosan_pkg.egg-info/SOURCES.txt'
[1.571s] writing manifest file '../../../build/my_doosan_pkg/my_doosan_pkg.egg-info/SOURCES.txt'
[1.571s] running build
[1.571s] running build_py
[1.571s] running install
[1.572s] running install_lib
[1.573s] creating /home/dndqodqks/ros2_ws/install/my_doosan_pkg/lib/python3.8/site-packages/my_doosan_pkg
[1.573s] copying /home/dndqodqks/ros2_ws/build/my_doosan_pkg/build/lib/my_doosan_pkg/joint_points_topic.py -> /home/dndqodqks/ros2_ws/install/my_doosan_pkg/lib/python3.8/site-packages/my_doosan_pkg
[1.574s] copying /home/dndqodqks/ros2_ws/build/my_doosan_pkg/build/lib/my_doosan_pkg/joint_points_act_service.py -> /home/dndqodqks/ros2_ws/install/my_doosan_pkg/lib/python3.8/site-packages/my_doosan_pkg
[1.574s] copying /home/dndqodqks/ros2_ws/build/my_doosan_pkg/build/lib/my_doosan_pkg/__init__.py -> /home/dndqodqks/ros2_ws/install/my_doosan_pkg/lib/python3.8/site-packages/my_doosan_pkg
[1.574s] byte-compiling /home/dndqodqks/ros2_ws/install/my_doosan_pkg/lib/python3.8/site-packages/my_doosan_pkg/joint_points_topic.py to joint_points_topic.cpython-38.pyc
[1.576s] byte-compiling /home/dndqodqks/ros2_ws/install/my_doosan_pkg/lib/python3.8/site-packages/my_doosan_pkg/joint_points_act_service.py to joint_points_act_service.cpython-38.pyc
[1.577s] byte-compiling /home/dndqodqks/ros2_ws/install/my_doosan_pkg/lib/python3.8/site-packages/my_doosan_pkg/__init__.py to __init__.cpython-38.pyc
[1.577s] running install_data
[1.579s] running install_egg_info
[1.581s] Copying ../../../build/my_doosan_pkg/my_doosan_pkg.egg-info to /home/dndqodqks/ros2_ws/install/my_doosan_pkg/lib/python3.8/site-packages/my_doosan_pkg-0.0.0-py3.8.egg-info
[1.581s] running install_scripts
[1.605s] Installing trajectory_points_act_server script to /home/dndqodqks/ros2_ws/install/my_doosan_pkg/lib/my_doosan_pkg
[1.605s] Installing trajectory_points_topic script to /home/dndqodqks/ros2_ws/install/my_doosan_pkg/lib/my_doosan_pkg
[1.605s] writing list of installed files to '/home/dndqodqks/ros2_ws/build/my_doosan_pkg/install.log'
[1.631s] Invoked command in '/home/dndqodqks/ros2_ws/src/robotic_arm_environment/my_doosan_pkg' returned '0': PYTHONPATH=/home/dndqodqks/ros2_ws/build/my_doosan_pkg/prefix_override:/home/dndqodqks/ros2_ws/install/my_doosan_pkg/lib/python3.8/site-packages:${PYTHONPATH} /usr/bin/python3 setup.py egg_info --egg-base ../../../build/my_doosan_pkg build --build-base /home/dndqodqks/ros2_ws/build/my_doosan_pkg/build install --record /home/dndqodqks/ros2_ws/build/my_doosan_pkg/install.log --install-scripts $base/lib/my_doosan_pkg --single-version-externally-managed
