[1.590s] Invoking command in '/home/dndqodqks/ros2_ws/build/my_environment_pkg': PYTHONPATH=/home/dndqodqks/ros2_ws/build/my_environment_pkg/prefix_override:/home/dndqodqks/ros2_ws/install/my_environment_pkg/lib/python3.8/site-packages:${PYTHONPATH} /usr/bin/python3 setup.py develop --editable --build-directory /home/dndqodqks/ros2_ws/build/my_environment_pkg/build --no-deps install_data
[1.954s] running develop
[2.157s] running egg_info
[2.157s] writing my_environment_pkg.egg-info/PKG-INFO
[2.158s] writing dependency_links to my_environment_pkg.egg-info/dependency_links.txt
[2.158s] writing entry points to my_environment_pkg.egg-info/entry_points.txt
[2.158s] writing requirements to my_environment_pkg.egg-info/requires.txt
[2.158s] writing top-level names to my_environment_pkg.egg-info/top_level.txt
[2.186s] reading manifest file 'my_environment_pkg.egg-info/SOURCES.txt'
[2.187s] writing manifest file 'my_environment_pkg.egg-info/SOURCES.txt'
[2.215s] running build_ext
[2.216s] Creating /home/dndqodqks/ros2_ws/install/my_environment_pkg/lib/python3.8/site-packages/my-environment-pkg.egg-link (link to .)
[2.216s] Installing data_collection script to /home/dndqodqks/ros2_ws/install/my_environment_pkg/lib/my_environment_pkg
[2.217s] Installing run_ddpg script to /home/dndqodqks/ros2_ws/install/my_environment_pkg/lib/my_environment_pkg
[2.217s] Installing run_environment script to /home/dndqodqks/ros2_ws/install/my_environment_pkg/lib/my_environment_pkg
[2.217s] Installing train_ddpg script to /home/dndqodqks/ros2_ws/install/my_environment_pkg/lib/my_environment_pkg
[2.217s] 
[2.217s] Installed /home/dndqodqks/ros2_ws/build/my_environment_pkg
[2.217s] running install_data
[2.247s] Invoked command in '/home/dndqodqks/ros2_ws/build/my_environment_pkg' returned '0': PYTHONPATH=/home/dndqodqks/ros2_ws/build/my_environment_pkg/prefix_override:/home/dndqodqks/ros2_ws/install/my_environment_pkg/lib/python3.8/site-packages:${PYTHONPATH} /usr/bin/python3 setup.py develop --editable --build-directory /home/dndqodqks/ros2_ws/build/my_environment_pkg/build --no-deps install_data
