[0.023s] Invoking command in '/home/dndqodqks/ros2_ws/build/control_msgs': CMAKE_PREFIX_PATH=/opt/ros/foxy /usr/bin/cmake /home/dndqodqks/ros2_ws/src/ros-controls/control_msgs/control_msgs -DAMENT_CMAKE_SYMLINK_INSTALL=1 -DCMAKE_INSTALL_PREFIX=/home/dndqodqks/ros2_ws/install/control_msgs
[0.123s] -- The C compiler identification is GNU 9.4.0
[0.161s] -- The CXX compiler identification is GNU 9.4.0
[0.165s] -- Check for working C compiler: /usr/bin/cc
[0.212s] -- Check for working C compiler: /usr/bin/cc -- works
[0.212s] -- Detecting C compiler ABI info
[0.260s] -- Detecting C compiler ABI info - done
[0.269s] -- Detecting C compile features
[0.269s] -- Detecting C compile features - done
[0.271s] -- Check for working CXX compiler: /usr/bin/c++
[0.325s] -- Check for working CXX compiler: /usr/bin/c++ -- works
[0.326s] -- Detecting CXX compiler ABI info
[0.381s] -- Detecting CXX compiler ABI info - done
[0.390s] -- Detecting CXX compile features
[0.390s] -- Detecting CXX compile features - done
[0.392s] -- Found ament_cmake: 0.9.11 (/opt/ros/foxy/share/ament_cmake/cmake)
[0.408s] -- Found PythonInterp: /usr/bin/python3 (found suitable version "3.8.10", minimum required is "3") 
[0.409s] -- Using PYTHON_EXECUTABLE: /usr/bin/python3
[0.536s] -- Override CMake install command with custom implementation using symlinks instead of copying resources
[0.556s] -- Found builtin_interfaces: 1.0.0 (/opt/ros/foxy/share/builtin_interfaces/cmake)
[0.574s] -- Using all available rosidl_typesupport_c: rosidl_typesupport_fastrtps_c;rosidl_typesupport_introspection_c
[0.579s] -- Found rosidl_adapter: 1.3.0 (/opt/ros/foxy/share/rosidl_adapter/cmake)
[0.629s] -- Found OpenSSL: /usr/lib/x86_64-linux-gnu/libcrypto.so (found version "1.1.1f")  
[0.649s] -- Found FastRTPS: /opt/ros/foxy/include  
[0.704s] -- Using all available rosidl_typesupport_cpp: rosidl_typesupport_fastrtps_cpp;rosidl_typesupport_introspection_cpp
[0.725s] -- Found rosidl_default_generators: 1.0.1 (/opt/ros/foxy/share/rosidl_default_generators/cmake)
[0.734s] -- Found action_msgs: 1.0.0 (/opt/ros/foxy/share/action_msgs/cmake)
[0.766s] -- Found geometry_msgs: 2.0.5 (/opt/ros/foxy/share/geometry_msgs/cmake)
[0.813s] -- Found trajectory_msgs: 2.0.5 (/opt/ros/foxy/share/trajectory_msgs/cmake)
[0.873s] -- Found ament_lint_auto: 0.9.8 (/opt/ros/foxy/share/ament_lint_auto/cmake)
[0.944s] -- Found PythonInterp: /usr/bin/python3 (found version "3.8.10") 
[1.133s] -- Found ament_cmake_ros: 0.9.2 (/opt/ros/foxy/share/ament_cmake_ros/cmake)
[1.348s] -- Using all available rosidl_typesupport_c: rosidl_typesupport_fastrtps_c;rosidl_typesupport_introspection_c
[1.457s] -- Using all available rosidl_typesupport_cpp: rosidl_typesupport_fastrtps_cpp;rosidl_typesupport_introspection_cpp
[1.479s] -- Found PythonInterp: /usr/bin/python3 (found suitable version "3.8.10", minimum required is "3.5") 
[1.480s] -- Found python_cmake_module: 0.8.1 (/opt/ros/foxy/share/python_cmake_module/cmake)
[1.500s] -- Found PythonLibs: /usr/lib/x86_64-linux-gnu/libpython3.8.so (found suitable version "3.8.10", minimum required is "3.5") 
[1.500s] -- Using PYTHON_EXECUTABLE: /usr/bin/python3
[1.500s] -- Using PYTHON_INCLUDE_DIRS: /usr/include/python3.8
[1.500s] -- Using PYTHON_LIBRARIES: /usr/lib/x86_64-linux-gnu/libpython3.8.so
[1.525s] -- Found PythonExtra: .so  
[1.673s] -- Added test 'copyright' to check source files copyright and LICENSE
[1.675s] -- Added test 'lint_cmake' to check CMake code style
[1.677s] -- Added test 'xmllint' to check XML markup files
[1.688s] -- Configuring done
[1.837s] -- Generating done
[1.841s] -- Build files have been written to: /home/dndqodqks/ros2_ws/build/control_msgs
[1.856s] Invoked command in '/home/dndqodqks/ros2_ws/build/control_msgs' returned '0': CMAKE_PREFIX_PATH=/opt/ros/foxy /usr/bin/cmake /home/dndqodqks/ros2_ws/src/ros-controls/control_msgs/control_msgs -DAMENT_CMAKE_SYMLINK_INSTALL=1 -DCMAKE_INSTALL_PREFIX=/home/dndqodqks/ros2_ws/install/control_msgs
[1.859s] Invoking command in '/home/dndqodqks/ros2_ws/build/control_msgs': CMAKE_PREFIX_PATH=/opt/ros/foxy /usr/bin/cmake --build /home/dndqodqks/ros2_ws/build/control_msgs -- -j8 -l8
[1.913s] [35m[1mScanning dependencies of target control_msgs__cpp[0m
[1.913s] [  1%] [34m[1mGenerating C code for ROS interfaces[0m
[1.926s] [  1%] [34m[1mGenerating C++ code for ROS interfaces[0m
[3.797s] [35m[1mScanning dependencies of target control_msgs__rosidl_generator_c[0m
[3.803s] [  1%] Built target control_msgs__cpp
[3.814s] [  2%] [34m[1mGenerating C++ introspection for ROS interfaces[0m
[3.814s] [  2%] [34m[1mGenerating C++ type support dispatch for ROS interfaces[0m
[3.814s] [  3%] [34m[1mGenerating C++ type support for eProsima Fast-RTPS[0m
[3.817s] [  5%] [32mBuilding C object CMakeFiles/control_msgs__rosidl_generator_c.dir/rosidl_generator_c/control_msgs/msg/detail/dynamic_joint_state__functions.c.o[0m
[3.817s] [  5%] [32mBuilding C object CMakeFiles/control_msgs__rosidl_generator_c.dir/rosidl_generator_c/control_msgs/msg/detail/joint_controller_state__functions.c.o[0m
[3.818s] [  6%] [32mBuilding C object CMakeFiles/control_msgs__rosidl_generator_c.dir/rosidl_generator_c/control_msgs/msg/detail/interface_value__functions.c.o[0m
[3.820s] [  5%] [32mBuilding C object CMakeFiles/control_msgs__rosidl_generator_c.dir/rosidl_generator_c/control_msgs/msg/detail/gripper_command__functions.c.o[0m
[3.823s] [  6%] [32mBuilding C object CMakeFiles/control_msgs__rosidl_generator_c.dir/rosidl_generator_c/control_msgs/msg/detail/joint_jog__functions.c.o[0m
[3.874s] [  7%] [32mBuilding C object CMakeFiles/control_msgs__rosidl_generator_c.dir/rosidl_generator_c/control_msgs/msg/detail/joint_tolerance__functions.c.o[0m
[3.878s] [  8%] [32mBuilding C object CMakeFiles/control_msgs__rosidl_generator_c.dir/rosidl_generator_c/control_msgs/msg/detail/pid_state__functions.c.o[0m
[3.878s] [  8%] [32mBuilding C object CMakeFiles/control_msgs__rosidl_generator_c.dir/rosidl_generator_c/control_msgs/msg/detail/joint_trajectory_controller_state__functions.c.o[0m
[3.885s] [  9%] [32mBuilding C object CMakeFiles/control_msgs__rosidl_generator_c.dir/rosidl_generator_c/control_msgs/srv/detail/query_calibration_state__functions.c.o[0m
[3.910s] [ 10%] [32mBuilding C object CMakeFiles/control_msgs__rosidl_generator_c.dir/rosidl_generator_c/control_msgs/srv/detail/query_trajectory_state__functions.c.o[0m
[3.944s] [ 10%] [32mBuilding C object CMakeFiles/control_msgs__rosidl_generator_c.dir/rosidl_generator_c/control_msgs/action/detail/follow_joint_trajectory__functions.c.o[0m
[3.948s] [ 11%] [32mBuilding C object CMakeFiles/control_msgs__rosidl_generator_c.dir/rosidl_generator_c/control_msgs/action/detail/gripper_command__functions.c.o[0m
[3.959s] [ 12%] [32mBuilding C object CMakeFiles/control_msgs__rosidl_generator_c.dir/rosidl_generator_c/control_msgs/action/detail/joint_trajectory__functions.c.o[0m
[3.986s] [ 13%] [32mBuilding C object CMakeFiles/control_msgs__rosidl_generator_c.dir/rosidl_generator_c/control_msgs/action/detail/point_head__functions.c.o[0m
[3.989s] [ 13%] [32mBuilding C object CMakeFiles/control_msgs__rosidl_generator_c.dir/rosidl_generator_c/control_msgs/action/detail/single_joint_position__functions.c.o[0m
[4.156s] [ 14%] [32m[1mLinking C shared library libcontrol_msgs__rosidl_generator_c.so[0m
[4.234s] [ 14%] Built target control_msgs__rosidl_generator_c
[4.249s] [ 15%] [34m[1mGenerating C type support dispatch for ROS interfaces[0m
[4.280s] [ 16%] [34m[1mGenerating C introspection for ROS interfaces[0m
[6.170s] [35m[1mScanning dependencies of target control_msgs__rosidl_typesupport_cpp[0m
[6.198s] [ 17%] [32mBuilding CXX object CMakeFiles/control_msgs__rosidl_typesupport_cpp.dir/rosidl_typesupport_cpp/control_msgs/msg/dynamic_joint_state__type_support.cpp.o[0m
[6.212s] [ 17%] [32mBuilding CXX object CMakeFiles/control_msgs__rosidl_typesupport_cpp.dir/rosidl_typesupport_cpp/control_msgs/msg/gripper_command__type_support.cpp.o[0m
[6.222s] [ 18%] [32mBuilding CXX object CMakeFiles/control_msgs__rosidl_typesupport_cpp.dir/rosidl_typesupport_cpp/control_msgs/msg/interface_value__type_support.cpp.o[0m
[6.232s] [ 19%] [32mBuilding CXX object CMakeFiles/control_msgs__rosidl_typesupport_cpp.dir/rosidl_typesupport_cpp/control_msgs/msg/joint_controller_state__type_support.cpp.o[0m
[6.641s] [ 19%] [32mBuilding CXX object CMakeFiles/control_msgs__rosidl_typesupport_cpp.dir/rosidl_typesupport_cpp/control_msgs/msg/joint_jog__type_support.cpp.o[0m
[6.712s] [ 20%] [32mBuilding CXX object CMakeFiles/control_msgs__rosidl_typesupport_cpp.dir/rosidl_typesupport_cpp/control_msgs/msg/joint_tolerance__type_support.cpp.o[0m
[6.793s] [ 21%] [32mBuilding CXX object CMakeFiles/control_msgs__rosidl_typesupport_cpp.dir/rosidl_typesupport_cpp/control_msgs/msg/joint_trajectory_controller_state__type_support.cpp.o[0m
[6.814s] [ 22%] [32mBuilding CXX object CMakeFiles/control_msgs__rosidl_typesupport_cpp.dir/rosidl_typesupport_cpp/control_msgs/msg/pid_state__type_support.cpp.o[0m
[7.098s] [ 22%] [32mBuilding CXX object CMakeFiles/control_msgs__rosidl_typesupport_cpp.dir/rosidl_typesupport_cpp/control_msgs/srv/query_calibration_state__type_support.cpp.o[0m
[7.099s] [35m[1mScanning dependencies of target control_msgs__rosidl_typesupport_c[0m
[7.140s] [ 22%] [32mBuilding CXX object CMakeFiles/control_msgs__rosidl_typesupport_c.dir/rosidl_typesupport_c/control_msgs/msg/dynamic_joint_state__type_support.cpp.o[0m
[7.174s] [ 23%] [32mBuilding CXX object CMakeFiles/control_msgs__rosidl_typesupport_cpp.dir/rosidl_typesupport_cpp/control_msgs/srv/query_trajectory_state__type_support.cpp.o[0m
[7.202s] [ 24%] [32mBuilding CXX object CMakeFiles/control_msgs__rosidl_typesupport_c.dir/rosidl_typesupport_c/control_msgs/msg/gripper_command__type_support.cpp.o[0m
[7.226s] [ 25%] [32mBuilding CXX object CMakeFiles/control_msgs__rosidl_typesupport_c.dir/rosidl_typesupport_c/control_msgs/msg/interface_value__type_support.cpp.o[0m
[7.246s] [ 26%] [32mBuilding CXX object CMakeFiles/control_msgs__rosidl_typesupport_cpp.dir/rosidl_typesupport_cpp/control_msgs/action/follow_joint_trajectory__type_support.cpp.o[0m
[7.265s] [ 26%] [32mBuilding CXX object CMakeFiles/control_msgs__rosidl_typesupport_c.dir/rosidl_typesupport_c/control_msgs/msg/joint_controller_state__type_support.cpp.o[0m
[7.303s] [ 26%] [32mBuilding CXX object CMakeFiles/control_msgs__rosidl_typesupport_cpp.dir/rosidl_typesupport_cpp/control_msgs/action/gripper_command__type_support.cpp.o[0m
[7.313s] [35m[1mScanning dependencies of target control_msgs__rosidl_typesupport_fastrtps_cpp[0m
[7.315s] [ 27%] [32mBuilding CXX object CMakeFiles/control_msgs__rosidl_typesupport_c.dir/rosidl_typesupport_c/control_msgs/msg/joint_jog__type_support.cpp.o[0m
[7.321s] [35m[1mScanning dependencies of target control_msgs__rosidl_typesupport_introspection_cpp[0m
[7.365s] [ 28%] [32mBuilding CXX object CMakeFiles/control_msgs__rosidl_typesupport_c.dir/rosidl_typesupport_c/control_msgs/msg/joint_tolerance__type_support.cpp.o[0m
[7.369s] [ 29%] [32mBuilding CXX object CMakeFiles/control_msgs__rosidl_typesupport_introspection_cpp.dir/rosidl_typesupport_introspection_cpp/control_msgs/msg/detail/dynamic_joint_state__type_support.cpp.o[0m
[7.380s] [ 30%] [32mBuilding CXX object CMakeFiles/control_msgs__rosidl_typesupport_fastrtps_cpp.dir/rosidl_typesupport_fastrtps_cpp/control_msgs/msg/detail/dds_fastrtps/dynamic_joint_state__type_support.cpp.o[0m
[7.473s] [ 31%] [32mBuilding CXX object CMakeFiles/control_msgs__rosidl_typesupport_c.dir/rosidl_typesupport_c/control_msgs/msg/joint_trajectory_controller_state__type_support.cpp.o[0m
[7.526s] [ 32%] [32mBuilding CXX object CMakeFiles/control_msgs__rosidl_typesupport_introspection_cpp.dir/rosidl_typesupport_introspection_cpp/control_msgs/msg/detail/gripper_command__type_support.cpp.o[0m
[7.529s] [ 33%] [32mBuilding CXX object CMakeFiles/control_msgs__rosidl_typesupport_cpp.dir/rosidl_typesupport_cpp/control_msgs/action/joint_trajectory__type_support.cpp.o[0m
[7.536s] [ 33%] [32mBuilding CXX object CMakeFiles/control_msgs__rosidl_typesupport_c.dir/rosidl_typesupport_c/control_msgs/msg/pid_state__type_support.cpp.o[0m
[7.657s] [35m[1mScanning dependencies of target control_msgs__rosidl_typesupport_introspection_c[0m
[7.674s] [ 34%] [32mBuilding CXX object CMakeFiles/control_msgs__rosidl_typesupport_c.dir/rosidl_typesupport_c/control_msgs/srv/query_calibration_state__type_support.cpp.o[0m
[7.709s] [ 34%] [32mBuilding CXX object CMakeFiles/control_msgs__rosidl_typesupport_introspection_cpp.dir/rosidl_typesupport_introspection_cpp/control_msgs/msg/detail/interface_value__type_support.cpp.o[0m
[7.725s] [ 35%] [32mBuilding CXX object CMakeFiles/control_msgs__rosidl_typesupport_c.dir/rosidl_typesupport_c/control_msgs/srv/query_trajectory_state__type_support.cpp.o[0m
[7.753s] [ 36%] [32mBuilding C object CMakeFiles/control_msgs__rosidl_typesupport_introspection_c.dir/rosidl_typesupport_introspection_c/control_msgs/msg/detail/dynamic_joint_state__type_support.c.o[0m
[7.824s] [ 36%] [32mBuilding C object CMakeFiles/control_msgs__rosidl_typesupport_introspection_c.dir/rosidl_typesupport_introspection_c/control_msgs/msg/detail/gripper_command__type_support.c.o[0m
[7.837s] [ 36%] [32mBuilding CXX object CMakeFiles/control_msgs__rosidl_typesupport_c.dir/rosidl_typesupport_c/control_msgs/action/follow_joint_trajectory__type_support.cpp.o[0m
[7.849s] [ 37%] [32mBuilding CXX object CMakeFiles/control_msgs__rosidl_typesupport_introspection_cpp.dir/rosidl_typesupport_introspection_cpp/control_msgs/msg/detail/joint_controller_state__type_support.cpp.o[0m
[7.889s] [ 38%] [32mBuilding CXX object CMakeFiles/control_msgs__rosidl_typesupport_introspection_cpp.dir/rosidl_typesupport_introspection_cpp/control_msgs/msg/detail/joint_jog__type_support.cpp.o[0m
[7.905s] [ 39%] [32mBuilding C object CMakeFiles/control_msgs__rosidl_typesupport_introspection_c.dir/rosidl_typesupport_introspection_c/control_msgs/msg/detail/interface_value__type_support.c.o[0m
[7.951s] [ 40%] [32mBuilding CXX object CMakeFiles/control_msgs__rosidl_typesupport_c.dir/rosidl_typesupport_c/control_msgs/action/gripper_command__type_support.cpp.o[0m
[7.976s] [ 41%] [32mBuilding CXX object CMakeFiles/control_msgs__rosidl_typesupport_introspection_cpp.dir/rosidl_typesupport_introspection_cpp/control_msgs/msg/detail/joint_tolerance__type_support.cpp.o[0m
[8.006s] [ 42%] [32mBuilding C object CMakeFiles/control_msgs__rosidl_typesupport_introspection_c.dir/rosidl_typesupport_introspection_c/control_msgs/msg/detail/joint_controller_state__type_support.c.o[0m
[8.028s] [ 43%] [32mBuilding CXX object CMakeFiles/control_msgs__rosidl_typesupport_cpp.dir/rosidl_typesupport_cpp/control_msgs/action/point_head__type_support.cpp.o[0m
[8.061s] [ 44%] [32mBuilding CXX object CMakeFiles/control_msgs__rosidl_typesupport_c.dir/rosidl_typesupport_c/control_msgs/action/joint_trajectory__type_support.cpp.o[0m
[8.098s] [ 45%] [32mBuilding CXX object CMakeFiles/control_msgs__rosidl_typesupport_fastrtps_cpp.dir/rosidl_typesupport_fastrtps_cpp/control_msgs/msg/detail/dds_fastrtps/gripper_command__type_support.cpp.o[0m
[8.109s] [ 46%] [32mBuilding C object CMakeFiles/control_msgs__rosidl_typesupport_introspection_c.dir/rosidl_typesupport_introspection_c/control_msgs/msg/detail/joint_jog__type_support.c.o[0m
[8.241s] [ 46%] [32mBuilding CXX object CMakeFiles/control_msgs__rosidl_typesupport_c.dir/rosidl_typesupport_c/control_msgs/action/point_head__type_support.cpp.o[0m
[8.253s] [ 46%] [32mBuilding C object CMakeFiles/control_msgs__rosidl_typesupport_introspection_c.dir/rosidl_typesupport_introspection_c/control_msgs/msg/detail/joint_tolerance__type_support.c.o[0m
[8.290s] [ 46%] [32mBuilding CXX object CMakeFiles/control_msgs__rosidl_typesupport_introspection_cpp.dir/rosidl_typesupport_introspection_cpp/control_msgs/msg/detail/joint_trajectory_controller_state__type_support.cpp.o[0m
[8.302s] [ 47%] [32mBuilding C object CMakeFiles/control_msgs__rosidl_typesupport_introspection_c.dir/rosidl_typesupport_introspection_c/control_msgs/msg/detail/joint_trajectory_controller_state__type_support.c.o[0m
[8.312s] [ 48%] [32mBuilding C object CMakeFiles/control_msgs__rosidl_typesupport_introspection_c.dir/rosidl_typesupport_introspection_c/control_msgs/msg/detail/pid_state__type_support.c.o[0m
[8.338s] [ 49%] [32mBuilding CXX object CMakeFiles/control_msgs__rosidl_typesupport_c.dir/rosidl_typesupport_c/control_msgs/action/single_joint_position__type_support.cpp.o[0m
[8.354s] [ 49%] [32mBuilding C object CMakeFiles/control_msgs__rosidl_typesupport_introspection_c.dir/rosidl_typesupport_introspection_c/control_msgs/srv/detail/query_calibration_state__type_support.c.o[0m
[8.397s] [ 50%] [32mBuilding CXX object CMakeFiles/control_msgs__rosidl_typesupport_introspection_cpp.dir/rosidl_typesupport_introspection_cpp/control_msgs/msg/detail/pid_state__type_support.cpp.o[0m
[8.398s] [ 51%] [32mBuilding C object CMakeFiles/control_msgs__rosidl_typesupport_introspection_c.dir/rosidl_typesupport_introspection_c/control_msgs/srv/detail/query_trajectory_state__type_support.c.o[0m
[8.418s] [ 52%] [32mBuilding C object CMakeFiles/control_msgs__rosidl_typesupport_introspection_c.dir/rosidl_typesupport_introspection_c/control_msgs/action/detail/follow_joint_trajectory__type_support.c.o[0m
[8.430s] [ 52%] [32mBuilding CXX object CMakeFiles/control_msgs__rosidl_typesupport_fastrtps_cpp.dir/rosidl_typesupport_fastrtps_cpp/control_msgs/msg/detail/dds_fastrtps/interface_value__type_support.cpp.o[0m
[8.462s] [ 52%] [32mBuilding CXX object CMakeFiles/control_msgs__rosidl_typesupport_cpp.dir/rosidl_typesupport_cpp/control_msgs/action/single_joint_position__type_support.cpp.o[0m
[8.472s] [ 53%] [32m[1mLinking CXX shared library libcontrol_msgs__rosidl_typesupport_c.so[0m
[8.547s] [ 53%] [32mBuilding C object CMakeFiles/control_msgs__rosidl_typesupport_introspection_c.dir/rosidl_typesupport_introspection_c/control_msgs/action/detail/gripper_command__type_support.c.o[0m
[8.560s] [ 54%] [32mBuilding C object CMakeFiles/control_msgs__rosidl_typesupport_introspection_c.dir/rosidl_typesupport_introspection_c/control_msgs/action/detail/joint_trajectory__type_support.c.o[0m
[8.619s] [ 54%] Built target control_msgs__rosidl_typesupport_c
[8.630s] [ 56%] [32mBuilding CXX object CMakeFiles/control_msgs__rosidl_typesupport_fastrtps_cpp.dir/rosidl_typesupport_fastrtps_cpp/control_msgs/msg/detail/dds_fastrtps/joint_controller_state__type_support.cpp.o[0m
[8.630s] [ 56%] [32mBuilding CXX object CMakeFiles/control_msgs__rosidl_typesupport_fastrtps_cpp.dir/rosidl_typesupport_fastrtps_cpp/control_msgs/msg/detail/dds_fastrtps/joint_jog__type_support.cpp.o[0m
[8.649s] [ 57%] [32mBuilding C object CMakeFiles/control_msgs__rosidl_typesupport_introspection_c.dir/rosidl_typesupport_introspection_c/control_msgs/action/detail/point_head__type_support.c.o[0m
[8.669s] [ 57%] [32mBuilding CXX object CMakeFiles/control_msgs__rosidl_typesupport_fastrtps_cpp.dir/rosidl_typesupport_fastrtps_cpp/control_msgs/msg/detail/dds_fastrtps/joint_tolerance__type_support.cpp.o[0m
[8.707s] [ 58%] [32mBuilding C object CMakeFiles/control_msgs__rosidl_typesupport_introspection_c.dir/rosidl_typesupport_introspection_c/control_msgs/action/detail/single_joint_position__type_support.c.o[0m
[8.827s] [ 59%] [32mBuilding CXX object CMakeFiles/control_msgs__rosidl_typesupport_introspection_cpp.dir/rosidl_typesupport_introspection_cpp/control_msgs/srv/detail/query_calibration_state__type_support.cpp.o[0m
[8.829s] [ 59%] [32m[1mLinking C shared library libcontrol_msgs__rosidl_typesupport_introspection_c.so[0m
[8.845s] [ 59%] [32mBuilding CXX object CMakeFiles/control_msgs__rosidl_typesupport_introspection_cpp.dir/rosidl_typesupport_introspection_cpp/control_msgs/srv/detail/query_trajectory_state__type_support.cpp.o[0m
[8.980s] [ 59%] Built target control_msgs__rosidl_typesupport_introspection_c
[9.020s] [ 60%] [32m[1mLinking CXX shared library libcontrol_msgs__rosidl_typesupport_cpp.so[0m
[9.021s] [ 61%] [32mBuilding CXX object CMakeFiles/control_msgs__rosidl_typesupport_fastrtps_cpp.dir/rosidl_typesupport_fastrtps_cpp/control_msgs/msg/detail/dds_fastrtps/joint_trajectory_controller_state__type_support.cpp.o[0m
[9.190s] [ 61%] Built target control_msgs__rosidl_typesupport_cpp
[9.211s] [ 62%] [32mBuilding CXX object CMakeFiles/control_msgs__rosidl_typesupport_fastrtps_cpp.dir/rosidl_typesupport_fastrtps_cpp/control_msgs/msg/detail/dds_fastrtps/pid_state__type_support.cpp.o[0m
[9.247s] [ 63%] [32mBuilding CXX object CMakeFiles/control_msgs__rosidl_typesupport_introspection_cpp.dir/rosidl_typesupport_introspection_cpp/control_msgs/action/detail/follow_joint_trajectory__type_support.cpp.o[0m
[9.247s] [ 63%] [32mBuilding CXX object CMakeFiles/control_msgs__rosidl_typesupport_fastrtps_cpp.dir/rosidl_typesupport_fastrtps_cpp/control_msgs/srv/detail/dds_fastrtps/query_calibration_state__type_support.cpp.o[0m
[9.278s] [ 64%] [32mBuilding CXX object CMakeFiles/control_msgs__rosidl_typesupport_fastrtps_cpp.dir/rosidl_typesupport_fastrtps_cpp/control_msgs/action/detail/dds_fastrtps/follow_joint_trajectory__type_support.cpp.o[0m
[9.295s] [ 65%] [32mBuilding CXX object CMakeFiles/control_msgs__rosidl_typesupport_fastrtps_cpp.dir/rosidl_typesupport_fastrtps_cpp/control_msgs/srv/detail/dds_fastrtps/query_trajectory_state__type_support.cpp.o[0m
[9.458s] [ 66%] [32mBuilding CXX object CMakeFiles/control_msgs__rosidl_typesupport_fastrtps_cpp.dir/rosidl_typesupport_fastrtps_cpp/control_msgs/action/detail/dds_fastrtps/gripper_command__type_support.cpp.o[0m
[9.561s] [ 66%] [32mBuilding CXX object CMakeFiles/control_msgs__rosidl_typesupport_fastrtps_cpp.dir/rosidl_typesupport_fastrtps_cpp/control_msgs/action/detail/dds_fastrtps/joint_trajectory__type_support.cpp.o[0m
[9.785s] [ 67%] [32mBuilding CXX object CMakeFiles/control_msgs__rosidl_typesupport_fastrtps_cpp.dir/rosidl_typesupport_fastrtps_cpp/control_msgs/action/detail/dds_fastrtps/point_head__type_support.cpp.o[0m
[9.846s] [ 68%] [32mBuilding CXX object CMakeFiles/control_msgs__rosidl_typesupport_fastrtps_cpp.dir/rosidl_typesupport_fastrtps_cpp/control_msgs/action/detail/dds_fastrtps/single_joint_position__type_support.cpp.o[0m
[9.930s] [ 69%] [32mBuilding CXX object CMakeFiles/control_msgs__rosidl_typesupport_introspection_cpp.dir/rosidl_typesupport_introspection_cpp/control_msgs/action/detail/gripper_command__type_support.cpp.o[0m
[10.046s] [ 69%] [32mBuilding CXX object CMakeFiles/control_msgs__rosidl_typesupport_introspection_cpp.dir/rosidl_typesupport_introspection_cpp/control_msgs/action/detail/joint_trajectory__type_support.cpp.o[0m
[10.281s] [ 70%] [32mBuilding CXX object CMakeFiles/control_msgs__rosidl_typesupport_introspection_cpp.dir/rosidl_typesupport_introspection_cpp/control_msgs/action/detail/point_head__type_support.cpp.o[0m
[10.469s] [ 71%] [32mBuilding CXX object CMakeFiles/control_msgs__rosidl_typesupport_introspection_cpp.dir/rosidl_typesupport_introspection_cpp/control_msgs/action/detail/single_joint_position__type_support.cpp.o[0m
[10.585s] [ 71%] [32m[1mLinking CXX shared library libcontrol_msgs__rosidl_typesupport_fastrtps_cpp.so[0m
[10.690s] [ 71%] Built target control_msgs__rosidl_typesupport_fastrtps_cpp
[10.699s] [ 72%] [34m[1mGenerating C type support for eProsima Fast-RTPS[0m
[10.927s] [ 73%] [32m[1mLinking CXX shared library libcontrol_msgs__rosidl_typesupport_introspection_cpp.so[0m
[11.020s] [ 73%] Built target control_msgs__rosidl_typesupport_introspection_cpp
[12.382s] [35m[1mScanning dependencies of target control_msgs__rosidl_typesupport_fastrtps_c[0m
[12.418s] [ 75%] [32mBuilding CXX object CMakeFiles/control_msgs__rosidl_typesupport_fastrtps_c.dir/rosidl_typesupport_fastrtps_c/control_msgs/msg/detail/joint_jog__type_support_c.cpp.o[0m
[12.418s] [ 75%] [32mBuilding CXX object CMakeFiles/control_msgs__rosidl_typesupport_fastrtps_c.dir/rosidl_typesupport_fastrtps_c/control_msgs/msg/detail/joint_tolerance__type_support_c.cpp.o[0m
[12.418s] [ 75%] [32mBuilding CXX object CMakeFiles/control_msgs__rosidl_typesupport_fastrtps_c.dir/rosidl_typesupport_fastrtps_c/control_msgs/msg/detail/joint_controller_state__type_support_c.cpp.o[0m
[12.418s] [ 75%] [32mBuilding CXX object CMakeFiles/control_msgs__rosidl_typesupport_fastrtps_c.dir/rosidl_typesupport_fastrtps_c/control_msgs/msg/detail/gripper_command__type_support_c.cpp.o[0m
[12.418s] [ 76%] [32mBuilding CXX object CMakeFiles/control_msgs__rosidl_typesupport_fastrtps_c.dir/rosidl_typesupport_fastrtps_c/control_msgs/msg/detail/interface_value__type_support_c.cpp.o[0m
[12.419s] [ 77%] [32mBuilding CXX object CMakeFiles/control_msgs__rosidl_typesupport_fastrtps_c.dir/rosidl_typesupport_fastrtps_c/control_msgs/msg/detail/dynamic_joint_state__type_support_c.cpp.o[0m
[12.423s] [ 78%] [32mBuilding CXX object CMakeFiles/control_msgs__rosidl_typesupport_fastrtps_c.dir/rosidl_typesupport_fastrtps_c/control_msgs/msg/detail/joint_trajectory_controller_state__type_support_c.cpp.o[0m
[12.431s] [ 78%] [32mBuilding CXX object CMakeFiles/control_msgs__rosidl_typesupport_fastrtps_c.dir/rosidl_typesupport_fastrtps_c/control_msgs/msg/detail/pid_state__type_support_c.cpp.o[0m
[12.880s] [ 79%] [32mBuilding CXX object CMakeFiles/control_msgs__rosidl_typesupport_fastrtps_c.dir/rosidl_typesupport_fastrtps_c/control_msgs/srv/detail/query_calibration_state__type_support_c.cpp.o[0m
[12.886s] [ 80%] [32mBuilding CXX object CMakeFiles/control_msgs__rosidl_typesupport_fastrtps_c.dir/rosidl_typesupport_fastrtps_c/control_msgs/srv/detail/query_trajectory_state__type_support_c.cpp.o[0m
[12.914s] [ 81%] [32mBuilding CXX object CMakeFiles/control_msgs__rosidl_typesupport_fastrtps_c.dir/rosidl_typesupport_fastrtps_c/control_msgs/action/detail/follow_joint_trajectory__type_support_c.cpp.o[0m
[12.943s] [ 81%] [32mBuilding CXX object CMakeFiles/control_msgs__rosidl_typesupport_fastrtps_c.dir/rosidl_typesupport_fastrtps_c/control_msgs/action/detail/gripper_command__type_support_c.cpp.o[0m
[12.947s] [ 82%] [32mBuilding CXX object CMakeFiles/control_msgs__rosidl_typesupport_fastrtps_c.dir/rosidl_typesupport_fastrtps_c/control_msgs/action/detail/joint_trajectory__type_support_c.cpp.o[0m
[12.957s] [ 83%] [32mBuilding CXX object CMakeFiles/control_msgs__rosidl_typesupport_fastrtps_c.dir/rosidl_typesupport_fastrtps_c/control_msgs/action/detail/point_head__type_support_c.cpp.o[0m
[12.979s] [ 83%] [32mBuilding CXX object CMakeFiles/control_msgs__rosidl_typesupport_fastrtps_c.dir/rosidl_typesupport_fastrtps_c/control_msgs/action/detail/single_joint_position__type_support_c.cpp.o[0m
[13.518s] [ 84%] [32m[1mLinking CXX shared library libcontrol_msgs__rosidl_typesupport_fastrtps_c.so[0m
[13.594s] [ 84%] Built target control_msgs__rosidl_typesupport_fastrtps_c
[13.601s] [35m[1mScanning dependencies of target control_msgs[0m
[13.609s] [ 84%] Built target control_msgs
[13.616s] [35m[1mScanning dependencies of target control_msgs__py[0m
[13.624s] [ 85%] [34m[1mGenerating Python code for ROS interfaces[0m
[17.361s] [ 85%] Built target control_msgs__py
[17.370s] [35m[1mScanning dependencies of target control_msgs__python[0m
[17.405s] [ 86%] [32mBuilding C object CMakeFiles/control_msgs__python.dir/rosidl_generator_py/control_msgs/msg/_interface_value_s.c.o[0m
[17.405s] [ 87%] [32mBuilding C object CMakeFiles/control_msgs__python.dir/rosidl_generator_py/control_msgs/msg/_joint_controller_state_s.c.o[0m
[17.405s] [ 87%] [32mBuilding C object CMakeFiles/control_msgs__python.dir/rosidl_generator_py/control_msgs/msg/_joint_jog_s.c.o[0m
[17.406s] [ 88%] [32mBuilding C object CMakeFiles/control_msgs__python.dir/rosidl_generator_py/control_msgs/msg/_dynamic_joint_state_s.c.o[0m
[17.406s] [ 88%] [32mBuilding C object CMakeFiles/control_msgs__python.dir/rosidl_generator_py/control_msgs/msg/_gripper_command_s.c.o[0m
[17.407s] [ 89%] [32mBuilding C object CMakeFiles/control_msgs__python.dir/rosidl_generator_py/control_msgs/msg/_joint_tolerance_s.c.o[0m
[17.411s] [ 90%] [32mBuilding C object CMakeFiles/control_msgs__python.dir/rosidl_generator_py/control_msgs/msg/_pid_state_s.c.o[0m
[17.412s] [ 90%] [32mBuilding C object CMakeFiles/control_msgs__python.dir/rosidl_generator_py/control_msgs/msg/_joint_trajectory_controller_state_s.c.o[0m
[17.519s] [ 91%] [32mBuilding C object CMakeFiles/control_msgs__python.dir/rosidl_generator_py/control_msgs/srv/_query_calibration_state_s.c.o[0m
[17.524s] [ 92%] [32mBuilding C object CMakeFiles/control_msgs__python.dir/rosidl_generator_py/control_msgs/srv/_query_trajectory_state_s.c.o[0m
[17.525s] [ 93%] [32mBuilding C object CMakeFiles/control_msgs__python.dir/rosidl_generator_py/control_msgs/action/_follow_joint_trajectory_s.c.o[0m
[17.534s] [ 93%] [32mBuilding C object CMakeFiles/control_msgs__python.dir/rosidl_generator_py/control_msgs/action/_gripper_command_s.c.o[0m
[17.534s] [ 94%] [32mBuilding C object CMakeFiles/control_msgs__python.dir/rosidl_generator_py/control_msgs/action/_joint_trajectory_s.c.o[0m
[17.537s] [ 94%] [32mBuilding C object CMakeFiles/control_msgs__python.dir/rosidl_generator_py/control_msgs/action/_single_joint_position_s.c.o[0m
[17.537s] [ 95%] [32mBuilding C object CMakeFiles/control_msgs__python.dir/rosidl_generator_py/control_msgs/action/_point_head_s.c.o[0m
[17.702s] [ 96%] [32m[1mLinking C shared library rosidl_generator_py/control_msgs/libcontrol_msgs__python.so[0m
[17.741s] [ 96%] Built target control_msgs__python
[17.748s] [35m[1mScanning dependencies of target control_msgs__rosidl_typesupport_c__pyext[0m
[17.749s] [35m[1mScanning dependencies of target control_msgs__rosidl_typesupport_introspection_c__pyext[0m
[17.749s] [35m[1mScanning dependencies of target control_msgs__rosidl_typesupport_fastrtps_c__pyext[0m
[17.767s] [ 97%] [32mBuilding C object CMakeFiles/control_msgs__rosidl_typesupport_introspection_c__pyext.dir/rosidl_generator_py/control_msgs/_control_msgs_s.ep.rosidl_typesupport_introspection_c.c.o[0m
[17.767s] [ 98%] [32mBuilding C object CMakeFiles/control_msgs__rosidl_typesupport_c__pyext.dir/rosidl_generator_py/control_msgs/_control_msgs_s.ep.rosidl_typesupport_c.c.o[0m
[17.768s] [ 99%] [32mBuilding C object CMakeFiles/control_msgs__rosidl_typesupport_fastrtps_c__pyext.dir/rosidl_generator_py/control_msgs/_control_msgs_s.ep.rosidl_typesupport_fastrtps_c.c.o[0m
[17.971s] [ 99%] [32m[1mLinking C shared library rosidl_generator_py/control_msgs/control_msgs_s__rosidl_typesupport_c.cpython-38-x86_64-linux-gnu.so[0m
[17.971s] [ 99%] [32m[1mLinking CXX shared library rosidl_generator_py/control_msgs/control_msgs_s__rosidl_typesupport_fastrtps_c.cpython-38-x86_64-linux-gnu.so[0m
[17.974s] [100%] [32m[1mLinking C shared library rosidl_generator_py/control_msgs/control_msgs_s__rosidl_typesupport_introspection_c.cpython-38-x86_64-linux-gnu.so[0m
[18.008s] [100%] Built target control_msgs__rosidl_typesupport_c__pyext
[18.011s] [100%] Built target control_msgs__rosidl_typesupport_introspection_c__pyext
[18.034s] [100%] Built target control_msgs__rosidl_typesupport_fastrtps_c__pyext
[18.043s] Invoked command in '/home/dndqodqks/ros2_ws/build/control_msgs' returned '0': CMAKE_PREFIX_PATH=/opt/ros/foxy /usr/bin/cmake --build /home/dndqodqks/ros2_ws/build/control_msgs -- -j8 -l8
[18.178s] Invoking command in '/home/dndqodqks/ros2_ws/build/control_msgs': CMAKE_PREFIX_PATH=/opt/ros/foxy /usr/bin/cmake --install /home/dndqodqks/ros2_ws/build/control_msgs
[18.184s] -- Install configuration: ""
[18.184s] -- Execute custom install script
[18.185s] -- Symlinking: /home/dndqodqks/ros2_ws/install/control_msgs/share/ament_index/resource_index/rosidl_interfaces/control_msgs
[18.192s] -- Symlinking: /home/dndqodqks/ros2_ws/install/control_msgs/include/control_msgs/action/detail/follow_joint_trajectory__functions.h
[18.198s] -- Symlinking: /home/dndqodqks/ros2_ws/install/control_msgs/include/control_msgs/action/detail/follow_joint_trajectory__struct.h
[18.204s] -- Symlinking: /home/dndqodqks/ros2_ws/install/control_msgs/include/control_msgs/action/detail/follow_joint_trajectory__type_support.h
[18.210s] -- Symlinking: /home/dndqodqks/ros2_ws/install/control_msgs/include/control_msgs/action/detail/gripper_command__functions.h
[18.215s] -- Symlinking: /home/dndqodqks/ros2_ws/install/control_msgs/include/control_msgs/action/detail/gripper_command__struct.h
[18.221s] -- Symlinking: /home/dndqodqks/ros2_ws/install/control_msgs/include/control_msgs/action/detail/gripper_command__type_support.h
[18.227s] -- Symlinking: /home/dndqodqks/ros2_ws/install/control_msgs/include/control_msgs/action/detail/joint_trajectory__functions.h
[18.233s] -- Symlinking: /home/dndqodqks/ros2_ws/install/control_msgs/include/control_msgs/action/detail/joint_trajectory__struct.h
[18.239s] -- Symlinking: /home/dndqodqks/ros2_ws/install/control_msgs/include/control_msgs/action/detail/joint_trajectory__type_support.h
[18.245s] -- Symlinking: /home/dndqodqks/ros2_ws/install/control_msgs/include/control_msgs/action/detail/point_head__functions.h
[18.251s] -- Symlinking: /home/dndqodqks/ros2_ws/install/control_msgs/include/control_msgs/action/detail/point_head__struct.h
[18.257s] -- Symlinking: /home/dndqodqks/ros2_ws/install/control_msgs/include/control_msgs/action/detail/point_head__type_support.h
[18.263s] -- Symlinking: /home/dndqodqks/ros2_ws/install/control_msgs/include/control_msgs/action/detail/single_joint_position__functions.h
[18.269s] -- Symlinking: /home/dndqodqks/ros2_ws/install/control_msgs/include/control_msgs/action/detail/single_joint_position__struct.h
[18.275s] -- Symlinking: /home/dndqodqks/ros2_ws/install/control_msgs/include/control_msgs/action/detail/single_joint_position__type_support.h
[18.281s] -- Symlinking: /home/dndqodqks/ros2_ws/install/control_msgs/include/control_msgs/action/follow_joint_trajectory.h
[18.288s] -- Symlinking: /home/dndqodqks/ros2_ws/install/control_msgs/include/control_msgs/action/gripper_command.h
[18.294s] -- Symlinking: /home/dndqodqks/ros2_ws/install/control_msgs/include/control_msgs/action/joint_trajectory.h
[18.300s] -- Symlinking: /home/dndqodqks/ros2_ws/install/control_msgs/include/control_msgs/action/point_head.h
[18.306s] -- Symlinking: /home/dndqodqks/ros2_ws/install/control_msgs/include/control_msgs/action/single_joint_position.h
[18.312s] -- Symlinking: /home/dndqodqks/ros2_ws/install/control_msgs/include/control_msgs/msg/detail/dynamic_joint_state__functions.h
[18.318s] -- Symlinking: /home/dndqodqks/ros2_ws/install/control_msgs/include/control_msgs/msg/detail/dynamic_joint_state__struct.h
[18.324s] -- Symlinking: /home/dndqodqks/ros2_ws/install/control_msgs/include/control_msgs/msg/detail/dynamic_joint_state__type_support.h
[18.330s] -- Symlinking: /home/dndqodqks/ros2_ws/install/control_msgs/include/control_msgs/msg/detail/gripper_command__functions.h
[18.336s] -- Symlinking: /home/dndqodqks/ros2_ws/install/control_msgs/include/control_msgs/msg/detail/gripper_command__struct.h
[18.342s] -- Symlinking: /home/dndqodqks/ros2_ws/install/control_msgs/include/control_msgs/msg/detail/gripper_command__type_support.h
[18.348s] -- Symlinking: /home/dndqodqks/ros2_ws/install/control_msgs/include/control_msgs/msg/detail/interface_value__functions.h
[18.354s] -- Symlinking: /home/dndqodqks/ros2_ws/install/control_msgs/include/control_msgs/msg/detail/interface_value__struct.h
[18.359s] -- Symlinking: /home/dndqodqks/ros2_ws/install/control_msgs/include/control_msgs/msg/detail/interface_value__type_support.h
[18.365s] -- Symlinking: /home/dndqodqks/ros2_ws/install/control_msgs/include/control_msgs/msg/detail/joint_controller_state__functions.h
[18.371s] -- Symlinking: /home/dndqodqks/ros2_ws/install/control_msgs/include/control_msgs/msg/detail/joint_controller_state__struct.h
[18.377s] -- Symlinking: /home/dndqodqks/ros2_ws/install/control_msgs/include/control_msgs/msg/detail/joint_controller_state__type_support.h
[18.383s] -- Symlinking: /home/dndqodqks/ros2_ws/install/control_msgs/include/control_msgs/msg/detail/joint_jog__functions.h
[18.390s] -- Symlinking: /home/dndqodqks/ros2_ws/install/control_msgs/include/control_msgs/msg/detail/joint_jog__struct.h
[18.396s] -- Symlinking: /home/dndqodqks/ros2_ws/install/control_msgs/include/control_msgs/msg/detail/joint_jog__type_support.h
[18.401s] -- Symlinking: /home/dndqodqks/ros2_ws/install/control_msgs/include/control_msgs/msg/detail/joint_tolerance__functions.h
[18.407s] -- Symlinking: /home/dndqodqks/ros2_ws/install/control_msgs/include/control_msgs/msg/detail/joint_tolerance__struct.h
[18.413s] -- Symlinking: /home/dndqodqks/ros2_ws/install/control_msgs/include/control_msgs/msg/detail/joint_tolerance__type_support.h
[18.419s] -- Symlinking: /home/dndqodqks/ros2_ws/install/control_msgs/include/control_msgs/msg/detail/joint_trajectory_controller_state__functions.h
[18.426s] -- Symlinking: /home/dndqodqks/ros2_ws/install/control_msgs/include/control_msgs/msg/detail/joint_trajectory_controller_state__struct.h
[18.432s] -- Symlinking: /home/dndqodqks/ros2_ws/install/control_msgs/include/control_msgs/msg/detail/joint_trajectory_controller_state__type_support.h
[18.437s] -- Symlinking: /home/dndqodqks/ros2_ws/install/control_msgs/include/control_msgs/msg/detail/pid_state__functions.h
[18.443s] -- Symlinking: /home/dndqodqks/ros2_ws/install/control_msgs/include/control_msgs/msg/detail/pid_state__struct.h
[18.449s] -- Symlinking: /home/dndqodqks/ros2_ws/install/control_msgs/include/control_msgs/msg/detail/pid_state__type_support.h
[18.455s] -- Symlinking: /home/dndqodqks/ros2_ws/install/control_msgs/include/control_msgs/msg/dynamic_joint_state.h
[18.461s] -- Symlinking: /home/dndqodqks/ros2_ws/install/control_msgs/include/control_msgs/msg/gripper_command.h
[18.467s] -- Symlinking: /home/dndqodqks/ros2_ws/install/control_msgs/include/control_msgs/msg/interface_value.h
[18.473s] -- Symlinking: /home/dndqodqks/ros2_ws/install/control_msgs/include/control_msgs/msg/joint_controller_state.h
[18.479s] -- Symlinking: /home/dndqodqks/ros2_ws/install/control_msgs/include/control_msgs/msg/joint_jog.h
[18.485s] -- Symlinking: /home/dndqodqks/ros2_ws/install/control_msgs/include/control_msgs/msg/joint_tolerance.h
[18.491s] -- Symlinking: /home/dndqodqks/ros2_ws/install/control_msgs/include/control_msgs/msg/joint_trajectory_controller_state.h
[18.497s] -- Symlinking: /home/dndqodqks/ros2_ws/install/control_msgs/include/control_msgs/msg/pid_state.h
[18.502s] -- Symlinking: /home/dndqodqks/ros2_ws/install/control_msgs/include/control_msgs/msg/rosidl_generator_c__visibility_control.h
[18.508s] -- Symlinking: /home/dndqodqks/ros2_ws/install/control_msgs/include/control_msgs/srv/detail/query_calibration_state__functions.h
[18.514s] -- Symlinking: /home/dndqodqks/ros2_ws/install/control_msgs/include/control_msgs/srv/detail/query_calibration_state__struct.h
[18.520s] -- Symlinking: /home/dndqodqks/ros2_ws/install/control_msgs/include/control_msgs/srv/detail/query_calibration_state__type_support.h
[18.525s] -- Symlinking: /home/dndqodqks/ros2_ws/install/control_msgs/include/control_msgs/srv/detail/query_trajectory_state__functions.h
[18.531s] -- Symlinking: /home/dndqodqks/ros2_ws/install/control_msgs/include/control_msgs/srv/detail/query_trajectory_state__struct.h
[18.537s] -- Symlinking: /home/dndqodqks/ros2_ws/install/control_msgs/include/control_msgs/srv/detail/query_trajectory_state__type_support.h
[18.543s] -- Symlinking: /home/dndqodqks/ros2_ws/install/control_msgs/include/control_msgs/srv/query_calibration_state.h
[18.548s] -- Symlinking: /home/dndqodqks/ros2_ws/install/control_msgs/include/control_msgs/srv/query_trajectory_state.h
[18.555s] -- Symlinking: /home/dndqodqks/ros2_ws/install/control_msgs/share/control_msgs/environment/library_path.sh
[18.561s] -- Symlinking: /home/dndqodqks/ros2_ws/install/control_msgs/share/control_msgs/environment/library_path.dsv
[18.568s] -- Symlinking: /home/dndqodqks/ros2_ws/install/control_msgs/include/control_msgs/action/detail/follow_joint_trajectory__rosidl_typesupport_fastrtps_c.h
[18.574s] -- Symlinking: /home/dndqodqks/ros2_ws/install/control_msgs/include/control_msgs/action/detail/gripper_command__rosidl_typesupport_fastrtps_c.h
[18.579s] -- Symlinking: /home/dndqodqks/ros2_ws/install/control_msgs/include/control_msgs/action/detail/joint_trajectory__rosidl_typesupport_fastrtps_c.h
[18.585s] -- Symlinking: /home/dndqodqks/ros2_ws/install/control_msgs/include/control_msgs/action/detail/point_head__rosidl_typesupport_fastrtps_c.h
[18.592s] -- Symlinking: /home/dndqodqks/ros2_ws/install/control_msgs/include/control_msgs/action/detail/single_joint_position__rosidl_typesupport_fastrtps_c.h
[18.597s] -- Symlinking: /home/dndqodqks/ros2_ws/install/control_msgs/include/control_msgs/msg/detail/dynamic_joint_state__rosidl_typesupport_fastrtps_c.h
[18.603s] -- Symlinking: /home/dndqodqks/ros2_ws/install/control_msgs/include/control_msgs/msg/detail/gripper_command__rosidl_typesupport_fastrtps_c.h
[18.609s] -- Symlinking: /home/dndqodqks/ros2_ws/install/control_msgs/include/control_msgs/msg/detail/interface_value__rosidl_typesupport_fastrtps_c.h
[18.614s] -- Symlinking: /home/dndqodqks/ros2_ws/install/control_msgs/include/control_msgs/msg/detail/joint_controller_state__rosidl_typesupport_fastrtps_c.h
[18.620s] -- Symlinking: /home/dndqodqks/ros2_ws/install/control_msgs/include/control_msgs/msg/detail/joint_jog__rosidl_typesupport_fastrtps_c.h
[18.626s] -- Symlinking: /home/dndqodqks/ros2_ws/install/control_msgs/include/control_msgs/msg/detail/joint_tolerance__rosidl_typesupport_fastrtps_c.h
[18.631s] -- Symlinking: /home/dndqodqks/ros2_ws/install/control_msgs/include/control_msgs/msg/detail/joint_trajectory_controller_state__rosidl_typesupport_fastrtps_c.h
[18.637s] -- Symlinking: /home/dndqodqks/ros2_ws/install/control_msgs/include/control_msgs/msg/detail/pid_state__rosidl_typesupport_fastrtps_c.h
[18.643s] -- Symlinking: /home/dndqodqks/ros2_ws/install/control_msgs/include/control_msgs/msg/rosidl_typesupport_fastrtps_c__visibility_control.h
[18.649s] -- Symlinking: /home/dndqodqks/ros2_ws/install/control_msgs/include/control_msgs/srv/detail/query_calibration_state__rosidl_typesupport_fastrtps_c.h
[18.656s] -- Symlinking: /home/dndqodqks/ros2_ws/install/control_msgs/include/control_msgs/srv/detail/query_trajectory_state__rosidl_typesupport_fastrtps_c.h
[18.664s] -- Symlinking: /home/dndqodqks/ros2_ws/install/control_msgs/lib/libcontrol_msgs__rosidl_typesupport_fastrtps_c.so
[18.671s] -- Symlinking: /home/dndqodqks/ros2_ws/install/control_msgs/include/control_msgs/action/detail/follow_joint_trajectory__rosidl_typesupport_fastrtps_cpp.hpp
[18.677s] -- Symlinking: /home/dndqodqks/ros2_ws/install/control_msgs/include/control_msgs/action/detail/gripper_command__rosidl_typesupport_fastrtps_cpp.hpp
[18.682s] -- Symlinking: /home/dndqodqks/ros2_ws/install/control_msgs/include/control_msgs/action/detail/joint_trajectory__rosidl_typesupport_fastrtps_cpp.hpp
[18.690s] -- Symlinking: /home/dndqodqks/ros2_ws/install/control_msgs/include/control_msgs/action/detail/point_head__rosidl_typesupport_fastrtps_cpp.hpp
[18.698s] -- Symlinking: /home/dndqodqks/ros2_ws/install/control_msgs/include/control_msgs/action/detail/single_joint_position__rosidl_typesupport_fastrtps_cpp.hpp
[18.708s] -- Symlinking: /home/dndqodqks/ros2_ws/install/control_msgs/include/control_msgs/msg/detail/dynamic_joint_state__rosidl_typesupport_fastrtps_cpp.hpp
[18.716s] -- Symlinking: /home/dndqodqks/ros2_ws/install/control_msgs/include/control_msgs/msg/detail/gripper_command__rosidl_typesupport_fastrtps_cpp.hpp
[18.723s] -- Symlinking: /home/dndqodqks/ros2_ws/install/control_msgs/include/control_msgs/msg/detail/interface_value__rosidl_typesupport_fastrtps_cpp.hpp
[18.729s] -- Symlinking: /home/dndqodqks/ros2_ws/install/control_msgs/include/control_msgs/msg/detail/joint_controller_state__rosidl_typesupport_fastrtps_cpp.hpp
[18.735s] -- Symlinking: /home/dndqodqks/ros2_ws/install/control_msgs/include/control_msgs/msg/detail/joint_jog__rosidl_typesupport_fastrtps_cpp.hpp
[18.742s] -- Symlinking: /home/dndqodqks/ros2_ws/install/control_msgs/include/control_msgs/msg/detail/joint_tolerance__rosidl_typesupport_fastrtps_cpp.hpp
[18.748s] -- Symlinking: /home/dndqodqks/ros2_ws/install/control_msgs/include/control_msgs/msg/detail/joint_trajectory_controller_state__rosidl_typesupport_fastrtps_cpp.hpp
[18.755s] -- Symlinking: /home/dndqodqks/ros2_ws/install/control_msgs/include/control_msgs/msg/detail/pid_state__rosidl_typesupport_fastrtps_cpp.hpp
[18.762s] -- Symlinking: /home/dndqodqks/ros2_ws/install/control_msgs/include/control_msgs/msg/rosidl_typesupport_fastrtps_cpp__visibility_control.h
[18.769s] -- Symlinking: /home/dndqodqks/ros2_ws/install/control_msgs/include/control_msgs/srv/detail/query_calibration_state__rosidl_typesupport_fastrtps_cpp.hpp
[18.775s] -- Symlinking: /home/dndqodqks/ros2_ws/install/control_msgs/include/control_msgs/srv/detail/query_trajectory_state__rosidl_typesupport_fastrtps_cpp.hpp
[18.782s] -- Symlinking: /home/dndqodqks/ros2_ws/install/control_msgs/lib/libcontrol_msgs__rosidl_typesupport_fastrtps_cpp.so
[18.790s] -- Symlinking: /home/dndqodqks/ros2_ws/install/control_msgs/include/control_msgs/action/detail/follow_joint_trajectory__rosidl_typesupport_introspection_c.h
[18.796s] -- Symlinking: /home/dndqodqks/ros2_ws/install/control_msgs/include/control_msgs/action/detail/gripper_command__rosidl_typesupport_introspection_c.h
[18.803s] -- Symlinking: /home/dndqodqks/ros2_ws/install/control_msgs/include/control_msgs/action/detail/joint_trajectory__rosidl_typesupport_introspection_c.h
[18.809s] -- Symlinking: /home/dndqodqks/ros2_ws/install/control_msgs/include/control_msgs/action/detail/point_head__rosidl_typesupport_introspection_c.h
[18.815s] -- Symlinking: /home/dndqodqks/ros2_ws/install/control_msgs/include/control_msgs/action/detail/single_joint_position__rosidl_typesupport_introspection_c.h
[18.823s] -- Symlinking: /home/dndqodqks/ros2_ws/install/control_msgs/include/control_msgs/msg/detail/dynamic_joint_state__rosidl_typesupport_introspection_c.h
[18.829s] -- Symlinking: /home/dndqodqks/ros2_ws/install/control_msgs/include/control_msgs/msg/detail/gripper_command__rosidl_typesupport_introspection_c.h
[18.836s] -- Symlinking: /home/dndqodqks/ros2_ws/install/control_msgs/include/control_msgs/msg/detail/interface_value__rosidl_typesupport_introspection_c.h
[18.843s] -- Symlinking: /home/dndqodqks/ros2_ws/install/control_msgs/include/control_msgs/msg/detail/joint_controller_state__rosidl_typesupport_introspection_c.h
[18.850s] -- Symlinking: /home/dndqodqks/ros2_ws/install/control_msgs/include/control_msgs/msg/detail/joint_jog__rosidl_typesupport_introspection_c.h
[18.857s] -- Symlinking: /home/dndqodqks/ros2_ws/install/control_msgs/include/control_msgs/msg/detail/joint_tolerance__rosidl_typesupport_introspection_c.h
[18.863s] -- Symlinking: /home/dndqodqks/ros2_ws/install/control_msgs/include/control_msgs/msg/detail/joint_trajectory_controller_state__rosidl_typesupport_introspection_c.h
[18.870s] -- Symlinking: /home/dndqodqks/ros2_ws/install/control_msgs/include/control_msgs/msg/detail/pid_state__rosidl_typesupport_introspection_c.h
[18.876s] -- Symlinking: /home/dndqodqks/ros2_ws/install/control_msgs/include/control_msgs/msg/rosidl_typesupport_introspection_c__visibility_control.h
[18.883s] -- Symlinking: /home/dndqodqks/ros2_ws/install/control_msgs/include/control_msgs/srv/detail/query_calibration_state__rosidl_typesupport_introspection_c.h
[18.890s] -- Symlinking: /home/dndqodqks/ros2_ws/install/control_msgs/include/control_msgs/srv/detail/query_trajectory_state__rosidl_typesupport_introspection_c.h
[18.896s] -- Symlinking: /home/dndqodqks/ros2_ws/install/control_msgs/include/control_msgs/action/detail/follow_joint_trajectory__builder.hpp
[18.903s] -- Symlinking: /home/dndqodqks/ros2_ws/install/control_msgs/include/control_msgs/action/detail/follow_joint_trajectory__struct.hpp
[18.910s] -- Symlinking: /home/dndqodqks/ros2_ws/install/control_msgs/include/control_msgs/action/detail/follow_joint_trajectory__traits.hpp
[18.916s] -- Symlinking: /home/dndqodqks/ros2_ws/install/control_msgs/include/control_msgs/action/detail/gripper_command__builder.hpp
[18.922s] -- Symlinking: /home/dndqodqks/ros2_ws/install/control_msgs/include/control_msgs/action/detail/gripper_command__struct.hpp
[18.928s] -- Symlinking: /home/dndqodqks/ros2_ws/install/control_msgs/include/control_msgs/action/detail/gripper_command__traits.hpp
[18.935s] -- Symlinking: /home/dndqodqks/ros2_ws/install/control_msgs/include/control_msgs/action/detail/joint_trajectory__builder.hpp
[18.941s] -- Symlinking: /home/dndqodqks/ros2_ws/install/control_msgs/include/control_msgs/action/detail/joint_trajectory__struct.hpp
[18.947s] -- Symlinking: /home/dndqodqks/ros2_ws/install/control_msgs/include/control_msgs/action/detail/joint_trajectory__traits.hpp
[18.954s] -- Symlinking: /home/dndqodqks/ros2_ws/install/control_msgs/include/control_msgs/action/detail/point_head__builder.hpp
[18.960s] -- Symlinking: /home/dndqodqks/ros2_ws/install/control_msgs/include/control_msgs/action/detail/point_head__struct.hpp
[18.966s] -- Symlinking: /home/dndqodqks/ros2_ws/install/control_msgs/include/control_msgs/action/detail/point_head__traits.hpp
[18.973s] -- Symlinking: /home/dndqodqks/ros2_ws/install/control_msgs/include/control_msgs/action/detail/single_joint_position__builder.hpp
[18.978s] -- Symlinking: /home/dndqodqks/ros2_ws/install/control_msgs/include/control_msgs/action/detail/single_joint_position__struct.hpp
[18.985s] -- Symlinking: /home/dndqodqks/ros2_ws/install/control_msgs/include/control_msgs/action/detail/single_joint_position__traits.hpp
[18.991s] -- Symlinking: /home/dndqodqks/ros2_ws/install/control_msgs/include/control_msgs/action/follow_joint_trajectory.hpp
[18.997s] -- Symlinking: /home/dndqodqks/ros2_ws/install/control_msgs/include/control_msgs/action/gripper_command.hpp
[19.004s] -- Symlinking: /home/dndqodqks/ros2_ws/install/control_msgs/include/control_msgs/action/joint_trajectory.hpp
[19.010s] -- Symlinking: /home/dndqodqks/ros2_ws/install/control_msgs/include/control_msgs/action/point_head.hpp
[19.016s] -- Symlinking: /home/dndqodqks/ros2_ws/install/control_msgs/include/control_msgs/action/single_joint_position.hpp
[19.022s] -- Symlinking: /home/dndqodqks/ros2_ws/install/control_msgs/include/control_msgs/msg/detail/dynamic_joint_state__builder.hpp
[19.028s] -- Symlinking: /home/dndqodqks/ros2_ws/install/control_msgs/include/control_msgs/msg/detail/dynamic_joint_state__struct.hpp
[19.035s] -- Symlinking: /home/dndqodqks/ros2_ws/install/control_msgs/include/control_msgs/msg/detail/dynamic_joint_state__traits.hpp
[19.040s] -- Symlinking: /home/dndqodqks/ros2_ws/install/control_msgs/include/control_msgs/msg/detail/gripper_command__builder.hpp
[19.046s] -- Symlinking: /home/dndqodqks/ros2_ws/install/control_msgs/include/control_msgs/msg/detail/gripper_command__struct.hpp
[19.052s] -- Symlinking: /home/dndqodqks/ros2_ws/install/control_msgs/include/control_msgs/msg/detail/gripper_command__traits.hpp
[19.058s] -- Symlinking: /home/dndqodqks/ros2_ws/install/control_msgs/include/control_msgs/msg/detail/interface_value__builder.hpp
[19.063s] -- Symlinking: /home/dndqodqks/ros2_ws/install/control_msgs/include/control_msgs/msg/detail/interface_value__struct.hpp
[19.069s] -- Symlinking: /home/dndqodqks/ros2_ws/install/control_msgs/include/control_msgs/msg/detail/interface_value__traits.hpp
[19.075s] -- Symlinking: /home/dndqodqks/ros2_ws/install/control_msgs/include/control_msgs/msg/detail/joint_controller_state__builder.hpp
[19.081s] -- Symlinking: /home/dndqodqks/ros2_ws/install/control_msgs/include/control_msgs/msg/detail/joint_controller_state__struct.hpp
[19.087s] -- Symlinking: /home/dndqodqks/ros2_ws/install/control_msgs/include/control_msgs/msg/detail/joint_controller_state__traits.hpp
[19.093s] -- Symlinking: /home/dndqodqks/ros2_ws/install/control_msgs/include/control_msgs/msg/detail/joint_jog__builder.hpp
[19.099s] -- Symlinking: /home/dndqodqks/ros2_ws/install/control_msgs/include/control_msgs/msg/detail/joint_jog__struct.hpp
[19.105s] -- Symlinking: /home/dndqodqks/ros2_ws/install/control_msgs/include/control_msgs/msg/detail/joint_jog__traits.hpp
[19.111s] -- Symlinking: /home/dndqodqks/ros2_ws/install/control_msgs/include/control_msgs/msg/detail/joint_tolerance__builder.hpp
[19.117s] -- Symlinking: /home/dndqodqks/ros2_ws/install/control_msgs/include/control_msgs/msg/detail/joint_tolerance__struct.hpp
[19.122s] -- Symlinking: /home/dndqodqks/ros2_ws/install/control_msgs/include/control_msgs/msg/detail/joint_tolerance__traits.hpp
[19.128s] -- Symlinking: /home/dndqodqks/ros2_ws/install/control_msgs/include/control_msgs/msg/detail/joint_trajectory_controller_state__builder.hpp
[19.134s] -- Symlinking: /home/dndqodqks/ros2_ws/install/control_msgs/include/control_msgs/msg/detail/joint_trajectory_controller_state__struct.hpp
[19.140s] -- Symlinking: /home/dndqodqks/ros2_ws/install/control_msgs/include/control_msgs/msg/detail/joint_trajectory_controller_state__traits.hpp
[19.145s] -- Symlinking: /home/dndqodqks/ros2_ws/install/control_msgs/include/control_msgs/msg/detail/pid_state__builder.hpp
[19.151s] -- Symlinking: /home/dndqodqks/ros2_ws/install/control_msgs/include/control_msgs/msg/detail/pid_state__struct.hpp
[19.157s] -- Symlinking: /home/dndqodqks/ros2_ws/install/control_msgs/include/control_msgs/msg/detail/pid_state__traits.hpp
[19.163s] -- Symlinking: /home/dndqodqks/ros2_ws/install/control_msgs/include/control_msgs/msg/dynamic_joint_state.hpp
[19.169s] -- Symlinking: /home/dndqodqks/ros2_ws/install/control_msgs/include/control_msgs/msg/gripper_command.hpp
[19.174s] -- Symlinking: /home/dndqodqks/ros2_ws/install/control_msgs/include/control_msgs/msg/interface_value.hpp
[19.180s] -- Symlinking: /home/dndqodqks/ros2_ws/install/control_msgs/include/control_msgs/msg/joint_controller_state.hpp
[19.186s] -- Symlinking: /home/dndqodqks/ros2_ws/install/control_msgs/include/control_msgs/msg/joint_jog.hpp
[19.192s] -- Symlinking: /home/dndqodqks/ros2_ws/install/control_msgs/include/control_msgs/msg/joint_tolerance.hpp
[19.198s] -- Symlinking: /home/dndqodqks/ros2_ws/install/control_msgs/include/control_msgs/msg/joint_trajectory_controller_state.hpp
[19.204s] -- Symlinking: /home/dndqodqks/ros2_ws/install/control_msgs/include/control_msgs/msg/pid_state.hpp
[19.210s] -- Symlinking: /home/dndqodqks/ros2_ws/install/control_msgs/include/control_msgs/srv/detail/query_calibration_state__builder.hpp
[19.216s] -- Symlinking: /home/dndqodqks/ros2_ws/install/control_msgs/include/control_msgs/srv/detail/query_calibration_state__struct.hpp
[19.222s] -- Symlinking: /home/dndqodqks/ros2_ws/install/control_msgs/include/control_msgs/srv/detail/query_calibration_state__traits.hpp
[19.227s] -- Symlinking: /home/dndqodqks/ros2_ws/install/control_msgs/include/control_msgs/srv/detail/query_trajectory_state__builder.hpp
[19.233s] -- Symlinking: /home/dndqodqks/ros2_ws/install/control_msgs/include/control_msgs/srv/detail/query_trajectory_state__struct.hpp
[19.239s] -- Symlinking: /home/dndqodqks/ros2_ws/install/control_msgs/include/control_msgs/srv/detail/query_trajectory_state__traits.hpp
[19.245s] -- Symlinking: /home/dndqodqks/ros2_ws/install/control_msgs/include/control_msgs/srv/query_calibration_state.hpp
[19.251s] -- Symlinking: /home/dndqodqks/ros2_ws/install/control_msgs/include/control_msgs/srv/query_trajectory_state.hpp
[19.258s] -- Symlinking: /home/dndqodqks/ros2_ws/install/control_msgs/include/control_msgs/action/detail/follow_joint_trajectory__rosidl_typesupport_introspection_cpp.hpp
[19.264s] -- Symlinking: /home/dndqodqks/ros2_ws/install/control_msgs/include/control_msgs/action/detail/gripper_command__rosidl_typesupport_introspection_cpp.hpp
[19.270s] -- Symlinking: /home/dndqodqks/ros2_ws/install/control_msgs/include/control_msgs/action/detail/joint_trajectory__rosidl_typesupport_introspection_cpp.hpp
[19.276s] -- Symlinking: /home/dndqodqks/ros2_ws/install/control_msgs/include/control_msgs/action/detail/point_head__rosidl_typesupport_introspection_cpp.hpp
[19.282s] -- Symlinking: /home/dndqodqks/ros2_ws/install/control_msgs/include/control_msgs/action/detail/single_joint_position__rosidl_typesupport_introspection_cpp.hpp
[19.288s] -- Symlinking: /home/dndqodqks/ros2_ws/install/control_msgs/include/control_msgs/msg/detail/dynamic_joint_state__rosidl_typesupport_introspection_cpp.hpp
[19.294s] -- Symlinking: /home/dndqodqks/ros2_ws/install/control_msgs/include/control_msgs/msg/detail/gripper_command__rosidl_typesupport_introspection_cpp.hpp
[19.300s] -- Symlinking: /home/dndqodqks/ros2_ws/install/control_msgs/include/control_msgs/msg/detail/interface_value__rosidl_typesupport_introspection_cpp.hpp
[19.305s] -- Symlinking: /home/dndqodqks/ros2_ws/install/control_msgs/include/control_msgs/msg/detail/joint_controller_state__rosidl_typesupport_introspection_cpp.hpp
[19.311s] -- Symlinking: /home/dndqodqks/ros2_ws/install/control_msgs/include/control_msgs/msg/detail/joint_jog__rosidl_typesupport_introspection_cpp.hpp
[19.317s] -- Symlinking: /home/dndqodqks/ros2_ws/install/control_msgs/include/control_msgs/msg/detail/joint_tolerance__rosidl_typesupport_introspection_cpp.hpp
[19.323s] -- Symlinking: /home/dndqodqks/ros2_ws/install/control_msgs/include/control_msgs/msg/detail/joint_trajectory_controller_state__rosidl_typesupport_introspection_cpp.hpp
[19.329s] -- Symlinking: /home/dndqodqks/ros2_ws/install/control_msgs/include/control_msgs/msg/detail/pid_state__rosidl_typesupport_introspection_cpp.hpp
[19.334s] -- Symlinking: /home/dndqodqks/ros2_ws/install/control_msgs/include/control_msgs/srv/detail/query_calibration_state__rosidl_typesupport_introspection_cpp.hpp
[19.340s] -- Symlinking: /home/dndqodqks/ros2_ws/install/control_msgs/include/control_msgs/srv/detail/query_trajectory_state__rosidl_typesupport_introspection_cpp.hpp
[19.346s] -- Symlinking: /home/dndqodqks/ros2_ws/install/control_msgs/share/control_msgs/environment/pythonpath.sh
[19.352s] -- Symlinking: /home/dndqodqks/ros2_ws/install/control_msgs/share/control_msgs/environment/pythonpath.dsv
[19.358s] -- Symlinking: /home/dndqodqks/ros2_ws/install/control_msgs/lib/python3.8/site-packages/control_msgs/__init__.py
[19.365s] -- Symlinking: /home/dndqodqks/ros2_ws/install/control_msgs/lib/python3.8/site-packages/control_msgs/msg/__init__.py
[19.371s] -- Symlinking: /home/dndqodqks/ros2_ws/install/control_msgs/lib/python3.8/site-packages/control_msgs/msg/_dynamic_joint_state.py
[19.377s] -- Symlinking: /home/dndqodqks/ros2_ws/install/control_msgs/lib/python3.8/site-packages/control_msgs/msg/_gripper_command.py
[19.383s] -- Symlinking: /home/dndqodqks/ros2_ws/install/control_msgs/lib/python3.8/site-packages/control_msgs/msg/_interface_value.py
[19.389s] -- Symlinking: /home/dndqodqks/ros2_ws/install/control_msgs/lib/python3.8/site-packages/control_msgs/msg/_joint_controller_state.py
[19.395s] -- Symlinking: /home/dndqodqks/ros2_ws/install/control_msgs/lib/python3.8/site-packages/control_msgs/msg/_joint_jog.py
[19.401s] -- Symlinking: /home/dndqodqks/ros2_ws/install/control_msgs/lib/python3.8/site-packages/control_msgs/msg/_joint_tolerance.py
[19.407s] -- Symlinking: /home/dndqodqks/ros2_ws/install/control_msgs/lib/python3.8/site-packages/control_msgs/msg/_joint_trajectory_controller_state.py
[19.412s] -- Symlinking: /home/dndqodqks/ros2_ws/install/control_msgs/lib/python3.8/site-packages/control_msgs/msg/_pid_state.py
[19.418s] -- Symlinking: /home/dndqodqks/ros2_ws/install/control_msgs/lib/python3.8/site-packages/control_msgs/srv/__init__.py
[19.424s] -- Symlinking: /home/dndqodqks/ros2_ws/install/control_msgs/lib/python3.8/site-packages/control_msgs/srv/_query_calibration_state.py
[19.430s] -- Symlinking: /home/dndqodqks/ros2_ws/install/control_msgs/lib/python3.8/site-packages/control_msgs/srv/_query_trajectory_state.py
[19.436s] -- Symlinking: /home/dndqodqks/ros2_ws/install/control_msgs/lib/python3.8/site-packages/control_msgs/action/__init__.py
[19.442s] -- Symlinking: /home/dndqodqks/ros2_ws/install/control_msgs/lib/python3.8/site-packages/control_msgs/action/_follow_joint_trajectory.py
[19.447s] -- Symlinking: /home/dndqodqks/ros2_ws/install/control_msgs/lib/python3.8/site-packages/control_msgs/action/_gripper_command.py
[19.453s] -- Symlinking: /home/dndqodqks/ros2_ws/install/control_msgs/lib/python3.8/site-packages/control_msgs/action/_joint_trajectory.py
[19.459s] -- Symlinking: /home/dndqodqks/ros2_ws/install/control_msgs/lib/python3.8/site-packages/control_msgs/action/_point_head.py
[19.465s] -- Symlinking: /home/dndqodqks/ros2_ws/install/control_msgs/lib/python3.8/site-packages/control_msgs/action/_single_joint_position.py
[19.471s] -- Symlinking: /home/dndqodqks/ros2_ws/install/control_msgs/lib/python3.8/site-packages/control_msgs/control_msgs_s__rosidl_typesupport_fastrtps_c.cpython-38-x86_64-linux-gnu.so
[19.477s] -- Symlinking: /home/dndqodqks/ros2_ws/install/control_msgs/lib/python3.8/site-packages/control_msgs/control_msgs_s__rosidl_typesupport_introspection_c.cpython-38-x86_64-linux-gnu.so
[19.483s] -- Symlinking: /home/dndqodqks/ros2_ws/install/control_msgs/lib/python3.8/site-packages/control_msgs/control_msgs_s__rosidl_typesupport_c.cpython-38-x86_64-linux-gnu.so
[19.489s] -- Symlinking: /home/dndqodqks/ros2_ws/install/control_msgs/lib/libcontrol_msgs__python.so
[19.495s] -- Symlinking: /home/dndqodqks/ros2_ws/install/control_msgs/share/control_msgs/msg/DynamicJointState.idl
[19.501s] -- Symlinking: /home/dndqodqks/ros2_ws/install/control_msgs/share/control_msgs/msg/GripperCommand.idl
[19.507s] -- Symlinking: /home/dndqodqks/ros2_ws/install/control_msgs/share/control_msgs/msg/InterfaceValue.idl
[19.513s] -- Symlinking: /home/dndqodqks/ros2_ws/install/control_msgs/share/control_msgs/msg/JointControllerState.idl
[19.519s] -- Symlinking: /home/dndqodqks/ros2_ws/install/control_msgs/share/control_msgs/msg/JointJog.idl
[19.525s] -- Symlinking: /home/dndqodqks/ros2_ws/install/control_msgs/share/control_msgs/msg/JointTolerance.idl
[19.530s] -- Symlinking: /home/dndqodqks/ros2_ws/install/control_msgs/share/control_msgs/msg/JointTrajectoryControllerState.idl
[19.536s] -- Symlinking: /home/dndqodqks/ros2_ws/install/control_msgs/share/control_msgs/msg/PidState.idl
[19.542s] -- Symlinking: /home/dndqodqks/ros2_ws/install/control_msgs/share/control_msgs/srv/QueryCalibrationState.idl
[19.548s] -- Symlinking: /home/dndqodqks/ros2_ws/install/control_msgs/share/control_msgs/srv/QueryTrajectoryState.idl
[19.554s] -- Symlinking: /home/dndqodqks/ros2_ws/install/control_msgs/share/control_msgs/action/FollowJointTrajectory.idl
[19.560s] -- Symlinking: /home/dndqodqks/ros2_ws/install/control_msgs/share/control_msgs/action/GripperCommand.idl
[19.566s] -- Symlinking: /home/dndqodqks/ros2_ws/install/control_msgs/share/control_msgs/action/JointTrajectory.idl
[19.572s] -- Symlinking: /home/dndqodqks/ros2_ws/install/control_msgs/share/control_msgs/action/PointHead.idl
[19.578s] -- Symlinking: /home/dndqodqks/ros2_ws/install/control_msgs/share/control_msgs/action/SingleJointPosition.idl
[19.584s] -- Symlinking: /home/dndqodqks/ros2_ws/install/control_msgs/share/control_msgs/msg/DynamicJointState.msg
[19.591s] -- Symlinking: /home/dndqodqks/ros2_ws/install/control_msgs/share/control_msgs/msg/GripperCommand.msg
[19.597s] -- Symlinking: /home/dndqodqks/ros2_ws/install/control_msgs/share/control_msgs/msg/InterfaceValue.msg
[19.603s] -- Symlinking: /home/dndqodqks/ros2_ws/install/control_msgs/share/control_msgs/msg/JointControllerState.msg
[19.608s] -- Symlinking: /home/dndqodqks/ros2_ws/install/control_msgs/share/control_msgs/msg/JointJog.msg
[19.614s] -- Symlinking: /home/dndqodqks/ros2_ws/install/control_msgs/share/control_msgs/msg/JointTolerance.msg
[19.620s] -- Symlinking: /home/dndqodqks/ros2_ws/install/control_msgs/share/control_msgs/msg/JointTrajectoryControllerState.msg
[19.626s] -- Symlinking: /home/dndqodqks/ros2_ws/install/control_msgs/share/control_msgs/msg/PidState.msg
[19.632s] -- Symlinking: /home/dndqodqks/ros2_ws/install/control_msgs/share/control_msgs/srv/QueryCalibrationState.srv
[19.638s] -- Symlinking: /home/dndqodqks/ros2_ws/install/control_msgs/share/control_msgs/srv/QueryCalibrationState_Request.msg
[19.644s] -- Symlinking: /home/dndqodqks/ros2_ws/install/control_msgs/share/control_msgs/srv/QueryCalibrationState_Response.msg
[19.650s] -- Symlinking: /home/dndqodqks/ros2_ws/install/control_msgs/share/control_msgs/srv/QueryTrajectoryState.srv
[19.655s] -- Symlinking: /home/dndqodqks/ros2_ws/install/control_msgs/share/control_msgs/srv/QueryTrajectoryState_Request.msg
[19.661s] -- Symlinking: /home/dndqodqks/ros2_ws/install/control_msgs/share/control_msgs/srv/QueryTrajectoryState_Response.msg
[19.667s] -- Symlinking: /home/dndqodqks/ros2_ws/install/control_msgs/share/control_msgs/action/FollowJointTrajectory.action
[19.674s] -- Symlinking: /home/dndqodqks/ros2_ws/install/control_msgs/share/control_msgs/action/GripperCommand.action
[19.680s] -- Symlinking: /home/dndqodqks/ros2_ws/install/control_msgs/share/control_msgs/action/JointTrajectory.action
[19.686s] -- Symlinking: /home/dndqodqks/ros2_ws/install/control_msgs/share/control_msgs/action/PointHead.action
[19.693s] -- Symlinking: /home/dndqodqks/ros2_ws/install/control_msgs/share/control_msgs/action/SingleJointPosition.action
[19.699s] -- Symlinking: /home/dndqodqks/ros2_ws/install/control_msgs/share/ament_index/resource_index/package_run_dependencies/control_msgs
[19.705s] -- Symlinking: /home/dndqodqks/ros2_ws/install/control_msgs/share/ament_index/resource_index/parent_prefix_path/control_msgs
[19.711s] -- Symlinking: /home/dndqodqks/ros2_ws/install/control_msgs/share/control_msgs/environment/ament_prefix_path.sh
[19.716s] -- Symlinking: /home/dndqodqks/ros2_ws/install/control_msgs/share/control_msgs/environment/ament_prefix_path.dsv
[19.722s] -- Symlinking: /home/dndqodqks/ros2_ws/install/control_msgs/share/control_msgs/environment/path.sh
[19.728s] -- Symlinking: /home/dndqodqks/ros2_ws/install/control_msgs/share/control_msgs/environment/path.dsv
[19.734s] -- Symlinking: /home/dndqodqks/ros2_ws/install/control_msgs/share/control_msgs/local_setup.bash
[19.740s] -- Symlinking: /home/dndqodqks/ros2_ws/install/control_msgs/share/control_msgs/local_setup.sh
[19.746s] -- Symlinking: /home/dndqodqks/ros2_ws/install/control_msgs/share/control_msgs/local_setup.zsh
[19.751s] -- Symlinking: /home/dndqodqks/ros2_ws/install/control_msgs/share/control_msgs/local_setup.dsv
[19.757s] -- Symlinking: /home/dndqodqks/ros2_ws/install/control_msgs/share/control_msgs/package.dsv
[19.763s] -- Symlinking: /home/dndqodqks/ros2_ws/install/control_msgs/share/ament_index/resource_index/packages/control_msgs
[19.769s] -- Symlinking: /home/dndqodqks/ros2_ws/install/control_msgs/share/control_msgs/cmake/rosidl_cmake-extras.cmake
[19.775s] -- Symlinking: /home/dndqodqks/ros2_ws/install/control_msgs/share/control_msgs/cmake/ament_cmake_export_dependencies-extras.cmake
[19.781s] -- Symlinking: /home/dndqodqks/ros2_ws/install/control_msgs/share/control_msgs/cmake/ament_cmake_export_libraries-extras.cmake
[19.787s] -- Symlinking: /home/dndqodqks/ros2_ws/install/control_msgs/share/control_msgs/cmake/ament_cmake_export_targets-extras.cmake
[19.794s] -- Symlinking: /home/dndqodqks/ros2_ws/install/control_msgs/share/control_msgs/cmake/ament_cmake_export_include_directories-extras.cmake
[19.801s] -- Symlinking: /home/dndqodqks/ros2_ws/install/control_msgs/share/control_msgs/cmake/rosidl_cmake_export_typesupport_libraries-extras.cmake
[19.808s] -- Symlinking: /home/dndqodqks/ros2_ws/install/control_msgs/share/control_msgs/cmake/rosidl_cmake_export_typesupport_targets-extras.cmake
[19.815s] -- Symlinking: /home/dndqodqks/ros2_ws/install/control_msgs/share/control_msgs/cmake/control_msgsConfig.cmake
[19.821s] -- Symlinking: /home/dndqodqks/ros2_ws/install/control_msgs/share/control_msgs/cmake/control_msgsConfig-version.cmake
[19.827s] -- Symlinking: /home/dndqodqks/ros2_ws/install/control_msgs/share/control_msgs/package.xml
[19.833s] -- Installing: /home/dndqodqks/ros2_ws/install/control_msgs/lib/libcontrol_msgs__rosidl_generator_c.so
[19.834s] -- Set runtime path of "/home/dndqodqks/ros2_ws/install/control_msgs/lib/libcontrol_msgs__rosidl_generator_c.so" to ""
[19.834s] -- Installing: /home/dndqodqks/ros2_ws/install/control_msgs/lib/libcontrol_msgs__rosidl_typesupport_introspection_c.so
[19.834s] -- Set runtime path of "/home/dndqodqks/ros2_ws/install/control_msgs/lib/libcontrol_msgs__rosidl_typesupport_introspection_c.so" to ""
[19.834s] -- Installing: /home/dndqodqks/ros2_ws/install/control_msgs/lib/libcontrol_msgs__rosidl_typesupport_c.so
[19.834s] -- Set runtime path of "/home/dndqodqks/ros2_ws/install/control_msgs/lib/libcontrol_msgs__rosidl_typesupport_c.so" to ""
[19.834s] -- Installing: /home/dndqodqks/ros2_ws/install/control_msgs/lib/libcontrol_msgs__rosidl_typesupport_introspection_cpp.so
[19.835s] -- Set runtime path of "/home/dndqodqks/ros2_ws/install/control_msgs/lib/libcontrol_msgs__rosidl_typesupport_introspection_cpp.so" to ""
[19.835s] -- Installing: /home/dndqodqks/ros2_ws/install/control_msgs/lib/libcontrol_msgs__rosidl_typesupport_cpp.so
[19.835s] -- Set runtime path of "/home/dndqodqks/ros2_ws/install/control_msgs/lib/libcontrol_msgs__rosidl_typesupport_cpp.so" to ""
[19.857s] Compiling '/home/dndqodqks/ros2_ws/install/control_msgs/lib/python3.8/site-packages/control_msgs/__init__.py'...
[19.860s] -- Installing: /home/dndqodqks/ros2_ws/install/control_msgs/share/control_msgs/cmake/control_msgs__rosidl_generator_cExport.cmake
[19.860s] -- Installing: /home/dndqodqks/ros2_ws/install/control_msgs/share/control_msgs/cmake/control_msgs__rosidl_generator_cExport-noconfig.cmake
[19.860s] -- Installing: /home/dndqodqks/ros2_ws/install/control_msgs/share/control_msgs/cmake/control_msgs__rosidl_typesupport_introspection_cExport.cmake
[19.860s] -- Installing: /home/dndqodqks/ros2_ws/install/control_msgs/share/control_msgs/cmake/control_msgs__rosidl_typesupport_introspection_cExport-noconfig.cmake
[19.860s] -- Installing: /home/dndqodqks/ros2_ws/install/control_msgs/share/control_msgs/cmake/control_msgs__rosidl_typesupport_cExport.cmake
[19.860s] -- Installing: /home/dndqodqks/ros2_ws/install/control_msgs/share/control_msgs/cmake/control_msgs__rosidl_typesupport_cExport-noconfig.cmake
[19.861s] -- Installing: /home/dndqodqks/ros2_ws/install/control_msgs/share/control_msgs/cmake/control_msgs__rosidl_generator_cppExport.cmake
[19.861s] -- Installing: /home/dndqodqks/ros2_ws/install/control_msgs/share/control_msgs/cmake/control_msgs__rosidl_typesupport_introspection_cppExport.cmake
[19.861s] -- Installing: /home/dndqodqks/ros2_ws/install/control_msgs/share/control_msgs/cmake/control_msgs__rosidl_typesupport_introspection_cppExport-noconfig.cmake
[19.861s] -- Installing: /home/dndqodqks/ros2_ws/install/control_msgs/share/control_msgs/cmake/control_msgs__rosidl_typesupport_cppExport.cmake
[19.861s] -- Installing: /home/dndqodqks/ros2_ws/install/control_msgs/share/control_msgs/cmake/control_msgs__rosidl_typesupport_cppExport-noconfig.cmake
[19.866s] Invoked command in '/home/dndqodqks/ros2_ws/build/control_msgs' returned '0': CMAKE_PREFIX_PATH=/opt/ros/foxy /usr/bin/cmake --install /home/dndqodqks/ros2_ws/build/control_msgs
