[0.565s] Invoking command in '/home/dndqodqks/ros2_ws/build/realtime_tools': CMAKE_PREFIX_PATH=${CMAKE_PREFIX_PATH}:/home/dndqodqks/ros2_ws/install/my_sphere_pkg:/home/dndqodqks/ros2_ws/install/my_environment_pkg:/home/dndqodqks/ros2_ws/install/my_doosan_pkg2:/home/dndqodqks/ros2_ws/install/my_doosan_pkg:/opt/ros/foxy /usr/bin/cmake /home/dndqodqks/ros2_ws/src/ros-controls/realtime_tools -DCMAKE_INSTALL_PREFIX=/home/dndqodqks/ros2_ws/install/realtime_tools
[0.576s] -- Found ament_cmake: 0.9.11 (/opt/ros/foxy/share/ament_cmake/cmake)
[0.610s] -- Using PYTHON_EXECUTABLE: /usr/bin/python3
[0.838s] -- Override CMake install command with custom implementation using symlinks instead of copying resources
[0.848s] -- Found rclcpp: 2.4.2 (/opt/ros/foxy/share/rclcpp/cmake)
[0.893s] -- Using all available rosidl_typesupport_c: rosidl_typesupport_fastrtps_c;rosidl_typesupport_introspection_c
[0.898s] -- Found rosidl_adapter: 1.3.0 (/opt/ros/foxy/share/rosidl_adapter/cmake)
[0.988s] -- Using all available rosidl_typesupport_cpp: rosidl_typesupport_fastrtps_cpp;rosidl_typesupport_introspection_cpp
[1.051s] -- Found rmw_implementation_cmake: 1.0.4 (/opt/ros/foxy/share/rmw_implementation_cmake/cmake)
[1.054s] -- Using RMW implementation 'rmw_fastrtps_cpp' as default
[1.204s] -- Found rclcpp_action: 2.4.2 (/opt/ros/foxy/share/rclcpp_action/cmake)
[1.289s] -- Found ament_cmake_cppcheck: 0.9.8 (/opt/ros/foxy/share/ament_cmake_cppcheck/cmake)
[1.290s] -- Found ament_cmake_cpplint: 0.9.8 (/opt/ros/foxy/share/ament_cmake_cpplint/cmake)
[1.291s] -- Found ament_cmake_lint_cmake: 0.9.8 (/opt/ros/foxy/share/ament_cmake_lint_cmake/cmake)
[1.292s] -- Found ament_cmake_uncrustify: 0.9.8 (/opt/ros/foxy/share/ament_cmake_uncrustify/cmake)
[1.293s] -- Found ament_cmake_gmock: 0.9.11 (/opt/ros/foxy/share/ament_cmake_gmock/cmake)
[1.294s] -- Found test_msgs: 1.0.0 (/opt/ros/foxy/share/test_msgs/cmake)
[1.351s] -- Found gmock sources under '/opt/ros/foxy/src/gmock_vendor': C++ tests using 'Google Mock' will be built
[1.352s] -- Found ament_cmake_gtest: 0.9.11 (/opt/ros/foxy/share/ament_cmake_gtest/cmake)
[1.353s] -- Found gtest sources under '/opt/ros/foxy/src/gtest_vendor': C++ tests using 'Google Test' will be built
[1.415s] -- Configuring done
[1.550s] -- Generating done
[1.552s] -- Build files have been written to: /home/dndqodqks/ros2_ws/build/realtime_tools
[1.570s] Invoked command in '/home/dndqodqks/ros2_ws/build/realtime_tools' returned '0': CMAKE_PREFIX_PATH=${CMAKE_PREFIX_PATH}:/home/dndqodqks/ros2_ws/install/my_sphere_pkg:/home/dndqodqks/ros2_ws/install/my_environment_pkg:/home/dndqodqks/ros2_ws/install/my_doosan_pkg2:/home/dndqodqks/ros2_ws/install/my_doosan_pkg:/opt/ros/foxy /usr/bin/cmake /home/dndqodqks/ros2_ws/src/ros-controls/realtime_tools -DCMAKE_INSTALL_PREFIX=/home/dndqodqks/ros2_ws/install/realtime_tools
[1.573s] Invoking command in '/home/dndqodqks/ros2_ws/build/realtime_tools': CMAKE_PREFIX_PATH=${CMAKE_PREFIX_PATH}:/home/dndqodqks/ros2_ws/install/my_sphere_pkg:/home/dndqodqks/ros2_ws/install/my_environment_pkg:/home/dndqodqks/ros2_ws/install/my_doosan_pkg2:/home/dndqodqks/ros2_ws/install/my_doosan_pkg:/opt/ros/foxy /usr/bin/cmake --build /home/dndqodqks/ros2_ws/build/realtime_tools -- -j8 -l8
[1.617s] [ 17%] Built target gmock
[1.619s] [ 29%] Built target realtime_tools
[1.619s] [ 41%] Built target gmock_main
[1.648s] [ 52%] Built target realtime_clock_tests
[1.649s] [ 64%] Built target realtime_buffer_tests
[1.662s] [ 76%] Built target realtime_publisher_tests
[1.665s] [ 88%] Built target realtime_box_tests
[1.668s] [100%] Built target realtime_server_goal_handle_tests
[1.678s] Invoked command in '/home/dndqodqks/ros2_ws/build/realtime_tools' returned '0': CMAKE_PREFIX_PATH=${CMAKE_PREFIX_PATH}:/home/dndqodqks/ros2_ws/install/my_sphere_pkg:/home/dndqodqks/ros2_ws/install/my_environment_pkg:/home/dndqodqks/ros2_ws/install/my_doosan_pkg2:/home/dndqodqks/ros2_ws/install/my_doosan_pkg:/opt/ros/foxy /usr/bin/cmake --build /home/dndqodqks/ros2_ws/build/realtime_tools -- -j8 -l8
[1.714s] Invoking command in '/home/dndqodqks/ros2_ws/build/realtime_tools': CMAKE_PREFIX_PATH=${CMAKE_PREFIX_PATH}:/home/dndqodqks/ros2_ws/install/my_sphere_pkg:/home/dndqodqks/ros2_ws/install/my_environment_pkg:/home/dndqodqks/ros2_ws/install/my_doosan_pkg2:/home/dndqodqks/ros2_ws/install/my_doosan_pkg:/opt/ros/foxy /usr/bin/cmake --install /home/dndqodqks/ros2_ws/build/realtime_tools
[1.720s] -- Install configuration: ""
[1.721s] -- Execute custom install script
[1.724s] -- Up-to-date symlink: /home/dndqodqks/ros2_ws/install/realtime_tools/include/realtime_tools/realtime_box.h
[1.724s] -- Up-to-date symlink: /home/dndqodqks/ros2_ws/install/realtime_tools/include/realtime_tools/realtime_buffer.h
[1.725s] -- Up-to-date symlink: /home/dndqodqks/ros2_ws/install/realtime_tools/include/realtime_tools/realtime_clock.h
[1.725s] -- Up-to-date symlink: /home/dndqodqks/ros2_ws/install/realtime_tools/include/realtime_tools/realtime_publisher.h
[1.725s] -- Up-to-date symlink: /home/dndqodqks/ros2_ws/install/realtime_tools/include/realtime_tools/realtime_server_goal_handle.h
[1.725s] -- Up-to-date symlink: /home/dndqodqks/ros2_ws/install/realtime_tools/lib/librealtime_tools.a
[1.725s] -- Up-to-date symlink: /home/dndqodqks/ros2_ws/install/realtime_tools/share/realtime_tools/environment/library_path.sh
[1.725s] -- Up-to-date symlink: /home/dndqodqks/ros2_ws/install/realtime_tools/share/realtime_tools/environment/library_path.dsv
[1.725s] -- Up-to-date symlink: /home/dndqodqks/ros2_ws/install/realtime_tools/share/ament_index/resource_index/package_run_dependencies/realtime_tools
[1.726s] -- Up-to-date symlink: /home/dndqodqks/ros2_ws/install/realtime_tools/share/ament_index/resource_index/parent_prefix_path/realtime_tools
[1.726s] -- Up-to-date symlink: /home/dndqodqks/ros2_ws/install/realtime_tools/share/realtime_tools/environment/ament_prefix_path.sh
[1.728s] -- Up-to-date symlink: /home/dndqodqks/ros2_ws/install/realtime_tools/share/realtime_tools/environment/ament_prefix_path.dsv
[1.729s] -- Up-to-date symlink: /home/dndqodqks/ros2_ws/install/realtime_tools/share/realtime_tools/environment/path.sh
[1.729s] -- Up-to-date symlink: /home/dndqodqks/ros2_ws/install/realtime_tools/share/realtime_tools/environment/path.dsv
[1.729s] -- Up-to-date symlink: /home/dndqodqks/ros2_ws/install/realtime_tools/share/realtime_tools/local_setup.bash
[1.729s] -- Up-to-date symlink: /home/dndqodqks/ros2_ws/install/realtime_tools/share/realtime_tools/local_setup.sh
[1.729s] -- Up-to-date symlink: /home/dndqodqks/ros2_ws/install/realtime_tools/share/realtime_tools/local_setup.zsh
[1.729s] -- Up-to-date symlink: /home/dndqodqks/ros2_ws/install/realtime_tools/share/realtime_tools/local_setup.dsv
[1.729s] -- Symlinking: /home/dndqodqks/ros2_ws/install/realtime_tools/share/realtime_tools/package.dsv
[1.733s] -- Up-to-date symlink: /home/dndqodqks/ros2_ws/install/realtime_tools/share/ament_index/resource_index/packages/realtime_tools
[1.733s] -- Up-to-date symlink: /home/dndqodqks/ros2_ws/install/realtime_tools/share/realtime_tools/cmake/ament_cmake_export_include_directories-extras.cmake
[1.734s] -- Up-to-date symlink: /home/dndqodqks/ros2_ws/install/realtime_tools/share/realtime_tools/cmake/ament_cmake_export_libraries-extras.cmake
[1.734s] -- Up-to-date symlink: /home/dndqodqks/ros2_ws/install/realtime_tools/share/realtime_tools/cmake/ament_cmake_export_dependencies-extras.cmake
[1.734s] -- Up-to-date symlink: /home/dndqodqks/ros2_ws/install/realtime_tools/share/realtime_tools/cmake/realtime_toolsConfig.cmake
[1.734s] -- Up-to-date symlink: /home/dndqodqks/ros2_ws/install/realtime_tools/share/realtime_tools/cmake/realtime_toolsConfig-version.cmake
[1.735s] -- Up-to-date symlink: /home/dndqodqks/ros2_ws/install/realtime_tools/share/realtime_tools/package.xml
[1.736s] Invoked command in '/home/dndqodqks/ros2_ws/build/realtime_tools' returned '0': CMAKE_PREFIX_PATH=${CMAKE_PREFIX_PATH}:/home/dndqodqks/ros2_ws/install/my_sphere_pkg:/home/dndqodqks/ros2_ws/install/my_environment_pkg:/home/dndqodqks/ros2_ws/install/my_doosan_pkg2:/home/dndqodqks/ros2_ws/install/my_doosan_pkg:/opt/ros/foxy /usr/bin/cmake --install /home/dndqodqks/ros2_ws/build/realtime_tools
