[0.018s] Invoking command in '/home/dndqodqks/ros2_ws/build/control_msgs': /usr/bin/cmake /home/dndqodqks/ros2_ws/src/ros-controls/control_msgs/control_msgs -DCMAKE_INSTALL_PREFIX=/home/dndqodqks/ros2_ws/install/control_msgs
[0.036s] CMake Error at CMakeLists.txt:13 (find_package):
[0.037s]   By not providing "Findament_cmake.cmake" in CMAKE_MODULE_PATH this project
[0.037s]   has asked CMake to find a package configuration file provided by
[0.037s]   "ament_cmake", but CMake did not find one.
[0.037s] 
[0.037s]   Could not find a package configuration file provided by "ament_cmake" with
[0.037s]   any of the following names:
[0.037s] 
[0.037s]     ament_cmakeConfig.cmake
[0.037s]     ament_cmake-config.cmake
[0.037s] 
[0.037s]   Add the installation prefix of "ament_cmake" to CMAKE_PREFIX_PATH or set
[0.037s]   "ament_cmake_DIR" to a directory containing one of the above files.  If
[0.037s]   "ament_cmake" provides a separate development package or SDK, be sure it
[0.037s]   has been installed.
[0.037s] 
[0.037s] 
[0.037s] -- Configuring incomplete, errors occurred!
[0.037s] See also "/home/dndqodqks/ros2_ws/build/control_msgs/CMakeFiles/CMakeOutput.log".
[0.038s] Invoked command in '/home/dndqodqks/ros2_ws/build/control_msgs' returned '1': /usr/bin/cmake /home/dndqodqks/ros2_ws/src/ros-controls/control_msgs/control_msgs -DCMAKE_INSTALL_PREFIX=/home/dndqodqks/ros2_ws/install/control_msgs
