[0.979s] Invoking command in '/home/dndqodqks/ros2_ws/build/my_doosan_pkg': PYTHONPATH=/home/dndqodqks/ros2_ws/build/my_doosan_pkg/prefix_override:/home/dndqodqks/ros2_ws/install/my_doosan_pkg/lib/python3.8/site-packages:${PYTHONPATH} /usr/bin/python3 setup.py develop --uninstall --editable --build-directory /home/dndqodqks/ros2_ws/build/my_doosan_pkg/build
[1.214s] running develop
[1.394s] Removing /home/dndqodqks/ros2_ws/install/my_doosan_pkg/lib/python3.8/site-packages/my-doosan-pkg.egg-link (link to .)
[1.428s] Invoked command in '/home/dndqodqks/ros2_ws/build/my_doosan_pkg' returned '0': PYTHONPATH=/home/dndqodqks/ros2_ws/build/my_doosan_pkg/prefix_override:/home/dndqodqks/ros2_ws/install/my_doosan_pkg/lib/python3.8/site-packages:${PYTHONPATH} /usr/bin/python3 setup.py develop --uninstall --editable --build-directory /home/dndqodqks/ros2_ws/build/my_doosan_pkg/build
[1.429s] Invoking command in '/home/dndqodqks/ros2_ws/src/robotic_arm_environment/my_doosan_pkg': PYTHONPATH=/home/dndqodqks/ros2_ws/build/my_doosan_pkg/prefix_override:/home/dndqodqks/ros2_ws/install/my_doosan_pkg/lib/python3.8/site-packages:${PYTHONPATH} /usr/bin/python3 setup.py egg_info --egg-base ../../../build/my_doosan_pkg build --build-base /home/dndqodqks/ros2_ws/build/my_doosan_pkg/build install --record /home/dndqodqks/ros2_ws/build/my_doosan_pkg/install.log --install-scripts $base/lib/my_doosan_pkg --single-version-externally-managed
[1.689s] running egg_info
[1.689s] writing ../../../build/my_doosan_pkg/my_doosan_pkg.egg-info/PKG-INFO
[1.689s] writing dependency_links to ../../../build/my_doosan_pkg/my_doosan_pkg.egg-info/dependency_links.txt
[1.690s] writing entry points to ../../../build/my_doosan_pkg/my_doosan_pkg.egg-info/entry_points.txt
[1.690s] writing requirements to ../../../build/my_doosan_pkg/my_doosan_pkg.egg-info/requires.txt
[1.690s] writing top-level names to ../../../build/my_doosan_pkg/my_doosan_pkg.egg-info/top_level.txt
[1.731s] reading manifest file '../../../build/my_doosan_pkg/my_doosan_pkg.egg-info/SOURCES.txt'
[1.733s] writing manifest file '../../../build/my_doosan_pkg/my_doosan_pkg.egg-info/SOURCES.txt'
[1.733s] running build
[1.734s] running build_py
[1.734s] creating /home/dndqodqks/ros2_ws/build/my_doosan_pkg/build
[1.734s] creating /home/dndqodqks/ros2_ws/build/my_doosan_pkg/build/lib
[1.734s] creating /home/dndqodqks/ros2_ws/build/my_doosan_pkg/build/lib/my_doosan_pkg
[1.734s] copying my_doosan_pkg/joint_points_topic.py -> /home/dndqodqks/ros2_ws/build/my_doosan_pkg/build/lib/my_doosan_pkg
[1.734s] copying my_doosan_pkg/joint_points_act_service.py -> /home/dndqodqks/ros2_ws/build/my_doosan_pkg/build/lib/my_doosan_pkg
[1.734s] copying my_doosan_pkg/__init__.py -> /home/dndqodqks/ros2_ws/build/my_doosan_pkg/build/lib/my_doosan_pkg
[1.734s] running install
[1.736s] running install_lib
[1.737s] creating /home/dndqodqks/ros2_ws/install/my_doosan_pkg/lib/python3.8/site-packages/my_doosan_pkg
[1.737s] copying /home/dndqodqks/ros2_ws/build/my_doosan_pkg/build/lib/my_doosan_pkg/joint_points_topic.py -> /home/dndqodqks/ros2_ws/install/my_doosan_pkg/lib/python3.8/site-packages/my_doosan_pkg
[1.737s] copying /home/dndqodqks/ros2_ws/build/my_doosan_pkg/build/lib/my_doosan_pkg/joint_points_act_service.py -> /home/dndqodqks/ros2_ws/install/my_doosan_pkg/lib/python3.8/site-packages/my_doosan_pkg
[1.737s] copying /home/dndqodqks/ros2_ws/build/my_doosan_pkg/build/lib/my_doosan_pkg/__init__.py -> /home/dndqodqks/ros2_ws/install/my_doosan_pkg/lib/python3.8/site-packages/my_doosan_pkg
[1.738s] byte-compiling /home/dndqodqks/ros2_ws/install/my_doosan_pkg/lib/python3.8/site-packages/my_doosan_pkg/joint_points_topic.py to joint_points_topic.cpython-38.pyc
[1.740s] byte-compiling /home/dndqodqks/ros2_ws/install/my_doosan_pkg/lib/python3.8/site-packages/my_doosan_pkg/joint_points_act_service.py to joint_points_act_service.cpython-38.pyc
[1.741s] byte-compiling /home/dndqodqks/ros2_ws/install/my_doosan_pkg/lib/python3.8/site-packages/my_doosan_pkg/__init__.py to __init__.cpython-38.pyc
[1.741s] running install_data
[1.742s] running install_egg_info
[1.745s] Copying ../../../build/my_doosan_pkg/my_doosan_pkg.egg-info to /home/dndqodqks/ros2_ws/install/my_doosan_pkg/lib/python3.8/site-packages/my_doosan_pkg-0.0.0-py3.8.egg-info
[1.746s] running install_scripts
[1.769s] Installing trajectory_points_act_server script to /home/dndqodqks/ros2_ws/install/my_doosan_pkg/lib/my_doosan_pkg
[1.770s] Installing trajectory_points_topic script to /home/dndqodqks/ros2_ws/install/my_doosan_pkg/lib/my_doosan_pkg
[1.770s] writing list of installed files to '/home/dndqodqks/ros2_ws/build/my_doosan_pkg/install.log'
[1.790s] Invoked command in '/home/dndqodqks/ros2_ws/src/robotic_arm_environment/my_doosan_pkg' returned '0': PYTHONPATH=/home/dndqodqks/ros2_ws/build/my_doosan_pkg/prefix_override:/home/dndqodqks/ros2_ws/install/my_doosan_pkg/lib/python3.8/site-packages:${PYTHONPATH} /usr/bin/python3 setup.py egg_info --egg-base ../../../build/my_doosan_pkg build --build-base /home/dndqodqks/ros2_ws/build/my_doosan_pkg/build install --record /home/dndqodqks/ros2_ws/build/my_doosan_pkg/install.log --install-scripts $base/lib/my_doosan_pkg --single-version-externally-managed
