[0.009s] Invoking command in '/home/dndqodqks/ros2_ws/build/realtime_tools': /usr/bin/cmake /home/dndqodqks/ros2_ws/src/ros-controls/realtime_tools -DAMENT_CMAKE_SYMLINK_INSTALL=1 -DCMAKE_INSTALL_PREFIX=/home/dndqodqks/ros2_ws/install/realtime_tools
[0.100s] -- The C compiler identification is GNU 9.4.0
[0.139s] -- The CXX compiler identification is GNU 9.4.0
[0.143s] -- Check for working C compiler: /usr/bin/cc
[0.188s] -- Check for working C compiler: /usr/bin/cc -- works
[0.188s] -- Detecting C compiler ABI info
[0.234s] -- Detecting C compiler ABI info - done
[0.250s] -- Detecting C compile features
[0.251s] -- Detecting C compile features - done
[0.254s] -- Check for working CXX compiler: /usr/bin/c++
[0.309s] -- Check for working CXX compiler: /usr/bin/c++ -- works
[0.310s] -- Detecting CXX compiler ABI info
[0.366s] -- Detecting CXX compiler ABI info - done
[0.375s] -- Detecting CXX compile features
[0.375s] -- Detecting CXX compile features - done
[0.383s] CMake Error at CMakeLists.txt:9 (find_package):
[0.383s]   By not providing "Findament_cmake.cmake" in CMAKE_MODULE_PATH this project
[0.383s]   has asked CMake to find a package configuration file provided by
[0.384s]   "ament_cmake", but CMake did not find one.
[0.384s] 
[0.384s]   Could not find a package configuration file provided by "ament_cmake" with
[0.384s]   any of the following names:
[0.384s] 
[0.384s]     ament_cmakeConfig.cmake
[0.384s]     ament_cmake-config.cmake
[0.384s] 
[0.384s]   Add the installation prefix of "ament_cmake" to CMAKE_PREFIX_PATH or set
[0.384s]   "ament_cmake_DIR" to a directory containing one of the above files.  If
[0.384s]   "ament_cmake" provides a separate development package or SDK, be sure it
[0.384s]   has been installed.
[0.384s] 
[0.384s] 
[0.384s] -- Configuring incomplete, errors occurred!
[0.384s] See also "/home/dndqodqks/ros2_ws/build/realtime_tools/CMakeFiles/CMakeOutput.log".
[0.387s] Invoked command in '/home/dndqodqks/ros2_ws/build/realtime_tools' returned '1': /usr/bin/cmake /home/dndqodqks/ros2_ws/src/ros-controls/realtime_tools -DAMENT_CMAKE_SYMLINK_INSTALL=1 -DCMAKE_INSTALL_PREFIX=/home/dndqodqks/ros2_ws/install/realtime_tools
