[0.058s] Invoking command in '/home/dndqodqks/ros2_ws/build/control_msgs': CMAKE_PREFIX_PATH=${CMAKE_PREFIX_PATH}:/home/dndqodqks/ros2_ws/install/my_sphere_pkg:/home/dndqodqks/ros2_ws/install/my_environment_pkg:/home/dndqodqks/ros2_ws/install/my_doosan_pkg:/opt/ros/foxy /home/dndqodqks/.local/bin/cmake --build /home/dndqodqks/ros2_ws/build/control_msgs -- -j8 -l8
[0.600s] -- Found ament_cmake: 0.9.11 (/opt/ros/foxy/share/ament_cmake/cmake)
[0.600s] -- Using PYTHON_EXECUTABLE: /usr/bin/python3
[0.600s] -- Override CMake install command with custom implementation using symlinks instead of copying resources
[0.600s] -- Found builtin_interfaces: 1.0.0 (/opt/ros/foxy/share/builtin_interfaces/cmake)
[0.600s] -- Using all available rosidl_typesupport_c: rosidl_typesupport_fastrtps_c;rosidl_typesupport_introspection_c
[0.600s] -- Found rosidl_adapter: 1.3.0 (/opt/ros/foxy/share/rosidl_adapter/cmake)
[0.601s] -- Using all available rosidl_typesupport_cpp: rosidl_typesupport_fastrtps_cpp;rosidl_typesupport_introspection_cpp
[0.601s] -- Found rosidl_default_generators: 1.0.1 (/opt/ros/foxy/share/rosidl_default_generators/cmake)
[0.601s] -- Found action_msgs: 1.0.0 (/opt/ros/foxy/share/action_msgs/cmake)
[0.601s] -- Found geometry_msgs: 2.0.5 (/opt/ros/foxy/share/geometry_msgs/cmake)
[0.601s] -- Found trajectory_msgs: 2.0.5 (/opt/ros/foxy/share/trajectory_msgs/cmake)
[0.601s] -- Found ament_lint_auto: 0.9.8 (/opt/ros/foxy/share/ament_lint_auto/cmake)
[0.659s] -- Found PythonInterp: /usr/bin/python3 (found version "3.8.10") 
[0.961s] -- Found ament_cmake_ros: 0.9.2 (/opt/ros/foxy/share/ament_cmake_ros/cmake)
[1.190s] -- Using all available rosidl_typesupport_c: rosidl_typesupport_fastrtps_c;rosidl_typesupport_introspection_c
[1.306s] -- Using all available rosidl_typesupport_cpp: rosidl_typesupport_fastrtps_cpp;rosidl_typesupport_introspection_cpp
[1.335s] -- Found PythonInterp: /usr/bin/python3 (found suitable version "3.8.10", minimum required is "3.5") 
[1.336s] -- Found python_cmake_module: 0.8.1 (/opt/ros/foxy/share/python_cmake_module/cmake)
[1.360s] -- Using PYTHON_EXECUTABLE: /usr/bin/python3
[1.360s] -- Using PYTHON_INCLUDE_DIRS: /usr/include/python3.8
[1.360s] -- Using PYTHON_LIBRARIES: /usr/lib/x86_64-linux-gnu/libpython3.8.so
[1.441s] -- Added test 'copyright' to check source files copyright and LICENSE
[1.444s] -- Added test 'lint_cmake' to check CMake code style
[1.445s] -- Added test 'xmllint' to check XML markup files
[1.453s] -- Configuring done
[1.545s] -- Generating done
[1.547s] -- Build files have been written to: /home/dndqodqks/ros2_ws/build/control_msgs
[1.575s] [35m[1mScanning dependencies of target control_msgs__rosidl_generator_c[0m
[1.578s] [  0%] Built target control_msgs__cpp
[1.591s] [35m[1mScanning dependencies of target control_msgs__rosidl_typesupport_cpp[0m
[1.592s] [35m[1mScanning dependencies of target control_msgs__rosidl_typesupport_introspection_cpp[0m
[1.594s] [35m[1mScanning dependencies of target control_msgs__rosidl_typesupport_fastrtps_cpp[0m
[1.595s] [  1%] [32mBuilding C object CMakeFiles/control_msgs__rosidl_generator_c.dir/rosidl_generator_c/control_msgs/msg/detail/dynamic_joint_state__functions.c.o[0m
[1.595s] [  1%] [32mBuilding C object CMakeFiles/control_msgs__rosidl_generator_c.dir/rosidl_generator_c/control_msgs/msg/detail/gripper_command__functions.c.o[0m
[1.597s] [  1%] [32mBuilding C object CMakeFiles/control_msgs__rosidl_generator_c.dir/rosidl_generator_c/control_msgs/msg/detail/joint_jog__functions.c.o[0m
[1.598s] [  2%] [32mBuilding C object CMakeFiles/control_msgs__rosidl_generator_c.dir/rosidl_generator_c/control_msgs/msg/detail/joint_controller_state__functions.c.o[0m
[1.600s] [  3%] [32mBuilding C object CMakeFiles/control_msgs__rosidl_generator_c.dir/rosidl_generator_c/control_msgs/msg/detail/interface_value__functions.c.o[0m
[1.618s] [  4%] [32mBuilding CXX object CMakeFiles/control_msgs__rosidl_typesupport_cpp.dir/rosidl_typesupport_cpp/control_msgs/msg/dynamic_joint_state__type_support.cpp.o[0m
[1.625s] [  5%] [32mBuilding CXX object CMakeFiles/control_msgs__rosidl_typesupport_introspection_cpp.dir/rosidl_typesupport_introspection_cpp/control_msgs/msg/detail/dynamic_joint_state__type_support.cpp.o[0m
[1.628s] [  6%] [32mBuilding CXX object CMakeFiles/control_msgs__rosidl_typesupport_fastrtps_cpp.dir/rosidl_typesupport_fastrtps_cpp/control_msgs/msg/detail/dds_fastrtps/dynamic_joint_state__type_support.cpp.o[0m
[1.681s] [  9%] [32mBuilding C object CMakeFiles/control_msgs__rosidl_generator_c.dir/rosidl_generator_c/control_msgs/msg/detail/joint_tolerance__functions.c.o[0m
[1.681s] [  9%] [32mBuilding CXX object CMakeFiles/control_msgs__rosidl_typesupport_introspection_cpp.dir/rosidl_typesupport_introspection_cpp/control_msgs/msg/detail/gripper_command__type_support.cpp.o[0m
[1.681s] [  9%] [32mBuilding CXX object CMakeFiles/control_msgs__rosidl_typesupport_fastrtps_cpp.dir/rosidl_typesupport_fastrtps_cpp/control_msgs/msg/detail/dds_fastrtps/gripper_command__type_support.cpp.o[0m
[1.681s] [  9%] [32mBuilding CXX object CMakeFiles/control_msgs__rosidl_typesupport_cpp.dir/rosidl_typesupport_cpp/control_msgs/msg/gripper_command__type_support.cpp.o[0m
[1.701s] [  9%] [32mBuilding CXX object CMakeFiles/control_msgs__rosidl_typesupport_introspection_cpp.dir/rosidl_typesupport_introspection_cpp/control_msgs/msg/detail/interface_value__type_support.cpp.o[0m
[1.739s] [ 10%] [32mBuilding C object CMakeFiles/control_msgs__rosidl_generator_c.dir/rosidl_generator_c/control_msgs/msg/detail/joint_trajectory_controller_state__functions.c.o[0m
[1.830s] [ 10%] [32mBuilding C object CMakeFiles/control_msgs__rosidl_generator_c.dir/rosidl_generator_c/control_msgs/msg/detail/pid_state__functions.c.o[0m
[2.025s] [ 11%] [32mBuilding C object CMakeFiles/control_msgs__rosidl_generator_c.dir/rosidl_generator_c/control_msgs/srv/detail/query_calibration_state__functions.c.o[0m
[2.039s] [ 12%] [32mBuilding C object CMakeFiles/control_msgs__rosidl_generator_c.dir/rosidl_generator_c/control_msgs/srv/detail/query_trajectory_state__functions.c.o[0m
[2.078s] [ 13%] [32mBuilding CXX object CMakeFiles/control_msgs__rosidl_typesupport_cpp.dir/rosidl_typesupport_cpp/control_msgs/msg/interface_value__type_support.cpp.o[0m
[2.108s] [ 14%] [32mBuilding CXX object CMakeFiles/control_msgs__rosidl_typesupport_introspection_cpp.dir/rosidl_typesupport_introspection_cpp/control_msgs/msg/detail/joint_controller_state__type_support.cpp.o[0m
[2.116s] [ 15%] [32mBuilding CXX object CMakeFiles/control_msgs__rosidl_typesupport_cpp.dir/rosidl_typesupport_cpp/control_msgs/msg/joint_controller_state__type_support.cpp.o[0m
[2.161s] [ 15%] [32mBuilding C object CMakeFiles/control_msgs__rosidl_generator_c.dir/rosidl_generator_c/control_msgs/action/detail/follow_joint_trajectory__functions.c.o[0m
[2.188s] [ 15%] [32mBuilding CXX object CMakeFiles/control_msgs__rosidl_typesupport_cpp.dir/rosidl_typesupport_cpp/control_msgs/msg/joint_jog__type_support.cpp.o[0m
[2.257s] [ 15%] [32mBuilding CXX object CMakeFiles/control_msgs__rosidl_typesupport_fastrtps_cpp.dir/rosidl_typesupport_fastrtps_cpp/control_msgs/msg/detail/dds_fastrtps/interface_value__type_support.cpp.o[0m
[2.294s] [ 16%] [32mBuilding CXX object CMakeFiles/control_msgs__rosidl_typesupport_introspection_cpp.dir/rosidl_typesupport_introspection_cpp/control_msgs/msg/detail/joint_jog__type_support.cpp.o[0m
[2.361s] [ 17%] [32mBuilding CXX object CMakeFiles/control_msgs__rosidl_typesupport_fastrtps_cpp.dir/rosidl_typesupport_fastrtps_cpp/control_msgs/msg/detail/dds_fastrtps/joint_controller_state__type_support.cpp.o[0m
[2.369s] [ 18%] [32mBuilding C object CMakeFiles/control_msgs__rosidl_generator_c.dir/rosidl_generator_c/control_msgs/action/detail/gripper_command__functions.c.o[0m
[2.513s] [ 19%] [32mBuilding C object CMakeFiles/control_msgs__rosidl_generator_c.dir/rosidl_generator_c/control_msgs/action/detail/joint_trajectory__functions.c.o[0m
[2.550s] [ 20%] [32mBuilding CXX object CMakeFiles/control_msgs__rosidl_typesupport_cpp.dir/rosidl_typesupport_cpp/control_msgs/msg/joint_tolerance__type_support.cpp.o[0m
[2.560s] [ 21%] [32mBuilding CXX object CMakeFiles/control_msgs__rosidl_typesupport_introspection_cpp.dir/rosidl_typesupport_introspection_cpp/control_msgs/msg/detail/joint_tolerance__type_support.cpp.o[0m
[2.577s] [ 22%] [32mBuilding CXX object CMakeFiles/control_msgs__rosidl_typesupport_fastrtps_cpp.dir/rosidl_typesupport_fastrtps_cpp/control_msgs/msg/detail/dds_fastrtps/joint_jog__type_support.cpp.o[0m
[2.593s] [ 23%] [32mBuilding CXX object CMakeFiles/control_msgs__rosidl_typesupport_cpp.dir/rosidl_typesupport_cpp/control_msgs/msg/joint_trajectory_controller_state__type_support.cpp.o[0m
[2.770s] [ 24%] [32mBuilding C object CMakeFiles/control_msgs__rosidl_generator_c.dir/rosidl_generator_c/control_msgs/action/detail/point_head__functions.c.o[0m
[2.855s] [ 24%] [32mBuilding CXX object CMakeFiles/control_msgs__rosidl_typesupport_introspection_cpp.dir/rosidl_typesupport_introspection_cpp/control_msgs/msg/detail/joint_trajectory_controller_state__type_support.cpp.o[0m
[2.932s] [ 25%] [32mBuilding CXX object CMakeFiles/control_msgs__rosidl_typesupport_introspection_cpp.dir/rosidl_typesupport_introspection_cpp/control_msgs/msg/detail/pid_state__type_support.cpp.o[0m
[2.937s] [ 25%] [32mBuilding CXX object CMakeFiles/control_msgs__rosidl_typesupport_fastrtps_cpp.dir/rosidl_typesupport_fastrtps_cpp/control_msgs/msg/detail/dds_fastrtps/joint_tolerance__type_support.cpp.o[0m
[2.945s] [ 26%] [32mBuilding CXX object CMakeFiles/control_msgs__rosidl_typesupport_introspection_cpp.dir/rosidl_typesupport_introspection_cpp/control_msgs/srv/detail/query_calibration_state__type_support.cpp.o[0m
[2.984s] [ 27%] [32mBuilding CXX object CMakeFiles/control_msgs__rosidl_typesupport_fastrtps_cpp.dir/rosidl_typesupport_fastrtps_cpp/control_msgs/msg/detail/dds_fastrtps/joint_trajectory_controller_state__type_support.cpp.o[0m
[3.081s] [ 28%] [32mBuilding CXX object CMakeFiles/control_msgs__rosidl_typesupport_cpp.dir/rosidl_typesupport_cpp/control_msgs/msg/pid_state__type_support.cpp.o[0m
[3.110s] [ 28%] [32mBuilding C object CMakeFiles/control_msgs__rosidl_generator_c.dir/rosidl_generator_c/control_msgs/action/detail/single_joint_position__functions.c.o[0m
[3.363s] [ 29%] [32m[1mLinking C shared library libcontrol_msgs__rosidl_generator_c.so[0m
[3.408s] [ 29%] [32mBuilding CXX object CMakeFiles/control_msgs__rosidl_typesupport_introspection_cpp.dir/rosidl_typesupport_introspection_cpp/control_msgs/srv/detail/query_trajectory_state__type_support.cpp.o[0m
[3.422s] [ 30%] [32mBuilding CXX object CMakeFiles/control_msgs__rosidl_typesupport_fastrtps_cpp.dir/rosidl_typesupport_fastrtps_cpp/control_msgs/msg/detail/dds_fastrtps/pid_state__type_support.cpp.o[0m
[3.537s] [ 31%] [32mBuilding CXX object CMakeFiles/control_msgs__rosidl_typesupport_introspection_cpp.dir/rosidl_typesupport_introspection_cpp/control_msgs/action/detail/follow_joint_trajectory__type_support.cpp.o[0m
[3.548s] [ 31%] [32mBuilding CXX object CMakeFiles/control_msgs__rosidl_typesupport_cpp.dir/rosidl_typesupport_cpp/control_msgs/srv/query_calibration_state__type_support.cpp.o[0m
[3.561s] [ 32%] Built target control_msgs__rosidl_generator_c
[3.611s] [ 33%] [32mBuilding CXX object CMakeFiles/control_msgs__rosidl_typesupport_cpp.dir/rosidl_typesupport_cpp/control_msgs/srv/query_trajectory_state__type_support.cpp.o[0m
[3.775s] [35m[1mScanning dependencies of target control_msgs__rosidl_typesupport_introspection_c[0m
[3.879s] [ 34%] [32mBuilding C object CMakeFiles/control_msgs__rosidl_typesupport_introspection_c.dir/rosidl_typesupport_introspection_c/control_msgs/msg/detail/dynamic_joint_state__type_support.c.o[0m
[4.017s] [ 34%] [32mBuilding C object CMakeFiles/control_msgs__rosidl_typesupport_introspection_c.dir/rosidl_typesupport_introspection_c/control_msgs/msg/detail/gripper_command__type_support.c.o[0m
[4.021s] [35m[1mScanning dependencies of target control_msgs__rosidl_typesupport_c[0m
[4.034s] [ 35%] [32mBuilding CXX object CMakeFiles/control_msgs__rosidl_typesupport_cpp.dir/rosidl_typesupport_cpp/control_msgs/action/follow_joint_trajectory__type_support.cpp.o[0m
[4.046s] [ 35%] [32mBuilding CXX object CMakeFiles/control_msgs__rosidl_typesupport_fastrtps_cpp.dir/rosidl_typesupport_fastrtps_cpp/control_msgs/srv/detail/dds_fastrtps/query_calibration_state__type_support.cpp.o[0m
[4.051s] [ 36%] [32mBuilding CXX object CMakeFiles/control_msgs__rosidl_typesupport_introspection_cpp.dir/rosidl_typesupport_introspection_cpp/control_msgs/action/detail/gripper_command__type_support.cpp.o[0m
[4.091s] [ 36%] [32mBuilding CXX object CMakeFiles/control_msgs__rosidl_typesupport_c.dir/rosidl_typesupport_c/control_msgs/msg/dynamic_joint_state__type_support.cpp.o[0m
[4.151s] [ 37%] [32mBuilding C object CMakeFiles/control_msgs__rosidl_typesupport_introspection_c.dir/rosidl_typesupport_introspection_c/control_msgs/msg/detail/interface_value__type_support.c.o[0m
[4.203s] [ 38%] [32mBuilding C object CMakeFiles/control_msgs__rosidl_typesupport_introspection_c.dir/rosidl_typesupport_introspection_c/control_msgs/msg/detail/joint_controller_state__type_support.c.o[0m
[4.231s] [ 39%] [32mBuilding CXX object CMakeFiles/control_msgs__rosidl_typesupport_fastrtps_cpp.dir/rosidl_typesupport_fastrtps_cpp/control_msgs/srv/detail/dds_fastrtps/query_trajectory_state__type_support.cpp.o[0m
[4.243s] [ 40%] [32mBuilding CXX object CMakeFiles/control_msgs__rosidl_typesupport_c.dir/rosidl_typesupport_c/control_msgs/msg/gripper_command__type_support.cpp.o[0m
[4.263s] [ 41%] [32mBuilding C object CMakeFiles/control_msgs__rosidl_typesupport_introspection_c.dir/rosidl_typesupport_introspection_c/control_msgs/msg/detail/joint_jog__type_support.c.o[0m
[4.383s] [ 42%] [32mBuilding CXX object CMakeFiles/control_msgs__rosidl_typesupport_c.dir/rosidl_typesupport_c/control_msgs/msg/interface_value__type_support.cpp.o[0m
[4.429s] [ 42%] [32mBuilding C object CMakeFiles/control_msgs__rosidl_typesupport_introspection_c.dir/rosidl_typesupport_introspection_c/control_msgs/msg/detail/joint_tolerance__type_support.c.o[0m
[4.473s] [ 43%] [32mBuilding CXX object CMakeFiles/control_msgs__rosidl_typesupport_fastrtps_cpp.dir/rosidl_typesupport_fastrtps_cpp/control_msgs/action/detail/dds_fastrtps/follow_joint_trajectory__type_support.cpp.o[0m
[4.527s] [ 44%] [32mBuilding C object CMakeFiles/control_msgs__rosidl_typesupport_introspection_c.dir/rosidl_typesupport_introspection_c/control_msgs/msg/detail/joint_trajectory_controller_state__type_support.c.o[0m
[4.531s] [ 44%] [32mBuilding CXX object CMakeFiles/control_msgs__rosidl_typesupport_c.dir/rosidl_typesupport_c/control_msgs/msg/joint_controller_state__type_support.cpp.o[0m
[4.555s] [ 44%] [32mBuilding CXX object CMakeFiles/control_msgs__rosidl_typesupport_introspection_cpp.dir/rosidl_typesupport_introspection_cpp/control_msgs/action/detail/joint_trajectory__type_support.cpp.o[0m
[4.620s] [ 45%] [32mBuilding C object CMakeFiles/control_msgs__rosidl_typesupport_introspection_c.dir/rosidl_typesupport_introspection_c/control_msgs/msg/detail/pid_state__type_support.c.o[0m
[4.663s] [ 45%] [32mBuilding CXX object CMakeFiles/control_msgs__rosidl_typesupport_cpp.dir/rosidl_typesupport_cpp/control_msgs/action/gripper_command__type_support.cpp.o[0m
[4.673s] [ 46%] [32mBuilding CXX object CMakeFiles/control_msgs__rosidl_typesupport_c.dir/rosidl_typesupport_c/control_msgs/msg/joint_jog__type_support.cpp.o[0m
[4.686s] [ 47%] [32mBuilding CXX object CMakeFiles/control_msgs__rosidl_typesupport_c.dir/rosidl_typesupport_c/control_msgs/msg/joint_tolerance__type_support.cpp.o[0m
[4.730s] [ 47%] [32mBuilding C object CMakeFiles/control_msgs__rosidl_typesupport_introspection_c.dir/rosidl_typesupport_introspection_c/control_msgs/srv/detail/query_calibration_state__type_support.c.o[0m
[4.745s] [ 48%] [32mBuilding CXX object CMakeFiles/control_msgs__rosidl_typesupport_cpp.dir/rosidl_typesupport_cpp/control_msgs/action/joint_trajectory__type_support.cpp.o[0m
[4.790s] [ 49%] [32mBuilding C object CMakeFiles/control_msgs__rosidl_typesupport_introspection_c.dir/rosidl_typesupport_introspection_c/control_msgs/srv/detail/query_trajectory_state__type_support.c.o[0m
[4.792s] [ 50%] [32mBuilding CXX object CMakeFiles/control_msgs__rosidl_typesupport_c.dir/rosidl_typesupport_c/control_msgs/msg/joint_trajectory_controller_state__type_support.cpp.o[0m
[4.833s] [ 51%] [32mBuilding CXX object CMakeFiles/control_msgs__rosidl_typesupport_introspection_cpp.dir/rosidl_typesupport_introspection_cpp/control_msgs/action/detail/point_head__type_support.cpp.o[0m
[4.923s] [ 52%] [32mBuilding C object CMakeFiles/control_msgs__rosidl_typesupport_introspection_c.dir/rosidl_typesupport_introspection_c/control_msgs/action/detail/follow_joint_trajectory__type_support.c.o[0m
[4.939s] [ 52%] [32mBuilding CXX object CMakeFiles/control_msgs__rosidl_typesupport_c.dir/rosidl_typesupport_c/control_msgs/msg/pid_state__type_support.cpp.o[0m
[5.039s] [ 53%] [32mBuilding CXX object CMakeFiles/control_msgs__rosidl_typesupport_c.dir/rosidl_typesupport_c/control_msgs/srv/query_calibration_state__type_support.cpp.o[0m
[5.115s] [ 53%] [32mBuilding C object CMakeFiles/control_msgs__rosidl_typesupport_introspection_c.dir/rosidl_typesupport_introspection_c/control_msgs/action/detail/gripper_command__type_support.c.o[0m
[5.128s] [ 54%] [32mBuilding CXX object CMakeFiles/control_msgs__rosidl_typesupport_c.dir/rosidl_typesupport_c/control_msgs/srv/query_trajectory_state__type_support.cpp.o[0m
[5.165s] [ 55%] [32mBuilding CXX object CMakeFiles/control_msgs__rosidl_typesupport_fastrtps_cpp.dir/rosidl_typesupport_fastrtps_cpp/control_msgs/action/detail/dds_fastrtps/gripper_command__type_support.cpp.o[0m
[5.239s] [ 55%] [32mBuilding CXX object CMakeFiles/control_msgs__rosidl_typesupport_c.dir/rosidl_typesupport_c/control_msgs/action/follow_joint_trajectory__type_support.cpp.o[0m
[5.252s] [ 56%] [32mBuilding C object CMakeFiles/control_msgs__rosidl_typesupport_introspection_c.dir/rosidl_typesupport_introspection_c/control_msgs/action/detail/joint_trajectory__type_support.c.o[0m
[5.271s] [ 56%] [32mBuilding CXX object CMakeFiles/control_msgs__rosidl_typesupport_fastrtps_cpp.dir/rosidl_typesupport_fastrtps_cpp/control_msgs/action/detail/dds_fastrtps/joint_trajectory__type_support.cpp.o[0m
[5.319s] [ 57%] [32mBuilding CXX object CMakeFiles/control_msgs__rosidl_typesupport_c.dir/rosidl_typesupport_c/control_msgs/action/gripper_command__type_support.cpp.o[0m
[5.361s] [ 59%] [32mBuilding C object CMakeFiles/control_msgs__rosidl_typesupport_introspection_c.dir/rosidl_typesupport_introspection_c/control_msgs/action/detail/point_head__type_support.c.o[0m
[5.363s] [ 59%] [32mBuilding CXX object CMakeFiles/control_msgs__rosidl_typesupport_introspection_cpp.dir/rosidl_typesupport_introspection_cpp/control_msgs/action/detail/single_joint_position__type_support.cpp.o[0m
[5.369s] [ 60%] [32mBuilding CXX object CMakeFiles/control_msgs__rosidl_typesupport_cpp.dir/rosidl_typesupport_cpp/control_msgs/action/point_head__type_support.cpp.o[0m
[5.399s] [ 61%] [32mBuilding CXX object CMakeFiles/control_msgs__rosidl_typesupport_fastrtps_cpp.dir/rosidl_typesupport_fastrtps_cpp/control_msgs/action/detail/dds_fastrtps/point_head__type_support.cpp.o[0m
[5.447s] [ 62%] [32mBuilding CXX object CMakeFiles/control_msgs__rosidl_typesupport_c.dir/rosidl_typesupport_c/control_msgs/action/joint_trajectory__type_support.cpp.o[0m
[5.554s] [ 63%] [32mBuilding C object CMakeFiles/control_msgs__rosidl_typesupport_introspection_c.dir/rosidl_typesupport_introspection_c/control_msgs/action/detail/single_joint_position__type_support.c.o[0m
[5.592s] [ 64%] [32mBuilding CXX object CMakeFiles/control_msgs__rosidl_typesupport_fastrtps_cpp.dir/rosidl_typesupport_fastrtps_cpp/control_msgs/action/detail/dds_fastrtps/single_joint_position__type_support.cpp.o[0m
[5.617s] [ 64%] [32mBuilding CXX object CMakeFiles/control_msgs__rosidl_typesupport_c.dir/rosidl_typesupport_c/control_msgs/action/point_head__type_support.cpp.o[0m
[5.664s] [ 64%] [32m[1mLinking C shared library libcontrol_msgs__rosidl_typesupport_introspection_c.so[0m
[5.828s] [ 65%] Built target control_msgs__rosidl_typesupport_introspection_c
[5.847s] [ 66%] [32mBuilding CXX object CMakeFiles/control_msgs__rosidl_typesupport_c.dir/rosidl_typesupport_c/control_msgs/action/single_joint_position__type_support.cpp.o[0m
[5.866s] [ 66%] [32mBuilding CXX object CMakeFiles/control_msgs__rosidl_typesupport_cpp.dir/rosidl_typesupport_cpp/control_msgs/action/single_joint_position__type_support.cpp.o[0m
[5.934s] [ 67%] [32m[1mLinking CXX shared library libcontrol_msgs__rosidl_typesupport_introspection_cpp.so[0m
[5.956s] [ 68%] [32m[1mLinking CXX shared library libcontrol_msgs__rosidl_typesupport_c.so[0m
[6.039s] [ 69%] Built target control_msgs__rosidl_typesupport_c
[6.084s] [ 69%] Built target control_msgs__rosidl_typesupport_introspection_cpp
[6.224s] [ 70%] [32m[1mLinking CXX shared library libcontrol_msgs__rosidl_typesupport_cpp.so[0m
[6.265s] [ 71%] Built target control_msgs__rosidl_typesupport_cpp
[6.308s] [ 71%] [32m[1mLinking CXX shared library libcontrol_msgs__rosidl_typesupport_fastrtps_cpp.so[0m
[6.404s] [ 72%] Built target control_msgs__rosidl_typesupport_fastrtps_cpp
[6.425s] [35m[1mScanning dependencies of target control_msgs__rosidl_typesupport_fastrtps_c[0m
[6.459s] [ 75%] [32mBuilding CXX object CMakeFiles/control_msgs__rosidl_typesupport_fastrtps_c.dir/rosidl_typesupport_fastrtps_c/control_msgs/msg/detail/joint_controller_state__type_support_c.cpp.o[0m
[6.459s] [ 75%] [32mBuilding CXX object CMakeFiles/control_msgs__rosidl_typesupport_fastrtps_c.dir/rosidl_typesupport_fastrtps_c/control_msgs/msg/detail/interface_value__type_support_c.cpp.o[0m
[6.459s] [ 75%] [32mBuilding CXX object CMakeFiles/control_msgs__rosidl_typesupport_fastrtps_c.dir/rosidl_typesupport_fastrtps_c/control_msgs/msg/detail/dynamic_joint_state__type_support_c.cpp.o[0m
[6.459s] [ 75%] [32mBuilding CXX object CMakeFiles/control_msgs__rosidl_typesupport_fastrtps_c.dir/rosidl_typesupport_fastrtps_c/control_msgs/msg/detail/joint_jog__type_support_c.cpp.o[0m
[6.460s] [ 75%] [32mBuilding CXX object CMakeFiles/control_msgs__rosidl_typesupport_fastrtps_c.dir/rosidl_typesupport_fastrtps_c/control_msgs/msg/detail/gripper_command__type_support_c.cpp.o[0m
[6.461s] [ 76%] [32mBuilding CXX object CMakeFiles/control_msgs__rosidl_typesupport_fastrtps_c.dir/rosidl_typesupport_fastrtps_c/control_msgs/msg/detail/joint_tolerance__type_support_c.cpp.o[0m
[6.467s] [ 77%] [32mBuilding CXX object CMakeFiles/control_msgs__rosidl_typesupport_fastrtps_c.dir/rosidl_typesupport_fastrtps_c/control_msgs/msg/detail/joint_trajectory_controller_state__type_support_c.cpp.o[0m
[6.481s] [ 77%] [32mBuilding CXX object CMakeFiles/control_msgs__rosidl_typesupport_fastrtps_c.dir/rosidl_typesupport_fastrtps_c/control_msgs/msg/detail/pid_state__type_support_c.cpp.o[0m
[6.979s] [ 78%] [32mBuilding CXX object CMakeFiles/control_msgs__rosidl_typesupport_fastrtps_c.dir/rosidl_typesupport_fastrtps_c/control_msgs/srv/detail/query_trajectory_state__type_support_c.cpp.o[0m
[6.982s] [ 79%] [32mBuilding CXX object CMakeFiles/control_msgs__rosidl_typesupport_fastrtps_c.dir/rosidl_typesupport_fastrtps_c/control_msgs/srv/detail/query_calibration_state__type_support_c.cpp.o[0m
[6.998s] [ 80%] [32mBuilding CXX object CMakeFiles/control_msgs__rosidl_typesupport_fastrtps_c.dir/rosidl_typesupport_fastrtps_c/control_msgs/action/detail/follow_joint_trajectory__type_support_c.cpp.o[0m
[7.083s] [ 80%] [32mBuilding CXX object CMakeFiles/control_msgs__rosidl_typesupport_fastrtps_c.dir/rosidl_typesupport_fastrtps_c/control_msgs/action/detail/gripper_command__type_support_c.cpp.o[0m
[7.093s] [ 81%] [32mBuilding CXX object CMakeFiles/control_msgs__rosidl_typesupport_fastrtps_c.dir/rosidl_typesupport_fastrtps_c/control_msgs/action/detail/joint_trajectory__type_support_c.cpp.o[0m
[7.105s] [ 82%] [32mBuilding CXX object CMakeFiles/control_msgs__rosidl_typesupport_fastrtps_c.dir/rosidl_typesupport_fastrtps_c/control_msgs/action/detail/point_head__type_support_c.cpp.o[0m
[7.154s] [ 82%] [32mBuilding CXX object CMakeFiles/control_msgs__rosidl_typesupport_fastrtps_c.dir/rosidl_typesupport_fastrtps_c/control_msgs/action/detail/single_joint_position__type_support_c.cpp.o[0m
[7.741s] [ 83%] [32m[1mLinking CXX shared library libcontrol_msgs__rosidl_typesupport_fastrtps_c.so[0m
[7.824s] [ 84%] Built target control_msgs__rosidl_typesupport_fastrtps_c
[7.840s] [ 84%] Built target control_msgs
[7.858s] [ 85%] Built target control_msgs__py
[7.870s] [35m[1mScanning dependencies of target control_msgs__python[0m
[7.902s] [ 88%] [32mBuilding C object CMakeFiles/control_msgs__python.dir/rosidl_generator_py/control_msgs/msg/_interface_value_s.c.o[0m
[7.902s] [ 88%] [32mBuilding C object CMakeFiles/control_msgs__python.dir/rosidl_generator_py/control_msgs/msg/_joint_controller_state_s.c.o[0m
[7.903s] [ 88%] [32mBuilding C object CMakeFiles/control_msgs__python.dir/rosidl_generator_py/control_msgs/msg/_dynamic_joint_state_s.c.o[0m
[7.903s] [ 88%] [32mBuilding C object CMakeFiles/control_msgs__python.dir/rosidl_generator_py/control_msgs/msg/_joint_jog_s.c.o[0m
[7.903s] [ 88%] [32mBuilding C object CMakeFiles/control_msgs__python.dir/rosidl_generator_py/control_msgs/msg/_gripper_command_s.c.o[0m
[7.903s] [ 89%] [32mBuilding C object CMakeFiles/control_msgs__python.dir/rosidl_generator_py/control_msgs/msg/_joint_tolerance_s.c.o[0m
[7.911s] [ 90%] [32mBuilding C object CMakeFiles/control_msgs__python.dir/rosidl_generator_py/control_msgs/msg/_joint_trajectory_controller_state_s.c.o[0m
[7.912s] [ 90%] [32mBuilding C object CMakeFiles/control_msgs__python.dir/rosidl_generator_py/control_msgs/msg/_pid_state_s.c.o[0m
[8.029s] [ 91%] [32mBuilding C object CMakeFiles/control_msgs__python.dir/rosidl_generator_py/control_msgs/srv/_query_calibration_state_s.c.o[0m
[8.036s] [ 92%] [32mBuilding C object CMakeFiles/control_msgs__python.dir/rosidl_generator_py/control_msgs/srv/_query_trajectory_state_s.c.o[0m
[8.041s] [ 92%] [32mBuilding C object CMakeFiles/control_msgs__python.dir/rosidl_generator_py/control_msgs/action/_gripper_command_s.c.o[0m
[8.053s] [ 93%] [32mBuilding C object CMakeFiles/control_msgs__python.dir/rosidl_generator_py/control_msgs/action/_follow_joint_trajectory_s.c.o[0m
[8.086s] [ 94%] [32mBuilding C object CMakeFiles/control_msgs__python.dir/rosidl_generator_py/control_msgs/action/_joint_trajectory_s.c.o[0m
[8.101s] [ 95%] [32mBuilding C object CMakeFiles/control_msgs__python.dir/rosidl_generator_py/control_msgs/action/_point_head_s.c.o[0m
[8.110s] [ 95%] [32mBuilding C object CMakeFiles/control_msgs__python.dir/rosidl_generator_py/control_msgs/action/_single_joint_position_s.c.o[0m
[8.286s] [ 96%] [32m[1mLinking C shared library rosidl_generator_py/control_msgs/libcontrol_msgs__python.so[0m
[8.330s] [ 96%] Built target control_msgs__python
[8.339s] [35m[1mScanning dependencies of target control_msgs__rosidl_typesupport_introspection_c__pyext[0m
[8.340s] [35m[1mScanning dependencies of target control_msgs__rosidl_typesupport_fastrtps_c__pyext[0m
[8.341s] [35m[1mScanning dependencies of target control_msgs__rosidl_typesupport_c__pyext[0m
[8.357s] [ 97%] [32mBuilding C object CMakeFiles/control_msgs__rosidl_typesupport_introspection_c__pyext.dir/rosidl_generator_py/control_msgs/_control_msgs_s.ep.rosidl_typesupport_introspection_c.c.o[0m
[8.361s] [ 98%] [32mBuilding C object CMakeFiles/control_msgs__rosidl_typesupport_c__pyext.dir/rosidl_generator_py/control_msgs/_control_msgs_s.ep.rosidl_typesupport_c.c.o[0m
[8.361s] [ 99%] [32mBuilding C object CMakeFiles/control_msgs__rosidl_typesupport_fastrtps_c__pyext.dir/rosidl_generator_py/control_msgs/_control_msgs_s.ep.rosidl_typesupport_fastrtps_c.c.o[0m
[8.565s] [100%] [32m[1mLinking C shared library rosidl_generator_py/control_msgs/control_msgs_s__rosidl_typesupport_introspection_c.cpython-38-x86_64-linux-gnu.so[0m
[8.573s] [100%] [32m[1mLinking CXX shared library rosidl_generator_py/control_msgs/control_msgs_s__rosidl_typesupport_fastrtps_c.cpython-38-x86_64-linux-gnu.so[0m
[8.606s] [100%] Built target control_msgs__rosidl_typesupport_introspection_c__pyext
[8.642s] [100%] Built target control_msgs__rosidl_typesupport_fastrtps_c__pyext
[8.673s] [100%] [32m[1mLinking C shared library rosidl_generator_py/control_msgs/control_msgs_s__rosidl_typesupport_c.cpython-38-x86_64-linux-gnu.so[0m
[8.710s] [100%] Built target control_msgs__rosidl_typesupport_c__pyext
[8.722s] Invoked command in '/home/dndqodqks/ros2_ws/build/control_msgs' returned '0': CMAKE_PREFIX_PATH=${CMAKE_PREFIX_PATH}:/home/dndqodqks/ros2_ws/install/my_sphere_pkg:/home/dndqodqks/ros2_ws/install/my_environment_pkg:/home/dndqodqks/ros2_ws/install/my_doosan_pkg:/opt/ros/foxy /home/dndqodqks/.local/bin/cmake --build /home/dndqodqks/ros2_ws/build/control_msgs -- -j8 -l8
[8.926s] Invoking command in '/home/dndqodqks/ros2_ws/build/control_msgs': CMAKE_PREFIX_PATH=${CMAKE_PREFIX_PATH}:/home/dndqodqks/ros2_ws/install/my_sphere_pkg:/home/dndqodqks/ros2_ws/install/my_environment_pkg:/home/dndqodqks/ros2_ws/install/my_doosan_pkg:/opt/ros/foxy /home/dndqodqks/.local/bin/cmake --install /home/dndqodqks/ros2_ws/build/control_msgs
[8.951s] -- Install configuration: ""
[8.952s] -- Execute custom install script
[8.952s] -- Up-to-date symlink: /home/dndqodqks/ros2_ws/install/control_msgs/share/ament_index/resource_index/rosidl_interfaces/control_msgs
[8.954s] -- Up-to-date symlink: /home/dndqodqks/ros2_ws/install/control_msgs/include/control_msgs/action/detail/follow_joint_trajectory__functions.h
[8.954s] -- Up-to-date symlink: /home/dndqodqks/ros2_ws/install/control_msgs/include/control_msgs/action/detail/follow_joint_trajectory__struct.h
[8.954s] -- Up-to-date symlink: /home/dndqodqks/ros2_ws/install/control_msgs/include/control_msgs/action/detail/follow_joint_trajectory__type_support.h
[8.954s] -- Up-to-date symlink: /home/dndqodqks/ros2_ws/install/control_msgs/include/control_msgs/action/detail/gripper_command__functions.h
[8.954s] -- Up-to-date symlink: /home/dndqodqks/ros2_ws/install/control_msgs/include/control_msgs/action/detail/gripper_command__struct.h
[8.954s] -- Up-to-date symlink: /home/dndqodqks/ros2_ws/install/control_msgs/include/control_msgs/action/detail/gripper_command__type_support.h
[8.954s] -- Up-to-date symlink: /home/dndqodqks/ros2_ws/install/control_msgs/include/control_msgs/action/detail/joint_trajectory__functions.h
[8.954s] -- Up-to-date symlink: /home/dndqodqks/ros2_ws/install/control_msgs/include/control_msgs/action/detail/joint_trajectory__struct.h
[8.954s] -- Up-to-date symlink: /home/dndqodqks/ros2_ws/install/control_msgs/include/control_msgs/action/detail/joint_trajectory__type_support.h
[8.954s] -- Up-to-date symlink: /home/dndqodqks/ros2_ws/install/control_msgs/include/control_msgs/action/detail/point_head__functions.h
[8.954s] -- Up-to-date symlink: /home/dndqodqks/ros2_ws/install/control_msgs/include/control_msgs/action/detail/point_head__struct.h
[8.954s] -- Up-to-date symlink: /home/dndqodqks/ros2_ws/install/control_msgs/include/control_msgs/action/detail/point_head__type_support.h
[8.955s] -- Up-to-date symlink: /home/dndqodqks/ros2_ws/install/control_msgs/include/control_msgs/action/detail/single_joint_position__functions.h
[8.955s] -- Up-to-date symlink: /home/dndqodqks/ros2_ws/install/control_msgs/include/control_msgs/action/detail/single_joint_position__struct.h
[8.955s] -- Up-to-date symlink: /home/dndqodqks/ros2_ws/install/control_msgs/include/control_msgs/action/detail/single_joint_position__type_support.h
[8.955s] -- Up-to-date symlink: /home/dndqodqks/ros2_ws/install/control_msgs/include/control_msgs/action/follow_joint_trajectory.h
[8.955s] -- Up-to-date symlink: /home/dndqodqks/ros2_ws/install/control_msgs/include/control_msgs/action/gripper_command.h
[8.955s] -- Up-to-date symlink: /home/dndqodqks/ros2_ws/install/control_msgs/include/control_msgs/action/joint_trajectory.h
[8.955s] -- Up-to-date symlink: /home/dndqodqks/ros2_ws/install/control_msgs/include/control_msgs/action/point_head.h
[8.955s] -- Up-to-date symlink: /home/dndqodqks/ros2_ws/install/control_msgs/include/control_msgs/action/single_joint_position.h
[8.955s] -- Up-to-date symlink: /home/dndqodqks/ros2_ws/install/control_msgs/include/control_msgs/msg/detail/dynamic_joint_state__functions.h
[8.955s] -- Up-to-date symlink: /home/dndqodqks/ros2_ws/install/control_msgs/include/control_msgs/msg/detail/dynamic_joint_state__struct.h
[8.956s] -- Up-to-date symlink: /home/dndqodqks/ros2_ws/install/control_msgs/include/control_msgs/msg/detail/dynamic_joint_state__type_support.h
[8.956s] -- Up-to-date symlink: /home/dndqodqks/ros2_ws/install/control_msgs/include/control_msgs/msg/detail/gripper_command__functions.h
[8.956s] -- Up-to-date symlink: /home/dndqodqks/ros2_ws/install/control_msgs/include/control_msgs/msg/detail/gripper_command__struct.h
[8.956s] -- Up-to-date symlink: /home/dndqodqks/ros2_ws/install/control_msgs/include/control_msgs/msg/detail/gripper_command__type_support.h
[8.956s] -- Up-to-date symlink: /home/dndqodqks/ros2_ws/install/control_msgs/include/control_msgs/msg/detail/interface_value__functions.h
[8.956s] -- Up-to-date symlink: /home/dndqodqks/ros2_ws/install/control_msgs/include/control_msgs/msg/detail/interface_value__struct.h
[8.956s] -- Up-to-date symlink: /home/dndqodqks/ros2_ws/install/control_msgs/include/control_msgs/msg/detail/interface_value__type_support.h
[8.956s] -- Up-to-date symlink: /home/dndqodqks/ros2_ws/install/control_msgs/include/control_msgs/msg/detail/joint_controller_state__functions.h
[8.956s] -- Up-to-date symlink: /home/dndqodqks/ros2_ws/install/control_msgs/include/control_msgs/msg/detail/joint_controller_state__struct.h
[8.956s] -- Up-to-date symlink: /home/dndqodqks/ros2_ws/install/control_msgs/include/control_msgs/msg/detail/joint_controller_state__type_support.h
[8.956s] -- Up-to-date symlink: /home/dndqodqks/ros2_ws/install/control_msgs/include/control_msgs/msg/detail/joint_jog__functions.h
[8.956s] -- Up-to-date symlink: /home/dndqodqks/ros2_ws/install/control_msgs/include/control_msgs/msg/detail/joint_jog__struct.h
[8.956s] -- Up-to-date symlink: /home/dndqodqks/ros2_ws/install/control_msgs/include/control_msgs/msg/detail/joint_jog__type_support.h
[8.956s] -- Up-to-date symlink: /home/dndqodqks/ros2_ws/install/control_msgs/include/control_msgs/msg/detail/joint_tolerance__functions.h
[8.957s] -- Up-to-date symlink: /home/dndqodqks/ros2_ws/install/control_msgs/include/control_msgs/msg/detail/joint_tolerance__struct.h
[8.957s] -- Up-to-date symlink: /home/dndqodqks/ros2_ws/install/control_msgs/include/control_msgs/msg/detail/joint_tolerance__type_support.h
[8.957s] -- Up-to-date symlink: /home/dndqodqks/ros2_ws/install/control_msgs/include/control_msgs/msg/detail/joint_trajectory_controller_state__functions.h
[8.957s] -- Up-to-date symlink: /home/dndqodqks/ros2_ws/install/control_msgs/include/control_msgs/msg/detail/joint_trajectory_controller_state__struct.h
[8.957s] -- Up-to-date symlink: /home/dndqodqks/ros2_ws/install/control_msgs/include/control_msgs/msg/detail/joint_trajectory_controller_state__type_support.h
[8.957s] -- Up-to-date symlink: /home/dndqodqks/ros2_ws/install/control_msgs/include/control_msgs/msg/detail/pid_state__functions.h
[8.957s] -- Up-to-date symlink: /home/dndqodqks/ros2_ws/install/control_msgs/include/control_msgs/msg/detail/pid_state__struct.h
[8.957s] -- Up-to-date symlink: /home/dndqodqks/ros2_ws/install/control_msgs/include/control_msgs/msg/detail/pid_state__type_support.h
[8.957s] -- Up-to-date symlink: /home/dndqodqks/ros2_ws/install/control_msgs/include/control_msgs/msg/dynamic_joint_state.h
[8.957s] -- Up-to-date symlink: /home/dndqodqks/ros2_ws/install/control_msgs/include/control_msgs/msg/gripper_command.h
[8.957s] -- Up-to-date symlink: /home/dndqodqks/ros2_ws/install/control_msgs/include/control_msgs/msg/interface_value.h
[8.957s] -- Up-to-date symlink: /home/dndqodqks/ros2_ws/install/control_msgs/include/control_msgs/msg/joint_controller_state.h
[8.957s] -- Up-to-date symlink: /home/dndqodqks/ros2_ws/install/control_msgs/include/control_msgs/msg/joint_jog.h
[8.958s] -- Up-to-date symlink: /home/dndqodqks/ros2_ws/install/control_msgs/include/control_msgs/msg/joint_tolerance.h
[8.958s] -- Up-to-date symlink: /home/dndqodqks/ros2_ws/install/control_msgs/include/control_msgs/msg/joint_trajectory_controller_state.h
[8.958s] -- Up-to-date symlink: /home/dndqodqks/ros2_ws/install/control_msgs/include/control_msgs/msg/pid_state.h
[8.958s] -- Up-to-date symlink: /home/dndqodqks/ros2_ws/install/control_msgs/include/control_msgs/msg/rosidl_generator_c__visibility_control.h
[8.958s] -- Up-to-date symlink: /home/dndqodqks/ros2_ws/install/control_msgs/include/control_msgs/srv/detail/query_calibration_state__functions.h
[8.958s] -- Up-to-date symlink: /home/dndqodqks/ros2_ws/install/control_msgs/include/control_msgs/srv/detail/query_calibration_state__struct.h
[8.958s] -- Up-to-date symlink: /home/dndqodqks/ros2_ws/install/control_msgs/include/control_msgs/srv/detail/query_calibration_state__type_support.h
[8.958s] -- Up-to-date symlink: /home/dndqodqks/ros2_ws/install/control_msgs/include/control_msgs/srv/detail/query_trajectory_state__functions.h
[8.958s] -- Up-to-date symlink: /home/dndqodqks/ros2_ws/install/control_msgs/include/control_msgs/srv/detail/query_trajectory_state__struct.h
[8.958s] -- Up-to-date symlink: /home/dndqodqks/ros2_ws/install/control_msgs/include/control_msgs/srv/detail/query_trajectory_state__type_support.h
[8.958s] -- Up-to-date symlink: /home/dndqodqks/ros2_ws/install/control_msgs/include/control_msgs/srv/query_calibration_state.h
[8.958s] -- Up-to-date symlink: /home/dndqodqks/ros2_ws/install/control_msgs/include/control_msgs/srv/query_trajectory_state.h
[8.959s] -- Up-to-date symlink: /home/dndqodqks/ros2_ws/install/control_msgs/share/control_msgs/environment/library_path.sh
[8.959s] -- Up-to-date symlink: /home/dndqodqks/ros2_ws/install/control_msgs/share/control_msgs/environment/library_path.dsv
[8.959s] -- Up-to-date symlink: /home/dndqodqks/ros2_ws/install/control_msgs/include/control_msgs/action/detail/follow_joint_trajectory__rosidl_typesupport_fastrtps_c.h
[8.960s] -- Up-to-date symlink: /home/dndqodqks/ros2_ws/install/control_msgs/include/control_msgs/action/detail/gripper_command__rosidl_typesupport_fastrtps_c.h
[8.960s] -- Up-to-date symlink: /home/dndqodqks/ros2_ws/install/control_msgs/include/control_msgs/action/detail/joint_trajectory__rosidl_typesupport_fastrtps_c.h
[8.960s] -- Up-to-date symlink: /home/dndqodqks/ros2_ws/install/control_msgs/include/control_msgs/action/detail/point_head__rosidl_typesupport_fastrtps_c.h
[8.960s] -- Up-to-date symlink: /home/dndqodqks/ros2_ws/install/control_msgs/include/control_msgs/action/detail/single_joint_position__rosidl_typesupport_fastrtps_c.h
[8.960s] -- Up-to-date symlink: /home/dndqodqks/ros2_ws/install/control_msgs/include/control_msgs/msg/detail/dynamic_joint_state__rosidl_typesupport_fastrtps_c.h
[8.960s] -- Up-to-date symlink: /home/dndqodqks/ros2_ws/install/control_msgs/include/control_msgs/msg/detail/gripper_command__rosidl_typesupport_fastrtps_c.h
[8.960s] -- Up-to-date symlink: /home/dndqodqks/ros2_ws/install/control_msgs/include/control_msgs/msg/detail/interface_value__rosidl_typesupport_fastrtps_c.h
[8.960s] -- Up-to-date symlink: /home/dndqodqks/ros2_ws/install/control_msgs/include/control_msgs/msg/detail/joint_controller_state__rosidl_typesupport_fastrtps_c.h
[8.960s] -- Up-to-date symlink: /home/dndqodqks/ros2_ws/install/control_msgs/include/control_msgs/msg/detail/joint_jog__rosidl_typesupport_fastrtps_c.h
[8.960s] -- Up-to-date symlink: /home/dndqodqks/ros2_ws/install/control_msgs/include/control_msgs/msg/detail/joint_tolerance__rosidl_typesupport_fastrtps_c.h
[8.960s] -- Up-to-date symlink: /home/dndqodqks/ros2_ws/install/control_msgs/include/control_msgs/msg/detail/joint_trajectory_controller_state__rosidl_typesupport_fastrtps_c.h
[8.960s] -- Up-to-date symlink: /home/dndqodqks/ros2_ws/install/control_msgs/include/control_msgs/msg/detail/pid_state__rosidl_typesupport_fastrtps_c.h
[8.961s] -- Up-to-date symlink: /home/dndqodqks/ros2_ws/install/control_msgs/include/control_msgs/msg/rosidl_typesupport_fastrtps_c__visibility_control.h
[8.961s] -- Up-to-date symlink: /home/dndqodqks/ros2_ws/install/control_msgs/include/control_msgs/srv/detail/query_calibration_state__rosidl_typesupport_fastrtps_c.h
[8.961s] -- Up-to-date symlink: /home/dndqodqks/ros2_ws/install/control_msgs/include/control_msgs/srv/detail/query_trajectory_state__rosidl_typesupport_fastrtps_c.h
[8.961s] -- Up-to-date symlink: /home/dndqodqks/ros2_ws/install/control_msgs/lib/libcontrol_msgs__rosidl_typesupport_fastrtps_c.so
[8.962s] -- Up-to-date symlink: /home/dndqodqks/ros2_ws/install/control_msgs/include/control_msgs/action/detail/follow_joint_trajectory__rosidl_typesupport_fastrtps_cpp.hpp
[8.962s] -- Up-to-date symlink: /home/dndqodqks/ros2_ws/install/control_msgs/include/control_msgs/action/detail/gripper_command__rosidl_typesupport_fastrtps_cpp.hpp
[8.962s] -- Up-to-date symlink: /home/dndqodqks/ros2_ws/install/control_msgs/include/control_msgs/action/detail/joint_trajectory__rosidl_typesupport_fastrtps_cpp.hpp
[8.962s] -- Up-to-date symlink: /home/dndqodqks/ros2_ws/install/control_msgs/include/control_msgs/action/detail/point_head__rosidl_typesupport_fastrtps_cpp.hpp
[8.962s] -- Up-to-date symlink: /home/dndqodqks/ros2_ws/install/control_msgs/include/control_msgs/action/detail/single_joint_position__rosidl_typesupport_fastrtps_cpp.hpp
[8.962s] -- Up-to-date symlink: /home/dndqodqks/ros2_ws/install/control_msgs/include/control_msgs/msg/detail/dynamic_joint_state__rosidl_typesupport_fastrtps_cpp.hpp
[8.962s] -- Up-to-date symlink: /home/dndqodqks/ros2_ws/install/control_msgs/include/control_msgs/msg/detail/gripper_command__rosidl_typesupport_fastrtps_cpp.hpp
[8.962s] -- Up-to-date symlink: /home/dndqodqks/ros2_ws/install/control_msgs/include/control_msgs/msg/detail/interface_value__rosidl_typesupport_fastrtps_cpp.hpp
[8.962s] -- Up-to-date symlink: /home/dndqodqks/ros2_ws/install/control_msgs/include/control_msgs/msg/detail/joint_controller_state__rosidl_typesupport_fastrtps_cpp.hpp
[8.962s] -- Up-to-date symlink: /home/dndqodqks/ros2_ws/install/control_msgs/include/control_msgs/msg/detail/joint_jog__rosidl_typesupport_fastrtps_cpp.hpp
[8.962s] -- Up-to-date symlink: /home/dndqodqks/ros2_ws/install/control_msgs/include/control_msgs/msg/detail/joint_tolerance__rosidl_typesupport_fastrtps_cpp.hpp
[8.963s] -- Up-to-date symlink: /home/dndqodqks/ros2_ws/install/control_msgs/include/control_msgs/msg/detail/joint_trajectory_controller_state__rosidl_typesupport_fastrtps_cpp.hpp
[8.963s] -- Up-to-date symlink: /home/dndqodqks/ros2_ws/install/control_msgs/include/control_msgs/msg/detail/pid_state__rosidl_typesupport_fastrtps_cpp.hpp
[8.963s] -- Up-to-date symlink: /home/dndqodqks/ros2_ws/install/control_msgs/include/control_msgs/msg/rosidl_typesupport_fastrtps_cpp__visibility_control.h
[8.963s] -- Up-to-date symlink: /home/dndqodqks/ros2_ws/install/control_msgs/include/control_msgs/srv/detail/query_calibration_state__rosidl_typesupport_fastrtps_cpp.hpp
[8.963s] -- Up-to-date symlink: /home/dndqodqks/ros2_ws/install/control_msgs/include/control_msgs/srv/detail/query_trajectory_state__rosidl_typesupport_fastrtps_cpp.hpp
[8.963s] -- Up-to-date symlink: /home/dndqodqks/ros2_ws/install/control_msgs/lib/libcontrol_msgs__rosidl_typesupport_fastrtps_cpp.so
[8.964s] -- Up-to-date symlink: /home/dndqodqks/ros2_ws/install/control_msgs/include/control_msgs/action/detail/follow_joint_trajectory__rosidl_typesupport_introspection_c.h
[8.964s] -- Up-to-date symlink: /home/dndqodqks/ros2_ws/install/control_msgs/include/control_msgs/action/detail/gripper_command__rosidl_typesupport_introspection_c.h
[8.964s] -- Up-to-date symlink: /home/dndqodqks/ros2_ws/install/control_msgs/include/control_msgs/action/detail/joint_trajectory__rosidl_typesupport_introspection_c.h
[8.964s] -- Up-to-date symlink: /home/dndqodqks/ros2_ws/install/control_msgs/include/control_msgs/action/detail/point_head__rosidl_typesupport_introspection_c.h
[8.964s] -- Up-to-date symlink: /home/dndqodqks/ros2_ws/install/control_msgs/include/control_msgs/action/detail/single_joint_position__rosidl_typesupport_introspection_c.h
[8.964s] -- Up-to-date symlink: /home/dndqodqks/ros2_ws/install/control_msgs/include/control_msgs/msg/detail/dynamic_joint_state__rosidl_typesupport_introspection_c.h
[8.964s] -- Up-to-date symlink: /home/dndqodqks/ros2_ws/install/control_msgs/include/control_msgs/msg/detail/gripper_command__rosidl_typesupport_introspection_c.h
[8.964s] -- Up-to-date symlink: /home/dndqodqks/ros2_ws/install/control_msgs/include/control_msgs/msg/detail/interface_value__rosidl_typesupport_introspection_c.h
[8.964s] -- Up-to-date symlink: /home/dndqodqks/ros2_ws/install/control_msgs/include/control_msgs/msg/detail/joint_controller_state__rosidl_typesupport_introspection_c.h
[8.964s] -- Up-to-date symlink: /home/dndqodqks/ros2_ws/install/control_msgs/include/control_msgs/msg/detail/joint_jog__rosidl_typesupport_introspection_c.h
[8.964s] -- Up-to-date symlink: /home/dndqodqks/ros2_ws/install/control_msgs/include/control_msgs/msg/detail/joint_tolerance__rosidl_typesupport_introspection_c.h
[8.964s] -- Up-to-date symlink: /home/dndqodqks/ros2_ws/install/control_msgs/include/control_msgs/msg/detail/joint_trajectory_controller_state__rosidl_typesupport_introspection_c.h
[8.965s] -- Up-to-date symlink: /home/dndqodqks/ros2_ws/install/control_msgs/include/control_msgs/msg/detail/pid_state__rosidl_typesupport_introspection_c.h
[8.965s] -- Up-to-date symlink: /home/dndqodqks/ros2_ws/install/control_msgs/include/control_msgs/msg/rosidl_typesupport_introspection_c__visibility_control.h
[8.965s] -- Up-to-date symlink: /home/dndqodqks/ros2_ws/install/control_msgs/include/control_msgs/srv/detail/query_calibration_state__rosidl_typesupport_introspection_c.h
[8.965s] -- Up-to-date symlink: /home/dndqodqks/ros2_ws/install/control_msgs/include/control_msgs/srv/detail/query_trajectory_state__rosidl_typesupport_introspection_c.h
[8.965s] -- Up-to-date symlink: /home/dndqodqks/ros2_ws/install/control_msgs/include/control_msgs/action/detail/follow_joint_trajectory__builder.hpp
[8.965s] -- Up-to-date symlink: /home/dndqodqks/ros2_ws/install/control_msgs/include/control_msgs/action/detail/follow_joint_trajectory__struct.hpp
[8.966s] -- Up-to-date symlink: /home/dndqodqks/ros2_ws/install/control_msgs/include/control_msgs/action/detail/follow_joint_trajectory__traits.hpp
[8.966s] -- Up-to-date symlink: /home/dndqodqks/ros2_ws/install/control_msgs/include/control_msgs/action/detail/gripper_command__builder.hpp
[8.966s] -- Up-to-date symlink: /home/dndqodqks/ros2_ws/install/control_msgs/include/control_msgs/action/detail/gripper_command__struct.hpp
[8.966s] -- Up-to-date symlink: /home/dndqodqks/ros2_ws/install/control_msgs/include/control_msgs/action/detail/gripper_command__traits.hpp
[8.966s] -- Up-to-date symlink: /home/dndqodqks/ros2_ws/install/control_msgs/include/control_msgs/action/detail/joint_trajectory__builder.hpp
[8.966s] -- Up-to-date symlink: /home/dndqodqks/ros2_ws/install/control_msgs/include/control_msgs/action/detail/joint_trajectory__struct.hpp
[8.966s] -- Up-to-date symlink: /home/dndqodqks/ros2_ws/install/control_msgs/include/control_msgs/action/detail/joint_trajectory__traits.hpp
[8.966s] -- Up-to-date symlink: /home/dndqodqks/ros2_ws/install/control_msgs/include/control_msgs/action/detail/point_head__builder.hpp
[8.966s] -- Up-to-date symlink: /home/dndqodqks/ros2_ws/install/control_msgs/include/control_msgs/action/detail/point_head__struct.hpp
[8.966s] -- Up-to-date symlink: /home/dndqodqks/ros2_ws/install/control_msgs/include/control_msgs/action/detail/point_head__traits.hpp
[8.966s] -- Up-to-date symlink: /home/dndqodqks/ros2_ws/install/control_msgs/include/control_msgs/action/detail/single_joint_position__builder.hpp
[8.966s] -- Up-to-date symlink: /home/dndqodqks/ros2_ws/install/control_msgs/include/control_msgs/action/detail/single_joint_position__struct.hpp
[8.967s] -- Up-to-date symlink: /home/dndqodqks/ros2_ws/install/control_msgs/include/control_msgs/action/detail/single_joint_position__traits.hpp
[8.967s] -- Up-to-date symlink: /home/dndqodqks/ros2_ws/install/control_msgs/include/control_msgs/action/follow_joint_trajectory.hpp
[8.967s] -- Up-to-date symlink: /home/dndqodqks/ros2_ws/install/control_msgs/include/control_msgs/action/gripper_command.hpp
[8.967s] -- Up-to-date symlink: /home/dndqodqks/ros2_ws/install/control_msgs/include/control_msgs/action/joint_trajectory.hpp
[8.967s] -- Up-to-date symlink: /home/dndqodqks/ros2_ws/install/control_msgs/include/control_msgs/action/point_head.hpp
[8.967s] -- Up-to-date symlink: /home/dndqodqks/ros2_ws/install/control_msgs/include/control_msgs/action/single_joint_position.hpp
[8.967s] -- Up-to-date symlink: /home/dndqodqks/ros2_ws/install/control_msgs/include/control_msgs/msg/detail/dynamic_joint_state__builder.hpp
[8.967s] -- Up-to-date symlink: /home/dndqodqks/ros2_ws/install/control_msgs/include/control_msgs/msg/detail/dynamic_joint_state__struct.hpp
[8.967s] -- Up-to-date symlink: /home/dndqodqks/ros2_ws/install/control_msgs/include/control_msgs/msg/detail/dynamic_joint_state__traits.hpp
[8.967s] -- Up-to-date symlink: /home/dndqodqks/ros2_ws/install/control_msgs/include/control_msgs/msg/detail/gripper_command__builder.hpp
[8.967s] -- Up-to-date symlink: /home/dndqodqks/ros2_ws/install/control_msgs/include/control_msgs/msg/detail/gripper_command__struct.hpp
[8.967s] -- Up-to-date symlink: /home/dndqodqks/ros2_ws/install/control_msgs/include/control_msgs/msg/detail/gripper_command__traits.hpp
[8.968s] -- Up-to-date symlink: /home/dndqodqks/ros2_ws/install/control_msgs/include/control_msgs/msg/detail/interface_value__builder.hpp
[8.968s] -- Up-to-date symlink: /home/dndqodqks/ros2_ws/install/control_msgs/include/control_msgs/msg/detail/interface_value__struct.hpp
[8.968s] -- Up-to-date symlink: /home/dndqodqks/ros2_ws/install/control_msgs/include/control_msgs/msg/detail/interface_value__traits.hpp
[8.968s] -- Up-to-date symlink: /home/dndqodqks/ros2_ws/install/control_msgs/include/control_msgs/msg/detail/joint_controller_state__builder.hpp
[8.968s] -- Up-to-date symlink: /home/dndqodqks/ros2_ws/install/control_msgs/include/control_msgs/msg/detail/joint_controller_state__struct.hpp
[8.968s] -- Up-to-date symlink: /home/dndqodqks/ros2_ws/install/control_msgs/include/control_msgs/msg/detail/joint_controller_state__traits.hpp
[8.968s] -- Up-to-date symlink: /home/dndqodqks/ros2_ws/install/control_msgs/include/control_msgs/msg/detail/joint_jog__builder.hpp
[8.968s] -- Up-to-date symlink: /home/dndqodqks/ros2_ws/install/control_msgs/include/control_msgs/msg/detail/joint_jog__struct.hpp
[8.968s] -- Up-to-date symlink: /home/dndqodqks/ros2_ws/install/control_msgs/include/control_msgs/msg/detail/joint_jog__traits.hpp
[8.968s] -- Up-to-date symlink: /home/dndqodqks/ros2_ws/install/control_msgs/include/control_msgs/msg/detail/joint_tolerance__builder.hpp
[8.968s] -- Up-to-date symlink: /home/dndqodqks/ros2_ws/install/control_msgs/include/control_msgs/msg/detail/joint_tolerance__struct.hpp
[8.968s] -- Up-to-date symlink: /home/dndqodqks/ros2_ws/install/control_msgs/include/control_msgs/msg/detail/joint_tolerance__traits.hpp
[8.968s] -- Up-to-date symlink: /home/dndqodqks/ros2_ws/install/control_msgs/include/control_msgs/msg/detail/joint_trajectory_controller_state__builder.hpp
[8.969s] -- Up-to-date symlink: /home/dndqodqks/ros2_ws/install/control_msgs/include/control_msgs/msg/detail/joint_trajectory_controller_state__struct.hpp
[8.969s] -- Up-to-date symlink: /home/dndqodqks/ros2_ws/install/control_msgs/include/control_msgs/msg/detail/joint_trajectory_controller_state__traits.hpp
[8.969s] -- Up-to-date symlink: /home/dndqodqks/ros2_ws/install/control_msgs/include/control_msgs/msg/detail/pid_state__builder.hpp
[8.969s] -- Up-to-date symlink: /home/dndqodqks/ros2_ws/install/control_msgs/include/control_msgs/msg/detail/pid_state__struct.hpp
[8.969s] -- Up-to-date symlink: /home/dndqodqks/ros2_ws/install/control_msgs/include/control_msgs/msg/detail/pid_state__traits.hpp
[8.969s] -- Up-to-date symlink: /home/dndqodqks/ros2_ws/install/control_msgs/include/control_msgs/msg/dynamic_joint_state.hpp
[8.969s] -- Up-to-date symlink: /home/dndqodqks/ros2_ws/install/control_msgs/include/control_msgs/msg/gripper_command.hpp
[8.969s] -- Up-to-date symlink: /home/dndqodqks/ros2_ws/install/control_msgs/include/control_msgs/msg/interface_value.hpp
[8.969s] -- Up-to-date symlink: /home/dndqodqks/ros2_ws/install/control_msgs/include/control_msgs/msg/joint_controller_state.hpp
[8.969s] -- Up-to-date symlink: /home/dndqodqks/ros2_ws/install/control_msgs/include/control_msgs/msg/joint_jog.hpp
[8.969s] -- Up-to-date symlink: /home/dndqodqks/ros2_ws/install/control_msgs/include/control_msgs/msg/joint_tolerance.hpp
[8.969s] -- Up-to-date symlink: /home/dndqodqks/ros2_ws/install/control_msgs/include/control_msgs/msg/joint_trajectory_controller_state.hpp
[8.970s] -- Up-to-date symlink: /home/dndqodqks/ros2_ws/install/control_msgs/include/control_msgs/msg/pid_state.hpp
[8.970s] -- Up-to-date symlink: /home/dndqodqks/ros2_ws/install/control_msgs/include/control_msgs/srv/detail/query_calibration_state__builder.hpp
[8.970s] -- Up-to-date symlink: /home/dndqodqks/ros2_ws/install/control_msgs/include/control_msgs/srv/detail/query_calibration_state__struct.hpp
[8.970s] -- Up-to-date symlink: /home/dndqodqks/ros2_ws/install/control_msgs/include/control_msgs/srv/detail/query_calibration_state__traits.hpp
[8.970s] -- Up-to-date symlink: /home/dndqodqks/ros2_ws/install/control_msgs/include/control_msgs/srv/detail/query_trajectory_state__builder.hpp
[8.970s] -- Up-to-date symlink: /home/dndqodqks/ros2_ws/install/control_msgs/include/control_msgs/srv/detail/query_trajectory_state__struct.hpp
[8.970s] -- Up-to-date symlink: /home/dndqodqks/ros2_ws/install/control_msgs/include/control_msgs/srv/detail/query_trajectory_state__traits.hpp
[8.970s] -- Up-to-date symlink: /home/dndqodqks/ros2_ws/install/control_msgs/include/control_msgs/srv/query_calibration_state.hpp
[8.970s] -- Up-to-date symlink: /home/dndqodqks/ros2_ws/install/control_msgs/include/control_msgs/srv/query_trajectory_state.hpp
[8.971s] -- Up-to-date symlink: /home/dndqodqks/ros2_ws/install/control_msgs/include/control_msgs/action/detail/follow_joint_trajectory__rosidl_typesupport_introspection_cpp.hpp
[8.971s] -- Up-to-date symlink: /home/dndqodqks/ros2_ws/install/control_msgs/include/control_msgs/action/detail/gripper_command__rosidl_typesupport_introspection_cpp.hpp
[8.971s] -- Up-to-date symlink: /home/dndqodqks/ros2_ws/install/control_msgs/include/control_msgs/action/detail/joint_trajectory__rosidl_typesupport_introspection_cpp.hpp
[8.971s] -- Up-to-date symlink: /home/dndqodqks/ros2_ws/install/control_msgs/include/control_msgs/action/detail/point_head__rosidl_typesupport_introspection_cpp.hpp
[8.971s] -- Up-to-date symlink: /home/dndqodqks/ros2_ws/install/control_msgs/include/control_msgs/action/detail/single_joint_position__rosidl_typesupport_introspection_cpp.hpp
[8.971s] -- Up-to-date symlink: /home/dndqodqks/ros2_ws/install/control_msgs/include/control_msgs/msg/detail/dynamic_joint_state__rosidl_typesupport_introspection_cpp.hpp
[8.971s] -- Up-to-date symlink: /home/dndqodqks/ros2_ws/install/control_msgs/include/control_msgs/msg/detail/gripper_command__rosidl_typesupport_introspection_cpp.hpp
[8.971s] -- Up-to-date symlink: /home/dndqodqks/ros2_ws/install/control_msgs/include/control_msgs/msg/detail/interface_value__rosidl_typesupport_introspection_cpp.hpp
[8.971s] -- Up-to-date symlink: /home/dndqodqks/ros2_ws/install/control_msgs/include/control_msgs/msg/detail/joint_controller_state__rosidl_typesupport_introspection_cpp.hpp
[8.971s] -- Up-to-date symlink: /home/dndqodqks/ros2_ws/install/control_msgs/include/control_msgs/msg/detail/joint_jog__rosidl_typesupport_introspection_cpp.hpp
[8.971s] -- Up-to-date symlink: /home/dndqodqks/ros2_ws/install/control_msgs/include/control_msgs/msg/detail/joint_tolerance__rosidl_typesupport_introspection_cpp.hpp
[8.972s] -- Up-to-date symlink: /home/dndqodqks/ros2_ws/install/control_msgs/include/control_msgs/msg/detail/joint_trajectory_controller_state__rosidl_typesupport_introspection_cpp.hpp
[8.972s] -- Up-to-date symlink: /home/dndqodqks/ros2_ws/install/control_msgs/include/control_msgs/msg/detail/pid_state__rosidl_typesupport_introspection_cpp.hpp
[8.972s] -- Up-to-date symlink: /home/dndqodqks/ros2_ws/install/control_msgs/include/control_msgs/srv/detail/query_calibration_state__rosidl_typesupport_introspection_cpp.hpp
[8.972s] -- Up-to-date symlink: /home/dndqodqks/ros2_ws/install/control_msgs/include/control_msgs/srv/detail/query_trajectory_state__rosidl_typesupport_introspection_cpp.hpp
[8.972s] -- Up-to-date symlink: /home/dndqodqks/ros2_ws/install/control_msgs/share/control_msgs/environment/pythonpath.sh
[8.972s] -- Up-to-date symlink: /home/dndqodqks/ros2_ws/install/control_msgs/share/control_msgs/environment/pythonpath.dsv
[8.972s] -- Up-to-date symlink: /home/dndqodqks/ros2_ws/install/control_msgs/lib/python3.8/site-packages/control_msgs/__init__.py
[8.972s] -- Up-to-date symlink: /home/dndqodqks/ros2_ws/install/control_msgs/lib/python3.8/site-packages/control_msgs/msg/__init__.py
[8.973s] -- Up-to-date symlink: /home/dndqodqks/ros2_ws/install/control_msgs/lib/python3.8/site-packages/control_msgs/msg/_dynamic_joint_state.py
[8.973s] -- Up-to-date symlink: /home/dndqodqks/ros2_ws/install/control_msgs/lib/python3.8/site-packages/control_msgs/msg/_gripper_command.py
[8.973s] -- Up-to-date symlink: /home/dndqodqks/ros2_ws/install/control_msgs/lib/python3.8/site-packages/control_msgs/msg/_interface_value.py
[8.973s] -- Up-to-date symlink: /home/dndqodqks/ros2_ws/install/control_msgs/lib/python3.8/site-packages/control_msgs/msg/_joint_controller_state.py
[8.973s] -- Up-to-date symlink: /home/dndqodqks/ros2_ws/install/control_msgs/lib/python3.8/site-packages/control_msgs/msg/_joint_jog.py
[8.973s] -- Up-to-date symlink: /home/dndqodqks/ros2_ws/install/control_msgs/lib/python3.8/site-packages/control_msgs/msg/_joint_tolerance.py
[8.973s] -- Up-to-date symlink: /home/dndqodqks/ros2_ws/install/control_msgs/lib/python3.8/site-packages/control_msgs/msg/_joint_trajectory_controller_state.py
[8.973s] -- Up-to-date symlink: /home/dndqodqks/ros2_ws/install/control_msgs/lib/python3.8/site-packages/control_msgs/msg/_pid_state.py
[8.973s] -- Up-to-date symlink: /home/dndqodqks/ros2_ws/install/control_msgs/lib/python3.8/site-packages/control_msgs/srv/__init__.py
[8.974s] -- Up-to-date symlink: /home/dndqodqks/ros2_ws/install/control_msgs/lib/python3.8/site-packages/control_msgs/srv/_query_calibration_state.py
[8.974s] -- Up-to-date symlink: /home/dndqodqks/ros2_ws/install/control_msgs/lib/python3.8/site-packages/control_msgs/srv/_query_trajectory_state.py
[8.974s] -- Up-to-date symlink: /home/dndqodqks/ros2_ws/install/control_msgs/lib/python3.8/site-packages/control_msgs/action/__init__.py
[8.974s] -- Up-to-date symlink: /home/dndqodqks/ros2_ws/install/control_msgs/lib/python3.8/site-packages/control_msgs/action/_follow_joint_trajectory.py
[8.974s] -- Up-to-date symlink: /home/dndqodqks/ros2_ws/install/control_msgs/lib/python3.8/site-packages/control_msgs/action/_gripper_command.py
[8.974s] -- Up-to-date symlink: /home/dndqodqks/ros2_ws/install/control_msgs/lib/python3.8/site-packages/control_msgs/action/_joint_trajectory.py
[8.974s] -- Up-to-date symlink: /home/dndqodqks/ros2_ws/install/control_msgs/lib/python3.8/site-packages/control_msgs/action/_point_head.py
[8.974s] -- Up-to-date symlink: /home/dndqodqks/ros2_ws/install/control_msgs/lib/python3.8/site-packages/control_msgs/action/_single_joint_position.py
[8.975s] -- Up-to-date symlink: /home/dndqodqks/ros2_ws/install/control_msgs/lib/python3.8/site-packages/control_msgs/control_msgs_s__rosidl_typesupport_fastrtps_c.cpython-38-x86_64-linux-gnu.so
[8.975s] -- Up-to-date symlink: /home/dndqodqks/ros2_ws/install/control_msgs/lib/python3.8/site-packages/control_msgs/control_msgs_s__rosidl_typesupport_introspection_c.cpython-38-x86_64-linux-gnu.so
[8.975s] -- Up-to-date symlink: /home/dndqodqks/ros2_ws/install/control_msgs/lib/python3.8/site-packages/control_msgs/control_msgs_s__rosidl_typesupport_c.cpython-38-x86_64-linux-gnu.so
[8.975s] -- Up-to-date symlink: /home/dndqodqks/ros2_ws/install/control_msgs/lib/libcontrol_msgs__python.so
[8.975s] -- Up-to-date symlink: /home/dndqodqks/ros2_ws/install/control_msgs/share/control_msgs/msg/DynamicJointState.idl
[8.975s] -- Up-to-date symlink: /home/dndqodqks/ros2_ws/install/control_msgs/share/control_msgs/msg/GripperCommand.idl
[8.976s] -- Up-to-date symlink: /home/dndqodqks/ros2_ws/install/control_msgs/share/control_msgs/msg/InterfaceValue.idl
[8.976s] -- Up-to-date symlink: /home/dndqodqks/ros2_ws/install/control_msgs/share/control_msgs/msg/JointControllerState.idl
[8.976s] -- Up-to-date symlink: /home/dndqodqks/ros2_ws/install/control_msgs/share/control_msgs/msg/JointJog.idl
[8.976s] -- Up-to-date symlink: /home/dndqodqks/ros2_ws/install/control_msgs/share/control_msgs/msg/JointTolerance.idl
[8.976s] -- Up-to-date symlink: /home/dndqodqks/ros2_ws/install/control_msgs/share/control_msgs/msg/JointTrajectoryControllerState.idl
[8.976s] -- Up-to-date symlink: /home/dndqodqks/ros2_ws/install/control_msgs/share/control_msgs/msg/PidState.idl
[8.976s] -- Up-to-date symlink: /home/dndqodqks/ros2_ws/install/control_msgs/share/control_msgs/srv/QueryCalibrationState.idl
[8.976s] -- Up-to-date symlink: /home/dndqodqks/ros2_ws/install/control_msgs/share/control_msgs/srv/QueryTrajectoryState.idl
[8.977s] -- Up-to-date symlink: /home/dndqodqks/ros2_ws/install/control_msgs/share/control_msgs/action/FollowJointTrajectory.idl
[8.977s] -- Up-to-date symlink: /home/dndqodqks/ros2_ws/install/control_msgs/share/control_msgs/action/GripperCommand.idl
[8.977s] -- Up-to-date symlink: /home/dndqodqks/ros2_ws/install/control_msgs/share/control_msgs/action/JointTrajectory.idl
[8.977s] -- Up-to-date symlink: /home/dndqodqks/ros2_ws/install/control_msgs/share/control_msgs/action/PointHead.idl
[8.977s] -- Up-to-date symlink: /home/dndqodqks/ros2_ws/install/control_msgs/share/control_msgs/action/SingleJointPosition.idl
[8.977s] -- Up-to-date symlink: /home/dndqodqks/ros2_ws/install/control_msgs/share/control_msgs/msg/DynamicJointState.msg
[8.977s] -- Up-to-date symlink: /home/dndqodqks/ros2_ws/install/control_msgs/share/control_msgs/msg/GripperCommand.msg
[8.977s] -- Up-to-date symlink: /home/dndqodqks/ros2_ws/install/control_msgs/share/control_msgs/msg/InterfaceValue.msg
[8.978s] -- Up-to-date symlink: /home/dndqodqks/ros2_ws/install/control_msgs/share/control_msgs/msg/JointControllerState.msg
[8.978s] -- Up-to-date symlink: /home/dndqodqks/ros2_ws/install/control_msgs/share/control_msgs/msg/JointJog.msg
[8.978s] -- Up-to-date symlink: /home/dndqodqks/ros2_ws/install/control_msgs/share/control_msgs/msg/JointTolerance.msg
[8.978s] -- Up-to-date symlink: /home/dndqodqks/ros2_ws/install/control_msgs/share/control_msgs/msg/JointTrajectoryControllerState.msg
[8.978s] -- Up-to-date symlink: /home/dndqodqks/ros2_ws/install/control_msgs/share/control_msgs/msg/PidState.msg
[8.978s] -- Up-to-date symlink: /home/dndqodqks/ros2_ws/install/control_msgs/share/control_msgs/srv/QueryCalibrationState.srv
[8.978s] -- Up-to-date symlink: /home/dndqodqks/ros2_ws/install/control_msgs/share/control_msgs/srv/QueryCalibrationState_Request.msg
[8.978s] -- Up-to-date symlink: /home/dndqodqks/ros2_ws/install/control_msgs/share/control_msgs/srv/QueryCalibrationState_Response.msg
[8.978s] -- Up-to-date symlink: /home/dndqodqks/ros2_ws/install/control_msgs/share/control_msgs/srv/QueryTrajectoryState.srv
[8.979s] -- Up-to-date symlink: /home/dndqodqks/ros2_ws/install/control_msgs/share/control_msgs/srv/QueryTrajectoryState_Request.msg
[8.979s] -- Up-to-date symlink: /home/dndqodqks/ros2_ws/install/control_msgs/share/control_msgs/srv/QueryTrajectoryState_Response.msg
[8.979s] -- Up-to-date symlink: /home/dndqodqks/ros2_ws/install/control_msgs/share/control_msgs/action/FollowJointTrajectory.action
[8.979s] -- Up-to-date symlink: /home/dndqodqks/ros2_ws/install/control_msgs/share/control_msgs/action/GripperCommand.action
[8.979s] -- Up-to-date symlink: /home/dndqodqks/ros2_ws/install/control_msgs/share/control_msgs/action/JointTrajectory.action
[8.979s] -- Up-to-date symlink: /home/dndqodqks/ros2_ws/install/control_msgs/share/control_msgs/action/PointHead.action
[8.979s] -- Up-to-date symlink: /home/dndqodqks/ros2_ws/install/control_msgs/share/control_msgs/action/SingleJointPosition.action
[8.979s] -- Up-to-date symlink: /home/dndqodqks/ros2_ws/install/control_msgs/share/ament_index/resource_index/package_run_dependencies/control_msgs
[8.980s] -- Up-to-date symlink: /home/dndqodqks/ros2_ws/install/control_msgs/share/ament_index/resource_index/parent_prefix_path/control_msgs
[8.980s] -- Up-to-date symlink: /home/dndqodqks/ros2_ws/install/control_msgs/share/control_msgs/environment/ament_prefix_path.sh
[8.980s] -- Up-to-date symlink: /home/dndqodqks/ros2_ws/install/control_msgs/share/control_msgs/environment/ament_prefix_path.dsv
[8.980s] -- Up-to-date symlink: /home/dndqodqks/ros2_ws/install/control_msgs/share/control_msgs/environment/path.sh
[8.980s] -- Up-to-date symlink: /home/dndqodqks/ros2_ws/install/control_msgs/share/control_msgs/environment/path.dsv
[8.980s] -- Up-to-date symlink: /home/dndqodqks/ros2_ws/install/control_msgs/share/control_msgs/local_setup.bash
[8.980s] -- Up-to-date symlink: /home/dndqodqks/ros2_ws/install/control_msgs/share/control_msgs/local_setup.sh
[8.980s] -- Up-to-date symlink: /home/dndqodqks/ros2_ws/install/control_msgs/share/control_msgs/local_setup.zsh
[8.980s] -- Up-to-date symlink: /home/dndqodqks/ros2_ws/install/control_msgs/share/control_msgs/local_setup.dsv
[8.981s] -- Symlinking: /home/dndqodqks/ros2_ws/install/control_msgs/share/control_msgs/package.dsv
[8.988s] -- Up-to-date symlink: /home/dndqodqks/ros2_ws/install/control_msgs/share/ament_index/resource_index/packages/control_msgs
[8.988s] -- Up-to-date symlink: /home/dndqodqks/ros2_ws/install/control_msgs/share/control_msgs/cmake/rosidl_cmake-extras.cmake
[8.988s] -- Up-to-date symlink: /home/dndqodqks/ros2_ws/install/control_msgs/share/control_msgs/cmake/ament_cmake_export_dependencies-extras.cmake
[8.988s] -- Up-to-date symlink: /home/dndqodqks/ros2_ws/install/control_msgs/share/control_msgs/cmake/ament_cmake_export_libraries-extras.cmake
[8.988s] -- Up-to-date symlink: /home/dndqodqks/ros2_ws/install/control_msgs/share/control_msgs/cmake/ament_cmake_export_targets-extras.cmake
[8.988s] -- Up-to-date symlink: /home/dndqodqks/ros2_ws/install/control_msgs/share/control_msgs/cmake/ament_cmake_export_include_directories-extras.cmake
[8.988s] -- Up-to-date symlink: /home/dndqodqks/ros2_ws/install/control_msgs/share/control_msgs/cmake/rosidl_cmake_export_typesupport_libraries-extras.cmake
[8.988s] -- Up-to-date symlink: /home/dndqodqks/ros2_ws/install/control_msgs/share/control_msgs/cmake/rosidl_cmake_export_typesupport_targets-extras.cmake
[8.988s] -- Up-to-date symlink: /home/dndqodqks/ros2_ws/install/control_msgs/share/control_msgs/cmake/control_msgsConfig.cmake
[8.988s] -- Up-to-date symlink: /home/dndqodqks/ros2_ws/install/control_msgs/share/control_msgs/cmake/control_msgsConfig-version.cmake
[8.989s] -- Up-to-date symlink: /home/dndqodqks/ros2_ws/install/control_msgs/share/control_msgs/package.xml
[8.989s] -- Installing: /home/dndqodqks/ros2_ws/install/control_msgs/lib/libcontrol_msgs__rosidl_generator_c.so
[8.989s] -- Set runtime path of "/home/dndqodqks/ros2_ws/install/control_msgs/lib/libcontrol_msgs__rosidl_generator_c.so" to ""
[8.989s] -- Installing: /home/dndqodqks/ros2_ws/install/control_msgs/lib/libcontrol_msgs__rosidl_typesupport_introspection_c.so
[8.990s] -- Set runtime path of "/home/dndqodqks/ros2_ws/install/control_msgs/lib/libcontrol_msgs__rosidl_typesupport_introspection_c.so" to ""
[8.990s] -- Installing: /home/dndqodqks/ros2_ws/install/control_msgs/lib/libcontrol_msgs__rosidl_typesupport_c.so
[8.990s] -- Set runtime path of "/home/dndqodqks/ros2_ws/install/control_msgs/lib/libcontrol_msgs__rosidl_typesupport_c.so" to ""
[8.990s] -- Installing: /home/dndqodqks/ros2_ws/install/control_msgs/lib/libcontrol_msgs__rosidl_typesupport_introspection_cpp.so
[8.990s] -- Set runtime path of "/home/dndqodqks/ros2_ws/install/control_msgs/lib/libcontrol_msgs__rosidl_typesupport_introspection_cpp.so" to ""
[8.991s] -- Installing: /home/dndqodqks/ros2_ws/install/control_msgs/lib/libcontrol_msgs__rosidl_typesupport_cpp.so
[8.991s] -- Set runtime path of "/home/dndqodqks/ros2_ws/install/control_msgs/lib/libcontrol_msgs__rosidl_typesupport_cpp.so" to ""
[9.017s] Compiling '/home/dndqodqks/ros2_ws/install/control_msgs/lib/python3.8/site-packages/control_msgs/__init__.py'...
[9.021s] -- Up-to-date: /home/dndqodqks/ros2_ws/install/control_msgs/share/control_msgs/cmake/control_msgs__rosidl_generator_cExport.cmake
[9.021s] -- Installing: /home/dndqodqks/ros2_ws/install/control_msgs/share/control_msgs/cmake/control_msgs__rosidl_generator_cExport-noconfig.cmake
[9.021s] -- Up-to-date: /home/dndqodqks/ros2_ws/install/control_msgs/share/control_msgs/cmake/control_msgs__rosidl_typesupport_introspection_cExport.cmake
[9.021s] -- Installing: /home/dndqodqks/ros2_ws/install/control_msgs/share/control_msgs/cmake/control_msgs__rosidl_typesupport_introspection_cExport-noconfig.cmake
[9.021s] -- Up-to-date: /home/dndqodqks/ros2_ws/install/control_msgs/share/control_msgs/cmake/control_msgs__rosidl_typesupport_cExport.cmake
[9.021s] -- Installing: /home/dndqodqks/ros2_ws/install/control_msgs/share/control_msgs/cmake/control_msgs__rosidl_typesupport_cExport-noconfig.cmake
[9.021s] -- Up-to-date: /home/dndqodqks/ros2_ws/install/control_msgs/share/control_msgs/cmake/control_msgs__rosidl_generator_cppExport.cmake
[9.021s] -- Up-to-date: /home/dndqodqks/ros2_ws/install/control_msgs/share/control_msgs/cmake/control_msgs__rosidl_typesupport_introspection_cppExport.cmake
[9.021s] -- Installing: /home/dndqodqks/ros2_ws/install/control_msgs/share/control_msgs/cmake/control_msgs__rosidl_typesupport_introspection_cppExport-noconfig.cmake
[9.022s] -- Up-to-date: /home/dndqodqks/ros2_ws/install/control_msgs/share/control_msgs/cmake/control_msgs__rosidl_typesupport_cppExport.cmake
[9.022s] -- Installing: /home/dndqodqks/ros2_ws/install/control_msgs/share/control_msgs/cmake/control_msgs__rosidl_typesupport_cppExport-noconfig.cmake
[9.026s] Invoked command in '/home/dndqodqks/ros2_ws/build/control_msgs' returned '0': CMAKE_PREFIX_PATH=${CMAKE_PREFIX_PATH}:/home/dndqodqks/ros2_ws/install/my_sphere_pkg:/home/dndqodqks/ros2_ws/install/my_environment_pkg:/home/dndqodqks/ros2_ws/install/my_doosan_pkg:/opt/ros/foxy /home/dndqodqks/.local/bin/cmake --install /home/dndqodqks/ros2_ws/build/control_msgs
