running develop
running egg_info
creating my_obstacle_pkg.egg-info
writing my_obstacle_pkg.egg-info/PKG-INFO
writing dependency_links to my_obstacle_pkg.egg-info/dependency_links.txt
writing entry points to my_obstacle_pkg.egg-info/entry_points.txt
writing requirements to my_obstacle_pkg.egg-info/requires.txt
writing top-level names to my_obstacle_pkg.egg-info/top_level.txt
writing manifest file 'my_obstacle_pkg.egg-info/SOURCES.txt'
reading manifest file 'my_obstacle_pkg.egg-info/SOURCES.txt'
writing manifest file 'my_obstacle_pkg.egg-info/SOURCES.txt'
running build_ext
Creating /home/dndqodqks/ros2_ws/install/my_obstacle_pkg/lib/python3.8/site-packages/site.py
Creating /home/dndqodqks/ros2_ws/install/my_obstacle_pkg/lib/python3.8/site-packages/my-obstacle-pkg.egg-link (link to .)

Installed /home/dndqodqks/ros2_ws/build/my_obstacle_pkg
running install_data
creating /home/dndqodqks/ros2_ws/install/my_obstacle_pkg/share/ament_index
creating /home/dndqodqks/ros2_ws/install/my_obstacle_pkg/share/ament_index/resource_index
creating /home/dndqodqks/ros2_ws/install/my_obstacle_pkg/share/ament_index/resource_index/packages
copying resource/my_obstacle_pkg -> /home/dndqodqks/ros2_ws/install/my_obstacle_pkg/share/ament_index/resource_index/packages
copying package.xml -> /home/dndqodqks/ros2_ws/install/my_obstacle_pkg/share/my_obstacle_pkg
