[0.601s] Invoking command in '/home/dndqodqks/ros2_ws/build/realtime_tools': CMAKE_PREFIX_PATH=${CMAKE_PREFIX_PATH}:/home/dndqodqks/ros2_ws/install/my_sphere_pkg:/home/dndqodqks/ros2_ws/install/my_environment_pkg:/home/dndqodqks/ros2_ws/install/my_doosan_pkg2:/home/dndqodqks/ros2_ws/install/my_doosan_pkg:/opt/ros/foxy /usr/bin/cmake --build /home/dndqodqks/ros2_ws/build/realtime_tools -- -j8 -l8
[0.650s] [ 23%] Built target realtime_tools
[0.650s] [ 23%] Built target gmock_main
[0.655s] [ 41%] Built target gmock
[0.688s] [ 52%] Built target realtime_buffer_tests
[0.699s] [ 64%] Built target realtime_publisher_tests
[0.703s] [ 76%] Built target realtime_clock_tests
[0.704s] [ 88%] Built target realtime_box_tests
[0.713s] [100%] Built target realtime_server_goal_handle_tests
[0.724s] Invoked command in '/home/dndqodqks/ros2_ws/build/realtime_tools' returned '0': CMAKE_PREFIX_PATH=${CMAKE_PREFIX_PATH}:/home/dndqodqks/ros2_ws/install/my_sphere_pkg:/home/dndqodqks/ros2_ws/install/my_environment_pkg:/home/dndqodqks/ros2_ws/install/my_doosan_pkg2:/home/dndqodqks/ros2_ws/install/my_doosan_pkg:/opt/ros/foxy /usr/bin/cmake --build /home/dndqodqks/ros2_ws/build/realtime_tools -- -j8 -l8
[0.767s] Invoking command in '/home/dndqodqks/ros2_ws/build/realtime_tools': CMAKE_PREFIX_PATH=${CMAKE_PREFIX_PATH}:/home/dndqodqks/ros2_ws/install/my_sphere_pkg:/home/dndqodqks/ros2_ws/install/my_environment_pkg:/home/dndqodqks/ros2_ws/install/my_doosan_pkg2:/home/dndqodqks/ros2_ws/install/my_doosan_pkg:/opt/ros/foxy /usr/bin/cmake --install /home/dndqodqks/ros2_ws/build/realtime_tools
[0.774s] -- Install configuration: ""
[0.775s] -- Execute custom install script
[0.775s] -- Up-to-date symlink: /home/dndqodqks/ros2_ws/install/realtime_tools/include/realtime_tools/realtime_box.h
[0.776s] -- Up-to-date symlink: /home/dndqodqks/ros2_ws/install/realtime_tools/include/realtime_tools/realtime_buffer.h
[0.776s] -- Up-to-date symlink: /home/dndqodqks/ros2_ws/install/realtime_tools/include/realtime_tools/realtime_clock.h
[0.776s] -- Up-to-date symlink: /home/dndqodqks/ros2_ws/install/realtime_tools/include/realtime_tools/realtime_publisher.h
[0.777s] -- Up-to-date symlink: /home/dndqodqks/ros2_ws/install/realtime_tools/include/realtime_tools/realtime_server_goal_handle.h
[0.778s] -- Up-to-date symlink: /home/dndqodqks/ros2_ws/install/realtime_tools/lib/librealtime_tools.a
[0.778s] -- Up-to-date symlink: /home/dndqodqks/ros2_ws/install/realtime_tools/share/realtime_tools/environment/library_path.sh
[0.778s] -- Up-to-date symlink: /home/dndqodqks/ros2_ws/install/realtime_tools/share/realtime_tools/environment/library_path.dsv
[0.779s] -- Up-to-date symlink: /home/dndqodqks/ros2_ws/install/realtime_tools/share/ament_index/resource_index/package_run_dependencies/realtime_tools
[0.779s] -- Up-to-date symlink: /home/dndqodqks/ros2_ws/install/realtime_tools/share/ament_index/resource_index/parent_prefix_path/realtime_tools
[0.779s] -- Up-to-date symlink: /home/dndqodqks/ros2_ws/install/realtime_tools/share/realtime_tools/environment/ament_prefix_path.sh
[0.781s] -- Up-to-date symlink: /home/dndqodqks/ros2_ws/install/realtime_tools/share/realtime_tools/environment/ament_prefix_path.dsv
[0.781s] -- Up-to-date symlink: /home/dndqodqks/ros2_ws/install/realtime_tools/share/realtime_tools/environment/path.sh
[0.781s] -- Up-to-date symlink: /home/dndqodqks/ros2_ws/install/realtime_tools/share/realtime_tools/environment/path.dsv
[0.781s] -- Up-to-date symlink: /home/dndqodqks/ros2_ws/install/realtime_tools/share/realtime_tools/local_setup.bash
[0.781s] -- Up-to-date symlink: /home/dndqodqks/ros2_ws/install/realtime_tools/share/realtime_tools/local_setup.sh
[0.781s] -- Up-to-date symlink: /home/dndqodqks/ros2_ws/install/realtime_tools/share/realtime_tools/local_setup.zsh
[0.782s] -- Up-to-date symlink: /home/dndqodqks/ros2_ws/install/realtime_tools/share/realtime_tools/local_setup.dsv
[0.782s] -- Symlinking: /home/dndqodqks/ros2_ws/install/realtime_tools/share/realtime_tools/package.dsv
[0.792s] -- Up-to-date symlink: /home/dndqodqks/ros2_ws/install/realtime_tools/share/ament_index/resource_index/packages/realtime_tools
[0.792s] -- Up-to-date symlink: /home/dndqodqks/ros2_ws/install/realtime_tools/share/realtime_tools/cmake/ament_cmake_export_include_directories-extras.cmake
[0.792s] -- Up-to-date symlink: /home/dndqodqks/ros2_ws/install/realtime_tools/share/realtime_tools/cmake/ament_cmake_export_libraries-extras.cmake
[0.793s] -- Up-to-date symlink: /home/dndqodqks/ros2_ws/install/realtime_tools/share/realtime_tools/cmake/ament_cmake_export_dependencies-extras.cmake
[0.793s] -- Up-to-date symlink: /home/dndqodqks/ros2_ws/install/realtime_tools/share/realtime_tools/cmake/realtime_toolsConfig.cmake
[0.793s] -- Up-to-date symlink: /home/dndqodqks/ros2_ws/install/realtime_tools/share/realtime_tools/cmake/realtime_toolsConfig-version.cmake
[0.793s] -- Up-to-date symlink: /home/dndqodqks/ros2_ws/install/realtime_tools/share/realtime_tools/package.xml
[0.795s] Invoked command in '/home/dndqodqks/ros2_ws/build/realtime_tools' returned '0': CMAKE_PREFIX_PATH=${CMAKE_PREFIX_PATH}:/home/dndqodqks/ros2_ws/install/my_sphere_pkg:/home/dndqodqks/ros2_ws/install/my_environment_pkg:/home/dndqodqks/ros2_ws/install/my_doosan_pkg2:/home/dndqodqks/ros2_ws/install/my_doosan_pkg:/opt/ros/foxy /usr/bin/cmake --install /home/dndqodqks/ros2_ws/build/realtime_tools
