running develop
Removing /home/dndqodqks/ros2_ws/install/my_sphere_pkg/lib/python3.8/site-packages/my-sphere-pkg.egg-link (link to .)
running egg_info
writing ../../../build/my_sphere_pkg/my_sphere_pkg.egg-info/PKG-INFO
writing dependency_links to ../../../build/my_sphere_pkg/my_sphere_pkg.egg-info/dependency_links.txt
writing entry points to ../../../build/my_sphere_pkg/my_sphere_pkg.egg-info/entry_points.txt
writing requirements to ../../../build/my_sphere_pkg/my_sphere_pkg.egg-info/requires.txt
writing top-level names to ../../../build/my_sphere_pkg/my_sphere_pkg.egg-info/top_level.txt
reading manifest file '../../../build/my_sphere_pkg/my_sphere_pkg.egg-info/SOURCES.txt'
writing manifest file '../../../build/my_sphere_pkg/my_sphere_pkg.egg-info/SOURCES.txt'
running build
running build_py
creating /home/dndqodqks/ros2_ws/build/my_sphere_pkg/build
creating /home/dndqodqks/ros2_ws/build/my_sphere_pkg/build/lib
creating /home/dndqodqks/ros2_ws/build/my_sphere_pkg/build/lib/my_sphere_pkg
copying my_sphere_pkg/coordinate_node.py -> /home/dndqodqks/ros2_ws/build/my_sphere_pkg/build/lib/my_sphere_pkg
copying my_sphere_pkg/client_node.py -> /home/dndqodqks/ros2_ws/build/my_sphere_pkg/build/lib/my_sphere_pkg
copying my_sphere_pkg/__init__.py -> /home/dndqodqks/ros2_ws/build/my_sphere_pkg/build/lib/my_sphere_pkg
running install
running install_lib
creating /home/dndqodqks/ros2_ws/install/my_sphere_pkg/lib/python3.8/site-packages/my_sphere_pkg
copying /home/dndqodqks/ros2_ws/build/my_sphere_pkg/build/lib/my_sphere_pkg/coordinate_node.py -> /home/dndqodqks/ros2_ws/install/my_sphere_pkg/lib/python3.8/site-packages/my_sphere_pkg
copying /home/dndqodqks/ros2_ws/build/my_sphere_pkg/build/lib/my_sphere_pkg/client_node.py -> /home/dndqodqks/ros2_ws/install/my_sphere_pkg/lib/python3.8/site-packages/my_sphere_pkg
copying /home/dndqodqks/ros2_ws/build/my_sphere_pkg/build/lib/my_sphere_pkg/__init__.py -> /home/dndqodqks/ros2_ws/install/my_sphere_pkg/lib/python3.8/site-packages/my_sphere_pkg
byte-compiling /home/dndqodqks/ros2_ws/install/my_sphere_pkg/lib/python3.8/site-packages/my_sphere_pkg/coordinate_node.py to coordinate_node.cpython-38.pyc
byte-compiling /home/dndqodqks/ros2_ws/install/my_sphere_pkg/lib/python3.8/site-packages/my_sphere_pkg/client_node.py to client_node.cpython-38.pyc
byte-compiling /home/dndqodqks/ros2_ws/install/my_sphere_pkg/lib/python3.8/site-packages/my_sphere_pkg/__init__.py to __init__.cpython-38.pyc
running install_data
running install_egg_info
Copying ../../../build/my_sphere_pkg/my_sphere_pkg.egg-info to /home/dndqodqks/ros2_ws/install/my_sphere_pkg/lib/python3.8/site-packages/my_sphere_pkg-0.0.0-py3.8.egg-info
running install_scripts
Installing my_client_node script to /home/dndqodqks/ros2_ws/install/my_sphere_pkg/lib/my_sphere_pkg
Installing reader_mark_node script to /home/dndqodqks/ros2_ws/install/my_sphere_pkg/lib/my_sphere_pkg
writing list of installed files to '/home/dndqodqks/ros2_ws/build/my_sphere_pkg/install.log'
