running develop
running egg_info
creating my_sphere_pkg.egg-info
writing my_sphere_pkg.egg-info/PKG-INFO
writing dependency_links to my_sphere_pkg.egg-info/dependency_links.txt
writing entry points to my_sphere_pkg.egg-info/entry_points.txt
writing requirements to my_sphere_pkg.egg-info/requires.txt
writing top-level names to my_sphere_pkg.egg-info/top_level.txt
writing manifest file 'my_sphere_pkg.egg-info/SOURCES.txt'
reading manifest file 'my_sphere_pkg.egg-info/SOURCES.txt'
writing manifest file 'my_sphere_pkg.egg-info/SOURCES.txt'
running build_ext
Creating /home/dndqodqks/ros2_ws/install/my_sphere_pkg/lib/python3.8/site-packages/site.py
Creating /home/dndqodqks/ros2_ws/install/my_sphere_pkg/lib/python3.8/site-packages/my-sphere-pkg.egg-link (link to .)
Installing my_client_node script to /home/dndqodqks/ros2_ws/install/my_sphere_pkg/lib/my_sphere_pkg
Installing reader_mark_node script to /home/dndqodqks/ros2_ws/install/my_sphere_pkg/lib/my_sphere_pkg

Installed /home/dndqodqks/ros2_ws/build/my_sphere_pkg
running install_data
creating /home/dndqodqks/ros2_ws/install/my_sphere_pkg/share/ament_index
creating /home/dndqodqks/ros2_ws/install/my_sphere_pkg/share/ament_index/resource_index
creating /home/dndqodqks/ros2_ws/install/my_sphere_pkg/share/ament_index/resource_index/packages
copying resource/my_sphere_pkg -> /home/dndqodqks/ros2_ws/install/my_sphere_pkg/share/ament_index/resource_index/packages
copying package.xml -> /home/dndqodqks/ros2_ws/install/my_sphere_pkg/share/my_sphere_pkg
creating /home/dndqodqks/ros2_ws/install/my_sphere_pkg/share/my_sphere_pkg/launch
copying launch/my_sphere.launch.py -> /home/dndqodqks/ros2_ws/install/my_sphere_pkg/share/my_sphere_pkg/launch
creating /home/dndqodqks/ros2_ws/install/my_sphere_pkg/share/my_sphere_pkg/worlds
copying worlds/my_empty_world.world -> /home/dndqodqks/ros2_ws/install/my_sphere_pkg/share/my_sphere_pkg/worlds
creating /home/dndqodqks/ros2_ws/install/my_sphere_pkg/share/my_sphere_pkg/rviz
copying rviz/my_rviz_conf.rviz -> /home/dndqodqks/ros2_ws/install/my_sphere_pkg/share/my_sphere_pkg/rviz
creating /home/dndqodqks/ros2_ws/install/my_sphere_pkg/share/my_sphere_pkg/models
creating /home/dndqodqks/ros2_ws/install/my_sphere_pkg/share/my_sphere_pkg/models/sdf
creating /home/dndqodqks/ros2_ws/install/my_sphere_pkg/share/my_sphere_pkg/models/sdf/sphere_goal
copying models/sdf/sphere_goal/model.sdf -> /home/dndqodqks/ros2_ws/install/my_sphere_pkg/share/my_sphere_pkg/models/sdf/sphere_goal
copying models/sdf/sphere_goal/model.config -> /home/dndqodqks/ros2_ws/install/my_sphere_pkg/share/my_sphere_pkg/models/sdf/sphere_goal
creating /home/dndqodqks/ros2_ws/install/my_sphere_pkg/share/my_sphere_pkg/models/urdf
copying models/urdf/sphere.urdf -> /home/dndqodqks/ros2_ws/install/my_sphere_pkg/share/my_sphere_pkg/models/urdf
