[0.281s] DEBUG:colcon:Command line arguments: ['/usr/bin/colcon', 'build', '--symlink-install']
[0.281s] DEBUG:colcon:Parsed command line arguments: Namespace(allow_overriding=[], ament_cmake_args=None, base_paths=['.'], build_base='build', catkin_cmake_args=None, catkin_skip_building_tests=False, cmake_args=None, cmake_clean_cache=False, cmake_clean_first=False, cmake_force_configure=False, cmake_target=None, cmake_target_skip_unavailable=False, continue_on_error=False, event_handlers=None, executor='parallel', ignore_user_meta=False, install_base='install', log_base=None, log_level=None, main=<bound method BuildVerb.main of <colcon_core.verb.build.BuildVerb object at 0x7f74effdc7f0>>, merge_install=False, metas=['./colcon.meta'], packages_above=None, packages_above_and_dependencies=None, packages_above_depth=None, packages_end=None, packages_ignore=None, packages_ignore_regex=None, packages_select=None, packages_select_build_failed=False, packages_select_by_dep=None, packages_select_regex=None, packages_select_test_failures=False, packages_skip=None, packages_skip_build_finished=False, packages_skip_by_dep=None, packages_skip_regex=None, packages_skip_test_passed=False, packages_skip_up_to=None, packages_start=None, packages_up_to=None, packages_up_to_regex=None, parallel_workers=8, paths=None, symlink_install=True, test_result_base=None, verb_extension=<colcon_core.verb.build.BuildVerb object at 0x7f74effdc7f0>, verb_name='build', verb_parser=<colcon_defaults.argument_parser.defaults.DefaultArgumentsDecorator object at 0x7f74effdcd60>)
[0.326s] Level 1:colcon.colcon_core.package_discovery:discover_packages(colcon_meta) check parameters
[0.326s] Level 1:colcon.colcon_core.package_discovery:discover_packages(recursive) check parameters
[0.326s] Level 1:colcon.colcon_core.package_discovery:discover_packages(ignore) check parameters
[0.326s] Level 1:colcon.colcon_core.package_discovery:discover_packages(path) check parameters
[0.326s] Level 1:colcon.colcon_core.package_discovery:discover_packages(colcon_meta) discover
[0.326s] Level 1:colcon.colcon_core.package_discovery:discover_packages(recursive) discover
[0.326s] INFO:colcon.colcon_core.package_discovery:Crawling recursively for packages in '/home/dndqodqks/ros2_ws'
[0.326s] Level 1:colcon.colcon_core.package_identification:_identify(.) by extensions ['ignore', 'ignore_ament_install']
[0.326s] Level 1:colcon.colcon_core.package_identification:_identify(.) by extension 'ignore'
[0.327s] Level 1:colcon.colcon_core.package_identification:_identify(.) by extension 'ignore_ament_install'
[0.327s] Level 1:colcon.colcon_core.package_identification:_identify(.) by extensions ['colcon_pkg']
[0.327s] Level 1:colcon.colcon_core.package_identification:_identify(.) by extension 'colcon_pkg'
[0.327s] Level 1:colcon.colcon_core.package_identification:_identify(.) by extensions ['colcon_meta']
[0.327s] Level 1:colcon.colcon_core.package_identification:_identify(.) by extension 'colcon_meta'
[0.327s] Level 1:colcon.colcon_core.package_identification:_identify(.) by extensions ['ros']
[0.327s] Level 1:colcon.colcon_core.package_identification:_identify(.) by extension 'ros'
[0.342s] Level 1:colcon.colcon_core.package_identification:_identify(.) by extensions ['cmake', 'python']
[0.342s] Level 1:colcon.colcon_core.package_identification:_identify(.) by extension 'cmake'
[0.342s] Level 1:colcon.colcon_core.package_identification:_identify(.) by extension 'python'
[0.342s] Level 1:colcon.colcon_core.package_identification:_identify(.) by extensions ['python_setup_py']
[0.342s] Level 1:colcon.colcon_core.package_identification:_identify(.) by extension 'python_setup_py'
[0.343s] Level 1:colcon.colcon_core.package_identification:_identify(build) by extensions ['ignore', 'ignore_ament_install']
[0.343s] Level 1:colcon.colcon_core.package_identification:_identify(build) by extension 'ignore'
[0.343s] Level 1:colcon.colcon_core.package_identification:_identify(build) ignored
[0.343s] Level 1:colcon.colcon_core.package_identification:_identify(install) by extensions ['ignore', 'ignore_ament_install']
[0.343s] Level 1:colcon.colcon_core.package_identification:_identify(install) by extension 'ignore'
[0.343s] Level 1:colcon.colcon_core.package_identification:_identify(install) ignored
[0.343s] Level 1:colcon.colcon_core.package_identification:_identify(log) by extensions ['ignore', 'ignore_ament_install']
[0.343s] Level 1:colcon.colcon_core.package_identification:_identify(log) by extension 'ignore'
[0.343s] Level 1:colcon.colcon_core.package_identification:_identify(log) ignored
[0.343s] Level 1:colcon.colcon_core.package_identification:_identify(src) by extensions ['ignore', 'ignore_ament_install']
[0.343s] Level 1:colcon.colcon_core.package_identification:_identify(src) by extension 'ignore'
[0.343s] Level 1:colcon.colcon_core.package_identification:_identify(src) by extension 'ignore_ament_install'
[0.343s] Level 1:colcon.colcon_core.package_identification:_identify(src) by extensions ['colcon_pkg']
[0.343s] Level 1:colcon.colcon_core.package_identification:_identify(src) by extension 'colcon_pkg'
[0.343s] Level 1:colcon.colcon_core.package_identification:_identify(src) by extensions ['colcon_meta']
[0.343s] Level 1:colcon.colcon_core.package_identification:_identify(src) by extension 'colcon_meta'
[0.343s] Level 1:colcon.colcon_core.package_identification:_identify(src) by extensions ['ros']
[0.343s] Level 1:colcon.colcon_core.package_identification:_identify(src) by extension 'ros'
[0.343s] Level 1:colcon.colcon_core.package_identification:_identify(src) by extensions ['cmake', 'python']
[0.344s] Level 1:colcon.colcon_core.package_identification:_identify(src) by extension 'cmake'
[0.344s] Level 1:colcon.colcon_core.package_identification:_identify(src) by extension 'python'
[0.344s] Level 1:colcon.colcon_core.package_identification:_identify(src) by extensions ['python_setup_py']
[0.344s] Level 1:colcon.colcon_core.package_identification:_identify(src) by extension 'python_setup_py'
[0.344s] Level 1:colcon.colcon_core.package_identification:_identify(src/robotic_arm_environment) by extensions ['ignore', 'ignore_ament_install']
[0.344s] Level 1:colcon.colcon_core.package_identification:_identify(src/robotic_arm_environment) by extension 'ignore'
[0.344s] Level 1:colcon.colcon_core.package_identification:_identify(src/robotic_arm_environment) by extension 'ignore_ament_install'
[0.344s] Level 1:colcon.colcon_core.package_identification:_identify(src/robotic_arm_environment) by extensions ['colcon_pkg']
[0.344s] Level 1:colcon.colcon_core.package_identification:_identify(src/robotic_arm_environment) by extension 'colcon_pkg'
[0.344s] Level 1:colcon.colcon_core.package_identification:_identify(src/robotic_arm_environment) by extensions ['colcon_meta']
[0.344s] Level 1:colcon.colcon_core.package_identification:_identify(src/robotic_arm_environment) by extension 'colcon_meta'
[0.344s] Level 1:colcon.colcon_core.package_identification:_identify(src/robotic_arm_environment) by extensions ['ros']
[0.344s] Level 1:colcon.colcon_core.package_identification:_identify(src/robotic_arm_environment) by extension 'ros'
[0.344s] Level 1:colcon.colcon_core.package_identification:_identify(src/robotic_arm_environment) by extensions ['cmake', 'python']
[0.344s] Level 1:colcon.colcon_core.package_identification:_identify(src/robotic_arm_environment) by extension 'cmake'
[0.344s] Level 1:colcon.colcon_core.package_identification:_identify(src/robotic_arm_environment) by extension 'python'
[0.344s] Level 1:colcon.colcon_core.package_identification:_identify(src/robotic_arm_environment) by extensions ['python_setup_py']
[0.344s] Level 1:colcon.colcon_core.package_identification:_identify(src/robotic_arm_environment) by extension 'python_setup_py'
[0.344s] Level 1:colcon.colcon_core.package_identification:_identify(src/robotic_arm_environment/RL_algorithms_basic) by extensions ['ignore', 'ignore_ament_install']
[0.344s] Level 1:colcon.colcon_core.package_identification:_identify(src/robotic_arm_environment/RL_algorithms_basic) by extension 'ignore'
[0.344s] Level 1:colcon.colcon_core.package_identification:_identify(src/robotic_arm_environment/RL_algorithms_basic) by extension 'ignore_ament_install'
[0.344s] Level 1:colcon.colcon_core.package_identification:_identify(src/robotic_arm_environment/RL_algorithms_basic) by extensions ['colcon_pkg']
[0.344s] Level 1:colcon.colcon_core.package_identification:_identify(src/robotic_arm_environment/RL_algorithms_basic) by extension 'colcon_pkg'
[0.344s] Level 1:colcon.colcon_core.package_identification:_identify(src/robotic_arm_environment/RL_algorithms_basic) by extensions ['colcon_meta']
[0.344s] Level 1:colcon.colcon_core.package_identification:_identify(src/robotic_arm_environment/RL_algorithms_basic) by extension 'colcon_meta'
[0.344s] Level 1:colcon.colcon_core.package_identification:_identify(src/robotic_arm_environment/RL_algorithms_basic) by extensions ['ros']
[0.345s] Level 1:colcon.colcon_core.package_identification:_identify(src/robotic_arm_environment/RL_algorithms_basic) by extension 'ros'
[0.345s] Level 1:colcon.colcon_core.package_identification:_identify(src/robotic_arm_environment/RL_algorithms_basic) by extensions ['cmake', 'python']
[0.345s] Level 1:colcon.colcon_core.package_identification:_identify(src/robotic_arm_environment/RL_algorithms_basic) by extension 'cmake'
[0.345s] Level 1:colcon.colcon_core.package_identification:_identify(src/robotic_arm_environment/RL_algorithms_basic) by extension 'python'
[0.345s] Level 1:colcon.colcon_core.package_identification:_identify(src/robotic_arm_environment/RL_algorithms_basic) by extensions ['python_setup_py']
[0.345s] Level 1:colcon.colcon_core.package_identification:_identify(src/robotic_arm_environment/RL_algorithms_basic) by extension 'python_setup_py'
[0.345s] Level 1:colcon.colcon_core.package_identification:_identify(src/robotic_arm_environment/data) by extensions ['ignore', 'ignore_ament_install']
[0.345s] Level 1:colcon.colcon_core.package_identification:_identify(src/robotic_arm_environment/data) by extension 'ignore'
[0.345s] Level 1:colcon.colcon_core.package_identification:_identify(src/robotic_arm_environment/data) by extension 'ignore_ament_install'
[0.345s] Level 1:colcon.colcon_core.package_identification:_identify(src/robotic_arm_environment/data) by extensions ['colcon_pkg']
[0.345s] Level 1:colcon.colcon_core.package_identification:_identify(src/robotic_arm_environment/data) by extension 'colcon_pkg'
[0.345s] Level 1:colcon.colcon_core.package_identification:_identify(src/robotic_arm_environment/data) by extensions ['colcon_meta']
[0.345s] Level 1:colcon.colcon_core.package_identification:_identify(src/robotic_arm_environment/data) by extension 'colcon_meta'
[0.345s] Level 1:colcon.colcon_core.package_identification:_identify(src/robotic_arm_environment/data) by extensions ['ros']
[0.345s] Level 1:colcon.colcon_core.package_identification:_identify(src/robotic_arm_environment/data) by extension 'ros'
[0.345s] Level 1:colcon.colcon_core.package_identification:_identify(src/robotic_arm_environment/data) by extensions ['cmake', 'python']
[0.345s] Level 1:colcon.colcon_core.package_identification:_identify(src/robotic_arm_environment/data) by extension 'cmake'
[0.345s] Level 1:colcon.colcon_core.package_identification:_identify(src/robotic_arm_environment/data) by extension 'python'
[0.345s] Level 1:colcon.colcon_core.package_identification:_identify(src/robotic_arm_environment/data) by extensions ['python_setup_py']
[0.345s] Level 1:colcon.colcon_core.package_identification:_identify(src/robotic_arm_environment/data) by extension 'python_setup_py'
[0.345s] Level 1:colcon.colcon_core.package_identification:_identify(src/robotic_arm_environment/images) by extensions ['ignore', 'ignore_ament_install']
[0.345s] Level 1:colcon.colcon_core.package_identification:_identify(src/robotic_arm_environment/images) by extension 'ignore'
[0.345s] Level 1:colcon.colcon_core.package_identification:_identify(src/robotic_arm_environment/images) by extension 'ignore_ament_install'
[0.345s] Level 1:colcon.colcon_core.package_identification:_identify(src/robotic_arm_environment/images) by extensions ['colcon_pkg']
[0.345s] Level 1:colcon.colcon_core.package_identification:_identify(src/robotic_arm_environment/images) by extension 'colcon_pkg'
[0.346s] Level 1:colcon.colcon_core.package_identification:_identify(src/robotic_arm_environment/images) by extensions ['colcon_meta']
[0.346s] Level 1:colcon.colcon_core.package_identification:_identify(src/robotic_arm_environment/images) by extension 'colcon_meta'
[0.346s] Level 1:colcon.colcon_core.package_identification:_identify(src/robotic_arm_environment/images) by extensions ['ros']
[0.346s] Level 1:colcon.colcon_core.package_identification:_identify(src/robotic_arm_environment/images) by extension 'ros'
[0.346s] Level 1:colcon.colcon_core.package_identification:_identify(src/robotic_arm_environment/images) by extensions ['cmake', 'python']
[0.346s] Level 1:colcon.colcon_core.package_identification:_identify(src/robotic_arm_environment/images) by extension 'cmake'
[0.346s] Level 1:colcon.colcon_core.package_identification:_identify(src/robotic_arm_environment/images) by extension 'python'
[0.346s] Level 1:colcon.colcon_core.package_identification:_identify(src/robotic_arm_environment/images) by extensions ['python_setup_py']
[0.346s] Level 1:colcon.colcon_core.package_identification:_identify(src/robotic_arm_environment/images) by extension 'python_setup_py'
[0.346s] Level 1:colcon.colcon_core.package_identification:_identify(src/robotic_arm_environment/my_doosan_pkg) by extensions ['ignore', 'ignore_ament_install']
[0.346s] Level 1:colcon.colcon_core.package_identification:_identify(src/robotic_arm_environment/my_doosan_pkg) by extension 'ignore'
[0.346s] Level 1:colcon.colcon_core.package_identification:_identify(src/robotic_arm_environment/my_doosan_pkg) by extension 'ignore_ament_install'
[0.346s] Level 1:colcon.colcon_core.package_identification:_identify(src/robotic_arm_environment/my_doosan_pkg) by extensions ['colcon_pkg']
[0.346s] Level 1:colcon.colcon_core.package_identification:_identify(src/robotic_arm_environment/my_doosan_pkg) by extension 'colcon_pkg'
[0.346s] Level 1:colcon.colcon_core.package_identification:_identify(src/robotic_arm_environment/my_doosan_pkg) by extensions ['colcon_meta']
[0.346s] Level 1:colcon.colcon_core.package_identification:_identify(src/robotic_arm_environment/my_doosan_pkg) by extension 'colcon_meta'
[0.346s] Level 1:colcon.colcon_core.package_identification:_identify(src/robotic_arm_environment/my_doosan_pkg) by extensions ['ros']
[0.346s] Level 1:colcon.colcon_core.package_identification:_identify(src/robotic_arm_environment/my_doosan_pkg) by extension 'ros'
[0.349s] DEBUG:colcon.colcon_core.package_identification:Package 'src/robotic_arm_environment/my_doosan_pkg' with type 'ros.ament_python' and name 'my_doosan_pkg'
[0.349s] Level 1:colcon.colcon_core.package_identification:_identify(src/robotic_arm_environment/my_environment_pkg) by extensions ['ignore', 'ignore_ament_install']
[0.349s] Level 1:colcon.colcon_core.package_identification:_identify(src/robotic_arm_environment/my_environment_pkg) by extension 'ignore'
[0.349s] Level 1:colcon.colcon_core.package_identification:_identify(src/robotic_arm_environment/my_environment_pkg) by extension 'ignore_ament_install'
[0.349s] Level 1:colcon.colcon_core.package_identification:_identify(src/robotic_arm_environment/my_environment_pkg) by extensions ['colcon_pkg']
[0.349s] Level 1:colcon.colcon_core.package_identification:_identify(src/robotic_arm_environment/my_environment_pkg) by extension 'colcon_pkg'
[0.349s] Level 1:colcon.colcon_core.package_identification:_identify(src/robotic_arm_environment/my_environment_pkg) by extensions ['colcon_meta']
[0.349s] Level 1:colcon.colcon_core.package_identification:_identify(src/robotic_arm_environment/my_environment_pkg) by extension 'colcon_meta'
[0.349s] Level 1:colcon.colcon_core.package_identification:_identify(src/robotic_arm_environment/my_environment_pkg) by extensions ['ros']
[0.349s] Level 1:colcon.colcon_core.package_identification:_identify(src/robotic_arm_environment/my_environment_pkg) by extension 'ros'
[0.349s] DEBUG:colcon.colcon_core.package_identification:Package 'src/robotic_arm_environment/my_environment_pkg' with type 'ros.ament_python' and name 'my_environment_pkg'
[0.349s] Level 1:colcon.colcon_core.package_identification:_identify(src/robotic_arm_environment/my_sphere_pkg) by extensions ['ignore', 'ignore_ament_install']
[0.350s] Level 1:colcon.colcon_core.package_identification:_identify(src/robotic_arm_environment/my_sphere_pkg) by extension 'ignore'
[0.350s] Level 1:colcon.colcon_core.package_identification:_identify(src/robotic_arm_environment/my_sphere_pkg) by extension 'ignore_ament_install'
[0.350s] Level 1:colcon.colcon_core.package_identification:_identify(src/robotic_arm_environment/my_sphere_pkg) by extensions ['colcon_pkg']
[0.350s] Level 1:colcon.colcon_core.package_identification:_identify(src/robotic_arm_environment/my_sphere_pkg) by extension 'colcon_pkg'
[0.350s] Level 1:colcon.colcon_core.package_identification:_identify(src/robotic_arm_environment/my_sphere_pkg) by extensions ['colcon_meta']
[0.350s] Level 1:colcon.colcon_core.package_identification:_identify(src/robotic_arm_environment/my_sphere_pkg) by extension 'colcon_meta'
[0.350s] Level 1:colcon.colcon_core.package_identification:_identify(src/robotic_arm_environment/my_sphere_pkg) by extensions ['ros']
[0.350s] Level 1:colcon.colcon_core.package_identification:_identify(src/robotic_arm_environment/my_sphere_pkg) by extension 'ros'
[0.350s] DEBUG:colcon.colcon_core.package_identification:Package 'src/robotic_arm_environment/my_sphere_pkg' with type 'ros.ament_python' and name 'my_sphere_pkg'
[0.350s] Level 1:colcon.colcon_core.package_identification:_identify(src/ros-controls) by extensions ['ignore', 'ignore_ament_install']
[0.350s] Level 1:colcon.colcon_core.package_identification:_identify(src/ros-controls) by extension 'ignore'
[0.350s] Level 1:colcon.colcon_core.package_identification:_identify(src/ros-controls) by extension 'ignore_ament_install'
[0.350s] Level 1:colcon.colcon_core.package_identification:_identify(src/ros-controls) by extensions ['colcon_pkg']
[0.350s] Level 1:colcon.colcon_core.package_identification:_identify(src/ros-controls) by extension 'colcon_pkg'
[0.350s] Level 1:colcon.colcon_core.package_identification:_identify(src/ros-controls) by extensions ['colcon_meta']
[0.350s] Level 1:colcon.colcon_core.package_identification:_identify(src/ros-controls) by extension 'colcon_meta'
[0.350s] Level 1:colcon.colcon_core.package_identification:_identify(src/ros-controls) by extensions ['ros']
[0.350s] Level 1:colcon.colcon_core.package_identification:_identify(src/ros-controls) by extension 'ros'
[0.351s] Level 1:colcon.colcon_core.package_identification:_identify(src/ros-controls) by extensions ['cmake', 'python']
[0.351s] Level 1:colcon.colcon_core.package_identification:_identify(src/ros-controls) by extension 'cmake'
[0.351s] Level 1:colcon.colcon_core.package_identification:_identify(src/ros-controls) by extension 'python'
[0.351s] Level 1:colcon.colcon_core.package_identification:_identify(src/ros-controls) by extensions ['python_setup_py']
[0.351s] Level 1:colcon.colcon_core.package_identification:_identify(src/ros-controls) by extension 'python_setup_py'
[0.351s] Level 1:colcon.colcon_core.package_identification:_identify(src/ros-controls/control_msgs) by extensions ['ignore', 'ignore_ament_install']
[0.351s] Level 1:colcon.colcon_core.package_identification:_identify(src/ros-controls/control_msgs) by extension 'ignore'
[0.351s] Level 1:colcon.colcon_core.package_identification:_identify(src/ros-controls/control_msgs) by extension 'ignore_ament_install'
[0.351s] Level 1:colcon.colcon_core.package_identification:_identify(src/ros-controls/control_msgs) by extensions ['colcon_pkg']
[0.351s] Level 1:colcon.colcon_core.package_identification:_identify(src/ros-controls/control_msgs) by extension 'colcon_pkg'
[0.351s] Level 1:colcon.colcon_core.package_identification:_identify(src/ros-controls/control_msgs) by extensions ['colcon_meta']
[0.351s] Level 1:colcon.colcon_core.package_identification:_identify(src/ros-controls/control_msgs) by extension 'colcon_meta'
[0.351s] Level 1:colcon.colcon_core.package_identification:_identify(src/ros-controls/control_msgs) by extensions ['ros']
[0.351s] Level 1:colcon.colcon_core.package_identification:_identify(src/ros-controls/control_msgs) by extension 'ros'
[0.351s] Level 1:colcon.colcon_core.package_identification:_identify(src/ros-controls/control_msgs) by extensions ['cmake', 'python']
[0.351s] Level 1:colcon.colcon_core.package_identification:_identify(src/ros-controls/control_msgs) by extension 'cmake'
[0.351s] Level 1:colcon.colcon_core.package_identification:_identify(src/ros-controls/control_msgs) by extension 'python'
[0.351s] Level 1:colcon.colcon_core.package_identification:_identify(src/ros-controls/control_msgs) by extensions ['python_setup_py']
[0.351s] Level 1:colcon.colcon_core.package_identification:_identify(src/ros-controls/control_msgs) by extension 'python_setup_py'
[0.351s] Level 1:colcon.colcon_core.package_identification:_identify(src/ros-controls/control_msgs/control_msgs) by extensions ['ignore', 'ignore_ament_install']
[0.351s] Level 1:colcon.colcon_core.package_identification:_identify(src/ros-controls/control_msgs/control_msgs) by extension 'ignore'
[0.351s] Level 1:colcon.colcon_core.package_identification:_identify(src/ros-controls/control_msgs/control_msgs) by extension 'ignore_ament_install'
[0.351s] Level 1:colcon.colcon_core.package_identification:_identify(src/ros-controls/control_msgs/control_msgs) by extensions ['colcon_pkg']
[0.352s] Level 1:colcon.colcon_core.package_identification:_identify(src/ros-controls/control_msgs/control_msgs) by extension 'colcon_pkg'
[0.352s] Level 1:colcon.colcon_core.package_identification:_identify(src/ros-controls/control_msgs/control_msgs) by extensions ['colcon_meta']
[0.352s] Level 1:colcon.colcon_core.package_identification:_identify(src/ros-controls/control_msgs/control_msgs) by extension 'colcon_meta'
[0.352s] Level 1:colcon.colcon_core.package_identification:_identify(src/ros-controls/control_msgs/control_msgs) by extensions ['ros']
[0.352s] Level 1:colcon.colcon_core.package_identification:_identify(src/ros-controls/control_msgs/control_msgs) by extension 'ros'
[0.352s] DEBUG:colcon.colcon_core.package_identification:Package 'src/ros-controls/control_msgs/control_msgs' with type 'ros.ament_cmake' and name 'control_msgs'
[0.352s] Level 1:colcon.colcon_core.package_identification:_identify(src/ros-controls/realtime_tools) by extensions ['ignore', 'ignore_ament_install']
[0.352s] Level 1:colcon.colcon_core.package_identification:_identify(src/ros-controls/realtime_tools) by extension 'ignore'
[0.352s] Level 1:colcon.colcon_core.package_identification:_identify(src/ros-controls/realtime_tools) by extension 'ignore_ament_install'
[0.352s] Level 1:colcon.colcon_core.package_identification:_identify(src/ros-controls/realtime_tools) by extensions ['colcon_pkg']
[0.353s] Level 1:colcon.colcon_core.package_identification:_identify(src/ros-controls/realtime_tools) by extension 'colcon_pkg'
[0.353s] Level 1:colcon.colcon_core.package_identification:_identify(src/ros-controls/realtime_tools) by extensions ['colcon_meta']
[0.353s] Level 1:colcon.colcon_core.package_identification:_identify(src/ros-controls/realtime_tools) by extension 'colcon_meta'
[0.353s] Level 1:colcon.colcon_core.package_identification:_identify(src/ros-controls/realtime_tools) by extensions ['ros']
[0.353s] Level 1:colcon.colcon_core.package_identification:_identify(src/ros-controls/realtime_tools) by extension 'ros'
[0.353s] DEBUG:colcon.colcon_core.package_identification:Package 'src/ros-controls/realtime_tools' with type 'ros.ament_cmake' and name 'realtime_tools'
[0.353s] Level 1:colcon.colcon_core.package_discovery:discover_packages(recursive) using defaults
[0.353s] Level 1:colcon.colcon_core.package_discovery:discover_packages(ignore) discover
[0.353s] Level 1:colcon.colcon_core.package_discovery:discover_packages(ignore) using defaults
[0.353s] Level 1:colcon.colcon_core.package_discovery:discover_packages(path) discover
[0.353s] Level 1:colcon.colcon_core.package_discovery:discover_packages(path) using defaults
[0.374s] Level 1:colcon.colcon_core.package_discovery:discover_packages(prefix_path) check parameters
[0.375s] Level 1:colcon.colcon_core.package_discovery:discover_packages(prefix_path) discover
[0.376s] Level 1:colcon.colcon_core.package_discovery:discover_packages(prefix_path) using defaults
[0.378s] Level 5:colcon.colcon_core.verb:set package 'control_msgs' build argument 'cmake_args' from command line to 'None'
[0.378s] Level 5:colcon.colcon_core.verb:set package 'control_msgs' build argument 'cmake_target' from command line to 'None'
[0.378s] Level 5:colcon.colcon_core.verb:set package 'control_msgs' build argument 'cmake_target_skip_unavailable' from command line to 'False'
[0.378s] Level 5:colcon.colcon_core.verb:set package 'control_msgs' build argument 'cmake_clean_cache' from command line to 'False'
[0.378s] Level 5:colcon.colcon_core.verb:set package 'control_msgs' build argument 'cmake_clean_first' from command line to 'False'
[0.378s] Level 5:colcon.colcon_core.verb:set package 'control_msgs' build argument 'cmake_force_configure' from command line to 'False'
[0.378s] Level 5:colcon.colcon_core.verb:set package 'control_msgs' build argument 'ament_cmake_args' from command line to 'None'
[0.378s] Level 5:colcon.colcon_core.verb:set package 'control_msgs' build argument 'catkin_cmake_args' from command line to 'None'
[0.378s] Level 5:colcon.colcon_core.verb:set package 'control_msgs' build argument 'catkin_skip_building_tests' from command line to 'False'
[0.378s] DEBUG:colcon.colcon_core.verb:Building package 'control_msgs' with the following arguments: {'ament_cmake_args': None, 'build_base': '/home/dndqodqks/ros2_ws/build/control_msgs', 'catkin_cmake_args': None, 'catkin_skip_building_tests': False, 'cmake_args': None, 'cmake_clean_cache': False, 'cmake_clean_first': False, 'cmake_force_configure': False, 'cmake_target': None, 'cmake_target_skip_unavailable': False, 'install_base': '/home/dndqodqks/ros2_ws/install/control_msgs', 'merge_install': False, 'path': '/home/dndqodqks/ros2_ws/src/ros-controls/control_msgs/control_msgs', 'symlink_install': True, 'test_result_base': None}
[0.380s] Level 5:colcon.colcon_core.verb:set package 'my_doosan_pkg' build argument 'cmake_args' from command line to 'None'
[0.380s] Level 5:colcon.colcon_core.verb:set package 'my_doosan_pkg' build argument 'cmake_target' from command line to 'None'
[0.380s] Level 5:colcon.colcon_core.verb:set package 'my_doosan_pkg' build argument 'cmake_target_skip_unavailable' from command line to 'False'
[0.380s] Level 5:colcon.colcon_core.verb:set package 'my_doosan_pkg' build argument 'cmake_clean_cache' from command line to 'False'
[0.380s] Level 5:colcon.colcon_core.verb:set package 'my_doosan_pkg' build argument 'cmake_clean_first' from command line to 'False'
[0.380s] Level 5:colcon.colcon_core.verb:set package 'my_doosan_pkg' build argument 'cmake_force_configure' from command line to 'False'
[0.380s] Level 5:colcon.colcon_core.verb:set package 'my_doosan_pkg' build argument 'ament_cmake_args' from command line to 'None'
[0.380s] Level 5:colcon.colcon_core.verb:set package 'my_doosan_pkg' build argument 'catkin_cmake_args' from command line to 'None'
[0.380s] Level 5:colcon.colcon_core.verb:set package 'my_doosan_pkg' build argument 'catkin_skip_building_tests' from command line to 'False'
[0.380s] DEBUG:colcon.colcon_core.verb:Building package 'my_doosan_pkg' with the following arguments: {'ament_cmake_args': None, 'build_base': '/home/dndqodqks/ros2_ws/build/my_doosan_pkg', 'catkin_cmake_args': None, 'catkin_skip_building_tests': False, 'cmake_args': None, 'cmake_clean_cache': False, 'cmake_clean_first': False, 'cmake_force_configure': False, 'cmake_target': None, 'cmake_target_skip_unavailable': False, 'install_base': '/home/dndqodqks/ros2_ws/install/my_doosan_pkg', 'merge_install': False, 'path': '/home/dndqodqks/ros2_ws/src/robotic_arm_environment/my_doosan_pkg', 'symlink_install': True, 'test_result_base': None}
[0.381s] Level 5:colcon.colcon_core.verb:set package 'my_environment_pkg' build argument 'cmake_args' from command line to 'None'
[0.381s] Level 5:colcon.colcon_core.verb:set package 'my_environment_pkg' build argument 'cmake_target' from command line to 'None'
[0.381s] Level 5:colcon.colcon_core.verb:set package 'my_environment_pkg' build argument 'cmake_target_skip_unavailable' from command line to 'False'
[0.381s] Level 5:colcon.colcon_core.verb:set package 'my_environment_pkg' build argument 'cmake_clean_cache' from command line to 'False'
[0.381s] Level 5:colcon.colcon_core.verb:set package 'my_environment_pkg' build argument 'cmake_clean_first' from command line to 'False'
[0.381s] Level 5:colcon.colcon_core.verb:set package 'my_environment_pkg' build argument 'cmake_force_configure' from command line to 'False'
[0.381s] Level 5:colcon.colcon_core.verb:set package 'my_environment_pkg' build argument 'ament_cmake_args' from command line to 'None'
[0.381s] Level 5:colcon.colcon_core.verb:set package 'my_environment_pkg' build argument 'catkin_cmake_args' from command line to 'None'
[0.381s] Level 5:colcon.colcon_core.verb:set package 'my_environment_pkg' build argument 'catkin_skip_building_tests' from command line to 'False'
[0.381s] DEBUG:colcon.colcon_core.verb:Building package 'my_environment_pkg' with the following arguments: {'ament_cmake_args': None, 'build_base': '/home/dndqodqks/ros2_ws/build/my_environment_pkg', 'catkin_cmake_args': None, 'catkin_skip_building_tests': False, 'cmake_args': None, 'cmake_clean_cache': False, 'cmake_clean_first': False, 'cmake_force_configure': False, 'cmake_target': None, 'cmake_target_skip_unavailable': False, 'install_base': '/home/dndqodqks/ros2_ws/install/my_environment_pkg', 'merge_install': False, 'path': '/home/dndqodqks/ros2_ws/src/robotic_arm_environment/my_environment_pkg', 'symlink_install': True, 'test_result_base': None}
[0.382s] Level 5:colcon.colcon_core.verb:set package 'my_sphere_pkg' build argument 'cmake_args' from command line to 'None'
[0.382s] Level 5:colcon.colcon_core.verb:set package 'my_sphere_pkg' build argument 'cmake_target' from command line to 'None'
[0.382s] Level 5:colcon.colcon_core.verb:set package 'my_sphere_pkg' build argument 'cmake_target_skip_unavailable' from command line to 'False'
[0.382s] Level 5:colcon.colcon_core.verb:set package 'my_sphere_pkg' build argument 'cmake_clean_cache' from command line to 'False'
[0.382s] Level 5:colcon.colcon_core.verb:set package 'my_sphere_pkg' build argument 'cmake_clean_first' from command line to 'False'
[0.382s] Level 5:colcon.colcon_core.verb:set package 'my_sphere_pkg' build argument 'cmake_force_configure' from command line to 'False'
[0.382s] Level 5:colcon.colcon_core.verb:set package 'my_sphere_pkg' build argument 'ament_cmake_args' from command line to 'None'
[0.382s] Level 5:colcon.colcon_core.verb:set package 'my_sphere_pkg' build argument 'catkin_cmake_args' from command line to 'None'
[0.382s] Level 5:colcon.colcon_core.verb:set package 'my_sphere_pkg' build argument 'catkin_skip_building_tests' from command line to 'False'
[0.382s] DEBUG:colcon.colcon_core.verb:Building package 'my_sphere_pkg' with the following arguments: {'ament_cmake_args': None, 'build_base': '/home/dndqodqks/ros2_ws/build/my_sphere_pkg', 'catkin_cmake_args': None, 'catkin_skip_building_tests': False, 'cmake_args': None, 'cmake_clean_cache': False, 'cmake_clean_first': False, 'cmake_force_configure': False, 'cmake_target': None, 'cmake_target_skip_unavailable': False, 'install_base': '/home/dndqodqks/ros2_ws/install/my_sphere_pkg', 'merge_install': False, 'path': '/home/dndqodqks/ros2_ws/src/robotic_arm_environment/my_sphere_pkg', 'symlink_install': True, 'test_result_base': None}
[0.383s] Level 5:colcon.colcon_core.verb:set package 'realtime_tools' build argument 'cmake_args' from command line to 'None'
[0.383s] Level 5:colcon.colcon_core.verb:set package 'realtime_tools' build argument 'cmake_target' from command line to 'None'
[0.383s] Level 5:colcon.colcon_core.verb:set package 'realtime_tools' build argument 'cmake_target_skip_unavailable' from command line to 'False'
[0.384s] Level 5:colcon.colcon_core.verb:set package 'realtime_tools' build argument 'cmake_clean_cache' from command line to 'False'
[0.384s] Level 5:colcon.colcon_core.verb:set package 'realtime_tools' build argument 'cmake_clean_first' from command line to 'False'
[0.384s] Level 5:colcon.colcon_core.verb:set package 'realtime_tools' build argument 'cmake_force_configure' from command line to 'False'
[0.384s] Level 5:colcon.colcon_core.verb:set package 'realtime_tools' build argument 'ament_cmake_args' from command line to 'None'
[0.384s] Level 5:colcon.colcon_core.verb:set package 'realtime_tools' build argument 'catkin_cmake_args' from command line to 'None'
[0.384s] Level 5:colcon.colcon_core.verb:set package 'realtime_tools' build argument 'catkin_skip_building_tests' from command line to 'False'
[0.384s] DEBUG:colcon.colcon_core.verb:Building package 'realtime_tools' with the following arguments: {'ament_cmake_args': None, 'build_base': '/home/dndqodqks/ros2_ws/build/realtime_tools', 'catkin_cmake_args': None, 'catkin_skip_building_tests': False, 'cmake_args': None, 'cmake_clean_cache': False, 'cmake_clean_first': False, 'cmake_force_configure': False, 'cmake_target': None, 'cmake_target_skip_unavailable': False, 'install_base': '/home/dndqodqks/ros2_ws/install/realtime_tools', 'merge_install': False, 'path': '/home/dndqodqks/ros2_ws/src/ros-controls/realtime_tools', 'symlink_install': True, 'test_result_base': None}
[0.384s] INFO:colcon.colcon_core.executor:Executing jobs using 'parallel' executor
[0.389s] DEBUG:colcon.colcon_parallel_executor.executor.parallel:run_until_complete
[0.389s] INFO:colcon.colcon_ros.task.ament_cmake.build:Building ROS package in '/home/dndqodqks/ros2_ws/src/ros-controls/control_msgs/control_msgs' with build type 'ament_cmake'
[0.389s] INFO:colcon.colcon_cmake.task.cmake.build:Building CMake package in '/home/dndqodqks/ros2_ws/src/ros-controls/control_msgs/control_msgs'
[0.394s] INFO:colcon.colcon_core.plugin_system:Skipping extension 'colcon_core.shell.bat': Not used on non-Windows systems
[0.394s] INFO:colcon.colcon_core.shell:Skip shell extension 'powershell' for command environment: Not usable outside of PowerShell
[0.394s] DEBUG:colcon.colcon_core.shell:Skip shell extension 'dsv' for command environment
[0.397s] INFO:colcon.colcon_ros.task.ament_python.build:Building ROS package in '/home/dndqodqks/ros2_ws/src/robotic_arm_environment/my_doosan_pkg' with build type 'ament_python'
[0.397s] Level 1:colcon.colcon_core.shell:create_environment_hook('my_doosan_pkg', 'ament_prefix_path')
[0.400s] INFO:colcon.colcon_core.shell:Creating environment hook '/home/dndqodqks/ros2_ws/install/my_doosan_pkg/share/my_doosan_pkg/hook/ament_prefix_path.ps1'
[0.401s] INFO:colcon.colcon_core.shell:Creating environment descriptor '/home/dndqodqks/ros2_ws/install/my_doosan_pkg/share/my_doosan_pkg/hook/ament_prefix_path.dsv'
[0.401s] INFO:colcon.colcon_core.shell:Creating environment hook '/home/dndqodqks/ros2_ws/install/my_doosan_pkg/share/my_doosan_pkg/hook/ament_prefix_path.sh'
[0.404s] INFO:colcon.colcon_core.shell:Skip shell extension 'powershell' for command environment: Not usable outside of PowerShell
[0.404s] DEBUG:colcon.colcon_core.shell:Skip shell extension 'dsv' for command environment
[0.406s] INFO:colcon.colcon_ros.task.ament_python.build:Building ROS package in '/home/dndqodqks/ros2_ws/src/robotic_arm_environment/my_environment_pkg' with build type 'ament_python'
[0.406s] Level 1:colcon.colcon_core.shell:create_environment_hook('my_environment_pkg', 'ament_prefix_path')
[0.408s] INFO:colcon.colcon_core.shell:Creating environment hook '/home/dndqodqks/ros2_ws/install/my_environment_pkg/share/my_environment_pkg/hook/ament_prefix_path.ps1'
[0.409s] INFO:colcon.colcon_core.shell:Creating environment descriptor '/home/dndqodqks/ros2_ws/install/my_environment_pkg/share/my_environment_pkg/hook/ament_prefix_path.dsv'
[0.409s] INFO:colcon.colcon_core.shell:Creating environment hook '/home/dndqodqks/ros2_ws/install/my_environment_pkg/share/my_environment_pkg/hook/ament_prefix_path.sh'
[0.411s] INFO:colcon.colcon_core.shell:Skip shell extension 'powershell' for command environment: Not usable outside of PowerShell
[0.411s] DEBUG:colcon.colcon_core.shell:Skip shell extension 'dsv' for command environment
[0.414s] INFO:colcon.colcon_ros.task.ament_python.build:Building ROS package in '/home/dndqodqks/ros2_ws/src/robotic_arm_environment/my_sphere_pkg' with build type 'ament_python'
[0.414s] Level 1:colcon.colcon_core.shell:create_environment_hook('my_sphere_pkg', 'ament_prefix_path')
[0.417s] INFO:colcon.colcon_core.shell:Creating environment hook '/home/dndqodqks/ros2_ws/install/my_sphere_pkg/share/my_sphere_pkg/hook/ament_prefix_path.ps1'
[0.417s] INFO:colcon.colcon_core.shell:Creating environment descriptor '/home/dndqodqks/ros2_ws/install/my_sphere_pkg/share/my_sphere_pkg/hook/ament_prefix_path.dsv'
[0.418s] INFO:colcon.colcon_core.shell:Creating environment hook '/home/dndqodqks/ros2_ws/install/my_sphere_pkg/share/my_sphere_pkg/hook/ament_prefix_path.sh'
[0.420s] INFO:colcon.colcon_core.shell:Skip shell extension 'powershell' for command environment: Not usable outside of PowerShell
[0.420s] DEBUG:colcon.colcon_core.shell:Skip shell extension 'dsv' for command environment
[0.422s] INFO:colcon.colcon_ros.task.ament_cmake.build:Building ROS package in '/home/dndqodqks/ros2_ws/src/ros-controls/realtime_tools' with build type 'ament_cmake'
[0.422s] INFO:colcon.colcon_cmake.task.cmake.build:Building CMake package in '/home/dndqodqks/ros2_ws/src/ros-controls/realtime_tools'
[0.425s] INFO:colcon.colcon_core.shell:Skip shell extension 'powershell' for command environment: Not usable outside of PowerShell
[0.425s] DEBUG:colcon.colcon_core.shell:Skip shell extension 'dsv' for command environment
[0.433s] DEBUG:colcon.colcon_core.event_handler.log_command:Invoking command in '/home/dndqodqks/ros2_ws/build/control_msgs': /home/dndqodqks/.local/bin/cmake --build /home/dndqodqks/ros2_ws/build/control_msgs -- -j8 -l8
[0.582s] INFO:colcon.colcon_core.task.python.build:Building Python package in '/home/dndqodqks/ros2_ws/src/robotic_arm_environment/my_doosan_pkg'
[0.585s] INFO:colcon.colcon_core.shell:Skip shell extension 'powershell' for command environment: Not usable outside of PowerShell
[0.585s] DEBUG:colcon.colcon_core.shell:Skip shell extension 'dsv' for command environment
[0.732s] INFO:colcon.colcon_core.task.python.build:Building Python package in '/home/dndqodqks/ros2_ws/src/robotic_arm_environment/my_environment_pkg'
[0.734s] INFO:colcon.colcon_core.shell:Skip shell extension 'powershell' for command environment: Not usable outside of PowerShell
[0.734s] DEBUG:colcon.colcon_core.shell:Skip shell extension 'dsv' for command environment
[0.877s] INFO:colcon.colcon_core.task.python.build:Building Python package in '/home/dndqodqks/ros2_ws/src/robotic_arm_environment/my_sphere_pkg'
[0.880s] INFO:colcon.colcon_core.shell:Skip shell extension 'powershell' for command environment: Not usable outside of PowerShell
[0.880s] DEBUG:colcon.colcon_core.shell:Skip shell extension 'dsv' for command environment
[0.886s] DEBUG:colcon.colcon_core.event_handler.log_command:Invoking command in '/home/dndqodqks/ros2_ws/build/realtime_tools': /home/dndqodqks/.local/bin/cmake --build /home/dndqodqks/ros2_ws/build/realtime_tools -- -j8 -l8
[0.892s] DEBUG:colcon.colcon_core.event_handler.log_command:Invoked command in '/home/dndqodqks/ros2_ws/build/control_msgs' returned '2': /home/dndqodqks/.local/bin/cmake --build /home/dndqodqks/ros2_ws/build/control_msgs -- -j8 -l8
[1.070s] Level 1:colcon.colcon_core.environment:create_environment_scripts_only(control_msgs)
[1.080s] Level 1:colcon.colcon_core.environment:checking '/home/dndqodqks/ros2_ws/install/control_msgs' for CMake module files
[1.081s] Level 1:colcon.colcon_core.environment:checking '/home/dndqodqks/ros2_ws/install/control_msgs' for CMake config files
[1.083s] Level 1:colcon.colcon_core.shell:create_environment_hook('control_msgs', 'cmake_prefix_path')
[1.087s] INFO:colcon.colcon_core.shell:Creating environment hook '/home/dndqodqks/ros2_ws/install/control_msgs/share/control_msgs/hook/cmake_prefix_path.ps1'
[1.088s] INFO:colcon.colcon_core.shell:Creating environment descriptor '/home/dndqodqks/ros2_ws/install/control_msgs/share/control_msgs/hook/cmake_prefix_path.dsv'
[1.089s] INFO:colcon.colcon_core.shell:Creating environment hook '/home/dndqodqks/ros2_ws/install/control_msgs/share/control_msgs/hook/cmake_prefix_path.sh'
[1.090s] Level 1:colcon.colcon_core.environment:checking '/home/dndqodqks/ros2_ws/install/control_msgs/lib'
[1.090s] Level 1:colcon.colcon_core.shell:create_environment_hook('control_msgs', 'ld_library_path_lib')
[1.093s] INFO:colcon.colcon_core.shell:Creating environment hook '/home/dndqodqks/ros2_ws/install/control_msgs/share/control_msgs/hook/ld_library_path_lib.ps1'
[1.094s] INFO:colcon.colcon_core.shell:Creating environment descriptor '/home/dndqodqks/ros2_ws/install/control_msgs/share/control_msgs/hook/ld_library_path_lib.dsv'
[1.094s] INFO:colcon.colcon_core.shell:Creating environment hook '/home/dndqodqks/ros2_ws/install/control_msgs/share/control_msgs/hook/ld_library_path_lib.sh'
[1.094s] Level 1:colcon.colcon_core.environment:checking '/home/dndqodqks/ros2_ws/install/control_msgs/bin'
[1.094s] Level 1:colcon.colcon_core.environment:checking '/home/dndqodqks/ros2_ws/install/control_msgs/lib/pkgconfig/control_msgs.pc'
[1.095s] Level 1:colcon.colcon_core.environment:checking '/home/dndqodqks/ros2_ws/install/control_msgs/lib/python3.8/site-packages'
[1.095s] Level 1:colcon.colcon_core.shell:create_environment_hook('control_msgs', 'pythonpath')
[1.098s] INFO:colcon.colcon_core.shell:Creating environment hook '/home/dndqodqks/ros2_ws/install/control_msgs/share/control_msgs/hook/pythonpath.ps1'
[1.099s] INFO:colcon.colcon_core.shell:Creating environment descriptor '/home/dndqodqks/ros2_ws/install/control_msgs/share/control_msgs/hook/pythonpath.dsv'
[1.099s] INFO:colcon.colcon_core.shell:Creating environment hook '/home/dndqodqks/ros2_ws/install/control_msgs/share/control_msgs/hook/pythonpath.sh'
[1.100s] Level 1:colcon.colcon_core.environment:checking '/home/dndqodqks/ros2_ws/install/control_msgs/bin'
[1.103s] INFO:colcon.colcon_core.shell:Creating package script '/home/dndqodqks/ros2_ws/install/control_msgs/share/control_msgs/package.ps1'
[1.104s] INFO:colcon.colcon_core.shell:Creating package descriptor '/home/dndqodqks/ros2_ws/install/control_msgs/share/control_msgs/package.dsv'
[1.105s] INFO:colcon.colcon_core.shell:Creating package script '/home/dndqodqks/ros2_ws/install/control_msgs/share/control_msgs/package.sh'
[1.106s] INFO:colcon.colcon_core.shell:Creating package script '/home/dndqodqks/ros2_ws/install/control_msgs/share/control_msgs/package.bash'
[1.108s] INFO:colcon.colcon_core.shell:Creating package script '/home/dndqodqks/ros2_ws/install/control_msgs/share/control_msgs/package.zsh'
[1.109s] Level 1:colcon.colcon_core.environment:create_file_with_runtime_dependencies(/home/dndqodqks/ros2_ws/install/control_msgs/share/colcon-core/packages/control_msgs)
[1.255s] DEBUG:colcon.colcon_parallel_executor.executor.parallel:closing loop
[1.255s] DEBUG:colcon.colcon_parallel_executor.executor.parallel:loop closed
[1.256s] DEBUG:colcon.colcon_parallel_executor.executor.parallel:run_until_complete finished with '2'
[1.256s] DEBUG:colcon.colcon_core.event_reactor:joining thread
[1.273s] INFO:colcon.colcon_core.plugin_system:Skipping extension 'colcon_notification.desktop_notification.terminal_notifier': Not used on non-Darwin systems
[1.274s] INFO:colcon.colcon_core.plugin_system:Skipping extension 'colcon_notification.desktop_notification.win32': Not used on non-Windows systems
[1.274s] INFO:colcon.colcon_notification.desktop_notification:Sending desktop notification using 'notify2'
[1.329s] DEBUG:colcon.colcon_core.event_reactor:joined thread
[1.340s] INFO:colcon.colcon_core.shell:Creating prefix script '/home/dndqodqks/ros2_ws/install/local_setup.ps1'
[1.343s] INFO:colcon.colcon_core.shell:Creating prefix util module '/home/dndqodqks/ros2_ws/install/_local_setup_util_ps1.py'
[1.346s] INFO:colcon.colcon_core.shell:Creating prefix chain script '/home/dndqodqks/ros2_ws/install/setup.ps1'
[1.350s] INFO:colcon.colcon_core.shell:Creating prefix script '/home/dndqodqks/ros2_ws/install/local_setup.sh'
[1.351s] INFO:colcon.colcon_core.shell:Creating prefix util module '/home/dndqodqks/ros2_ws/install/_local_setup_util_sh.py'
[1.352s] INFO:colcon.colcon_core.shell:Creating prefix chain script '/home/dndqodqks/ros2_ws/install/setup.sh'
[1.355s] INFO:colcon.colcon_core.shell:Creating prefix script '/home/dndqodqks/ros2_ws/install/local_setup.bash'
[1.356s] INFO:colcon.colcon_core.shell:Creating prefix chain script '/home/dndqodqks/ros2_ws/install/setup.bash'
[1.359s] INFO:colcon.colcon_core.shell:Creating prefix script '/home/dndqodqks/ros2_ws/install/local_setup.zsh'
[1.360s] INFO:colcon.colcon_core.shell:Creating prefix chain script '/home/dndqodqks/ros2_ws/install/setup.zsh'
