[0.061s] Invoking command in '/home/dndqodqks/ros2_ws/build/control_msgs': CMAKE_PREFIX_PATH=/opt/ros/foxy /usr/bin/cmake /home/dndqodqks/ros2_ws/src/ros-controls/control_msgs/control_msgs -DAMENT_CMAKE_SYMLINK_INSTALL=1 -DCMAKE_INSTALL_PREFIX=/home/dndqodqks/ros2_ws/install/control_msgs
[0.611s] -- Found ament_cmake: 0.9.11 (/opt/ros/foxy/share/ament_cmake/cmake)
[0.611s] -- Found PythonInterp: /usr/bin/python3 (found suitable version "3.8.10", minimum required is "3") 
[0.611s] -- Using PYTHON_EXECUTABLE: /usr/bin/python3
[0.611s] -- Override CMake install command with custom implementation using symlinks instead of copying resources
[0.611s] -- Found builtin_interfaces: 1.0.0 (/opt/ros/foxy/share/builtin_interfaces/cmake)
[0.611s] -- Using all available rosidl_typesupport_c: rosidl_typesupport_fastrtps_c;rosidl_typesupport_introspection_c
[0.611s] -- Found rosidl_adapter: 1.3.0 (/opt/ros/foxy/share/rosidl_adapter/cmake)
[0.611s] -- Using all available rosidl_typesupport_cpp: rosidl_typesupport_fastrtps_cpp;rosidl_typesupport_introspection_cpp
[0.611s] -- Found rosidl_default_generators: 1.0.1 (/opt/ros/foxy/share/rosidl_default_generators/cmake)
[0.611s] -- Found action_msgs: 1.0.0 (/opt/ros/foxy/share/action_msgs/cmake)
[0.611s] -- Found geometry_msgs: 2.0.5 (/opt/ros/foxy/share/geometry_msgs/cmake)
[0.611s] -- Found trajectory_msgs: 2.0.5 (/opt/ros/foxy/share/trajectory_msgs/cmake)
[0.612s] -- Found ament_lint_auto: 0.9.8 (/opt/ros/foxy/share/ament_lint_auto/cmake)
[0.612s] -- Found PythonInterp: /usr/bin/python3 (found version "3.8.10") 
[0.792s] -- Found ament_cmake_ros: 0.9.2 (/opt/ros/foxy/share/ament_cmake_ros/cmake)
[1.089s] -- Using all available rosidl_typesupport_c: rosidl_typesupport_fastrtps_c;rosidl_typesupport_introspection_c
[1.286s] -- Using all available rosidl_typesupport_cpp: rosidl_typesupport_fastrtps_cpp;rosidl_typesupport_introspection_cpp
[1.327s] -- Found PythonInterp: /usr/bin/python3 (found suitable version "3.8.10", minimum required is "3.5") 
[1.327s] -- Found python_cmake_module: 0.8.1 (/opt/ros/foxy/share/python_cmake_module/cmake)
[1.353s] -- Using PYTHON_EXECUTABLE: /usr/bin/python3
[1.354s] -- Using PYTHON_INCLUDE_DIRS: /usr/include/python3.8
[1.354s] -- Using PYTHON_LIBRARIES: /usr/lib/x86_64-linux-gnu/libpython3.8.so
[1.420s] -- Added test 'copyright' to check source files copyright and LICENSE
[1.422s] -- Added test 'lint_cmake' to check CMake code style
[1.422s] -- Added test 'xmllint' to check XML markup files
[1.431s] -- Configuring done
[1.522s] -- Generating done
[1.526s] -- Build files have been written to: /home/dndqodqks/ros2_ws/build/control_msgs
[1.537s] Invoked command in '/home/dndqodqks/ros2_ws/build/control_msgs' returned '0': CMAKE_PREFIX_PATH=/opt/ros/foxy /usr/bin/cmake /home/dndqodqks/ros2_ws/src/ros-controls/control_msgs/control_msgs -DAMENT_CMAKE_SYMLINK_INSTALL=1 -DCMAKE_INSTALL_PREFIX=/home/dndqodqks/ros2_ws/install/control_msgs
[1.538s] Invoking command in '/home/dndqodqks/ros2_ws/build/control_msgs': CMAKE_PREFIX_PATH=/opt/ros/foxy /usr/bin/cmake --build /home/dndqodqks/ros2_ws/build/control_msgs -- -j8 -l8
[1.584s] [  0%] Built target control_msgs__cpp
[1.589s] [ 12%] Built target control_msgs__rosidl_generator_c
[1.610s] [ 24%] Built target control_msgs__rosidl_typesupport_cpp
[1.614s] [ 36%] Built target control_msgs__rosidl_typesupport_introspection_cpp
[1.617s] [ 60%] Built target control_msgs__rosidl_typesupport_fastrtps_cpp
[1.617s] [ 60%] Built target control_msgs__rosidl_typesupport_c
[1.618s] [ 72%] Built target control_msgs__rosidl_typesupport_introspection_c
[1.646s] [ 84%] Built target control_msgs__rosidl_typesupport_fastrtps_c
[1.662s] [ 84%] Built target control_msgs
[1.678s] [ 85%] Built target control_msgs__py
[1.713s] [ 96%] Built target control_msgs__python
[1.735s] [100%] Built target control_msgs__rosidl_typesupport_introspection_c__pyext
[1.735s] [100%] Built target control_msgs__rosidl_typesupport_c__pyext
[1.735s] [100%] Built target control_msgs__rosidl_typesupport_fastrtps_c__pyext
[1.752s] Invoked command in '/home/dndqodqks/ros2_ws/build/control_msgs' returned '0': CMAKE_PREFIX_PATH=/opt/ros/foxy /usr/bin/cmake --build /home/dndqodqks/ros2_ws/build/control_msgs -- -j8 -l8
[1.893s] Invoking command in '/home/dndqodqks/ros2_ws/build/control_msgs': CMAKE_PREFIX_PATH=/opt/ros/foxy /usr/bin/cmake --install /home/dndqodqks/ros2_ws/build/control_msgs
[1.900s] -- Install configuration: ""
[1.900s] -- Execute custom install script
[1.901s] -- Up-to-date symlink: /home/dndqodqks/ros2_ws/install/control_msgs/share/ament_index/resource_index/rosidl_interfaces/control_msgs
[1.901s] -- Up-to-date symlink: /home/dndqodqks/ros2_ws/install/control_msgs/include/control_msgs/action/detail/follow_joint_trajectory__functions.h
[1.901s] -- Up-to-date symlink: /home/dndqodqks/ros2_ws/install/control_msgs/include/control_msgs/action/detail/follow_joint_trajectory__struct.h
[1.902s] -- Up-to-date symlink: /home/dndqodqks/ros2_ws/install/control_msgs/include/control_msgs/action/detail/follow_joint_trajectory__type_support.h
[1.902s] -- Up-to-date symlink: /home/dndqodqks/ros2_ws/install/control_msgs/include/control_msgs/action/detail/gripper_command__functions.h
[1.902s] -- Up-to-date symlink: /home/dndqodqks/ros2_ws/install/control_msgs/include/control_msgs/action/detail/gripper_command__struct.h
[1.902s] -- Up-to-date symlink: /home/dndqodqks/ros2_ws/install/control_msgs/include/control_msgs/action/detail/gripper_command__type_support.h
[1.902s] -- Up-to-date symlink: /home/dndqodqks/ros2_ws/install/control_msgs/include/control_msgs/action/detail/joint_trajectory__functions.h
[1.902s] -- Up-to-date symlink: /home/dndqodqks/ros2_ws/install/control_msgs/include/control_msgs/action/detail/joint_trajectory__struct.h
[1.902s] -- Up-to-date symlink: /home/dndqodqks/ros2_ws/install/control_msgs/include/control_msgs/action/detail/joint_trajectory__type_support.h
[1.902s] -- Up-to-date symlink: /home/dndqodqks/ros2_ws/install/control_msgs/include/control_msgs/action/detail/point_head__functions.h
[1.903s] -- Up-to-date symlink: /home/dndqodqks/ros2_ws/install/control_msgs/include/control_msgs/action/detail/point_head__struct.h
[1.903s] -- Up-to-date symlink: /home/dndqodqks/ros2_ws/install/control_msgs/include/control_msgs/action/detail/point_head__type_support.h
[1.903s] -- Up-to-date symlink: /home/dndqodqks/ros2_ws/install/control_msgs/include/control_msgs/action/detail/single_joint_position__functions.h
[1.903s] -- Up-to-date symlink: /home/dndqodqks/ros2_ws/install/control_msgs/include/control_msgs/action/detail/single_joint_position__struct.h
[1.903s] -- Up-to-date symlink: /home/dndqodqks/ros2_ws/install/control_msgs/include/control_msgs/action/detail/single_joint_position__type_support.h
[1.903s] -- Up-to-date symlink: /home/dndqodqks/ros2_ws/install/control_msgs/include/control_msgs/action/follow_joint_trajectory.h
[1.903s] -- Up-to-date symlink: /home/dndqodqks/ros2_ws/install/control_msgs/include/control_msgs/action/gripper_command.h
[1.903s] -- Up-to-date symlink: /home/dndqodqks/ros2_ws/install/control_msgs/include/control_msgs/action/joint_trajectory.h
[1.903s] -- Up-to-date symlink: /home/dndqodqks/ros2_ws/install/control_msgs/include/control_msgs/action/point_head.h
[1.903s] -- Up-to-date symlink: /home/dndqodqks/ros2_ws/install/control_msgs/include/control_msgs/action/single_joint_position.h
[1.904s] -- Up-to-date symlink: /home/dndqodqks/ros2_ws/install/control_msgs/include/control_msgs/msg/detail/dynamic_joint_state__functions.h
[1.904s] -- Up-to-date symlink: /home/dndqodqks/ros2_ws/install/control_msgs/include/control_msgs/msg/detail/dynamic_joint_state__struct.h
[1.904s] -- Up-to-date symlink: /home/dndqodqks/ros2_ws/install/control_msgs/include/control_msgs/msg/detail/dynamic_joint_state__type_support.h
[1.904s] -- Up-to-date symlink: /home/dndqodqks/ros2_ws/install/control_msgs/include/control_msgs/msg/detail/gripper_command__functions.h
[1.904s] -- Up-to-date symlink: /home/dndqodqks/ros2_ws/install/control_msgs/include/control_msgs/msg/detail/gripper_command__struct.h
[1.904s] -- Up-to-date symlink: /home/dndqodqks/ros2_ws/install/control_msgs/include/control_msgs/msg/detail/gripper_command__type_support.h
[1.904s] -- Up-to-date symlink: /home/dndqodqks/ros2_ws/install/control_msgs/include/control_msgs/msg/detail/interface_value__functions.h
[1.904s] -- Up-to-date symlink: /home/dndqodqks/ros2_ws/install/control_msgs/include/control_msgs/msg/detail/interface_value__struct.h
[1.904s] -- Up-to-date symlink: /home/dndqodqks/ros2_ws/install/control_msgs/include/control_msgs/msg/detail/interface_value__type_support.h
[1.905s] -- Up-to-date symlink: /home/dndqodqks/ros2_ws/install/control_msgs/include/control_msgs/msg/detail/joint_controller_state__functions.h
[1.905s] -- Up-to-date symlink: /home/dndqodqks/ros2_ws/install/control_msgs/include/control_msgs/msg/detail/joint_controller_state__struct.h
[1.905s] -- Up-to-date symlink: /home/dndqodqks/ros2_ws/install/control_msgs/include/control_msgs/msg/detail/joint_controller_state__type_support.h
[1.905s] -- Up-to-date symlink: /home/dndqodqks/ros2_ws/install/control_msgs/include/control_msgs/msg/detail/joint_jog__functions.h
[1.905s] -- Up-to-date symlink: /home/dndqodqks/ros2_ws/install/control_msgs/include/control_msgs/msg/detail/joint_jog__struct.h
[1.905s] -- Up-to-date symlink: /home/dndqodqks/ros2_ws/install/control_msgs/include/control_msgs/msg/detail/joint_jog__type_support.h
[1.906s] -- Up-to-date symlink: /home/dndqodqks/ros2_ws/install/control_msgs/include/control_msgs/msg/detail/joint_tolerance__functions.h
[1.906s] -- Up-to-date symlink: /home/dndqodqks/ros2_ws/install/control_msgs/include/control_msgs/msg/detail/joint_tolerance__struct.h
[1.906s] -- Up-to-date symlink: /home/dndqodqks/ros2_ws/install/control_msgs/include/control_msgs/msg/detail/joint_tolerance__type_support.h
[1.906s] -- Up-to-date symlink: /home/dndqodqks/ros2_ws/install/control_msgs/include/control_msgs/msg/detail/joint_trajectory_controller_state__functions.h
[1.906s] -- Up-to-date symlink: /home/dndqodqks/ros2_ws/install/control_msgs/include/control_msgs/msg/detail/joint_trajectory_controller_state__struct.h
[1.906s] -- Up-to-date symlink: /home/dndqodqks/ros2_ws/install/control_msgs/include/control_msgs/msg/detail/joint_trajectory_controller_state__type_support.h
[1.906s] -- Up-to-date symlink: /home/dndqodqks/ros2_ws/install/control_msgs/include/control_msgs/msg/detail/pid_state__functions.h
[1.907s] -- Up-to-date symlink: /home/dndqodqks/ros2_ws/install/control_msgs/include/control_msgs/msg/detail/pid_state__struct.h
[1.907s] -- Up-to-date symlink: /home/dndqodqks/ros2_ws/install/control_msgs/include/control_msgs/msg/detail/pid_state__type_support.h
[1.907s] -- Up-to-date symlink: /home/dndqodqks/ros2_ws/install/control_msgs/include/control_msgs/msg/dynamic_joint_state.h
[1.907s] -- Up-to-date symlink: /home/dndqodqks/ros2_ws/install/control_msgs/include/control_msgs/msg/gripper_command.h
[1.907s] -- Up-to-date symlink: /home/dndqodqks/ros2_ws/install/control_msgs/include/control_msgs/msg/interface_value.h
[1.907s] -- Up-to-date symlink: /home/dndqodqks/ros2_ws/install/control_msgs/include/control_msgs/msg/joint_controller_state.h
[1.907s] -- Up-to-date symlink: /home/dndqodqks/ros2_ws/install/control_msgs/include/control_msgs/msg/joint_jog.h
[1.907s] -- Up-to-date symlink: /home/dndqodqks/ros2_ws/install/control_msgs/include/control_msgs/msg/joint_tolerance.h
[1.907s] -- Up-to-date symlink: /home/dndqodqks/ros2_ws/install/control_msgs/include/control_msgs/msg/joint_trajectory_controller_state.h
[1.908s] -- Up-to-date symlink: /home/dndqodqks/ros2_ws/install/control_msgs/include/control_msgs/msg/pid_state.h
[1.908s] -- Up-to-date symlink: /home/dndqodqks/ros2_ws/install/control_msgs/include/control_msgs/msg/rosidl_generator_c__visibility_control.h
[1.908s] -- Up-to-date symlink: /home/dndqodqks/ros2_ws/install/control_msgs/include/control_msgs/srv/detail/query_calibration_state__functions.h
[1.908s] -- Up-to-date symlink: /home/dndqodqks/ros2_ws/install/control_msgs/include/control_msgs/srv/detail/query_calibration_state__struct.h
[1.908s] -- Up-to-date symlink: /home/dndqodqks/ros2_ws/install/control_msgs/include/control_msgs/srv/detail/query_calibration_state__type_support.h
[1.908s] -- Up-to-date symlink: /home/dndqodqks/ros2_ws/install/control_msgs/include/control_msgs/srv/detail/query_trajectory_state__functions.h
[1.908s] -- Up-to-date symlink: /home/dndqodqks/ros2_ws/install/control_msgs/include/control_msgs/srv/detail/query_trajectory_state__struct.h
[1.908s] -- Up-to-date symlink: /home/dndqodqks/ros2_ws/install/control_msgs/include/control_msgs/srv/detail/query_trajectory_state__type_support.h
[1.908s] -- Up-to-date symlink: /home/dndqodqks/ros2_ws/install/control_msgs/include/control_msgs/srv/query_calibration_state.h
[1.909s] -- Up-to-date symlink: /home/dndqodqks/ros2_ws/install/control_msgs/include/control_msgs/srv/query_trajectory_state.h
[1.909s] -- Up-to-date symlink: /home/dndqodqks/ros2_ws/install/control_msgs/share/control_msgs/environment/library_path.sh
[1.909s] -- Up-to-date symlink: /home/dndqodqks/ros2_ws/install/control_msgs/share/control_msgs/environment/library_path.dsv
[1.910s] -- Up-to-date symlink: /home/dndqodqks/ros2_ws/install/control_msgs/include/control_msgs/action/detail/follow_joint_trajectory__rosidl_typesupport_fastrtps_c.h
[1.910s] -- Up-to-date symlink: /home/dndqodqks/ros2_ws/install/control_msgs/include/control_msgs/action/detail/gripper_command__rosidl_typesupport_fastrtps_c.h
[1.910s] -- Up-to-date symlink: /home/dndqodqks/ros2_ws/install/control_msgs/include/control_msgs/action/detail/joint_trajectory__rosidl_typesupport_fastrtps_c.h
[1.910s] -- Up-to-date symlink: /home/dndqodqks/ros2_ws/install/control_msgs/include/control_msgs/action/detail/point_head__rosidl_typesupport_fastrtps_c.h
[1.910s] -- Up-to-date symlink: /home/dndqodqks/ros2_ws/install/control_msgs/include/control_msgs/action/detail/single_joint_position__rosidl_typesupport_fastrtps_c.h
[1.910s] -- Up-to-date symlink: /home/dndqodqks/ros2_ws/install/control_msgs/include/control_msgs/msg/detail/dynamic_joint_state__rosidl_typesupport_fastrtps_c.h
[1.911s] -- Up-to-date symlink: /home/dndqodqks/ros2_ws/install/control_msgs/include/control_msgs/msg/detail/gripper_command__rosidl_typesupport_fastrtps_c.h
[1.911s] -- Up-to-date symlink: /home/dndqodqks/ros2_ws/install/control_msgs/include/control_msgs/msg/detail/interface_value__rosidl_typesupport_fastrtps_c.h
[1.911s] -- Up-to-date symlink: /home/dndqodqks/ros2_ws/install/control_msgs/include/control_msgs/msg/detail/joint_controller_state__rosidl_typesupport_fastrtps_c.h
[1.911s] -- Up-to-date symlink: /home/dndqodqks/ros2_ws/install/control_msgs/include/control_msgs/msg/detail/joint_jog__rosidl_typesupport_fastrtps_c.h
[1.911s] -- Up-to-date symlink: /home/dndqodqks/ros2_ws/install/control_msgs/include/control_msgs/msg/detail/joint_tolerance__rosidl_typesupport_fastrtps_c.h
[1.911s] -- Up-to-date symlink: /home/dndqodqks/ros2_ws/install/control_msgs/include/control_msgs/msg/detail/joint_trajectory_controller_state__rosidl_typesupport_fastrtps_c.h
[1.911s] -- Up-to-date symlink: /home/dndqodqks/ros2_ws/install/control_msgs/include/control_msgs/msg/detail/pid_state__rosidl_typesupport_fastrtps_c.h
[1.911s] -- Up-to-date symlink: /home/dndqodqks/ros2_ws/install/control_msgs/include/control_msgs/msg/rosidl_typesupport_fastrtps_c__visibility_control.h
[1.911s] -- Up-to-date symlink: /home/dndqodqks/ros2_ws/install/control_msgs/include/control_msgs/srv/detail/query_calibration_state__rosidl_typesupport_fastrtps_c.h
[1.912s] -- Up-to-date symlink: /home/dndqodqks/ros2_ws/install/control_msgs/include/control_msgs/srv/detail/query_trajectory_state__rosidl_typesupport_fastrtps_c.h
[1.912s] -- Up-to-date symlink: /home/dndqodqks/ros2_ws/install/control_msgs/lib/libcontrol_msgs__rosidl_typesupport_fastrtps_c.so
[1.913s] -- Up-to-date symlink: /home/dndqodqks/ros2_ws/install/control_msgs/include/control_msgs/action/detail/follow_joint_trajectory__rosidl_typesupport_fastrtps_cpp.hpp
[1.913s] -- Up-to-date symlink: /home/dndqodqks/ros2_ws/install/control_msgs/include/control_msgs/action/detail/gripper_command__rosidl_typesupport_fastrtps_cpp.hpp
[1.913s] -- Up-to-date symlink: /home/dndqodqks/ros2_ws/install/control_msgs/include/control_msgs/action/detail/joint_trajectory__rosidl_typesupport_fastrtps_cpp.hpp
[1.913s] -- Up-to-date symlink: /home/dndqodqks/ros2_ws/install/control_msgs/include/control_msgs/action/detail/point_head__rosidl_typesupport_fastrtps_cpp.hpp
[1.913s] -- Up-to-date symlink: /home/dndqodqks/ros2_ws/install/control_msgs/include/control_msgs/action/detail/single_joint_position__rosidl_typesupport_fastrtps_cpp.hpp
[1.913s] -- Up-to-date symlink: /home/dndqodqks/ros2_ws/install/control_msgs/include/control_msgs/msg/detail/dynamic_joint_state__rosidl_typesupport_fastrtps_cpp.hpp
[1.913s] -- Up-to-date symlink: /home/dndqodqks/ros2_ws/install/control_msgs/include/control_msgs/msg/detail/gripper_command__rosidl_typesupport_fastrtps_cpp.hpp
[1.913s] -- Up-to-date symlink: /home/dndqodqks/ros2_ws/install/control_msgs/include/control_msgs/msg/detail/interface_value__rosidl_typesupport_fastrtps_cpp.hpp
[1.914s] -- Up-to-date symlink: /home/dndqodqks/ros2_ws/install/control_msgs/include/control_msgs/msg/detail/joint_controller_state__rosidl_typesupport_fastrtps_cpp.hpp
[1.914s] -- Up-to-date symlink: /home/dndqodqks/ros2_ws/install/control_msgs/include/control_msgs/msg/detail/joint_jog__rosidl_typesupport_fastrtps_cpp.hpp
[1.914s] -- Up-to-date symlink: /home/dndqodqks/ros2_ws/install/control_msgs/include/control_msgs/msg/detail/joint_tolerance__rosidl_typesupport_fastrtps_cpp.hpp
[1.914s] -- Up-to-date symlink: /home/dndqodqks/ros2_ws/install/control_msgs/include/control_msgs/msg/detail/joint_trajectory_controller_state__rosidl_typesupport_fastrtps_cpp.hpp
[1.914s] -- Up-to-date symlink: /home/dndqodqks/ros2_ws/install/control_msgs/include/control_msgs/msg/detail/pid_state__rosidl_typesupport_fastrtps_cpp.hpp
[1.914s] -- Up-to-date symlink: /home/dndqodqks/ros2_ws/install/control_msgs/include/control_msgs/msg/rosidl_typesupport_fastrtps_cpp__visibility_control.h
[1.914s] -- Up-to-date symlink: /home/dndqodqks/ros2_ws/install/control_msgs/include/control_msgs/srv/detail/query_calibration_state__rosidl_typesupport_fastrtps_cpp.hpp
[1.914s] -- Up-to-date symlink: /home/dndqodqks/ros2_ws/install/control_msgs/include/control_msgs/srv/detail/query_trajectory_state__rosidl_typesupport_fastrtps_cpp.hpp
[1.915s] -- Up-to-date symlink: /home/dndqodqks/ros2_ws/install/control_msgs/lib/libcontrol_msgs__rosidl_typesupport_fastrtps_cpp.so
[1.915s] -- Up-to-date symlink: /home/dndqodqks/ros2_ws/install/control_msgs/include/control_msgs/action/detail/follow_joint_trajectory__rosidl_typesupport_introspection_c.h
[1.915s] -- Up-to-date symlink: /home/dndqodqks/ros2_ws/install/control_msgs/include/control_msgs/action/detail/gripper_command__rosidl_typesupport_introspection_c.h
[1.915s] -- Up-to-date symlink: /home/dndqodqks/ros2_ws/install/control_msgs/include/control_msgs/action/detail/joint_trajectory__rosidl_typesupport_introspection_c.h
[1.916s] -- Up-to-date symlink: /home/dndqodqks/ros2_ws/install/control_msgs/include/control_msgs/action/detail/point_head__rosidl_typesupport_introspection_c.h
[1.916s] -- Up-to-date symlink: /home/dndqodqks/ros2_ws/install/control_msgs/include/control_msgs/action/detail/single_joint_position__rosidl_typesupport_introspection_c.h
[1.916s] -- Up-to-date symlink: /home/dndqodqks/ros2_ws/install/control_msgs/include/control_msgs/msg/detail/dynamic_joint_state__rosidl_typesupport_introspection_c.h
[1.916s] -- Up-to-date symlink: /home/dndqodqks/ros2_ws/install/control_msgs/include/control_msgs/msg/detail/gripper_command__rosidl_typesupport_introspection_c.h
[1.916s] -- Up-to-date symlink: /home/dndqodqks/ros2_ws/install/control_msgs/include/control_msgs/msg/detail/interface_value__rosidl_typesupport_introspection_c.h
[1.916s] -- Up-to-date symlink: /home/dndqodqks/ros2_ws/install/control_msgs/include/control_msgs/msg/detail/joint_controller_state__rosidl_typesupport_introspection_c.h
[1.916s] -- Up-to-date symlink: /home/dndqodqks/ros2_ws/install/control_msgs/include/control_msgs/msg/detail/joint_jog__rosidl_typesupport_introspection_c.h
[1.916s] -- Up-to-date symlink: /home/dndqodqks/ros2_ws/install/control_msgs/include/control_msgs/msg/detail/joint_tolerance__rosidl_typesupport_introspection_c.h
[1.917s] -- Up-to-date symlink: /home/dndqodqks/ros2_ws/install/control_msgs/include/control_msgs/msg/detail/joint_trajectory_controller_state__rosidl_typesupport_introspection_c.h
[1.917s] -- Up-to-date symlink: /home/dndqodqks/ros2_ws/install/control_msgs/include/control_msgs/msg/detail/pid_state__rosidl_typesupport_introspection_c.h
[1.917s] -- Up-to-date symlink: /home/dndqodqks/ros2_ws/install/control_msgs/include/control_msgs/msg/rosidl_typesupport_introspection_c__visibility_control.h
[1.917s] -- Up-to-date symlink: /home/dndqodqks/ros2_ws/install/control_msgs/include/control_msgs/srv/detail/query_calibration_state__rosidl_typesupport_introspection_c.h
[1.917s] -- Up-to-date symlink: /home/dndqodqks/ros2_ws/install/control_msgs/include/control_msgs/srv/detail/query_trajectory_state__rosidl_typesupport_introspection_c.h
[1.918s] -- Up-to-date symlink: /home/dndqodqks/ros2_ws/install/control_msgs/include/control_msgs/action/detail/follow_joint_trajectory__builder.hpp
[1.918s] -- Up-to-date symlink: /home/dndqodqks/ros2_ws/install/control_msgs/include/control_msgs/action/detail/follow_joint_trajectory__struct.hpp
[1.918s] -- Up-to-date symlink: /home/dndqodqks/ros2_ws/install/control_msgs/include/control_msgs/action/detail/follow_joint_trajectory__traits.hpp
[1.918s] -- Up-to-date symlink: /home/dndqodqks/ros2_ws/install/control_msgs/include/control_msgs/action/detail/gripper_command__builder.hpp
[1.918s] -- Up-to-date symlink: /home/dndqodqks/ros2_ws/install/control_msgs/include/control_msgs/action/detail/gripper_command__struct.hpp
[1.919s] -- Up-to-date symlink: /home/dndqodqks/ros2_ws/install/control_msgs/include/control_msgs/action/detail/gripper_command__traits.hpp
[1.919s] -- Up-to-date symlink: /home/dndqodqks/ros2_ws/install/control_msgs/include/control_msgs/action/detail/joint_trajectory__builder.hpp
[1.919s] -- Up-to-date symlink: /home/dndqodqks/ros2_ws/install/control_msgs/include/control_msgs/action/detail/joint_trajectory__struct.hpp
[1.919s] -- Up-to-date symlink: /home/dndqodqks/ros2_ws/install/control_msgs/include/control_msgs/action/detail/joint_trajectory__traits.hpp
[1.919s] -- Up-to-date symlink: /home/dndqodqks/ros2_ws/install/control_msgs/include/control_msgs/action/detail/point_head__builder.hpp
[1.919s] -- Up-to-date symlink: /home/dndqodqks/ros2_ws/install/control_msgs/include/control_msgs/action/detail/point_head__struct.hpp
[1.919s] -- Up-to-date symlink: /home/dndqodqks/ros2_ws/install/control_msgs/include/control_msgs/action/detail/point_head__traits.hpp
[1.919s] -- Up-to-date symlink: /home/dndqodqks/ros2_ws/install/control_msgs/include/control_msgs/action/detail/single_joint_position__builder.hpp
[1.919s] -- Up-to-date symlink: /home/dndqodqks/ros2_ws/install/control_msgs/include/control_msgs/action/detail/single_joint_position__struct.hpp
[1.920s] -- Up-to-date symlink: /home/dndqodqks/ros2_ws/install/control_msgs/include/control_msgs/action/detail/single_joint_position__traits.hpp
[1.920s] -- Up-to-date symlink: /home/dndqodqks/ros2_ws/install/control_msgs/include/control_msgs/action/follow_joint_trajectory.hpp
[1.920s] -- Up-to-date symlink: /home/dndqodqks/ros2_ws/install/control_msgs/include/control_msgs/action/gripper_command.hpp
[1.920s] -- Up-to-date symlink: /home/dndqodqks/ros2_ws/install/control_msgs/include/control_msgs/action/joint_trajectory.hpp
[1.920s] -- Up-to-date symlink: /home/dndqodqks/ros2_ws/install/control_msgs/include/control_msgs/action/point_head.hpp
[1.920s] -- Up-to-date symlink: /home/dndqodqks/ros2_ws/install/control_msgs/include/control_msgs/action/single_joint_position.hpp
[1.920s] -- Up-to-date symlink: /home/dndqodqks/ros2_ws/install/control_msgs/include/control_msgs/msg/detail/dynamic_joint_state__builder.hpp
[1.920s] -- Up-to-date symlink: /home/dndqodqks/ros2_ws/install/control_msgs/include/control_msgs/msg/detail/dynamic_joint_state__struct.hpp
[1.920s] -- Up-to-date symlink: /home/dndqodqks/ros2_ws/install/control_msgs/include/control_msgs/msg/detail/dynamic_joint_state__traits.hpp
[1.921s] -- Up-to-date symlink: /home/dndqodqks/ros2_ws/install/control_msgs/include/control_msgs/msg/detail/gripper_command__builder.hpp
[1.921s] -- Up-to-date symlink: /home/dndqodqks/ros2_ws/install/control_msgs/include/control_msgs/msg/detail/gripper_command__struct.hpp
[1.921s] -- Up-to-date symlink: /home/dndqodqks/ros2_ws/install/control_msgs/include/control_msgs/msg/detail/gripper_command__traits.hpp
[1.921s] -- Up-to-date symlink: /home/dndqodqks/ros2_ws/install/control_msgs/include/control_msgs/msg/detail/interface_value__builder.hpp
[1.921s] -- Up-to-date symlink: /home/dndqodqks/ros2_ws/install/control_msgs/include/control_msgs/msg/detail/interface_value__struct.hpp
[1.921s] -- Up-to-date symlink: /home/dndqodqks/ros2_ws/install/control_msgs/include/control_msgs/msg/detail/interface_value__traits.hpp
[1.921s] -- Up-to-date symlink: /home/dndqodqks/ros2_ws/install/control_msgs/include/control_msgs/msg/detail/joint_controller_state__builder.hpp
[1.921s] -- Up-to-date symlink: /home/dndqodqks/ros2_ws/install/control_msgs/include/control_msgs/msg/detail/joint_controller_state__struct.hpp
[1.921s] -- Up-to-date symlink: /home/dndqodqks/ros2_ws/install/control_msgs/include/control_msgs/msg/detail/joint_controller_state__traits.hpp
[1.922s] -- Up-to-date symlink: /home/dndqodqks/ros2_ws/install/control_msgs/include/control_msgs/msg/detail/joint_jog__builder.hpp
[1.922s] -- Up-to-date symlink: /home/dndqodqks/ros2_ws/install/control_msgs/include/control_msgs/msg/detail/joint_jog__struct.hpp
[1.922s] -- Up-to-date symlink: /home/dndqodqks/ros2_ws/install/control_msgs/include/control_msgs/msg/detail/joint_jog__traits.hpp
[1.922s] -- Up-to-date symlink: /home/dndqodqks/ros2_ws/install/control_msgs/include/control_msgs/msg/detail/joint_tolerance__builder.hpp
[1.922s] -- Up-to-date symlink: /home/dndqodqks/ros2_ws/install/control_msgs/include/control_msgs/msg/detail/joint_tolerance__struct.hpp
[1.922s] -- Up-to-date symlink: /home/dndqodqks/ros2_ws/install/control_msgs/include/control_msgs/msg/detail/joint_tolerance__traits.hpp
[1.922s] -- Up-to-date symlink: /home/dndqodqks/ros2_ws/install/control_msgs/include/control_msgs/msg/detail/joint_trajectory_controller_state__builder.hpp
[1.922s] -- Up-to-date symlink: /home/dndqodqks/ros2_ws/install/control_msgs/include/control_msgs/msg/detail/joint_trajectory_controller_state__struct.hpp
[1.922s] -- Up-to-date symlink: /home/dndqodqks/ros2_ws/install/control_msgs/include/control_msgs/msg/detail/joint_trajectory_controller_state__traits.hpp
[1.923s] -- Up-to-date symlink: /home/dndqodqks/ros2_ws/install/control_msgs/include/control_msgs/msg/detail/pid_state__builder.hpp
[1.923s] -- Up-to-date symlink: /home/dndqodqks/ros2_ws/install/control_msgs/include/control_msgs/msg/detail/pid_state__struct.hpp
[1.923s] -- Up-to-date symlink: /home/dndqodqks/ros2_ws/install/control_msgs/include/control_msgs/msg/detail/pid_state__traits.hpp
[1.923s] -- Up-to-date symlink: /home/dndqodqks/ros2_ws/install/control_msgs/include/control_msgs/msg/dynamic_joint_state.hpp
[1.923s] -- Up-to-date symlink: /home/dndqodqks/ros2_ws/install/control_msgs/include/control_msgs/msg/gripper_command.hpp
[1.923s] -- Up-to-date symlink: /home/dndqodqks/ros2_ws/install/control_msgs/include/control_msgs/msg/interface_value.hpp
[1.923s] -- Up-to-date symlink: /home/dndqodqks/ros2_ws/install/control_msgs/include/control_msgs/msg/joint_controller_state.hpp
[1.923s] -- Up-to-date symlink: /home/dndqodqks/ros2_ws/install/control_msgs/include/control_msgs/msg/joint_jog.hpp
[1.924s] -- Up-to-date symlink: /home/dndqodqks/ros2_ws/install/control_msgs/include/control_msgs/msg/joint_tolerance.hpp
[1.924s] -- Up-to-date symlink: /home/dndqodqks/ros2_ws/install/control_msgs/include/control_msgs/msg/joint_trajectory_controller_state.hpp
[1.924s] -- Up-to-date symlink: /home/dndqodqks/ros2_ws/install/control_msgs/include/control_msgs/msg/pid_state.hpp
[1.924s] -- Up-to-date symlink: /home/dndqodqks/ros2_ws/install/control_msgs/include/control_msgs/srv/detail/query_calibration_state__builder.hpp
[1.924s] -- Up-to-date symlink: /home/dndqodqks/ros2_ws/install/control_msgs/include/control_msgs/srv/detail/query_calibration_state__struct.hpp
[1.924s] -- Up-to-date symlink: /home/dndqodqks/ros2_ws/install/control_msgs/include/control_msgs/srv/detail/query_calibration_state__traits.hpp
[1.924s] -- Up-to-date symlink: /home/dndqodqks/ros2_ws/install/control_msgs/include/control_msgs/srv/detail/query_trajectory_state__builder.hpp
[1.924s] -- Up-to-date symlink: /home/dndqodqks/ros2_ws/install/control_msgs/include/control_msgs/srv/detail/query_trajectory_state__struct.hpp
[1.924s] -- Up-to-date symlink: /home/dndqodqks/ros2_ws/install/control_msgs/include/control_msgs/srv/detail/query_trajectory_state__traits.hpp
[1.925s] -- Up-to-date symlink: /home/dndqodqks/ros2_ws/install/control_msgs/include/control_msgs/srv/query_calibration_state.hpp
[1.925s] -- Up-to-date symlink: /home/dndqodqks/ros2_ws/install/control_msgs/include/control_msgs/srv/query_trajectory_state.hpp
[1.925s] -- Up-to-date symlink: /home/dndqodqks/ros2_ws/install/control_msgs/include/control_msgs/action/detail/follow_joint_trajectory__rosidl_typesupport_introspection_cpp.hpp
[1.925s] -- Up-to-date symlink: /home/dndqodqks/ros2_ws/install/control_msgs/include/control_msgs/action/detail/gripper_command__rosidl_typesupport_introspection_cpp.hpp
[1.926s] -- Up-to-date symlink: /home/dndqodqks/ros2_ws/install/control_msgs/include/control_msgs/action/detail/joint_trajectory__rosidl_typesupport_introspection_cpp.hpp
[1.926s] -- Up-to-date symlink: /home/dndqodqks/ros2_ws/install/control_msgs/include/control_msgs/action/detail/point_head__rosidl_typesupport_introspection_cpp.hpp
[1.926s] -- Up-to-date symlink: /home/dndqodqks/ros2_ws/install/control_msgs/include/control_msgs/action/detail/single_joint_position__rosidl_typesupport_introspection_cpp.hpp
[1.926s] -- Up-to-date symlink: /home/dndqodqks/ros2_ws/install/control_msgs/include/control_msgs/msg/detail/dynamic_joint_state__rosidl_typesupport_introspection_cpp.hpp
[1.926s] -- Up-to-date symlink: /home/dndqodqks/ros2_ws/install/control_msgs/include/control_msgs/msg/detail/gripper_command__rosidl_typesupport_introspection_cpp.hpp
[1.926s] -- Up-to-date symlink: /home/dndqodqks/ros2_ws/install/control_msgs/include/control_msgs/msg/detail/interface_value__rosidl_typesupport_introspection_cpp.hpp
[1.926s] -- Up-to-date symlink: /home/dndqodqks/ros2_ws/install/control_msgs/include/control_msgs/msg/detail/joint_controller_state__rosidl_typesupport_introspection_cpp.hpp
[1.926s] -- Up-to-date symlink: /home/dndqodqks/ros2_ws/install/control_msgs/include/control_msgs/msg/detail/joint_jog__rosidl_typesupport_introspection_cpp.hpp
[1.927s] -- Up-to-date symlink: /home/dndqodqks/ros2_ws/install/control_msgs/include/control_msgs/msg/detail/joint_tolerance__rosidl_typesupport_introspection_cpp.hpp
[1.927s] -- Up-to-date symlink: /home/dndqodqks/ros2_ws/install/control_msgs/include/control_msgs/msg/detail/joint_trajectory_controller_state__rosidl_typesupport_introspection_cpp.hpp
[1.927s] -- Up-to-date symlink: /home/dndqodqks/ros2_ws/install/control_msgs/include/control_msgs/msg/detail/pid_state__rosidl_typesupport_introspection_cpp.hpp
[1.927s] -- Up-to-date symlink: /home/dndqodqks/ros2_ws/install/control_msgs/include/control_msgs/srv/detail/query_calibration_state__rosidl_typesupport_introspection_cpp.hpp
[1.927s] -- Up-to-date symlink: /home/dndqodqks/ros2_ws/install/control_msgs/include/control_msgs/srv/detail/query_trajectory_state__rosidl_typesupport_introspection_cpp.hpp
[1.927s] -- Up-to-date symlink: /home/dndqodqks/ros2_ws/install/control_msgs/share/control_msgs/environment/pythonpath.sh
[1.927s] -- Up-to-date symlink: /home/dndqodqks/ros2_ws/install/control_msgs/share/control_msgs/environment/pythonpath.dsv
[1.928s] -- Up-to-date symlink: /home/dndqodqks/ros2_ws/install/control_msgs/lib/python3.8/site-packages/control_msgs/__init__.py
[1.928s] -- Up-to-date symlink: /home/dndqodqks/ros2_ws/install/control_msgs/lib/python3.8/site-packages/control_msgs/msg/__init__.py
[1.928s] -- Up-to-date symlink: /home/dndqodqks/ros2_ws/install/control_msgs/lib/python3.8/site-packages/control_msgs/msg/_dynamic_joint_state.py
[1.928s] -- Up-to-date symlink: /home/dndqodqks/ros2_ws/install/control_msgs/lib/python3.8/site-packages/control_msgs/msg/_gripper_command.py
[1.928s] -- Up-to-date symlink: /home/dndqodqks/ros2_ws/install/control_msgs/lib/python3.8/site-packages/control_msgs/msg/_interface_value.py
[1.928s] -- Up-to-date symlink: /home/dndqodqks/ros2_ws/install/control_msgs/lib/python3.8/site-packages/control_msgs/msg/_joint_controller_state.py
[1.929s] -- Up-to-date symlink: /home/dndqodqks/ros2_ws/install/control_msgs/lib/python3.8/site-packages/control_msgs/msg/_joint_jog.py
[1.929s] -- Up-to-date symlink: /home/dndqodqks/ros2_ws/install/control_msgs/lib/python3.8/site-packages/control_msgs/msg/_joint_tolerance.py
[1.929s] -- Up-to-date symlink: /home/dndqodqks/ros2_ws/install/control_msgs/lib/python3.8/site-packages/control_msgs/msg/_joint_trajectory_controller_state.py
[1.929s] -- Up-to-date symlink: /home/dndqodqks/ros2_ws/install/control_msgs/lib/python3.8/site-packages/control_msgs/msg/_pid_state.py
[1.929s] -- Up-to-date symlink: /home/dndqodqks/ros2_ws/install/control_msgs/lib/python3.8/site-packages/control_msgs/srv/__init__.py
[1.929s] -- Up-to-date symlink: /home/dndqodqks/ros2_ws/install/control_msgs/lib/python3.8/site-packages/control_msgs/srv/_query_calibration_state.py
[1.929s] -- Up-to-date symlink: /home/dndqodqks/ros2_ws/install/control_msgs/lib/python3.8/site-packages/control_msgs/srv/_query_trajectory_state.py
[1.930s] -- Up-to-date symlink: /home/dndqodqks/ros2_ws/install/control_msgs/lib/python3.8/site-packages/control_msgs/action/__init__.py
[1.930s] -- Up-to-date symlink: /home/dndqodqks/ros2_ws/install/control_msgs/lib/python3.8/site-packages/control_msgs/action/_follow_joint_trajectory.py
[1.930s] -- Up-to-date symlink: /home/dndqodqks/ros2_ws/install/control_msgs/lib/python3.8/site-packages/control_msgs/action/_gripper_command.py
[1.930s] -- Up-to-date symlink: /home/dndqodqks/ros2_ws/install/control_msgs/lib/python3.8/site-packages/control_msgs/action/_joint_trajectory.py
[1.930s] -- Up-to-date symlink: /home/dndqodqks/ros2_ws/install/control_msgs/lib/python3.8/site-packages/control_msgs/action/_point_head.py
[1.930s] -- Up-to-date symlink: /home/dndqodqks/ros2_ws/install/control_msgs/lib/python3.8/site-packages/control_msgs/action/_single_joint_position.py
[1.931s] -- Up-to-date symlink: /home/dndqodqks/ros2_ws/install/control_msgs/lib/python3.8/site-packages/control_msgs/control_msgs_s__rosidl_typesupport_fastrtps_c.cpython-38-x86_64-linux-gnu.so
[1.931s] -- Up-to-date symlink: /home/dndqodqks/ros2_ws/install/control_msgs/lib/python3.8/site-packages/control_msgs/control_msgs_s__rosidl_typesupport_introspection_c.cpython-38-x86_64-linux-gnu.so
[1.931s] -- Up-to-date symlink: /home/dndqodqks/ros2_ws/install/control_msgs/lib/python3.8/site-packages/control_msgs/control_msgs_s__rosidl_typesupport_c.cpython-38-x86_64-linux-gnu.so
[1.931s] -- Up-to-date symlink: /home/dndqodqks/ros2_ws/install/control_msgs/lib/libcontrol_msgs__python.so
[1.932s] -- Up-to-date symlink: /home/dndqodqks/ros2_ws/install/control_msgs/share/control_msgs/msg/DynamicJointState.idl
[1.932s] -- Up-to-date symlink: /home/dndqodqks/ros2_ws/install/control_msgs/share/control_msgs/msg/GripperCommand.idl
[1.932s] -- Up-to-date symlink: /home/dndqodqks/ros2_ws/install/control_msgs/share/control_msgs/msg/InterfaceValue.idl
[1.932s] -- Up-to-date symlink: /home/dndqodqks/ros2_ws/install/control_msgs/share/control_msgs/msg/JointControllerState.idl
[1.932s] -- Up-to-date symlink: /home/dndqodqks/ros2_ws/install/control_msgs/share/control_msgs/msg/JointJog.idl
[1.933s] -- Up-to-date symlink: /home/dndqodqks/ros2_ws/install/control_msgs/share/control_msgs/msg/JointTolerance.idl
[1.933s] -- Up-to-date symlink: /home/dndqodqks/ros2_ws/install/control_msgs/share/control_msgs/msg/JointTrajectoryControllerState.idl
[1.933s] -- Up-to-date symlink: /home/dndqodqks/ros2_ws/install/control_msgs/share/control_msgs/msg/PidState.idl
[1.933s] -- Up-to-date symlink: /home/dndqodqks/ros2_ws/install/control_msgs/share/control_msgs/srv/QueryCalibrationState.idl
[1.933s] -- Up-to-date symlink: /home/dndqodqks/ros2_ws/install/control_msgs/share/control_msgs/srv/QueryTrajectoryState.idl
[1.933s] -- Up-to-date symlink: /home/dndqodqks/ros2_ws/install/control_msgs/share/control_msgs/action/FollowJointTrajectory.idl
[1.934s] -- Up-to-date symlink: /home/dndqodqks/ros2_ws/install/control_msgs/share/control_msgs/action/GripperCommand.idl
[1.934s] -- Up-to-date symlink: /home/dndqodqks/ros2_ws/install/control_msgs/share/control_msgs/action/JointTrajectory.idl
[1.934s] -- Up-to-date symlink: /home/dndqodqks/ros2_ws/install/control_msgs/share/control_msgs/action/PointHead.idl
[1.934s] -- Up-to-date symlink: /home/dndqodqks/ros2_ws/install/control_msgs/share/control_msgs/action/SingleJointPosition.idl
[1.934s] -- Up-to-date symlink: /home/dndqodqks/ros2_ws/install/control_msgs/share/control_msgs/msg/DynamicJointState.msg
[1.935s] -- Up-to-date symlink: /home/dndqodqks/ros2_ws/install/control_msgs/share/control_msgs/msg/GripperCommand.msg
[1.935s] -- Up-to-date symlink: /home/dndqodqks/ros2_ws/install/control_msgs/share/control_msgs/msg/InterfaceValue.msg
[1.935s] -- Up-to-date symlink: /home/dndqodqks/ros2_ws/install/control_msgs/share/control_msgs/msg/JointControllerState.msg
[1.935s] -- Up-to-date symlink: /home/dndqodqks/ros2_ws/install/control_msgs/share/control_msgs/msg/JointJog.msg
[1.935s] -- Up-to-date symlink: /home/dndqodqks/ros2_ws/install/control_msgs/share/control_msgs/msg/JointTolerance.msg
[1.935s] -- Up-to-date symlink: /home/dndqodqks/ros2_ws/install/control_msgs/share/control_msgs/msg/JointTrajectoryControllerState.msg
[1.936s] -- Up-to-date symlink: /home/dndqodqks/ros2_ws/install/control_msgs/share/control_msgs/msg/PidState.msg
[1.936s] -- Up-to-date symlink: /home/dndqodqks/ros2_ws/install/control_msgs/share/control_msgs/srv/QueryCalibrationState.srv
[1.936s] -- Up-to-date symlink: /home/dndqodqks/ros2_ws/install/control_msgs/share/control_msgs/srv/QueryCalibrationState_Request.msg
[1.936s] -- Up-to-date symlink: /home/dndqodqks/ros2_ws/install/control_msgs/share/control_msgs/srv/QueryCalibrationState_Response.msg
[1.936s] -- Up-to-date symlink: /home/dndqodqks/ros2_ws/install/control_msgs/share/control_msgs/srv/QueryTrajectoryState.srv
[1.937s] -- Up-to-date symlink: /home/dndqodqks/ros2_ws/install/control_msgs/share/control_msgs/srv/QueryTrajectoryState_Request.msg
[1.937s] -- Up-to-date symlink: /home/dndqodqks/ros2_ws/install/control_msgs/share/control_msgs/srv/QueryTrajectoryState_Response.msg
[1.937s] -- Up-to-date symlink: /home/dndqodqks/ros2_ws/install/control_msgs/share/control_msgs/action/FollowJointTrajectory.action
[1.937s] -- Up-to-date symlink: /home/dndqodqks/ros2_ws/install/control_msgs/share/control_msgs/action/GripperCommand.action
[1.937s] -- Up-to-date symlink: /home/dndqodqks/ros2_ws/install/control_msgs/share/control_msgs/action/JointTrajectory.action
[1.937s] -- Up-to-date symlink: /home/dndqodqks/ros2_ws/install/control_msgs/share/control_msgs/action/PointHead.action
[1.938s] -- Up-to-date symlink: /home/dndqodqks/ros2_ws/install/control_msgs/share/control_msgs/action/SingleJointPosition.action
[1.938s] -- Up-to-date symlink: /home/dndqodqks/ros2_ws/install/control_msgs/share/ament_index/resource_index/package_run_dependencies/control_msgs
[1.938s] -- Up-to-date symlink: /home/dndqodqks/ros2_ws/install/control_msgs/share/ament_index/resource_index/parent_prefix_path/control_msgs
[1.938s] -- Up-to-date symlink: /home/dndqodqks/ros2_ws/install/control_msgs/share/control_msgs/environment/ament_prefix_path.sh
[1.938s] -- Up-to-date symlink: /home/dndqodqks/ros2_ws/install/control_msgs/share/control_msgs/environment/ament_prefix_path.dsv
[1.939s] -- Up-to-date symlink: /home/dndqodqks/ros2_ws/install/control_msgs/share/control_msgs/environment/path.sh
[1.939s] -- Up-to-date symlink: /home/dndqodqks/ros2_ws/install/control_msgs/share/control_msgs/environment/path.dsv
[1.939s] -- Up-to-date symlink: /home/dndqodqks/ros2_ws/install/control_msgs/share/control_msgs/local_setup.bash
[1.939s] -- Up-to-date symlink: /home/dndqodqks/ros2_ws/install/control_msgs/share/control_msgs/local_setup.sh
[1.939s] -- Up-to-date symlink: /home/dndqodqks/ros2_ws/install/control_msgs/share/control_msgs/local_setup.zsh
[1.939s] -- Up-to-date symlink: /home/dndqodqks/ros2_ws/install/control_msgs/share/control_msgs/local_setup.dsv
[1.939s] -- Symlinking: /home/dndqodqks/ros2_ws/install/control_msgs/share/control_msgs/package.dsv
[1.947s] -- Up-to-date symlink: /home/dndqodqks/ros2_ws/install/control_msgs/share/ament_index/resource_index/packages/control_msgs
[1.947s] -- Up-to-date symlink: /home/dndqodqks/ros2_ws/install/control_msgs/share/control_msgs/cmake/rosidl_cmake-extras.cmake
[1.948s] -- Up-to-date symlink: /home/dndqodqks/ros2_ws/install/control_msgs/share/control_msgs/cmake/ament_cmake_export_dependencies-extras.cmake
[1.948s] -- Up-to-date symlink: /home/dndqodqks/ros2_ws/install/control_msgs/share/control_msgs/cmake/ament_cmake_export_libraries-extras.cmake
[1.948s] -- Up-to-date symlink: /home/dndqodqks/ros2_ws/install/control_msgs/share/control_msgs/cmake/ament_cmake_export_targets-extras.cmake
[1.948s] -- Up-to-date symlink: /home/dndqodqks/ros2_ws/install/control_msgs/share/control_msgs/cmake/ament_cmake_export_include_directories-extras.cmake
[1.948s] -- Up-to-date symlink: /home/dndqodqks/ros2_ws/install/control_msgs/share/control_msgs/cmake/rosidl_cmake_export_typesupport_libraries-extras.cmake
[1.948s] -- Up-to-date symlink: /home/dndqodqks/ros2_ws/install/control_msgs/share/control_msgs/cmake/rosidl_cmake_export_typesupport_targets-extras.cmake
[1.949s] -- Up-to-date symlink: /home/dndqodqks/ros2_ws/install/control_msgs/share/control_msgs/cmake/control_msgsConfig.cmake
[1.949s] -- Up-to-date symlink: /home/dndqodqks/ros2_ws/install/control_msgs/share/control_msgs/cmake/control_msgsConfig-version.cmake
[1.949s] -- Up-to-date symlink: /home/dndqodqks/ros2_ws/install/control_msgs/share/control_msgs/package.xml
[1.949s] -- Up-to-date: /home/dndqodqks/ros2_ws/install/control_msgs/lib/libcontrol_msgs__rosidl_generator_c.so
[1.949s] -- Up-to-date: /home/dndqodqks/ros2_ws/install/control_msgs/lib/libcontrol_msgs__rosidl_typesupport_introspection_c.so
[1.950s] -- Up-to-date: /home/dndqodqks/ros2_ws/install/control_msgs/lib/libcontrol_msgs__rosidl_typesupport_c.so
[1.950s] -- Up-to-date: /home/dndqodqks/ros2_ws/install/control_msgs/lib/libcontrol_msgs__rosidl_typesupport_introspection_cpp.so
[1.950s] -- Up-to-date: /home/dndqodqks/ros2_ws/install/control_msgs/lib/libcontrol_msgs__rosidl_typesupport_cpp.so
[1.973s] Compiling '/home/dndqodqks/ros2_ws/install/control_msgs/lib/python3.8/site-packages/control_msgs/__init__.py'...
[1.976s] -- Up-to-date: /home/dndqodqks/ros2_ws/install/control_msgs/share/control_msgs/cmake/control_msgs__rosidl_generator_cExport.cmake
[1.977s] -- Installing: /home/dndqodqks/ros2_ws/install/control_msgs/share/control_msgs/cmake/control_msgs__rosidl_generator_cExport-noconfig.cmake
[1.977s] -- Up-to-date: /home/dndqodqks/ros2_ws/install/control_msgs/share/control_msgs/cmake/control_msgs__rosidl_typesupport_introspection_cExport.cmake
[1.977s] -- Installing: /home/dndqodqks/ros2_ws/install/control_msgs/share/control_msgs/cmake/control_msgs__rosidl_typesupport_introspection_cExport-noconfig.cmake
[1.977s] -- Up-to-date: /home/dndqodqks/ros2_ws/install/control_msgs/share/control_msgs/cmake/control_msgs__rosidl_typesupport_cExport.cmake
[1.977s] -- Installing: /home/dndqodqks/ros2_ws/install/control_msgs/share/control_msgs/cmake/control_msgs__rosidl_typesupport_cExport-noconfig.cmake
[1.977s] -- Up-to-date: /home/dndqodqks/ros2_ws/install/control_msgs/share/control_msgs/cmake/control_msgs__rosidl_generator_cppExport.cmake
[1.977s] -- Up-to-date: /home/dndqodqks/ros2_ws/install/control_msgs/share/control_msgs/cmake/control_msgs__rosidl_typesupport_introspection_cppExport.cmake
[1.977s] -- Installing: /home/dndqodqks/ros2_ws/install/control_msgs/share/control_msgs/cmake/control_msgs__rosidl_typesupport_introspection_cppExport-noconfig.cmake
[1.977s] -- Up-to-date: /home/dndqodqks/ros2_ws/install/control_msgs/share/control_msgs/cmake/control_msgs__rosidl_typesupport_cppExport.cmake
[1.977s] -- Installing: /home/dndqodqks/ros2_ws/install/control_msgs/share/control_msgs/cmake/control_msgs__rosidl_typesupport_cppExport-noconfig.cmake
[1.983s] Invoked command in '/home/dndqodqks/ros2_ws/build/control_msgs' returned '0': CMAKE_PREFIX_PATH=/opt/ros/foxy /usr/bin/cmake --install /home/dndqodqks/ros2_ws/build/control_msgs
