[0.477s] DEBUG:colcon:Command line arguments: ['/usr/bin/colcon', 'list', '-p', '--base-paths', '/home/dndqodqks/ros2_ws']
[0.477s] DEBUG:colcon:Parsed command line arguments: Namespace(allow_overriding=[], base_paths=['/home/dndqodqks/ros2_ws'], build_base='build', ignore_user_meta=False, log_base=None, log_level=None, main=<bound method ListVerb.main of <colcon_package_information.verb.list.ListVerb object at 0x7f46feaabca0>>, metas=['./colcon.meta'], names_only=False, packages_above=None, packages_above_and_dependencies=None, packages_above_depth=None, packages_end=None, packages_ignore=None, packages_ignore_regex=None, packages_select=None, packages_select_build_failed=False, packages_select_by_dep=None, packages_select_regex=None, packages_select_test_failures=False, packages_skip=None, packages_skip_build_finished=False, packages_skip_by_dep=None, packages_skip_regex=None, packages_skip_test_passed=False, packages_skip_up_to=None, packages_start=None, packages_up_to=None, packages_up_to_regex=None, paths=None, paths_only=True, topological_graph=False, topological_graph_density=False, topological_graph_dot=False, topological_graph_dot_cluster=False, topological_graph_dot_include_skipped=False, topological_graph_legend=False, topological_order=False, verb_extension=<colcon_package_information.verb.list.ListVerb object at 0x7f46feaabca0>, verb_name='list', verb_parser=<colcon_defaults.argument_parser.defaults.DefaultArgumentsDecorator object at 0x7f46fea36340>)
[0.540s] Level 1:colcon.colcon_core.package_discovery:discover_packages(colcon_meta) check parameters
[0.540s] Level 1:colcon.colcon_core.package_discovery:discover_packages(recursive) check parameters
[0.540s] Level 1:colcon.colcon_core.package_discovery:discover_packages(ignore) check parameters
[0.540s] Level 1:colcon.colcon_core.package_discovery:discover_packages(path) check parameters
[0.540s] Level 1:colcon.colcon_core.package_discovery:discover_packages(recursive) discover
[0.540s] INFO:colcon.colcon_core.package_discovery:Crawling recursively for packages in '/home/dndqodqks/ros2_ws'
[0.541s] Level 1:colcon.colcon_core.package_identification:_identify(/home/dndqodqks/ros2_ws) by extensions ['ignore', 'ignore_ament_install']
[0.541s] Level 1:colcon.colcon_core.package_identification:_identify(/home/dndqodqks/ros2_ws) by extension 'ignore'
[0.541s] Level 1:colcon.colcon_core.package_identification:_identify(/home/dndqodqks/ros2_ws) by extension 'ignore_ament_install'
[0.541s] Level 1:colcon.colcon_core.package_identification:_identify(/home/dndqodqks/ros2_ws) by extensions ['colcon_pkg']
[0.541s] Level 1:colcon.colcon_core.package_identification:_identify(/home/dndqodqks/ros2_ws) by extension 'colcon_pkg'
[0.541s] Level 1:colcon.colcon_core.package_identification:_identify(/home/dndqodqks/ros2_ws) by extensions ['colcon_meta']
[0.541s] Level 1:colcon.colcon_core.package_identification:_identify(/home/dndqodqks/ros2_ws) by extension 'colcon_meta'
[0.541s] Level 1:colcon.colcon_core.package_identification:_identify(/home/dndqodqks/ros2_ws) by extensions ['ros']
[0.541s] Level 1:colcon.colcon_core.package_identification:_identify(/home/dndqodqks/ros2_ws) by extension 'ros'
[0.578s] Level 1:colcon.colcon_core.package_identification:_identify(/home/dndqodqks/ros2_ws) by extensions ['cmake', 'python']
[0.578s] Level 1:colcon.colcon_core.package_identification:_identify(/home/dndqodqks/ros2_ws) by extension 'cmake'
[0.578s] Level 1:colcon.colcon_core.package_identification:_identify(/home/dndqodqks/ros2_ws) by extension 'python'
[0.578s] Level 1:colcon.colcon_core.package_identification:_identify(/home/dndqodqks/ros2_ws) by extensions ['python_setup_py']
[0.578s] Level 1:colcon.colcon_core.package_identification:_identify(/home/dndqodqks/ros2_ws) by extension 'python_setup_py'
[0.578s] Level 1:colcon.colcon_core.package_identification:_identify(/home/dndqodqks/ros2_ws/build) by extensions ['ignore', 'ignore_ament_install']
[0.578s] Level 1:colcon.colcon_core.package_identification:_identify(/home/dndqodqks/ros2_ws/build) by extension 'ignore'
[0.578s] Level 1:colcon.colcon_core.package_identification:_identify(/home/dndqodqks/ros2_ws/build) ignored
[0.579s] Level 1:colcon.colcon_core.package_identification:_identify(/home/dndqodqks/ros2_ws/install) by extensions ['ignore', 'ignore_ament_install']
[0.579s] Level 1:colcon.colcon_core.package_identification:_identify(/home/dndqodqks/ros2_ws/install) by extension 'ignore'
[0.579s] Level 1:colcon.colcon_core.package_identification:_identify(/home/dndqodqks/ros2_ws/install) ignored
[0.579s] Level 1:colcon.colcon_core.package_identification:_identify(/home/dndqodqks/ros2_ws/log) by extensions ['ignore', 'ignore_ament_install']
[0.579s] Level 1:colcon.colcon_core.package_identification:_identify(/home/dndqodqks/ros2_ws/log) by extension 'ignore'
[0.579s] Level 1:colcon.colcon_core.package_identification:_identify(/home/dndqodqks/ros2_ws/log) ignored
[0.579s] Level 1:colcon.colcon_core.package_identification:_identify(/home/dndqodqks/ros2_ws/src) by extensions ['ignore', 'ignore_ament_install']
[0.579s] Level 1:colcon.colcon_core.package_identification:_identify(/home/dndqodqks/ros2_ws/src) by extension 'ignore'
[0.579s] Level 1:colcon.colcon_core.package_identification:_identify(/home/dndqodqks/ros2_ws/src) by extension 'ignore_ament_install'
[0.579s] Level 1:colcon.colcon_core.package_identification:_identify(/home/dndqodqks/ros2_ws/src) by extensions ['colcon_pkg']
[0.579s] Level 1:colcon.colcon_core.package_identification:_identify(/home/dndqodqks/ros2_ws/src) by extension 'colcon_pkg'
[0.580s] Level 1:colcon.colcon_core.package_identification:_identify(/home/dndqodqks/ros2_ws/src) by extensions ['colcon_meta']
[0.580s] Level 1:colcon.colcon_core.package_identification:_identify(/home/dndqodqks/ros2_ws/src) by extension 'colcon_meta'
[0.580s] Level 1:colcon.colcon_core.package_identification:_identify(/home/dndqodqks/ros2_ws/src) by extensions ['ros']
[0.580s] Level 1:colcon.colcon_core.package_identification:_identify(/home/dndqodqks/ros2_ws/src) by extension 'ros'
[0.580s] Level 1:colcon.colcon_core.package_identification:_identify(/home/dndqodqks/ros2_ws/src) by extensions ['cmake', 'python']
[0.580s] Level 1:colcon.colcon_core.package_identification:_identify(/home/dndqodqks/ros2_ws/src) by extension 'cmake'
[0.580s] Level 1:colcon.colcon_core.package_identification:_identify(/home/dndqodqks/ros2_ws/src) by extension 'python'
[0.580s] Level 1:colcon.colcon_core.package_identification:_identify(/home/dndqodqks/ros2_ws/src) by extensions ['python_setup_py']
[0.580s] Level 1:colcon.colcon_core.package_identification:_identify(/home/dndqodqks/ros2_ws/src) by extension 'python_setup_py'
[0.580s] Level 1:colcon.colcon_core.package_identification:_identify(/home/dndqodqks/ros2_ws/src/robotic_arm_environment) by extensions ['ignore', 'ignore_ament_install']
[0.580s] Level 1:colcon.colcon_core.package_identification:_identify(/home/dndqodqks/ros2_ws/src/robotic_arm_environment) by extension 'ignore'
[0.580s] Level 1:colcon.colcon_core.package_identification:_identify(/home/dndqodqks/ros2_ws/src/robotic_arm_environment) by extension 'ignore_ament_install'
[0.580s] Level 1:colcon.colcon_core.package_identification:_identify(/home/dndqodqks/ros2_ws/src/robotic_arm_environment) by extensions ['colcon_pkg']
[0.580s] Level 1:colcon.colcon_core.package_identification:_identify(/home/dndqodqks/ros2_ws/src/robotic_arm_environment) by extension 'colcon_pkg'
[0.580s] Level 1:colcon.colcon_core.package_identification:_identify(/home/dndqodqks/ros2_ws/src/robotic_arm_environment) by extensions ['colcon_meta']
[0.581s] Level 1:colcon.colcon_core.package_identification:_identify(/home/dndqodqks/ros2_ws/src/robotic_arm_environment) by extension 'colcon_meta'
[0.581s] Level 1:colcon.colcon_core.package_identification:_identify(/home/dndqodqks/ros2_ws/src/robotic_arm_environment) by extensions ['ros']
[0.581s] Level 1:colcon.colcon_core.package_identification:_identify(/home/dndqodqks/ros2_ws/src/robotic_arm_environment) by extension 'ros'
[0.581s] Level 1:colcon.colcon_core.package_identification:_identify(/home/dndqodqks/ros2_ws/src/robotic_arm_environment) by extensions ['cmake', 'python']
[0.581s] Level 1:colcon.colcon_core.package_identification:_identify(/home/dndqodqks/ros2_ws/src/robotic_arm_environment) by extension 'cmake'
[0.581s] Level 1:colcon.colcon_core.package_identification:_identify(/home/dndqodqks/ros2_ws/src/robotic_arm_environment) by extension 'python'
[0.581s] Level 1:colcon.colcon_core.package_identification:_identify(/home/dndqodqks/ros2_ws/src/robotic_arm_environment) by extensions ['python_setup_py']
[0.581s] Level 1:colcon.colcon_core.package_identification:_identify(/home/dndqodqks/ros2_ws/src/robotic_arm_environment) by extension 'python_setup_py'
[0.581s] Level 1:colcon.colcon_core.package_identification:_identify(/home/dndqodqks/ros2_ws/src/robotic_arm_environment/RL_algorithms_basic) by extensions ['ignore', 'ignore_ament_install']
[0.581s] Level 1:colcon.colcon_core.package_identification:_identify(/home/dndqodqks/ros2_ws/src/robotic_arm_environment/RL_algorithms_basic) by extension 'ignore'
[0.581s] Level 1:colcon.colcon_core.package_identification:_identify(/home/dndqodqks/ros2_ws/src/robotic_arm_environment/RL_algorithms_basic) by extension 'ignore_ament_install'
[0.581s] Level 1:colcon.colcon_core.package_identification:_identify(/home/dndqodqks/ros2_ws/src/robotic_arm_environment/RL_algorithms_basic) by extensions ['colcon_pkg']
[0.581s] Level 1:colcon.colcon_core.package_identification:_identify(/home/dndqodqks/ros2_ws/src/robotic_arm_environment/RL_algorithms_basic) by extension 'colcon_pkg'
[0.582s] Level 1:colcon.colcon_core.package_identification:_identify(/home/dndqodqks/ros2_ws/src/robotic_arm_environment/RL_algorithms_basic) by extensions ['colcon_meta']
[0.582s] Level 1:colcon.colcon_core.package_identification:_identify(/home/dndqodqks/ros2_ws/src/robotic_arm_environment/RL_algorithms_basic) by extension 'colcon_meta'
[0.582s] Level 1:colcon.colcon_core.package_identification:_identify(/home/dndqodqks/ros2_ws/src/robotic_arm_environment/RL_algorithms_basic) by extensions ['ros']
[0.582s] Level 1:colcon.colcon_core.package_identification:_identify(/home/dndqodqks/ros2_ws/src/robotic_arm_environment/RL_algorithms_basic) by extension 'ros'
[0.582s] Level 1:colcon.colcon_core.package_identification:_identify(/home/dndqodqks/ros2_ws/src/robotic_arm_environment/RL_algorithms_basic) by extensions ['cmake', 'python']
[0.582s] Level 1:colcon.colcon_core.package_identification:_identify(/home/dndqodqks/ros2_ws/src/robotic_arm_environment/RL_algorithms_basic) by extension 'cmake'
[0.582s] Level 1:colcon.colcon_core.package_identification:_identify(/home/dndqodqks/ros2_ws/src/robotic_arm_environment/RL_algorithms_basic) by extension 'python'
[0.582s] Level 1:colcon.colcon_core.package_identification:_identify(/home/dndqodqks/ros2_ws/src/robotic_arm_environment/RL_algorithms_basic) by extensions ['python_setup_py']
[0.582s] Level 1:colcon.colcon_core.package_identification:_identify(/home/dndqodqks/ros2_ws/src/robotic_arm_environment/RL_algorithms_basic) by extension 'python_setup_py'
[0.582s] Level 1:colcon.colcon_core.package_identification:_identify(/home/dndqodqks/ros2_ws/src/robotic_arm_environment/data) by extensions ['ignore', 'ignore_ament_install']
[0.582s] Level 1:colcon.colcon_core.package_identification:_identify(/home/dndqodqks/ros2_ws/src/robotic_arm_environment/data) by extension 'ignore'
[0.582s] Level 1:colcon.colcon_core.package_identification:_identify(/home/dndqodqks/ros2_ws/src/robotic_arm_environment/data) by extension 'ignore_ament_install'
[0.582s] Level 1:colcon.colcon_core.package_identification:_identify(/home/dndqodqks/ros2_ws/src/robotic_arm_environment/data) by extensions ['colcon_pkg']
[0.582s] Level 1:colcon.colcon_core.package_identification:_identify(/home/dndqodqks/ros2_ws/src/robotic_arm_environment/data) by extension 'colcon_pkg'
[0.583s] Level 1:colcon.colcon_core.package_identification:_identify(/home/dndqodqks/ros2_ws/src/robotic_arm_environment/data) by extensions ['colcon_meta']
[0.583s] Level 1:colcon.colcon_core.package_identification:_identify(/home/dndqodqks/ros2_ws/src/robotic_arm_environment/data) by extension 'colcon_meta'
[0.583s] Level 1:colcon.colcon_core.package_identification:_identify(/home/dndqodqks/ros2_ws/src/robotic_arm_environment/data) by extensions ['ros']
[0.583s] Level 1:colcon.colcon_core.package_identification:_identify(/home/dndqodqks/ros2_ws/src/robotic_arm_environment/data) by extension 'ros'
[0.583s] Level 1:colcon.colcon_core.package_identification:_identify(/home/dndqodqks/ros2_ws/src/robotic_arm_environment/data) by extensions ['cmake', 'python']
[0.583s] Level 1:colcon.colcon_core.package_identification:_identify(/home/dndqodqks/ros2_ws/src/robotic_arm_environment/data) by extension 'cmake'
[0.583s] Level 1:colcon.colcon_core.package_identification:_identify(/home/dndqodqks/ros2_ws/src/robotic_arm_environment/data) by extension 'python'
[0.583s] Level 1:colcon.colcon_core.package_identification:_identify(/home/dndqodqks/ros2_ws/src/robotic_arm_environment/data) by extensions ['python_setup_py']
[0.583s] Level 1:colcon.colcon_core.package_identification:_identify(/home/dndqodqks/ros2_ws/src/robotic_arm_environment/data) by extension 'python_setup_py'
[0.583s] Level 1:colcon.colcon_core.package_identification:_identify(/home/dndqodqks/ros2_ws/src/robotic_arm_environment/images) by extensions ['ignore', 'ignore_ament_install']
[0.583s] Level 1:colcon.colcon_core.package_identification:_identify(/home/dndqodqks/ros2_ws/src/robotic_arm_environment/images) by extension 'ignore'
[0.584s] Level 1:colcon.colcon_core.package_identification:_identify(/home/dndqodqks/ros2_ws/src/robotic_arm_environment/images) by extension 'ignore_ament_install'
[0.584s] Level 1:colcon.colcon_core.package_identification:_identify(/home/dndqodqks/ros2_ws/src/robotic_arm_environment/images) by extensions ['colcon_pkg']
[0.584s] Level 1:colcon.colcon_core.package_identification:_identify(/home/dndqodqks/ros2_ws/src/robotic_arm_environment/images) by extension 'colcon_pkg'
[0.584s] Level 1:colcon.colcon_core.package_identification:_identify(/home/dndqodqks/ros2_ws/src/robotic_arm_environment/images) by extensions ['colcon_meta']
[0.584s] Level 1:colcon.colcon_core.package_identification:_identify(/home/dndqodqks/ros2_ws/src/robotic_arm_environment/images) by extension 'colcon_meta'
[0.584s] Level 1:colcon.colcon_core.package_identification:_identify(/home/dndqodqks/ros2_ws/src/robotic_arm_environment/images) by extensions ['ros']
[0.584s] Level 1:colcon.colcon_core.package_identification:_identify(/home/dndqodqks/ros2_ws/src/robotic_arm_environment/images) by extension 'ros'
[0.584s] Level 1:colcon.colcon_core.package_identification:_identify(/home/dndqodqks/ros2_ws/src/robotic_arm_environment/images) by extensions ['cmake', 'python']
[0.584s] Level 1:colcon.colcon_core.package_identification:_identify(/home/dndqodqks/ros2_ws/src/robotic_arm_environment/images) by extension 'cmake'
[0.584s] Level 1:colcon.colcon_core.package_identification:_identify(/home/dndqodqks/ros2_ws/src/robotic_arm_environment/images) by extension 'python'
[0.584s] Level 1:colcon.colcon_core.package_identification:_identify(/home/dndqodqks/ros2_ws/src/robotic_arm_environment/images) by extensions ['python_setup_py']
[0.584s] Level 1:colcon.colcon_core.package_identification:_identify(/home/dndqodqks/ros2_ws/src/robotic_arm_environment/images) by extension 'python_setup_py'
[0.588s] Level 1:colcon.colcon_core.package_identification:_identify(/home/dndqodqks/ros2_ws/src/robotic_arm_environment/my_doosan_pkg) by extensions ['ignore', 'ignore_ament_install']
[0.588s] Level 1:colcon.colcon_core.package_identification:_identify(/home/dndqodqks/ros2_ws/src/robotic_arm_environment/my_doosan_pkg) by extension 'ignore'
[0.589s] Level 1:colcon.colcon_core.package_identification:_identify(/home/dndqodqks/ros2_ws/src/robotic_arm_environment/my_doosan_pkg) by extension 'ignore_ament_install'
[0.589s] Level 1:colcon.colcon_core.package_identification:_identify(/home/dndqodqks/ros2_ws/src/robotic_arm_environment/my_doosan_pkg) by extensions ['colcon_pkg']
[0.589s] Level 1:colcon.colcon_core.package_identification:_identify(/home/dndqodqks/ros2_ws/src/robotic_arm_environment/my_doosan_pkg) by extension 'colcon_pkg'
[0.589s] Level 1:colcon.colcon_core.package_identification:_identify(/home/dndqodqks/ros2_ws/src/robotic_arm_environment/my_doosan_pkg) by extensions ['colcon_meta']
[0.589s] Level 1:colcon.colcon_core.package_identification:_identify(/home/dndqodqks/ros2_ws/src/robotic_arm_environment/my_doosan_pkg) by extension 'colcon_meta'
[0.589s] Level 1:colcon.colcon_core.package_identification:_identify(/home/dndqodqks/ros2_ws/src/robotic_arm_environment/my_doosan_pkg) by extensions ['ros']
[0.589s] Level 1:colcon.colcon_core.package_identification:_identify(/home/dndqodqks/ros2_ws/src/robotic_arm_environment/my_doosan_pkg) by extension 'ros'
[0.593s] DEBUG:colcon.colcon_core.package_identification:Package '/home/dndqodqks/ros2_ws/src/robotic_arm_environment/my_doosan_pkg' with type 'ros.ament_python' and name 'my_doosan_pkg'
[0.593s] Level 1:colcon.colcon_core.package_identification:_identify(/home/dndqodqks/ros2_ws/src/robotic_arm_environment/my_environment_pkg) by extensions ['ignore', 'ignore_ament_install']
[0.593s] Level 1:colcon.colcon_core.package_identification:_identify(/home/dndqodqks/ros2_ws/src/robotic_arm_environment/my_environment_pkg) by extension 'ignore'
[0.593s] Level 1:colcon.colcon_core.package_identification:_identify(/home/dndqodqks/ros2_ws/src/robotic_arm_environment/my_environment_pkg) by extension 'ignore_ament_install'
[0.593s] Level 1:colcon.colcon_core.package_identification:_identify(/home/dndqodqks/ros2_ws/src/robotic_arm_environment/my_environment_pkg) by extensions ['colcon_pkg']
[0.593s] Level 1:colcon.colcon_core.package_identification:_identify(/home/dndqodqks/ros2_ws/src/robotic_arm_environment/my_environment_pkg) by extension 'colcon_pkg'
[0.593s] Level 1:colcon.colcon_core.package_identification:_identify(/home/dndqodqks/ros2_ws/src/robotic_arm_environment/my_environment_pkg) by extensions ['colcon_meta']
[0.593s] Level 1:colcon.colcon_core.package_identification:_identify(/home/dndqodqks/ros2_ws/src/robotic_arm_environment/my_environment_pkg) by extension 'colcon_meta'
[0.593s] Level 1:colcon.colcon_core.package_identification:_identify(/home/dndqodqks/ros2_ws/src/robotic_arm_environment/my_environment_pkg) by extensions ['ros']
[0.593s] Level 1:colcon.colcon_core.package_identification:_identify(/home/dndqodqks/ros2_ws/src/robotic_arm_environment/my_environment_pkg) by extension 'ros'
[0.594s] DEBUG:colcon.colcon_core.package_identification:Package '/home/dndqodqks/ros2_ws/src/robotic_arm_environment/my_environment_pkg' with type 'ros.ament_python' and name 'my_environment_pkg'
[0.594s] Level 1:colcon.colcon_core.package_identification:_identify(/home/dndqodqks/ros2_ws/src/robotic_arm_environment/my_sphere_pkg) by extensions ['ignore', 'ignore_ament_install']
[0.594s] Level 1:colcon.colcon_core.package_identification:_identify(/home/dndqodqks/ros2_ws/src/robotic_arm_environment/my_sphere_pkg) by extension 'ignore'
[0.595s] Level 1:colcon.colcon_core.package_identification:_identify(/home/dndqodqks/ros2_ws/src/robotic_arm_environment/my_sphere_pkg) by extension 'ignore_ament_install'
[0.595s] Level 1:colcon.colcon_core.package_identification:_identify(/home/dndqodqks/ros2_ws/src/robotic_arm_environment/my_sphere_pkg) by extensions ['colcon_pkg']
[0.595s] Level 1:colcon.colcon_core.package_identification:_identify(/home/dndqodqks/ros2_ws/src/robotic_arm_environment/my_sphere_pkg) by extension 'colcon_pkg'
[0.595s] Level 1:colcon.colcon_core.package_identification:_identify(/home/dndqodqks/ros2_ws/src/robotic_arm_environment/my_sphere_pkg) by extensions ['colcon_meta']
[0.595s] Level 1:colcon.colcon_core.package_identification:_identify(/home/dndqodqks/ros2_ws/src/robotic_arm_environment/my_sphere_pkg) by extension 'colcon_meta'
[0.595s] Level 1:colcon.colcon_core.package_identification:_identify(/home/dndqodqks/ros2_ws/src/robotic_arm_environment/my_sphere_pkg) by extensions ['ros']
[0.595s] Level 1:colcon.colcon_core.package_identification:_identify(/home/dndqodqks/ros2_ws/src/robotic_arm_environment/my_sphere_pkg) by extension 'ros'
[0.596s] DEBUG:colcon.colcon_core.package_identification:Package '/home/dndqodqks/ros2_ws/src/robotic_arm_environment/my_sphere_pkg' with type 'ros.ament_python' and name 'my_sphere_pkg'
[0.596s] Level 1:colcon.colcon_core.package_identification:_identify(/home/dndqodqks/ros2_ws/src/ros-controls) by extensions ['ignore', 'ignore_ament_install']
[0.596s] Level 1:colcon.colcon_core.package_identification:_identify(/home/dndqodqks/ros2_ws/src/ros-controls) by extension 'ignore'
[0.596s] Level 1:colcon.colcon_core.package_identification:_identify(/home/dndqodqks/ros2_ws/src/ros-controls) by extension 'ignore_ament_install'
[0.596s] Level 1:colcon.colcon_core.package_identification:_identify(/home/dndqodqks/ros2_ws/src/ros-controls) by extensions ['colcon_pkg']
[0.596s] Level 1:colcon.colcon_core.package_identification:_identify(/home/dndqodqks/ros2_ws/src/ros-controls) by extension 'colcon_pkg'
[0.596s] Level 1:colcon.colcon_core.package_identification:_identify(/home/dndqodqks/ros2_ws/src/ros-controls) by extensions ['colcon_meta']
[0.596s] Level 1:colcon.colcon_core.package_identification:_identify(/home/dndqodqks/ros2_ws/src/ros-controls) by extension 'colcon_meta'
[0.596s] Level 1:colcon.colcon_core.package_identification:_identify(/home/dndqodqks/ros2_ws/src/ros-controls) by extensions ['ros']
[0.596s] Level 1:colcon.colcon_core.package_identification:_identify(/home/dndqodqks/ros2_ws/src/ros-controls) by extension 'ros'
[0.596s] Level 1:colcon.colcon_core.package_identification:_identify(/home/dndqodqks/ros2_ws/src/ros-controls) by extensions ['cmake', 'python']
[0.597s] Level 1:colcon.colcon_core.package_identification:_identify(/home/dndqodqks/ros2_ws/src/ros-controls) by extension 'cmake'
[0.597s] Level 1:colcon.colcon_core.package_identification:_identify(/home/dndqodqks/ros2_ws/src/ros-controls) by extension 'python'
[0.597s] Level 1:colcon.colcon_core.package_identification:_identify(/home/dndqodqks/ros2_ws/src/ros-controls) by extensions ['python_setup_py']
[0.597s] Level 1:colcon.colcon_core.package_identification:_identify(/home/dndqodqks/ros2_ws/src/ros-controls) by extension 'python_setup_py'
[0.597s] Level 1:colcon.colcon_core.package_identification:_identify(/home/dndqodqks/ros2_ws/src/ros-controls/control_msgs) by extensions ['ignore', 'ignore_ament_install']
[0.597s] Level 1:colcon.colcon_core.package_identification:_identify(/home/dndqodqks/ros2_ws/src/ros-controls/control_msgs) by extension 'ignore'
[0.597s] Level 1:colcon.colcon_core.package_identification:_identify(/home/dndqodqks/ros2_ws/src/ros-controls/control_msgs) by extension 'ignore_ament_install'
[0.597s] Level 1:colcon.colcon_core.package_identification:_identify(/home/dndqodqks/ros2_ws/src/ros-controls/control_msgs) by extensions ['colcon_pkg']
[0.598s] Level 1:colcon.colcon_core.package_identification:_identify(/home/dndqodqks/ros2_ws/src/ros-controls/control_msgs) by extension 'colcon_pkg'
[0.598s] Level 1:colcon.colcon_core.package_identification:_identify(/home/dndqodqks/ros2_ws/src/ros-controls/control_msgs) by extensions ['colcon_meta']
[0.598s] Level 1:colcon.colcon_core.package_identification:_identify(/home/dndqodqks/ros2_ws/src/ros-controls/control_msgs) by extension 'colcon_meta'
[0.598s] Level 1:colcon.colcon_core.package_identification:_identify(/home/dndqodqks/ros2_ws/src/ros-controls/control_msgs) by extensions ['ros']
[0.598s] Level 1:colcon.colcon_core.package_identification:_identify(/home/dndqodqks/ros2_ws/src/ros-controls/control_msgs) by extension 'ros'
[0.598s] Level 1:colcon.colcon_core.package_identification:_identify(/home/dndqodqks/ros2_ws/src/ros-controls/control_msgs) by extensions ['cmake', 'python']
[0.598s] Level 1:colcon.colcon_core.package_identification:_identify(/home/dndqodqks/ros2_ws/src/ros-controls/control_msgs) by extension 'cmake'
[0.598s] Level 1:colcon.colcon_core.package_identification:_identify(/home/dndqodqks/ros2_ws/src/ros-controls/control_msgs) by extension 'python'
[0.598s] Level 1:colcon.colcon_core.package_identification:_identify(/home/dndqodqks/ros2_ws/src/ros-controls/control_msgs) by extensions ['python_setup_py']
[0.598s] Level 1:colcon.colcon_core.package_identification:_identify(/home/dndqodqks/ros2_ws/src/ros-controls/control_msgs) by extension 'python_setup_py'
[0.599s] Level 1:colcon.colcon_core.package_identification:_identify(/home/dndqodqks/ros2_ws/src/ros-controls/control_msgs/control_msgs) by extensions ['ignore', 'ignore_ament_install']
[0.599s] Level 1:colcon.colcon_core.package_identification:_identify(/home/dndqodqks/ros2_ws/src/ros-controls/control_msgs/control_msgs) by extension 'ignore'
[0.599s] Level 1:colcon.colcon_core.package_identification:_identify(/home/dndqodqks/ros2_ws/src/ros-controls/control_msgs/control_msgs) by extension 'ignore_ament_install'
[0.599s] Level 1:colcon.colcon_core.package_identification:_identify(/home/dndqodqks/ros2_ws/src/ros-controls/control_msgs/control_msgs) by extensions ['colcon_pkg']
[0.599s] Level 1:colcon.colcon_core.package_identification:_identify(/home/dndqodqks/ros2_ws/src/ros-controls/control_msgs/control_msgs) by extension 'colcon_pkg'
[0.599s] Level 1:colcon.colcon_core.package_identification:_identify(/home/dndqodqks/ros2_ws/src/ros-controls/control_msgs/control_msgs) by extensions ['colcon_meta']
[0.599s] Level 1:colcon.colcon_core.package_identification:_identify(/home/dndqodqks/ros2_ws/src/ros-controls/control_msgs/control_msgs) by extension 'colcon_meta'
[0.599s] Level 1:colcon.colcon_core.package_identification:_identify(/home/dndqodqks/ros2_ws/src/ros-controls/control_msgs/control_msgs) by extensions ['ros']
[0.599s] Level 1:colcon.colcon_core.package_identification:_identify(/home/dndqodqks/ros2_ws/src/ros-controls/control_msgs/control_msgs) by extension 'ros'
[0.600s] DEBUG:colcon.colcon_core.package_identification:Package '/home/dndqodqks/ros2_ws/src/ros-controls/control_msgs/control_msgs' with type 'ros.ament_cmake' and name 'control_msgs'
[0.601s] Level 1:colcon.colcon_core.package_identification:_identify(/home/dndqodqks/ros2_ws/src/ros-controls/realtime_tools) by extensions ['ignore', 'ignore_ament_install']
[0.601s] Level 1:colcon.colcon_core.package_identification:_identify(/home/dndqodqks/ros2_ws/src/ros-controls/realtime_tools) by extension 'ignore'
[0.601s] Level 1:colcon.colcon_core.package_identification:_identify(/home/dndqodqks/ros2_ws/src/ros-controls/realtime_tools) by extension 'ignore_ament_install'
[0.601s] Level 1:colcon.colcon_core.package_identification:_identify(/home/dndqodqks/ros2_ws/src/ros-controls/realtime_tools) by extensions ['colcon_pkg']
[0.601s] Level 1:colcon.colcon_core.package_identification:_identify(/home/dndqodqks/ros2_ws/src/ros-controls/realtime_tools) by extension 'colcon_pkg'
[0.601s] Level 1:colcon.colcon_core.package_identification:_identify(/home/dndqodqks/ros2_ws/src/ros-controls/realtime_tools) by extensions ['colcon_meta']
[0.601s] Level 1:colcon.colcon_core.package_identification:_identify(/home/dndqodqks/ros2_ws/src/ros-controls/realtime_tools) by extension 'colcon_meta'
[0.601s] Level 1:colcon.colcon_core.package_identification:_identify(/home/dndqodqks/ros2_ws/src/ros-controls/realtime_tools) by extensions ['ros']
[0.601s] Level 1:colcon.colcon_core.package_identification:_identify(/home/dndqodqks/ros2_ws/src/ros-controls/realtime_tools) by extension 'ros'
[0.603s] DEBUG:colcon.colcon_core.package_identification:Package '/home/dndqodqks/ros2_ws/src/ros-controls/realtime_tools' with type 'ros.ament_cmake' and name 'realtime_tools'
[0.603s] Level 1:colcon.colcon_core.package_discovery:discover_packages(recursive) using defaults
